label 
corpus_size 33083950
false_positive_rate 0.001
location_uncertainty 256
junk_fraction 0.4
freq_error 0.4
stemming 0
stop_words 0
secrets 1
	secret
canonical
	 index_size	22895955
	 build_time	6786
	    indexed	1000
	       path	junkfreq4\1000_4000_256_2_1_0_0.001\1\corpus_indexed\canonical
	  load_time	2324
bsib
	 index_size	27273109
	 build_time	54007
	    indexed	1000
	       path	junkfreq4\1000_4000_256_2_1_0_0.001\1\corpus_indexed\bsib
	  load_time	2480
psib
	 index_size	26560840
	 build_time	33992
	    indexed	1000
	       path	junkfreq4\1000_4000_256_2_1_0_0.001\1\corpus_indexed\psib
	  load_time	280
psip
	 index_size	48253137
	 build_time	39421
	    indexed	1000
	       path	junkfreq4\1000_4000_256_2_1_0_0.001\1\corpus_indexed\psip
	  load_time	4321
psif
	 index_size	15132710
	 build_time	35068
	    indexed	1000
	       path	junkfreq4\1000_4000_256_2_1_0_0.001\1\corpus_indexed\psif
	  load_time	265
