label 
corpus_size 34926369
false_positive_rate 0.001
location_uncertainty 275
junk_fraction 0
freq_error 0
stemming 0
stop_words 0
secrets 1
	secret
canonical
	 index_size	19621952
	 build_time	6139
	    indexed	1000
	       path	\1000_4000_275_3_1_0_0.001\1\corpus_indexed\canonical
	  load_time	1915
bsib
	 index_size	16507463
	 build_time	36064
	    indexed	1000
	       path	\1000_4000_275_3_1_0_0.001\1\corpus_indexed\bsib
	  load_time	1504
psib
	 index_size	10252068
	 build_time	23681
	    indexed	1000
	       path	\1000_4000_275_3_1_0_0.001\1\corpus_indexed\psib
	  load_time	246
psip
	 index_size	23391853
	 build_time	26329
	    indexed	1000
	       path	\1000_4000_275_3_1_0_0.001\1\corpus_indexed\psip
	  load_time	2050
