label 
corpus_size 686334
false_positive_rate 0.001
location_uncertainty 25
junk_fraction 0
freq_error 0
stemming 0
stop_words 0
secrets 1
	secret
canonical
	 index_size	558084
	 build_time	3305
	    indexed	1000
	       path	small\1000_100_25_5_1_0_0.001\6\corpus_indexed\canonical
	  load_time	369
psib
	 index_size	383076
	 build_time	5690
	    indexed	1000
	       path	small\1000_100_25_5_1_0_0.001\6\corpus_indexed\psib
	  load_time	308
psip
	 index_size	638260
	 build_time	7623
	    indexed	999
	       path	small\1000_100_25_5_1_0_0.001\6\corpus_indexed\psip
	  load_time	362
bsib
	 index_size	643691
	 build_time	7852
	    indexed	999
	       path	small\1000_100_25_5_1_0_0.001\6\corpus_indexed\bsib
	  load_time	352
psim
	 index_size	1415554
	 build_time	15839
	    indexed	1000
	       path	small\1000_100_25_5_1_0_0.001\6\corpus_indexed\psim
	  load_time	310
