label 
corpus_size 818374
false_positive_rate 0.001
location_uncertainty 25
junk_fraction 0
freq_error 0
stemming 0
stop_words 0
secrets 1
	secret
canonical
	 index_size	596313
	 build_time	3390
	    indexed	1000
	       path	small\1000_100_25_8_1_0_0.001\3\corpus_indexed\canonical
	  load_time	374
psib
	 index_size	391722
	 build_time	5756
	    indexed	1000
	       path	small\1000_100_25_8_1_0_0.001\3\corpus_indexed\psib
	  load_time	312
psip
	 index_size	649289
	 build_time	8626
	    indexed	999
	       path	small\1000_100_25_8_1_0_0.001\3\corpus_indexed\psip
	  load_time	358
bsib
	 index_size	649751
	 build_time	8361
	    indexed	1000
	       path	small\1000_100_25_8_1_0_0.001\3\corpus_indexed\bsib
	  load_time	358
psim
	 index_size	1605264
	 build_time	17307
	    indexed	1000
	       path	small\1000_100_25_8_1_0_0.001\3\corpus_indexed\psim
	  load_time	306
