label 
corpus_size 88747
false_positive_rate 0.001
location_uncertainty 256
junk_fraction 0
freq_error 0
stemming 0
stop_words 0
secrets 1
	secret
canonical
	 index_size	63593
	 build_time	237
	    indexed	100
	       path	set1\100_100_256_2_1_0_0.001\3\corpus_indexed\canonical
	  load_time	36
bsib
	 index_size	40746
	 build_time	331
	    indexed	100
	       path	set1\100_100_256_2_1_0_0.001\3\corpus_indexed\bsib
	  load_time	28
psib
	 index_size	35243
	 build_time	364
	    indexed	100
	       path	set1\100_100_256_2_1_0_0.001\3\corpus_indexed\psib
	  load_time	25
psip
	 index_size	66066
	 build_time	611
	    indexed	100
	       path	set1\100_100_256_2_1_0_0.001\3\corpus_indexed\psip
	  load_time	58
