label 
corpus_size 1334342
false_positive_rate 0.001
location_uncertainty 256
junk_fraction 0
freq_error 0
stemming 0
stop_words 0
secrets 1
	secret
canonical
	 index_size	776646
	 build_time	355
	    indexed	100
	       path	\100_1500_256_2_1_0_0.001\2\corpus_indexed\canonical
	  load_time	94
bsib
	 index_size	540647
	 build_time	1438
	    indexed	100
	       path	\100_1500_256_2_1_0_0.001\2\corpus_indexed\bsib
	  load_time	66
psib
	 index_size	295548
	 build_time	1219
	    indexed	100
	       path	\100_1500_256_2_1_0_0.001\2\corpus_indexed\psib
	  load_time	24
psip
	 index_size	901584
	 build_time	1265
	    indexed	100
	       path	\100_1500_256_2_1_0_0.001\2\corpus_indexed\psip
	  load_time	94
