label 
corpus_size 32911931
false_positive_rate 0.001
location_uncertainty 256
junk_fraction 0.1
freq_error 0
stemming 0
stop_words 0
secrets 1
	secret
canonical
	 index_size	22810040
	 build_time	14279
	    indexed	1000
	       path	junk1\1000_4000_256_1_1_0_0.001\3\corpus_indexed\canonical
	  load_time	3494
bsib
	 index_size	21677842
	 build_time	88517
	    indexed	1000
	       path	junk1\1000_4000_256_1_1_0_0.001\3\corpus_indexed\bsib
	  load_time	2887
psif
	 index_size	10412290
	 build_time	69083
	    indexed	1000
	       path	junk1\1000_4000_256_1_1_0_0.001\3\corpus_indexed\psif
	  load_time	383
psip
	 index_size	30516863
	 build_time	76857
	    indexed	1000
	       path	junk1\1000_4000_256_1_1_0_0.001\3\corpus_indexed\psip
	  load_time	4049
psib
	 index_size	18311917
	 build_time	69816
	    indexed	1000
	       path	junk1\1000_4000_256_1_1_0_0.001\3\corpus_indexed\psib
	  load_time	402
