label 
corpus_size 746239
false_positive_rate 0.001
location_uncertainty 25
junk_fraction 0
freq_error 0
stemming 0
stop_words 0
secrets 1
	secret
canonical
	 index_size	549414
	 build_time	3278
	    indexed	1000
	       path	small\1000_100_25_3_1_0_0.001\3\corpus_indexed\canonical
	  load_time	383
psib
	 index_size	376590
	 build_time	5659
	    indexed	1000
	       path	small\1000_100_25_3_1_0_0.001\3\corpus_indexed\psib
	  load_time	305
psip
	 index_size	630554
	 build_time	8747
	    indexed	1000
	       path	small\1000_100_25_3_1_0_0.001\3\corpus_indexed\psip
	  load_time	357
bsib
	 index_size	641526
	 build_time	8488
	    indexed	1000
	       path	small\1000_100_25_3_1_0_0.001\3\corpus_indexed\bsib
	  load_time	343
psim
	 index_size	1291016
	 build_time	15678
	    indexed	1000
	       path	small\1000_100_25_3_1_0_0.001\3\corpus_indexed\psim
	  load_time	312
