label 
corpus_size 5338703
false_positive_rate 0.001
location_uncertainty 256
junk_fraction 0
freq_error 0
stemming 0
stop_words 0
secrets 1
	secret
canonical
	 index_size	3340695
	 build_time	810
	    indexed	100
	       path	\100_7000_256_2_1_0_0.001\1\corpus_indexed\canonical
	  load_time	349
bsib
	 index_size	3219819
	 build_time	6292
	    indexed	100
	       path	\100_7000_256_2_1_0_0.001\1\corpus_indexed\bsib
	  load_time	274
psib
	 index_size	2510559
	 build_time	3933
	    indexed	100
	       path	\100_7000_256_2_1_0_0.001\1\corpus_indexed\psib
	  load_time	28
psip
	 index_size	4039564
	 build_time	4316
	    indexed	100
	       path	\100_7000_256_2_1_0_0.001\1\corpus_indexed\psip
	  load_time	344
