label 
corpus_size 37136007
false_positive_rate 0.001
location_uncertainty 95
junk_fraction 0
freq_error 0
stemming 0
stop_words 0
secrets 1
	secret
canonical
	 index_size	19657711
	 build_time	6170
	    indexed	1000
	       path	\1000_4000_95_3_1_0_0.001\1\corpus_indexed\canonical
	  load_time	1923
bsib
	 index_size	22979714
	 build_time	42481
	    indexed	1000
	       path	\1000_4000_95_3_1_0_0.001\1\corpus_indexed\bsib
	  load_time	1929
psib
	 index_size	20677526
	 build_time	23571
	    indexed	1000
	       path	\1000_4000_95_3_1_0_0.001\1\corpus_indexed\psib
	  load_time	263
psip
	 index_size	23366403
	 build_time	26435
	    indexed	1000
	       path	\1000_4000_95_3_1_0_0.001\1\corpus_indexed\psip
	  load_time	2064
