label 
corpus_size 32653533
false_positive_rate 0.001
location_uncertainty 256
junk_fraction 0.2
freq_error 0.2
stemming 0
stop_words 0
secrets 1
	secret
canonical
	 index_size	22766647
	 build_time	6536
	    indexed	1000
	       path	junkfreq2\1000_4000_256_1_1_0_0.001\2\corpus_indexed\canonical
	  load_time	2293
bsib
	 index_size	23539591
	 build_time	49764
	    indexed	1000
	       path	junkfreq2\1000_4000_256_1_1_0_0.001\2\corpus_indexed\bsib
	  load_time	2074
psib
	 index_size	20308798
	 build_time	33306
	    indexed	1000
	       path	junkfreq2\1000_4000_256_1_1_0_0.001\2\corpus_indexed\psib
	  load_time	265
psip
	 index_size	35018501
	 build_time	36909
	    indexed	1000
	       path	junkfreq2\1000_4000_256_1_1_0_0.001\2\corpus_indexed\psip
	  load_time	3042
psif
	 index_size	11490354
	 build_time	33618
	    indexed	1000
	       path	junkfreq2\1000_4000_256_1_1_0_0.001\2\corpus_indexed\psif
	  load_time	249
