label 
corpus_size 725568
false_positive_rate 0.001
location_uncertainty 25
junk_fraction 0
freq_error 0
stemming 0
stop_words 0
secrets 1
	secret
canonical
	 index_size	570270
	 build_time	3662
	    indexed	1000
	       path	small\1000_100_25_6_1_0_0.001\8\corpus_indexed\canonical
	  load_time	366
psib
	 index_size	386367
	 build_time	5619
	    indexed	1000
	       path	small\1000_100_25_6_1_0_0.001\8\corpus_indexed\psib
	  load_time	310
psip
	 index_size	643056
	 build_time	8201
	    indexed	1000
	       path	small\1000_100_25_6_1_0_0.001\8\corpus_indexed\psip
	  load_time	358
bsib
	 index_size	646371
	 build_time	7317
	    indexed	1000
	       path	small\1000_100_25_6_1_0_0.001\8\corpus_indexed\bsib
	  load_time	352
psim
	 index_size	1474046
	 build_time	16274
	    indexed	1000
	       path	small\1000_100_25_6_1_0_0.001\8\corpus_indexed\psim
	  load_time	307
