label 
corpus_size 36248730
false_positive_rate 0.001
location_uncertainty 75
junk_fraction 0
freq_error 0
stemming 0
stop_words 0
secrets 1
	secret
canonical
	 index_size	19615244
	 build_time	6223
	    indexed	1000
	       path	\1000_4000_75_3_1_0_0.001\1\corpus_indexed\canonical
	  load_time	1929
bsib
	 index_size	25003972
	 build_time	44395
	    indexed	1000
	       path	\1000_4000_75_3_1_0_0.001\1\corpus_indexed\bsib
	  load_time	2052
psib
	 index_size	24793600
	 build_time	23944
	    indexed	1000
	       path	\1000_4000_75_3_1_0_0.001\1\corpus_indexed\psib
	  load_time	270
psip
	 index_size	23370069
	 build_time	27102
	    indexed	1000
	       path	\1000_4000_75_3_1_0_0.001\1\corpus_indexed\psip
	  load_time	2094
