label 
corpus_size 679511
false_positive_rate 0.001
location_uncertainty 25
junk_fraction 0
freq_error 0
stemming 0
stop_words 0
secrets 1
	secret
canonical
	 index_size	571600
	 build_time	3889
	    indexed	1000
	       path	small\1000_100_25_6_1_0_0.001\9\corpus_indexed\canonical
	  load_time	369
psib
	 index_size	385796
	 build_time	5535
	    indexed	1000
	       path	small\1000_100_25_6_1_0_0.001\9\corpus_indexed\psib
	  load_time	312
psip
	 index_size	642390
	 build_time	8097
	    indexed	1000
	       path	small\1000_100_25_6_1_0_0.001\9\corpus_indexed\psip
	  load_time	359
bsib
	 index_size	646074
	 build_time	7929
	    indexed	1000
	       path	small\1000_100_25_6_1_0_0.001\9\corpus_indexed\bsib
	  load_time	369
psim
	 index_size	1469521
	 build_time	15012
	    indexed	1000
	       path	small\1000_100_25_6_1_0_0.001\9\corpus_indexed\psim
	  load_time	325
