label 
corpus_size 771521
false_positive_rate 0.001
location_uncertainty 25
junk_fraction 0
freq_error 0
stemming 0
stop_words 0
secrets 1
	secret
canonical
	 index_size	550338
	 build_time	3354
	    indexed	1000
	       path	small\1000_100_25_3_1_0_0.001\2\corpus_indexed\canonical
	  load_time	358
psib
	 index_size	377714
	 build_time	5694
	    indexed	1000
	       path	small\1000_100_25_3_1_0_0.001\2\corpus_indexed\psib
	  load_time	312
psip
	 index_size	631976
	 build_time	8439
	    indexed	1000
	       path	small\1000_100_25_3_1_0_0.001\2\corpus_indexed\psip
	  load_time	358
bsib
	 index_size	641464
	 build_time	8236
	    indexed	1000
	       path	small\1000_100_25_3_1_0_0.001\2\corpus_indexed\bsib
	  load_time	343
psim
	 index_size	1292691
	 build_time	15232
	    indexed	1000
	       path	small\1000_100_25_3_1_0_0.001\2\corpus_indexed\psim
	  load_time	307
