label 
corpus_size 32969796
false_positive_rate 0.001
location_uncertainty 256
junk_fraction 0.1
freq_error 0.1
stemming 0
stop_words 0
secrets 1
	secret
canonical
	 index_size	22874062
	 build_time	6598
	    indexed	1000
	       path	junkfreq1\1000_4000_256_2_1_0_0.001\1\corpus_indexed\canonical
	  load_time	2308
bsib
	 index_size	21686996
	 build_time	47314
	    indexed	1000
	       path	junkfreq1\1000_4000_256_2_1_0_0.001\1\corpus_indexed\bsib
	  load_time	1934
psib
	 index_size	18339951
	 build_time	33212
	    indexed	1000
	       path	junkfreq1\1000_4000_256_2_1_0_0.001\1\corpus_indexed\psib
	  load_time	265
psip
	 index_size	30772885
	 build_time	36816
	    indexed	1000
	       path	junkfreq1\1000_4000_256_2_1_0_0.001\1\corpus_indexed\psip
	  load_time	2714
psif
	 index_size	10448172
	 build_time	32947
	    indexed	1000
	       path	junkfreq1\1000_4000_256_2_1_0_0.001\1\corpus_indexed\psif
	  load_time	249
