label 
corpus_size 34563766
false_positive_rate 0.001
location_uncertainty 130
junk_fraction 0
freq_error 0
stemming 0
stop_words 0
secrets 1
	secret
canonical
	 index_size	19630742
	 build_time	6087
	    indexed	1000
	       path	\1000_4000_130_3_1_0_0.001\1\corpus_indexed\canonical
	  load_time	1910
bsib
	 index_size	20758656
	 build_time	39709
	    indexed	1000
	       path	\1000_4000_130_3_1_0_0.001\1\corpus_indexed\bsib
	  load_time	1783
psib
	 index_size	16212994
	 build_time	23989
	    indexed	1000
	       path	\1000_4000_130_3_1_0_0.001\1\corpus_indexed\psib
	  load_time	257
psip
	 index_size	23372033
	 build_time	26496
	    indexed	1000
	       path	\1000_4000_130_3_1_0_0.001\1\corpus_indexed\psip
	  load_time	2067
