label 
corpus_size 32844148
false_positive_rate 0.001
location_uncertainty 256
junk_fraction 0.05
freq_error 0
stemming 0
stop_words 0
secrets 1
	secret
canonical
	 index_size	22852011
	 build_time	13898
	    indexed	1000
	       path	junk05\1000_4000_256_2_1_0_0.001\1\corpus_indexed\canonical
	  load_time	3601
bsib
	 index_size	20752976
	 build_time	98253
	    indexed	1000
	       path	junk05\1000_4000_256_2_1_0_0.001\1\corpus_indexed\bsib
	  load_time	2827
psif
	 index_size	10046343
	 build_time	68662
	    indexed	1000
	       path	junk05\1000_4000_256_2_1_0_0.001\1\corpus_indexed\psif
	  load_time	371
psip
	 index_size	29100802
	 build_time	75312
	    indexed	1000
	       path	junk05\1000_4000_256_2_1_0_0.001\1\corpus_indexed\psip
	  load_time	3823
psib
	 index_size	17530040
	 build_time	68272
	    indexed	1000
	       path	junk05\1000_4000_256_2_1_0_0.001\1\corpus_indexed\psib
	  load_time	406
