label 
corpus_size 32898024
false_positive_rate 0.001
location_uncertainty 256
junk_fraction 0.5
freq_error 0
stemming 0
stop_words 0
secrets 1
	secret
canonical
	 index_size	22807302
	 build_time	6944
	    indexed	1000
	       path	junk5\1000_4000_256_1_1_0_0.001\2\corpus_indexed\canonical
	  load_time	2296
bsib
	 index_size	29139787
	 build_time	55451
	    indexed	1000
	       path	junk5\1000_4000_256_1_1_0_0.001\2\corpus_indexed\bsib
	  load_time	2574
psif
	 index_size	17385186
	 build_time	35261
	    indexed	1000
	       path	junk5\1000_4000_256_1_1_0_0.001\2\corpus_indexed\psif
	  load_time	266
psip
	 index_size	53324825
	 build_time	41393
	    indexed	1000
	       path	junk5\1000_4000_256_1_1_0_0.001\2\corpus_indexed\psip
	  load_time	4562
psib
	 index_size	31590643
	 build_time	35330
	    indexed	1000
	       path	junk5\1000_4000_256_1_1_0_0.001\2\corpus_indexed\psib
	  load_time	289
