label 
corpus_size 729973
false_positive_rate 0.001
location_uncertainty 25
junk_fraction 0
freq_error 0
stemming 0
stop_words 0
secrets 1
	secret
canonical
	 index_size	602802
	 build_time	3545
	    indexed	1000
	       path	small\1000_100_25_8_1_0_0.001\8\corpus_indexed\canonical
	  load_time	368
psib
	 index_size	392171
	 build_time	5685
	    indexed	1000
	       path	small\1000_100_25_8_1_0_0.001\8\corpus_indexed\psib
	  load_time	312
psip
	 index_size	650578
	 build_time	7846
	    indexed	1000
	       path	small\1000_100_25_8_1_0_0.001\8\corpus_indexed\psip
	  load_time	358
bsib
	 index_size	650155
	 build_time	8190
	    indexed	1000
	       path	small\1000_100_25_8_1_0_0.001\8\corpus_indexed\bsib
	  load_time	343
psim
	 index_size	1618622
	 build_time	16021
	    indexed	1000
	       path	small\1000_100_25_8_1_0_0.001\8\corpus_indexed\psim
	  load_time	296
