label 
corpus_size 743115
false_positive_rate 0.001
location_uncertainty 25
junk_fraction 0
freq_error 0
stemming 0
stop_words 0
secrets 1
	secret
canonical
	 index_size	560615
	 build_time	3478
	    indexed	1000
	       path	small\1000_100_25_4_1_0_0.001\12\corpus_indexed\canonical
	  load_time	358
psib
	 index_size	380890
	 build_time	5616
	    indexed	1000
	       path	small\1000_100_25_4_1_0_0.001\12\corpus_indexed\psib
	  load_time	312
psip
	 index_size	635870
	 build_time	9219
	    indexed	1000
	       path	small\1000_100_25_4_1_0_0.001\12\corpus_indexed\psip
	  load_time	343
bsib
	 index_size	643292
	 build_time	7987
	    indexed	1000
	       path	small\1000_100_25_4_1_0_0.001\12\corpus_indexed\bsib
	  load_time	343
psim
	 index_size	1356273
	 build_time	15268
	    indexed	1000
	       path	small\1000_100_25_4_1_0_0.001\12\corpus_indexed\psim
	  load_time	296
