label 
corpus_size 7297427
false_positive_rate 0.001
location_uncertainty 50
junk_fraction 0
freq_error 0
stemming 0
stop_words 0
secrets 1
	secret
canonical
	 index_size	5157043
	 build_time	6023
	    indexed	1000
	       path	large\1000_1000_50_6_1_0_0.001\1\corpus_indexed\canonical
	  load_time	971
psib
	 index_size	3556325
	 build_time	15987
	    indexed	1000
	       path	large\1000_1000_50_6_1_0_0.001\1\corpus_indexed\psib
	  load_time	311
psip
	 index_size	6015934
	 build_time	18876
	    indexed	999
	       path	large\1000_1000_50_6_1_0_0.001\1\corpus_indexed\psip
	  load_time	948
bsib
	 index_size	5311952
	 build_time	22026
	    indexed	1000
	       path	large\1000_1000_50_6_1_0_0.001\1\corpus_indexed\bsib
	  load_time	795
psim
	 index_size	33819294
	 build_time	714777
	    indexed	1000
	       path	large\1000_1000_50_6_1_0_0.001\1\corpus_indexed\psim
	  load_time	374
