label 
corpus_size 5227494
false_positive_rate 0.001
location_uncertainty 256
junk_fraction 0
freq_error 0
stemming 0
stop_words 0
secrets 1
	secret
canonical
	 index_size	2893197
	 build_time	897
	    indexed	100
	       path	\100_6000_256_2_1_0_0.001\3\corpus_indexed\canonical
	  load_time	299
bsib
	 index_size	2695062
	 build_time	5505
	    indexed	100
	       path	\100_6000_256_2_1_0_0.001\3\corpus_indexed\bsib
	  load_time	233
psib
	 index_size	1957372
	 build_time	3442
	    indexed	100
	       path	\100_6000_256_2_1_0_0.001\3\corpus_indexed\psib
	  load_time	27
psip
	 index_size	3470471
	 build_time	3971
	    indexed	100
	       path	\100_6000_256_2_1_0_0.001\3\corpus_indexed\psip
	  load_time	302
