label 
corpus_size 31822367
false_positive_rate 0.001
location_uncertainty 150
junk_fraction 0
freq_error 0
stemming 0
stop_words 0
secrets 1
	secret
canonical
	 index_size	19620418
	 build_time	5916
	    indexed	1000
	       path	\1000_4000_150_3_1_0_0.001\1\corpus_indexed\canonical
	  load_time	1987
bsib
	 index_size	19884217
	 build_time	39560
	    indexed	1000
	       path	\1000_4000_150_3_1_0_0.001\1\corpus_indexed\bsib
	  load_time	1738
psib
	 index_size	14726679
	 build_time	23469
	    indexed	1000
	       path	\1000_4000_150_3_1_0_0.001\1\corpus_indexed\psib
	  load_time	254
psip
	 index_size	23376010
	 build_time	26642
	    indexed	1000
	       path	\1000_4000_150_3_1_0_0.001\1\corpus_indexed\psip
	  load_time	2204
