ID max_min_pairs2\2_250_4000_250_2_1_0_0.001\1 
NUM_UNIQUE_CORPUS_TOKENS 10000 
NUM_DOC_TOKENS 4000 
NUM_UNIQUE_DOC_TOKENS 756 
NUM_CORPUS_DOCS 250 
TERMS_PER_QUERY 2 
TOKENS_PER_TERM 1 
NUM_TEST_QUERIES 5 
MAX_LOAD_FACTOR .01 
MIN_LOAD_FACTOR .001 
MIN_BLOCK_SIZE 2000 
MAX_BLOCK_SIZE 6000 
MIN_BINOMIAL .075 
MAX_BINOMIAL .2 
FP_RATE 0.001 
LOCATION_UNCERTAINTY 250 
SECRETS secret 
TYPES psim 
RECALL_PRECISION 0 
MINDIST 1 
BM25 0 
BSIB_PSIB_TRIALS 10 
OBFUSCATIONS 0 
JUNK_FRACTION 0 
TOP_K 250 
 
ID max_min_pairs2\3_250_4000_250_2_1_0_0.001\1 
NUM_UNIQUE_CORPUS_TOKENS 10000 
NUM_DOC_TOKENS 4000 
NUM_UNIQUE_DOC_TOKENS 756 
NUM_CORPUS_DOCS 250 
TERMS_PER_QUERY 2 
TOKENS_PER_TERM 1 
NUM_TEST_QUERIES 5 
MAX_LOAD_FACTOR .01 
MIN_LOAD_FACTOR .001 
MIN_BLOCK_SIZE 2000 
MAX_BLOCK_SIZE 6000 
MIN_BINOMIAL .075 
MAX_BINOMIAL .2 
FP_RATE 0.001 
LOCATION_UNCERTAINTY 250 
SECRETS secret 
TYPES psim 
RECALL_PRECISION 0 
MINDIST 1 
BM25 0 
BSIB_PSIB_TRIALS 10 
OBFUSCATIONS 0 
JUNK_FRACTION 0 
TOP_K 250 
 
ID max_min_pairs2\4_250_4000_250_2_1_0_0.001\1 
NUM_UNIQUE_CORPUS_TOKENS 10000 
NUM_DOC_TOKENS 4000 
NUM_UNIQUE_DOC_TOKENS 756 
NUM_CORPUS_DOCS 250 
TERMS_PER_QUERY 2 
TOKENS_PER_TERM 1 
NUM_TEST_QUERIES 5 
MAX_LOAD_FACTOR .01 
MIN_LOAD_FACTOR .001 
MIN_BLOCK_SIZE 2000 
MAX_BLOCK_SIZE 6000 
MIN_BINOMIAL .075 
MAX_BINOMIAL .2 
FP_RATE 0.001 
LOCATION_UNCERTAINTY 250 
SECRETS secret 
TYPES psim 
RECALL_PRECISION 0 
MINDIST 1 
BM25 0 
BSIB_PSIB_TRIALS 10 
OBFUSCATIONS 0 
JUNK_FRACTION 0 
TOP_K 250 
 
ID max_min_pairs2\5_250_4000_250_2_1_0_0.001\1 
NUM_UNIQUE_CORPUS_TOKENS 10000 
NUM_DOC_TOKENS 4000 
NUM_UNIQUE_DOC_TOKENS 756 
NUM_CORPUS_DOCS 250 
TERMS_PER_QUERY 2 
TOKENS_PER_TERM 1 
NUM_TEST_QUERIES 5 
MAX_LOAD_FACTOR .01 
MIN_LOAD_FACTOR .001 
MIN_BLOCK_SIZE 2000 
MAX_BLOCK_SIZE 6000 
MIN_BINOMIAL .075 
MAX_BINOMIAL .2 
FP_RATE 0.001 
LOCATION_UNCERTAINTY 250 
SECRETS secret 
TYPES psim 
RECALL_PRECISION 0 
MINDIST 1 
BM25 0 
BSIB_PSIB_TRIALS 10 
OBFUSCATIONS 0 
JUNK_FRACTION 0 
TOP_K 250 
 
ID max_min_pairs2\6_250_4000_250_2_1_0_0.001\1 
NUM_UNIQUE_CORPUS_TOKENS 10000 
NUM_DOC_TOKENS 4000 
NUM_UNIQUE_DOC_TOKENS 756 
NUM_CORPUS_DOCS 250 
TERMS_PER_QUERY 2 
TOKENS_PER_TERM 1 
NUM_TEST_QUERIES 5 
MAX_LOAD_FACTOR .01 
MIN_LOAD_FACTOR .001 
MIN_BLOCK_SIZE 2000 
MAX_BLOCK_SIZE 6000 
MIN_BINOMIAL .075 
MAX_BINOMIAL .2 
FP_RATE 0.001 
LOCATION_UNCERTAINTY 250 
SECRETS secret 
TYPES psim 
RECALL_PRECISION 0 
MINDIST 1 
BM25 0 
BSIB_PSIB_TRIALS 10 
OBFUSCATIONS 0 
JUNK_FRACTION 0 
TOP_K 250 
 
ID max_min_pairs2\7_250_4000_250_2_1_0_0.001\1 
NUM_UNIQUE_CORPUS_TOKENS 10000 
NUM_DOC_TOKENS 4000 
NUM_UNIQUE_DOC_TOKENS 756 
NUM_CORPUS_DOCS 250 
TERMS_PER_QUERY 2 
TOKENS_PER_TERM 1 
NUM_TEST_QUERIES 5 
MAX_LOAD_FACTOR .01 
MIN_LOAD_FACTOR .001 
MIN_BLOCK_SIZE 2000 
MAX_BLOCK_SIZE 6000 
MIN_BINOMIAL .075 
MAX_BINOMIAL .2 
FP_RATE 0.001 
LOCATION_UNCERTAINTY 250 
SECRETS secret 
TYPES psim 
RECALL_PRECISION 0 
MINDIST 1 
BM25 0 
BSIB_PSIB_TRIALS 10 
OBFUSCATIONS 0 
JUNK_FRACTION 0 
TOP_K 250 
 
ID max_min_pairs2\8_250_4000_250_2_1_0_0.001\1 
NUM_UNIQUE_CORPUS_TOKENS 10000 
NUM_DOC_TOKENS 4000 
NUM_UNIQUE_DOC_TOKENS 756 
NUM_CORPUS_DOCS 250 
TERMS_PER_QUERY 2 
TOKENS_PER_TERM 1 
NUM_TEST_QUERIES 5 
MAX_LOAD_FACTOR .01 
MIN_LOAD_FACTOR .001 
MIN_BLOCK_SIZE 2000 
MAX_BLOCK_SIZE 6000 
MIN_BINOMIAL .075 
MAX_BINOMIAL .2 
FP_RATE 0.001 
LOCATION_UNCERTAINTY 250 
SECRETS secret 
TYPES psim 
RECALL_PRECISION 0 
MINDIST 1 
BM25 0 
BSIB_PSIB_TRIALS 10 
OBFUSCATIONS 0 
JUNK_FRACTION 0 
TOP_K 250 
 
ID max_min_pairs2\9_250_4000_250_2_1_0_0.001\1 
NUM_UNIQUE_CORPUS_TOKENS 10000 
NUM_DOC_TOKENS 4000 
NUM_UNIQUE_DOC_TOKENS 756 
NUM_CORPUS_DOCS 250 
TERMS_PER_QUERY 2 
TOKENS_PER_TERM 1 
NUM_TEST_QUERIES 5 
MAX_LOAD_FACTOR .01 
MIN_LOAD_FACTOR .001 
MIN_BLOCK_SIZE 2000 
MAX_BLOCK_SIZE 6000 
MIN_BINOMIAL .075 
MAX_BINOMIAL .2 
FP_RATE 0.001 
LOCATION_UNCERTAINTY 250 
SECRETS secret 
TYPES psim 
RECALL_PRECISION 0 
MINDIST 1 
BM25 0 
BSIB_PSIB_TRIALS 10 
OBFUSCATIONS 0 
JUNK_FRACTION 0 
TOP_K 250 
 
ID max_min_pairs2\10_250_4000_250_2_1_0_0.001\1 
NUM_UNIQUE_CORPUS_TOKENS 10000 
NUM_DOC_TOKENS 4000 
NUM_UNIQUE_DOC_TOKENS 756 
NUM_CORPUS_DOCS 250 
TERMS_PER_QUERY 2 
TOKENS_PER_TERM 1 
NUM_TEST_QUERIES 5 
MAX_LOAD_FACTOR .01 
MIN_LOAD_FACTOR .001 
MIN_BLOCK_SIZE 2000 
MAX_BLOCK_SIZE 6000 
MIN_BINOMIAL .075 
MAX_BINOMIAL .2 
FP_RATE 0.001 
LOCATION_UNCERTAINTY 250 
SECRETS secret 
TYPES psim 
RECALL_PRECISION 0 
MINDIST 1 
BM25 0 
BSIB_PSIB_TRIALS 10 
OBFUSCATIONS 0 
JUNK_FRACTION 0 
TOP_K 250 
 
ID max_min_pairs2\11_250_4000_250_2_1_0_0.001\1 
NUM_UNIQUE_CORPUS_TOKENS 10000 
NUM_DOC_TOKENS 4000 
NUM_UNIQUE_DOC_TOKENS 756 
NUM_CORPUS_DOCS 250 
TERMS_PER_QUERY 2 
TOKENS_PER_TERM 1 
NUM_TEST_QUERIES 5 
MAX_LOAD_FACTOR .01 
MIN_LOAD_FACTOR .001 
MIN_BLOCK_SIZE 2000 
MAX_BLOCK_SIZE 6000 
MIN_BINOMIAL .075 
MAX_BINOMIAL .2 
FP_RATE 0.001 
LOCATION_UNCERTAINTY 250 
SECRETS secret 
TYPES psim 
RECALL_PRECISION 0 
MINDIST 1 
BM25 0 
BSIB_PSIB_TRIALS 10 
OBFUSCATIONS 0 
JUNK_FRACTION 0 
TOP_K 250 
 
ID max_min_pairs2\12_250_4000_250_2_1_0_0.001\1 
NUM_UNIQUE_CORPUS_TOKENS 10000 
NUM_DOC_TOKENS 4000 
NUM_UNIQUE_DOC_TOKENS 756 
NUM_CORPUS_DOCS 250 
TERMS_PER_QUERY 2 
TOKENS_PER_TERM 1 
NUM_TEST_QUERIES 5 
MAX_LOAD_FACTOR .01 
MIN_LOAD_FACTOR .001 
MIN_BLOCK_SIZE 2000 
MAX_BLOCK_SIZE 6000 
MIN_BINOMIAL .075 
MAX_BINOMIAL .2 
FP_RATE 0.001 
LOCATION_UNCERTAINTY 250 
SECRETS secret 
TYPES psim 
RECALL_PRECISION 0 
MINDIST 1 
BM25 0 
BSIB_PSIB_TRIALS 10 
OBFUSCATIONS 0 
JUNK_FRACTION 0 
TOP_K 250 
 
ID max_min_pairs2\13_250_4000_250_2_1_0_0.001\1 
NUM_UNIQUE_CORPUS_TOKENS 10000 
NUM_DOC_TOKENS 4000 
NUM_UNIQUE_DOC_TOKENS 756 
NUM_CORPUS_DOCS 250 
TERMS_PER_QUERY 2 
TOKENS_PER_TERM 1 
NUM_TEST_QUERIES 5 
MAX_LOAD_FACTOR .01 
MIN_LOAD_FACTOR .001 
MIN_BLOCK_SIZE 2000 
MAX_BLOCK_SIZE 6000 
MIN_BINOMIAL .075 
MAX_BINOMIAL .2 
FP_RATE 0.001 
LOCATION_UNCERTAINTY 250 
SECRETS secret 
TYPES psim 
RECALL_PRECISION 0 
MINDIST 1 
BM25 0 
BSIB_PSIB_TRIALS 10 
OBFUSCATIONS 0 
JUNK_FRACTION 0 
TOP_K 250 
 
ID max_min_pairs2\14_250_4000_250_2_1_0_0.001\1 
NUM_UNIQUE_CORPUS_TOKENS 10000 
NUM_DOC_TOKENS 4000 
NUM_UNIQUE_DOC_TOKENS 756 
NUM_CORPUS_DOCS 250 
TERMS_PER_QUERY 2 
TOKENS_PER_TERM 1 
NUM_TEST_QUERIES 5 
MAX_LOAD_FACTOR .01 
MIN_LOAD_FACTOR .001 
MIN_BLOCK_SIZE 2000 
MAX_BLOCK_SIZE 6000 
MIN_BINOMIAL .075 
MAX_BINOMIAL .2 
FP_RATE 0.001 
LOCATION_UNCERTAINTY 250 
SECRETS secret 
TYPES psim 
RECALL_PRECISION 0 
MINDIST 1 
BM25 0 
BSIB_PSIB_TRIALS 10 
OBFUSCATIONS 0 
JUNK_FRACTION 0 
TOP_K 250 
 
ID max_min_pairs2\15_250_4000_250_2_1_0_0.001\1 
NUM_UNIQUE_CORPUS_TOKENS 10000 
NUM_DOC_TOKENS 4000 
NUM_UNIQUE_DOC_TOKENS 756 
NUM_CORPUS_DOCS 250 
TERMS_PER_QUERY 2 
TOKENS_PER_TERM 1 
NUM_TEST_QUERIES 5 
MAX_LOAD_FACTOR .01 
MIN_LOAD_FACTOR .001 
MIN_BLOCK_SIZE 2000 
MAX_BLOCK_SIZE 6000 
MIN_BINOMIAL .075 
MAX_BINOMIAL .2 
FP_RATE 0.001 
LOCATION_UNCERTAINTY 250 
SECRETS secret 
TYPES psim 
RECALL_PRECISION 0 
MINDIST 1 
BM25 0 
BSIB_PSIB_TRIALS 10 
OBFUSCATIONS 0 
JUNK_FRACTION 0 
TOP_K 250 
 
ID max_min_pairs2\16_250_4000_250_2_1_0_0.001\1 
NUM_UNIQUE_CORPUS_TOKENS 10000 
NUM_DOC_TOKENS 4000 
NUM_UNIQUE_DOC_TOKENS 756 
NUM_CORPUS_DOCS 250 
TERMS_PER_QUERY 2 
TOKENS_PER_TERM 1 
NUM_TEST_QUERIES 5 
MAX_LOAD_FACTOR .01 
MIN_LOAD_FACTOR .001 
MIN_BLOCK_SIZE 2000 
MAX_BLOCK_SIZE 6000 
MIN_BINOMIAL .075 
MAX_BINOMIAL .2 
FP_RATE 0.001 
LOCATION_UNCERTAINTY 250 
SECRETS secret 
TYPES psim 
RECALL_PRECISION 0 
MINDIST 1 
BM25 0 
BSIB_PSIB_TRIALS 10 
OBFUSCATIONS 0 
JUNK_FRACTION 0 
TOP_K 250 
 
