label 
corpus_size 32947518
false_positive_rate 0.001
location_uncertainty 256
junk_fraction 0.5
freq_error 0.5
stemming 0
stop_words 0
secrets 1
	secret
canonical
	 index_size	22876988
	 build_time	6817
	    indexed	1000
	       path	junkfreq5\1000_4000_256_2_1_0_0.001\1\corpus_indexed\canonical
	  load_time	2308
bsib
	 index_size	29156258
	 build_time	54444
	    indexed	1000
	       path	junkfreq5\1000_4000_256_2_1_0_0.001\1\corpus_indexed\bsib
	  load_time	2558
psib
	 index_size	31635800
	 build_time	35989
	    indexed	1000
	       path	junkfreq5\1000_4000_256_2_1_0_0.001\1\corpus_indexed\psib
	  load_time	280
psip
	 index_size	58915379
	 build_time	40794
	    indexed	1000
	       path	junkfreq5\1000_4000_256_2_1_0_0.001\1\corpus_indexed\psip
	  load_time	5132
psif
	 index_size	18121187
	 build_time	34663
	    indexed	1000
	       path	junkfreq5\1000_4000_256_2_1_0_0.001\1\corpus_indexed\psif
	  load_time	265
