label 
corpus_size 33130399
false_positive_rate 0.001
location_uncertainty 256
junk_fraction 0.4
freq_error 0.4
stemming 0
stop_words 0
secrets 1
	secret
canonical
	 index_size	22854569
	 build_time	6832
	    indexed	1000
	       path	junkfreq4\1000_4000_256_1_1_0_0.001\3\corpus_indexed\canonical
	  load_time	2293
bsib
	 index_size	27272564
	 build_time	53336
	    indexed	1000
	       path	junkfreq4\1000_4000_256_1_1_0_0.001\3\corpus_indexed\bsib
	  load_time	2402
psib
	 index_size	26528458
	 build_time	34616
	    indexed	1000
	       path	junkfreq4\1000_4000_256_1_1_0_0.001\3\corpus_indexed\psib
	  load_time	280
psip
	 index_size	48246478
	 build_time	39327
	    indexed	1000
	       path	junkfreq4\1000_4000_256_1_1_0_0.001\3\corpus_indexed\psip
	  load_time	4180
psif
	 index_size	15104652
	 build_time	34320
	    indexed	1000
	       path	junkfreq4\1000_4000_256_1_1_0_0.001\3\corpus_indexed\psif
	  load_time	265
