label 
corpus_size 33031611
false_positive_rate 0.001
location_uncertainty 256
junk_fraction 0.1
freq_error 0
stemming 0
stop_words 0
secrets 1
	secret
canonical
	 index_size	22834468
	 build_time	14146
	    indexed	1000
	       path	junk1\1000_4000_256_1_1_0_0.001\1\corpus_indexed\canonical
	  load_time	3531
bsib
	 index_size	21675375
	 build_time	98676
	    indexed	1000
	       path	junk1\1000_4000_256_1_1_0_0.001\1\corpus_indexed\bsib
	  load_time	2921
psif
	 index_size	10415332
	 build_time	69190
	    indexed	1000
	       path	junk1\1000_4000_256_1_1_0_0.001\1\corpus_indexed\psif
	  load_time	373
psip
	 index_size	30513201
	 build_time	74168
	    indexed	1000
	       path	junk1\1000_4000_256_1_1_0_0.001\1\corpus_indexed\psip
	  load_time	4065
psib
	 index_size	18311439
	 build_time	70294
	    indexed	1000
	       path	junk1\1000_4000_256_1_1_0_0.001\1\corpus_indexed\psib
	  load_time	391
