label 
corpus_size 32986339
false_positive_rate 0.001
location_uncertainty 256
junk_fraction 0.3
freq_error 0
stemming 0
stop_words 0
secrets 1
	secret
canonical
	 index_size	22873425
	 build_time	6868
	    indexed	1000
	       path	junk3\1000_4000_256_2_1_0_0.001\3\corpus_indexed\canonical
	  load_time	2328
bsib
	 index_size	25409868
	 build_time	51269
	    indexed	1000
	       path	junk3\1000_4000_256_2_1_0_0.001\3\corpus_indexed\bsib
	  load_time	2285
psif
	 index_size	12808452
	 build_time	32892
	    indexed	1000
	       path	junk3\1000_4000_256_2_1_0_0.001\3\corpus_indexed\psif
	  load_time	259
psip
	 index_size	38573962
	 build_time	37737
	    indexed	1000
	       path	junk3\1000_4000_256_2_1_0_0.001\3\corpus_indexed\psip
	  load_time	3546
psib
	 index_size	22969403
	 build_time	34179
	    indexed	1000
	       path	junk3\1000_4000_256_2_1_0_0.001\3\corpus_indexed\psib
	  load_time	276
