label 
corpus_size 3119503
false_positive_rate 0.001
location_uncertainty 256
junk_fraction 0
freq_error 0
stemming 0
stop_words 0
secrets 1
	secret
canonical
	 index_size	1732605
	 build_time	528
	    indexed	100
	       path	\100_3500_256_2_1_0_0.001\1\corpus_indexed\canonical
	  load_time	172
bsib
	 index_size	1445117
	 build_time	3228
	    indexed	100
	       path	\100_3500_256_2_1_0_0.001\1\corpus_indexed\bsib
	  load_time	135
psib
	 index_size	877646
	 build_time	2159
	    indexed	100
	       path	\100_3500_256_2_1_0_0.001\1\corpus_indexed\psib
	  load_time	26
psip
	 index_size	2054100
	 build_time	2540
	    indexed	100
	       path	\100_3500_256_2_1_0_0.001\1\corpus_indexed\psip
	  load_time	184
