label 
corpus_size 32926349
false_positive_rate 0.001
location_uncertainty 256
junk_fraction 0.3
freq_error 0
stemming 0
stop_words 0
secrets 1
	secret
canonical
	 index_size	22812630
	 build_time	6816
	    indexed	1000
	       path	junk3\1000_4000_256_1_1_0_0.001\1\corpus_indexed\canonical
	  load_time	2305
bsib
	 index_size	25407802
	 build_time	51093
	    indexed	1000
	       path	junk3\1000_4000_256_1_1_0_0.001\1\corpus_indexed\bsib
	  load_time	2265
psif
	 index_size	12793421
	 build_time	32726
	    indexed	1000
	       path	junk3\1000_4000_256_1_1_0_0.001\1\corpus_indexed\psif
	  load_time	259
psip
	 index_size	38553527
	 build_time	37250
	    indexed	1000
	       path	junk3\1000_4000_256_1_1_0_0.001\1\corpus_indexed\psip
	  load_time	3350
psib
	 index_size	22944578
	 build_time	33138
	    indexed	1000
	       path	junk3\1000_4000_256_1_1_0_0.001\1\corpus_indexed\psib
	  load_time	275
