label 
corpus_size 32998882
false_positive_rate 0.001
location_uncertainty 256
junk_fraction 0.05
freq_error 0
stemming 0
stop_words 0
secrets 1
	secret
canonical
	 index_size	22825067
	 build_time	13965
	    indexed	1000
	       path	junk05\1000_4000_256_1_1_0_0.001\2\corpus_indexed\canonical
	  load_time	3541
bsib
	 index_size	20746638
	 build_time	94714
	    indexed	1000
	       path	junk05\1000_4000_256_1_1_0_0.001\2\corpus_indexed\bsib
	  load_time	2813
psif
	 index_size	10024124
	 build_time	68955
	    indexed	1000
	       path	junk05\1000_4000_256_1_1_0_0.001\2\corpus_indexed\psif
	  load_time	369
psip
	 index_size	29083660
	 build_time	75945
	    indexed	1000
	       path	junk05\1000_4000_256_1_1_0_0.001\2\corpus_indexed\psip
	  load_time	3857
psib
	 index_size	17508728
	 build_time	69204
	    indexed	1000
	       path	junk05\1000_4000_256_1_1_0_0.001\2\corpus_indexed\psib
	  load_time	392
