label 
corpus_size 789382
false_positive_rate 0.001
location_uncertainty 25
junk_fraction 0
freq_error 0
stemming 0
stop_words 0
secrets 1
	secret
canonical
	 index_size	584230
	 build_time	3494
	    indexed	1000
	       path	small\1000_100_25_5_1_0_0.001\10\corpus_indexed\canonical
	  load_time	358
psib
	 index_size	383925
	 build_time	5382
	    indexed	1000
	       path	small\1000_100_25_5_1_0_0.001\10\corpus_indexed\psib
	  load_time	312
psip
	 index_size	639548
	 build_time	8574
	    indexed	1000
	       path	small\1000_100_25_5_1_0_0.001\10\corpus_indexed\psip
	  load_time	364
bsib
	 index_size	645039
	 build_time	8206
	    indexed	1000
	       path	small\1000_100_25_5_1_0_0.001\10\corpus_indexed\bsib
	  load_time	355
psim
	 index_size	1416599
	 build_time	15494
	    indexed	1000
	       path	small\1000_100_25_5_1_0_0.001\10\corpus_indexed\psim
	  load_time	310
