label 
corpus_size 31051244
false_positive_rate 0.001
location_uncertainty 105
junk_fraction 0
freq_error 0
stemming 0
stop_words 0
secrets 1
	secret
canonical
	 index_size	19619921
	 build_time	5944
	    indexed	1000
	       path	\1000_4000_105_3_1_0_0.001\1\corpus_indexed\canonical
	  load_time	1951
bsib
	 index_size	22265771
	 build_time	40471
	    indexed	1000
	       path	\1000_4000_105_3_1_0_0.001\1\corpus_indexed\bsib
	  load_time	1864
psib
	 index_size	19194804
	 build_time	23662
	    indexed	1000
	       path	\1000_4000_105_3_1_0_0.001\1\corpus_indexed\psib
	  load_time	285
psip
	 index_size	23371032
	 build_time	26077
	    indexed	1000
	       path	\1000_4000_105_3_1_0_0.001\1\corpus_indexed\psip
	  load_time	2072
