label 
corpus_size 758487
false_positive_rate 0.001
location_uncertainty 25
junk_fraction 0
freq_error 0
stemming 0
stop_words 0
secrets 1
	secret
canonical
	 index_size	576859
	 build_time	3400
	    indexed	1000
	       path	small\1000_100_25_6_1_0_0.001\4\corpus_indexed\canonical
	  load_time	374
psib
	 index_size	385423
	 build_time	5304
	    indexed	999
	       path	small\1000_100_25_6_1_0_0.001\4\corpus_indexed\psib
	  load_time	312
psip
	 index_size	642360
	 build_time	7831
	    indexed	1000
	       path	small\1000_100_25_6_1_0_0.001\4\corpus_indexed\psip
	  load_time	365
bsib
	 index_size	646109
	 build_time	8469
	    indexed	1000
	       path	small\1000_100_25_6_1_0_0.001\4\corpus_indexed\bsib
	  load_time	349
psim
	 index_size	1477343
	 build_time	15187
	    indexed	1000
	       path	small\1000_100_25_6_1_0_0.001\4\corpus_indexed\psim
	  load_time	309
