label 
corpus_size 32983301
false_positive_rate 0.001
location_uncertainty 256
junk_fraction 0.2
freq_error 0
stemming 0
stop_words 0
secrets 1
	secret
canonical
	 index_size	22824535
	 build_time	6881
	    indexed	1000
	       path	junk2\1000_4000_256_1_1_0_0.001\3\corpus_indexed\canonical
	  load_time	2289
bsib
	 index_size	23537933
	 build_time	50147
	    indexed	1000
	       path	junk2\1000_4000_256_1_1_0_0.001\3\corpus_indexed\bsib
	  load_time	2116
psif
	 index_size	11423657
	 build_time	33047
	    indexed	1000
	       path	junk2\1000_4000_256_1_1_0_0.001\3\corpus_indexed\psif
	  load_time	255
psip
	 index_size	34009573
	 build_time	36744
	    indexed	1000
	       path	junk2\1000_4000_256_1_1_0_0.001\3\corpus_indexed\psip
	  load_time	2995
psib
	 index_size	20304263
	 build_time	33660
	    indexed	1000
	       path	junk2\1000_4000_256_1_1_0_0.001\3\corpus_indexed\psib
	  load_time	271
