ID set1\100_100_256_2_1_0_0.001\1 
NUM_UNIQUE_CORPUS_TOKENS 10000 
NUM_DOC_TOKENS 100 
NUM_UNIQUE_DOC_TOKENS 120 
NUM_CORPUS_DOCS 100 
TERMS_PER_QUERY 2 
TOKENS_PER_TERM 1 
NUM_TEST_QUERIES 30 
MAX_LOAD_FACTOR .01 
MIN_LOAD_FACTOR .001 
MIN_BLOCK_SIZE 2000 
MAX_BLOCK_SIZE 6000 
MIN_BINOMIAL .075 
MAX_BINOMIAL .2 
FP_RATE 0.001 
LOCATION_UNCERTAINTY 256 
SECRETS secret 
TYPES bsib psib psip 
RECALL_PRECISION 1 
MINDIST 1 
BM25 1 
BSIB_PSIB_TRIALS 10 
OBFUSCATIONS 0 
JUNK_FRACTION 0 
FREQ_ERROR 0 
TOP_K 100 
 
ID set1\100_100_256_2_1_0_0.001\2 
NUM_UNIQUE_CORPUS_TOKENS 10000 
NUM_DOC_TOKENS 100 
NUM_UNIQUE_DOC_TOKENS 120 
NUM_CORPUS_DOCS 100 
TERMS_PER_QUERY 2 
TOKENS_PER_TERM 1 
NUM_TEST_QUERIES 30 
MAX_LOAD_FACTOR .01 
MIN_LOAD_FACTOR .001 
MIN_BLOCK_SIZE 2000 
MAX_BLOCK_SIZE 6000 
MIN_BINOMIAL .075 
MAX_BINOMIAL .2 
FP_RATE 0.001 
LOCATION_UNCERTAINTY 256 
SECRETS secret 
TYPES bsib psib psip 
RECALL_PRECISION 1 
MINDIST 1 
BM25 1 
BSIB_PSIB_TRIALS 10 
OBFUSCATIONS 0 
JUNK_FRACTION 0 
FREQ_ERROR 0 
TOP_K 100 
 
ID set1\100_100_256_2_1_0_0.001\3 
NUM_UNIQUE_CORPUS_TOKENS 10000 
NUM_DOC_TOKENS 100 
NUM_UNIQUE_DOC_TOKENS 120 
NUM_CORPUS_DOCS 100 
TERMS_PER_QUERY 2 
TOKENS_PER_TERM 1 
NUM_TEST_QUERIES 30 
MAX_LOAD_FACTOR .01 
MIN_LOAD_FACTOR .001 
MIN_BLOCK_SIZE 2000 
MAX_BLOCK_SIZE 6000 
MIN_BINOMIAL .075 
MAX_BINOMIAL .2 
FP_RATE 0.001 
LOCATION_UNCERTAINTY 256 
SECRETS secret 
TYPES bsib psib psip 
RECALL_PRECISION 1 
MINDIST 1 
BM25 1 
BSIB_PSIB_TRIALS 10 
OBFUSCATIONS 0 
JUNK_FRACTION 0 
FREQ_ERROR 0 
TOP_K 100 
 
ID set1\100_7600_256_2_1_0_0.001\1 
NUM_UNIQUE_CORPUS_TOKENS 10000 
NUM_DOC_TOKENS 7600 
NUM_UNIQUE_DOC_TOKENS 1044 
NUM_CORPUS_DOCS 100 
TERMS_PER_QUERY 2 
TOKENS_PER_TERM 1 
NUM_TEST_QUERIES 30 
MAX_LOAD_FACTOR .01 
MIN_LOAD_FACTOR .001 
MIN_BLOCK_SIZE 2000 
MAX_BLOCK_SIZE 6000 
MIN_BINOMIAL .075 
MAX_BINOMIAL .2 
FP_RATE 0.001 
LOCATION_UNCERTAINTY 256 
SECRETS secret 
TYPES bsib psib psip 
RECALL_PRECISION 1 
MINDIST 1 
BM25 1 
BSIB_PSIB_TRIALS 10 
OBFUSCATIONS 0 
JUNK_FRACTION 0 
FREQ_ERROR 0 
TOP_K 100 
 
ID set1\100_7600_256_2_1_0_0.001\2 
NUM_UNIQUE_CORPUS_TOKENS 10000 
NUM_DOC_TOKENS 7600 
NUM_UNIQUE_DOC_TOKENS 1044 
NUM_CORPUS_DOCS 100 
TERMS_PER_QUERY 2 
TOKENS_PER_TERM 1 
NUM_TEST_QUERIES 30 
MAX_LOAD_FACTOR .01 
MIN_LOAD_FACTOR .001 
MIN_BLOCK_SIZE 2000 
MAX_BLOCK_SIZE 6000 
MIN_BINOMIAL .075 
MAX_BINOMIAL .2 
FP_RATE 0.001 
LOCATION_UNCERTAINTY 256 
SECRETS secret 
TYPES bsib psib psip 
RECALL_PRECISION 1 
MINDIST 1 
BM25 1 
BSIB_PSIB_TRIALS 10 
OBFUSCATIONS 0 
JUNK_FRACTION 0 
FREQ_ERROR 0 
TOP_K 100 
 
ID set1\100_7600_256_2_1_0_0.001\3 
NUM_UNIQUE_CORPUS_TOKENS 10000 
NUM_DOC_TOKENS 7600 
NUM_UNIQUE_DOC_TOKENS 1044 
NUM_CORPUS_DOCS 100 
TERMS_PER_QUERY 2 
TOKENS_PER_TERM 1 
NUM_TEST_QUERIES 30 
MAX_LOAD_FACTOR .01 
MIN_LOAD_FACTOR .001 
MIN_BLOCK_SIZE 2000 
MAX_BLOCK_SIZE 6000 
MIN_BINOMIAL .075 
MAX_BINOMIAL .2 
FP_RATE 0.001 
LOCATION_UNCERTAINTY 256 
SECRETS secret 
TYPES bsib psib psip 
RECALL_PRECISION 1 
MINDIST 1 
BM25 1 
BSIB_PSIB_TRIALS 10 
OBFUSCATIONS 0 
JUNK_FRACTION 0 
FREQ_ERROR 0 
TOP_K 100 
 
ID set1\100_15100_256_2_1_0_0.001\1 
NUM_UNIQUE_CORPUS_TOKENS 10000 
NUM_DOC_TOKENS 15100 
NUM_UNIQUE_DOC_TOKENS 1476 
NUM_CORPUS_DOCS 100 
TERMS_PER_QUERY 2 
TOKENS_PER_TERM 1 
NUM_TEST_QUERIES 30 
MAX_LOAD_FACTOR .01 
MIN_LOAD_FACTOR .001 
MIN_BLOCK_SIZE 2000 
MAX_BLOCK_SIZE 6000 
MIN_BINOMIAL .075 
MAX_BINOMIAL .2 
FP_RATE 0.001 
LOCATION_UNCERTAINTY 256 
SECRETS secret 
TYPES bsib psib psip 
RECALL_PRECISION 1 
MINDIST 1 
BM25 1 
BSIB_PSIB_TRIALS 10 
OBFUSCATIONS 0 
JUNK_FRACTION 0 
FREQ_ERROR 0 
TOP_K 100 
 
ID set1\100_15100_256_2_1_0_0.001\2 
NUM_UNIQUE_CORPUS_TOKENS 10000 
NUM_DOC_TOKENS 15100 
NUM_UNIQUE_DOC_TOKENS 1476 
NUM_CORPUS_DOCS 100 
TERMS_PER_QUERY 2 
TOKENS_PER_TERM 1 
NUM_TEST_QUERIES 30 
MAX_LOAD_FACTOR .01 
MIN_LOAD_FACTOR .001 
MIN_BLOCK_SIZE 2000 
MAX_BLOCK_SIZE 6000 
MIN_BINOMIAL .075 
MAX_BINOMIAL .2 
FP_RATE 0.001 
LOCATION_UNCERTAINTY 256 
SECRETS secret 
TYPES bsib psib psip 
RECALL_PRECISION 1 
MINDIST 1 
BM25 1 
BSIB_PSIB_TRIALS 10 
OBFUSCATIONS 0 
JUNK_FRACTION 0 
FREQ_ERROR 0 
TOP_K 100 
 
ID set1\100_15100_256_2_1_0_0.001\3 
NUM_UNIQUE_CORPUS_TOKENS 10000 
NUM_DOC_TOKENS 15100 
NUM_UNIQUE_DOC_TOKENS 1476 
NUM_CORPUS_DOCS 100 
TERMS_PER_QUERY 2 
TOKENS_PER_TERM 1 
NUM_TEST_QUERIES 30 
MAX_LOAD_FACTOR .01 
MIN_LOAD_FACTOR .001 
MIN_BLOCK_SIZE 2000 
MAX_BLOCK_SIZE 6000 
MIN_BINOMIAL .075 
MAX_BINOMIAL .2 
FP_RATE 0.001 
LOCATION_UNCERTAINTY 256 
SECRETS secret 
TYPES bsib psib psip 
RECALL_PRECISION 1 
MINDIST 1 
BM25 1 
BSIB_PSIB_TRIALS 10 
OBFUSCATIONS 0 
JUNK_FRACTION 0 
FREQ_ERROR 0 
TOP_K 100 
 
ID set1\100_22600_256_2_1_0_0.001\1 
NUM_UNIQUE_CORPUS_TOKENS 10000 
NUM_DOC_TOKENS 22600 
NUM_UNIQUE_DOC_TOKENS 1800 
NUM_CORPUS_DOCS 100 
TERMS_PER_QUERY 2 
TOKENS_PER_TERM 1 
NUM_TEST_QUERIES 30 
MAX_LOAD_FACTOR .01 
MIN_LOAD_FACTOR .001 
MIN_BLOCK_SIZE 2000 
MAX_BLOCK_SIZE 6000 
MIN_BINOMIAL .075 
MAX_BINOMIAL .2 
FP_RATE 0.001 
LOCATION_UNCERTAINTY 256 
SECRETS secret 
TYPES bsib psib psip 
RECALL_PRECISION 1 
MINDIST 1 
BM25 1 
BSIB_PSIB_TRIALS 10 
OBFUSCATIONS 0 
JUNK_FRACTION 0 
FREQ_ERROR 0 
TOP_K 100 
 
ID set1\100_22600_256_2_1_0_0.001\2 
NUM_UNIQUE_CORPUS_TOKENS 10000 
NUM_DOC_TOKENS 22600 
NUM_UNIQUE_DOC_TOKENS 1800 
NUM_CORPUS_DOCS 100 
TERMS_PER_QUERY 2 
TOKENS_PER_TERM 1 
NUM_TEST_QUERIES 30 
MAX_LOAD_FACTOR .01 
MIN_LOAD_FACTOR .001 
MIN_BLOCK_SIZE 2000 
MAX_BLOCK_SIZE 6000 
MIN_BINOMIAL .075 
MAX_BINOMIAL .2 
FP_RATE 0.001 
LOCATION_UNCERTAINTY 256 
SECRETS secret 
TYPES bsib psib psip 
RECALL_PRECISION 1 
MINDIST 1 
BM25 1 
BSIB_PSIB_TRIALS 10 
OBFUSCATIONS 0 
JUNK_FRACTION 0 
FREQ_ERROR 0 
TOP_K 100 
 
ID set1\100_22600_256_2_1_0_0.001\3 
NUM_UNIQUE_CORPUS_TOKENS 10000 
NUM_DOC_TOKENS 22600 
NUM_UNIQUE_DOC_TOKENS 1800 
NUM_CORPUS_DOCS 100 
TERMS_PER_QUERY 2 
TOKENS_PER_TERM 1 
NUM_TEST_QUERIES 30 
MAX_LOAD_FACTOR .01 
MIN_LOAD_FACTOR .001 
MIN_BLOCK_SIZE 2000 
MAX_BLOCK_SIZE 6000 
MIN_BINOMIAL .075 
MAX_BINOMIAL .2 
FP_RATE 0.001 
LOCATION_UNCERTAINTY 256 
SECRETS secret 
TYPES bsib psib psip 
RECALL_PRECISION 1 
MINDIST 1 
BM25 1 
BSIB_PSIB_TRIALS 10 
OBFUSCATIONS 0 
JUNK_FRACTION 0 
FREQ_ERROR 0 
TOP_K 100 
 
ID set1\100_30100_256_2_1_0_0.001\1 
NUM_UNIQUE_CORPUS_TOKENS 10000 
NUM_DOC_TOKENS 30100 
NUM_UNIQUE_DOC_TOKENS 2076 
NUM_CORPUS_DOCS 100 
TERMS_PER_QUERY 2 
TOKENS_PER_TERM 1 
NUM_TEST_QUERIES 30 
MAX_LOAD_FACTOR .01 
MIN_LOAD_FACTOR .001 
MIN_BLOCK_SIZE 2000 
MAX_BLOCK_SIZE 6000 
MIN_BINOMIAL .075 
MAX_BINOMIAL .2 
FP_RATE 0.001 
LOCATION_UNCERTAINTY 256 
SECRETS secret 
TYPES bsib psib psip 
RECALL_PRECISION 1 
MINDIST 1 
BM25 1 
BSIB_PSIB_TRIALS 10 
OBFUSCATIONS 0 
JUNK_FRACTION 0 
FREQ_ERROR 0 
TOP_K 100 
 
ID set1\100_30100_256_2_1_0_0.001\2 
NUM_UNIQUE_CORPUS_TOKENS 10000 
NUM_DOC_TOKENS 30100 
NUM_UNIQUE_DOC_TOKENS 2076 
NUM_CORPUS_DOCS 100 
TERMS_PER_QUERY 2 
TOKENS_PER_TERM 1 
NUM_TEST_QUERIES 30 
MAX_LOAD_FACTOR .01 
MIN_LOAD_FACTOR .001 
MIN_BLOCK_SIZE 2000 
MAX_BLOCK_SIZE 6000 
MIN_BINOMIAL .075 
MAX_BINOMIAL .2 
FP_RATE 0.001 
LOCATION_UNCERTAINTY 256 
SECRETS secret 
TYPES bsib psib psip 
RECALL_PRECISION 1 
MINDIST 1 
BM25 1 
BSIB_PSIB_TRIALS 10 
OBFUSCATIONS 0 
JUNK_FRACTION 0 
FREQ_ERROR 0 
TOP_K 100 
 
ID set1\100_30100_256_2_1_0_0.001\3 
NUM_UNIQUE_CORPUS_TOKENS 10000 
NUM_DOC_TOKENS 30100 
NUM_UNIQUE_DOC_TOKENS 2076 
NUM_CORPUS_DOCS 100 
TERMS_PER_QUERY 2 
TOKENS_PER_TERM 1 
NUM_TEST_QUERIES 30 
MAX_LOAD_FACTOR .01 
MIN_LOAD_FACTOR .001 
MIN_BLOCK_SIZE 2000 
MAX_BLOCK_SIZE 6000 
MIN_BINOMIAL .075 
MAX_BINOMIAL .2 
FP_RATE 0.001 
LOCATION_UNCERTAINTY 256 
SECRETS secret 
TYPES bsib psib psip 
RECALL_PRECISION 1 
MINDIST 1 
BM25 1 
BSIB_PSIB_TRIALS 10 
OBFUSCATIONS 0 
JUNK_FRACTION 0 
FREQ_ERROR 0 
TOP_K 100 
 
ID set1\100_37600_256_2_1_0_0.001\1 
NUM_UNIQUE_CORPUS_TOKENS 10000 
NUM_DOC_TOKENS 37600 
NUM_UNIQUE_DOC_TOKENS 2328 
NUM_CORPUS_DOCS 100 
TERMS_PER_QUERY 2 
TOKENS_PER_TERM 1 
NUM_TEST_QUERIES 30 
MAX_LOAD_FACTOR .01 
MIN_LOAD_FACTOR .001 
MIN_BLOCK_SIZE 2000 
MAX_BLOCK_SIZE 6000 
MIN_BINOMIAL .075 
MAX_BINOMIAL .2 
FP_RATE 0.001 
LOCATION_UNCERTAINTY 256 
SECRETS secret 
TYPES bsib psib psip 
RECALL_PRECISION 1 
MINDIST 1 
BM25 1 
BSIB_PSIB_TRIALS 10 
OBFUSCATIONS 0 
JUNK_FRACTION 0 
FREQ_ERROR 0 
TOP_K 100 
 
ID set1\100_37600_256_2_1_0_0.001\2 
NUM_UNIQUE_CORPUS_TOKENS 10000 
NUM_DOC_TOKENS 37600 
NUM_UNIQUE_DOC_TOKENS 2328 
NUM_CORPUS_DOCS 100 
TERMS_PER_QUERY 2 
TOKENS_PER_TERM 1 
NUM_TEST_QUERIES 30 
MAX_LOAD_FACTOR .01 
MIN_LOAD_FACTOR .001 
MIN_BLOCK_SIZE 2000 
MAX_BLOCK_SIZE 6000 
MIN_BINOMIAL .075 
MAX_BINOMIAL .2 
FP_RATE 0.001 
LOCATION_UNCERTAINTY 256 
SECRETS secret 
TYPES bsib psib psip 
RECALL_PRECISION 1 
MINDIST 1 
BM25 1 
BSIB_PSIB_TRIALS 10 
OBFUSCATIONS 0 
JUNK_FRACTION 0 
FREQ_ERROR 0 
TOP_K 100 
 
ID set1\100_37600_256_2_1_0_0.001\3 
NUM_UNIQUE_CORPUS_TOKENS 10000 
NUM_DOC_TOKENS 37600 
NUM_UNIQUE_DOC_TOKENS 2328 
NUM_CORPUS_DOCS 100 
TERMS_PER_QUERY 2 
TOKENS_PER_TERM 1 
NUM_TEST_QUERIES 30 
MAX_LOAD_FACTOR .01 
MIN_LOAD_FACTOR .001 
MIN_BLOCK_SIZE 2000 
MAX_BLOCK_SIZE 6000 
MIN_BINOMIAL .075 
MAX_BINOMIAL .2 
FP_RATE 0.001 
LOCATION_UNCERTAINTY 256 
SECRETS secret 
TYPES bsib psib psip 
RECALL_PRECISION 1 
MINDIST 1 
BM25 1 
BSIB_PSIB_TRIALS 10 
OBFUSCATIONS 0 
JUNK_FRACTION 0 
FREQ_ERROR 0 
TOP_K 100 
 
ID set1\100_45100_256_2_1_0_0.001\1 
NUM_UNIQUE_CORPUS_TOKENS 10000 
NUM_DOC_TOKENS 45100 
NUM_UNIQUE_DOC_TOKENS 2544 
NUM_CORPUS_DOCS 100 
TERMS_PER_QUERY 2 
TOKENS_PER_TERM 1 
NUM_TEST_QUERIES 30 
MAX_LOAD_FACTOR .01 
MIN_LOAD_FACTOR .001 
MIN_BLOCK_SIZE 2000 
MAX_BLOCK_SIZE 6000 
MIN_BINOMIAL .075 
MAX_BINOMIAL .2 
FP_RATE 0.001 
LOCATION_UNCERTAINTY 256 
SECRETS secret 
TYPES bsib psib psip 
RECALL_PRECISION 1 
MINDIST 1 
BM25 1 
BSIB_PSIB_TRIALS 10 
OBFUSCATIONS 0 
JUNK_FRACTION 0 
FREQ_ERROR 0 
TOP_K 100 
 
ID set1\100_45100_256_2_1_0_0.001\2 
NUM_UNIQUE_CORPUS_TOKENS 10000 
NUM_DOC_TOKENS 45100 
NUM_UNIQUE_DOC_TOKENS 2544 
NUM_CORPUS_DOCS 100 
TERMS_PER_QUERY 2 
TOKENS_PER_TERM 1 
NUM_TEST_QUERIES 30 
MAX_LOAD_FACTOR .01 
MIN_LOAD_FACTOR .001 
MIN_BLOCK_SIZE 2000 
MAX_BLOCK_SIZE 6000 
MIN_BINOMIAL .075 
MAX_BINOMIAL .2 
FP_RATE 0.001 
LOCATION_UNCERTAINTY 256 
SECRETS secret 
TYPES bsib psib psip 
RECALL_PRECISION 1 
MINDIST 1 
BM25 1 
BSIB_PSIB_TRIALS 10 
OBFUSCATIONS 0 
JUNK_FRACTION 0 
FREQ_ERROR 0 
TOP_K 100 
 
ID set1\100_45100_256_2_1_0_0.001\3 
NUM_UNIQUE_CORPUS_TOKENS 10000 
NUM_DOC_TOKENS 45100 
NUM_UNIQUE_DOC_TOKENS 2544 
NUM_CORPUS_DOCS 100 
TERMS_PER_QUERY 2 
TOKENS_PER_TERM 1 
NUM_TEST_QUERIES 30 
MAX_LOAD_FACTOR .01 
MIN_LOAD_FACTOR .001 
MIN_BLOCK_SIZE 2000 
MAX_BLOCK_SIZE 6000 
MIN_BINOMIAL .075 
MAX_BINOMIAL .2 
FP_RATE 0.001 
LOCATION_UNCERTAINTY 256 
SECRETS secret 
TYPES bsib psib psip 
RECALL_PRECISION 1 
MINDIST 1 
BM25 1 
BSIB_PSIB_TRIALS 10 
OBFUSCATIONS 0 
JUNK_FRACTION 0 
FREQ_ERROR 0 
TOP_K 100 
 
ID set1\100_52600_256_2_1_0_0.001\1 
NUM_UNIQUE_CORPUS_TOKENS 10000 
NUM_DOC_TOKENS 52600 
NUM_UNIQUE_DOC_TOKENS 2748 
NUM_CORPUS_DOCS 100 
TERMS_PER_QUERY 2 
TOKENS_PER_TERM 1 
NUM_TEST_QUERIES 30 
MAX_LOAD_FACTOR .01 
MIN_LOAD_FACTOR .001 
MIN_BLOCK_SIZE 2000 
MAX_BLOCK_SIZE 6000 
MIN_BINOMIAL .075 
MAX_BINOMIAL .2 
FP_RATE 0.001 
LOCATION_UNCERTAINTY 256 
SECRETS secret 
TYPES bsib psib psip 
RECALL_PRECISION 1 
MINDIST 1 
BM25 1 
BSIB_PSIB_TRIALS 10 
OBFUSCATIONS 0 
JUNK_FRACTION 0 
FREQ_ERROR 0 
TOP_K 100 
 
ID set1\100_52600_256_2_1_0_0.001\2 
NUM_UNIQUE_CORPUS_TOKENS 10000 
NUM_DOC_TOKENS 52600 
NUM_UNIQUE_DOC_TOKENS 2748 
NUM_CORPUS_DOCS 100 
TERMS_PER_QUERY 2 
TOKENS_PER_TERM 1 
NUM_TEST_QUERIES 30 
MAX_LOAD_FACTOR .01 
MIN_LOAD_FACTOR .001 
MIN_BLOCK_SIZE 2000 
MAX_BLOCK_SIZE 6000 
MIN_BINOMIAL .075 
MAX_BINOMIAL .2 
FP_RATE 0.001 
LOCATION_UNCERTAINTY 256 
SECRETS secret 
TYPES bsib psib psip 
RECALL_PRECISION 1 
MINDIST 1 
BM25 1 
BSIB_PSIB_TRIALS 10 
OBFUSCATIONS 0 
JUNK_FRACTION 0 
FREQ_ERROR 0 
TOP_K 100 
 
ID set1\100_52600_256_2_1_0_0.001\3 
NUM_UNIQUE_CORPUS_TOKENS 10000 
NUM_DOC_TOKENS 52600 
NUM_UNIQUE_DOC_TOKENS 2748 
NUM_CORPUS_DOCS 100 
TERMS_PER_QUERY 2 
TOKENS_PER_TERM 1 
NUM_TEST_QUERIES 30 
MAX_LOAD_FACTOR .01 
MIN_LOAD_FACTOR .001 
MIN_BLOCK_SIZE 2000 
MAX_BLOCK_SIZE 6000 
MIN_BINOMIAL .075 
MAX_BINOMIAL .2 
FP_RATE 0.001 
LOCATION_UNCERTAINTY 256 
SECRETS secret 
TYPES bsib psib psip 
RECALL_PRECISION 1 
MINDIST 1 
BM25 1 
BSIB_PSIB_TRIALS 10 
OBFUSCATIONS 0 
JUNK_FRACTION 0 
FREQ_ERROR 0 
TOP_K 100 
 
ID set1\100_60100_256_2_1_0_0.001\1 
NUM_UNIQUE_CORPUS_TOKENS 10000 
NUM_DOC_TOKENS 60100 
NUM_UNIQUE_DOC_TOKENS 2940 
NUM_CORPUS_DOCS 100 
TERMS_PER_QUERY 2 
TOKENS_PER_TERM 1 
NUM_TEST_QUERIES 30 
MAX_LOAD_FACTOR .01 
MIN_LOAD_FACTOR .001 
MIN_BLOCK_SIZE 2000 
MAX_BLOCK_SIZE 6000 
MIN_BINOMIAL .075 
MAX_BINOMIAL .2 
FP_RATE 0.001 
LOCATION_UNCERTAINTY 256 
SECRETS secret 
TYPES bsib psib psip 
RECALL_PRECISION 1 
MINDIST 1 
BM25 1 
BSIB_PSIB_TRIALS 10 
OBFUSCATIONS 0 
JUNK_FRACTION 0 
FREQ_ERROR 0 
TOP_K 100 
 
ID set1\100_60100_256_2_1_0_0.001\2 
NUM_UNIQUE_CORPUS_TOKENS 10000 
NUM_DOC_TOKENS 60100 
NUM_UNIQUE_DOC_TOKENS 2940 
NUM_CORPUS_DOCS 100 
TERMS_PER_QUERY 2 
TOKENS_PER_TERM 1 
NUM_TEST_QUERIES 30 
MAX_LOAD_FACTOR .01 
MIN_LOAD_FACTOR .001 
MIN_BLOCK_SIZE 2000 
MAX_BLOCK_SIZE 6000 
MIN_BINOMIAL .075 
MAX_BINOMIAL .2 
FP_RATE 0.001 
LOCATION_UNCERTAINTY 256 
SECRETS secret 
TYPES bsib psib psip 
RECALL_PRECISION 1 
MINDIST 1 
BM25 1 
BSIB_PSIB_TRIALS 10 
OBFUSCATIONS 0 
JUNK_FRACTION 0 
FREQ_ERROR 0 
TOP_K 100 
 
ID set1\100_60100_256_2_1_0_0.001\3 
NUM_UNIQUE_CORPUS_TOKENS 10000 
NUM_DOC_TOKENS 60100 
NUM_UNIQUE_DOC_TOKENS 2940 
NUM_CORPUS_DOCS 100 
TERMS_PER_QUERY 2 
TOKENS_PER_TERM 1 
NUM_TEST_QUERIES 30 
MAX_LOAD_FACTOR .01 
MIN_LOAD_FACTOR .001 
MIN_BLOCK_SIZE 2000 
MAX_BLOCK_SIZE 6000 
MIN_BINOMIAL .075 
MAX_BINOMIAL .2 
FP_RATE 0.001 
LOCATION_UNCERTAINTY 256 
SECRETS secret 
TYPES bsib psib psip 
RECALL_PRECISION 1 
MINDIST 1 
BM25 1 
BSIB_PSIB_TRIALS 10 
OBFUSCATIONS 0 
JUNK_FRACTION 0 
FREQ_ERROR 0 
TOP_K 100 
 
ID set1\100_67600_256_2_1_0_0.001\1 
NUM_UNIQUE_CORPUS_TOKENS 10000 
NUM_DOC_TOKENS 67600 
NUM_UNIQUE_DOC_TOKENS 3120 
NUM_CORPUS_DOCS 100 
TERMS_PER_QUERY 2 
TOKENS_PER_TERM 1 
NUM_TEST_QUERIES 30 
MAX_LOAD_FACTOR .01 
MIN_LOAD_FACTOR .001 
MIN_BLOCK_SIZE 2000 
MAX_BLOCK_SIZE 6000 
MIN_BINOMIAL .075 
MAX_BINOMIAL .2 
FP_RATE 0.001 
LOCATION_UNCERTAINTY 256 
SECRETS secret 
TYPES bsib psib psip 
RECALL_PRECISION 1 
MINDIST 1 
BM25 1 
BSIB_PSIB_TRIALS 10 
OBFUSCATIONS 0 
JUNK_FRACTION 0 
FREQ_ERROR 0 
TOP_K 100 
 
ID set1\100_67600_256_2_1_0_0.001\2 
NUM_UNIQUE_CORPUS_TOKENS 10000 
NUM_DOC_TOKENS 67600 
NUM_UNIQUE_DOC_TOKENS 3120 
NUM_CORPUS_DOCS 100 
TERMS_PER_QUERY 2 
TOKENS_PER_TERM 1 
NUM_TEST_QUERIES 30 
MAX_LOAD_FACTOR .01 
MIN_LOAD_FACTOR .001 
MIN_BLOCK_SIZE 2000 
MAX_BLOCK_SIZE 6000 
MIN_BINOMIAL .075 
MAX_BINOMIAL .2 
FP_RATE 0.001 
LOCATION_UNCERTAINTY 256 
SECRETS secret 
TYPES bsib psib psip 
RECALL_PRECISION 1 
MINDIST 1 
BM25 1 
BSIB_PSIB_TRIALS 10 
OBFUSCATIONS 0 
JUNK_FRACTION 0 
FREQ_ERROR 0 
TOP_K 100 
 
ID set1\100_67600_256_2_1_0_0.001\3 
NUM_UNIQUE_CORPUS_TOKENS 10000 
NUM_DOC_TOKENS 67600 
NUM_UNIQUE_DOC_TOKENS 3120 
NUM_CORPUS_DOCS 100 
TERMS_PER_QUERY 2 
TOKENS_PER_TERM 1 
NUM_TEST_QUERIES 30 
MAX_LOAD_FACTOR .01 
MIN_LOAD_FACTOR .001 
MIN_BLOCK_SIZE 2000 
MAX_BLOCK_SIZE 6000 
MIN_BINOMIAL .075 
MAX_BINOMIAL .2 
FP_RATE 0.001 
LOCATION_UNCERTAINTY 256 
SECRETS secret 
TYPES bsib psib psip 
RECALL_PRECISION 1 
MINDIST 1 
BM25 1 
BSIB_PSIB_TRIALS 10 
OBFUSCATIONS 0 
JUNK_FRACTION 0 
FREQ_ERROR 0 
TOP_K 100 
 
ID set1\100_75100_256_2_1_0_0.001\1 
NUM_UNIQUE_CORPUS_TOKENS 10000 
NUM_DOC_TOKENS 75100 
NUM_UNIQUE_DOC_TOKENS 3288 
NUM_CORPUS_DOCS 100 
TERMS_PER_QUERY 2 
TOKENS_PER_TERM 1 
NUM_TEST_QUERIES 30 
MAX_LOAD_FACTOR .01 
MIN_LOAD_FACTOR .001 
MIN_BLOCK_SIZE 2000 
MAX_BLOCK_SIZE 6000 
MIN_BINOMIAL .075 
MAX_BINOMIAL .2 
FP_RATE 0.001 
LOCATION_UNCERTAINTY 256 
SECRETS secret 
TYPES bsib psib psip 
RECALL_PRECISION 1 
MINDIST 1 
BM25 1 
BSIB_PSIB_TRIALS 10 
OBFUSCATIONS 0 
JUNK_FRACTION 0 
FREQ_ERROR 0 
TOP_K 100 
 
ID set1\100_75100_256_2_1_0_0.001\2 
NUM_UNIQUE_CORPUS_TOKENS 10000 
NUM_DOC_TOKENS 75100 
NUM_UNIQUE_DOC_TOKENS 3288 
NUM_CORPUS_DOCS 100 
TERMS_PER_QUERY 2 
TOKENS_PER_TERM 1 
NUM_TEST_QUERIES 30 
MAX_LOAD_FACTOR .01 
MIN_LOAD_FACTOR .001 
MIN_BLOCK_SIZE 2000 
MAX_BLOCK_SIZE 6000 
MIN_BINOMIAL .075 
MAX_BINOMIAL .2 
FP_RATE 0.001 
LOCATION_UNCERTAINTY 256 
SECRETS secret 
TYPES bsib psib psip 
RECALL_PRECISION 1 
MINDIST 1 
BM25 1 
BSIB_PSIB_TRIALS 10 
OBFUSCATIONS 0 
JUNK_FRACTION 0 
FREQ_ERROR 0 
TOP_K 100 
 
ID set1\100_75100_256_2_1_0_0.001\3 
NUM_UNIQUE_CORPUS_TOKENS 10000 
NUM_DOC_TOKENS 75100 
NUM_UNIQUE_DOC_TOKENS 3288 
NUM_CORPUS_DOCS 100 
TERMS_PER_QUERY 2 
TOKENS_PER_TERM 1 
NUM_TEST_QUERIES 30 
MAX_LOAD_FACTOR .01 
MIN_LOAD_FACTOR .001 
MIN_BLOCK_SIZE 2000 
MAX_BLOCK_SIZE 6000 
MIN_BINOMIAL .075 
MAX_BINOMIAL .2 
FP_RATE 0.001 
LOCATION_UNCERTAINTY 256 
SECRETS secret 
TYPES bsib psib psip 
RECALL_PRECISION 1 
MINDIST 1 
BM25 1 
BSIB_PSIB_TRIALS 10 
OBFUSCATIONS 0 
JUNK_FRACTION 0 
FREQ_ERROR 0 
TOP_K 100 
 
ID \100_500_256_2_1_0_0.001\1 
NUM_UNIQUE_CORPUS_TOKENS 10000 
NUM_DOC_TOKENS 500 
NUM_UNIQUE_DOC_TOKENS 264 
NUM_CORPUS_DOCS 100 
TERMS_PER_QUERY 2 
TOKENS_PER_TERM 1 
NUM_TEST_QUERIES 30 
MAX_LOAD_FACTOR .01 
MIN_LOAD_FACTOR .001 
MIN_BLOCK_SIZE 2000 
MAX_BLOCK_SIZE 6000 
MIN_BINOMIAL .075 
MAX_BINOMIAL .2 
FP_RATE 0.001 
LOCATION_UNCERTAINTY 256 
SECRETS secret 
TYPES bsib psib psip 
RECALL_PRECISION 1 
MINDIST 1 
BM25 1 
BSIB_PSIB_TRIALS 10 
OBFUSCATIONS 0 
JUNK_FRACTION 0 
FREQ_ERROR 0 
TOP_K 100 
 
ID \100_500_256_2_1_0_0.001\2 
NUM_UNIQUE_CORPUS_TOKENS 10000 
NUM_DOC_TOKENS 500 
NUM_UNIQUE_DOC_TOKENS 264 
NUM_CORPUS_DOCS 100 
TERMS_PER_QUERY 2 
TOKENS_PER_TERM 1 
NUM_TEST_QUERIES 30 
MAX_LOAD_FACTOR .01 
MIN_LOAD_FACTOR .001 
MIN_BLOCK_SIZE 2000 
MAX_BLOCK_SIZE 6000 
MIN_BINOMIAL .075 
MAX_BINOMIAL .2 
FP_RATE 0.001 
LOCATION_UNCERTAINTY 256 
SECRETS secret 
TYPES bsib psib psip 
RECALL_PRECISION 1 
MINDIST 1 
BM25 1 
BSIB_PSIB_TRIALS 10 
OBFUSCATIONS 0 
JUNK_FRACTION 0 
FREQ_ERROR 0 
TOP_K 100 
 
ID \100_500_256_2_1_0_0.001\3 
NUM_UNIQUE_CORPUS_TOKENS 10000 
NUM_DOC_TOKENS 500 
NUM_UNIQUE_DOC_TOKENS 264 
NUM_CORPUS_DOCS 100 
TERMS_PER_QUERY 2 
TOKENS_PER_TERM 1 
NUM_TEST_QUERIES 30 
MAX_LOAD_FACTOR .01 
MIN_LOAD_FACTOR .001 
MIN_BLOCK_SIZE 2000 
MAX_BLOCK_SIZE 6000 
MIN_BINOMIAL .075 
MAX_BINOMIAL .2 
FP_RATE 0.001 
LOCATION_UNCERTAINTY 256 
SECRETS secret 
TYPES bsib psib psip 
RECALL_PRECISION 1 
MINDIST 1 
BM25 1 
BSIB_PSIB_TRIALS 10 
OBFUSCATIONS 0 
JUNK_FRACTION 0 
FREQ_ERROR 0 
TOP_K 100 
 
ID \100_1000_256_2_1_0_0.001\1 
NUM_UNIQUE_CORPUS_TOKENS 10000 
NUM_DOC_TOKENS 1000 
NUM_UNIQUE_DOC_TOKENS 384 
NUM_CORPUS_DOCS 100 
TERMS_PER_QUERY 2 
TOKENS_PER_TERM 1 
NUM_TEST_QUERIES 30 
MAX_LOAD_FACTOR .01 
MIN_LOAD_FACTOR .001 
MIN_BLOCK_SIZE 2000 
MAX_BLOCK_SIZE 6000 
MIN_BINOMIAL .075 
MAX_BINOMIAL .2 
FP_RATE 0.001 
LOCATION_UNCERTAINTY 256 
SECRETS secret 
TYPES bsib psib psip 
RECALL_PRECISION 1 
MINDIST 1 
BM25 1 
BSIB_PSIB_TRIALS 10 
OBFUSCATIONS 0 
JUNK_FRACTION 0 
FREQ_ERROR 0 
TOP_K 100 
 
ID \100_1000_256_2_1_0_0.001\2 
NUM_UNIQUE_CORPUS_TOKENS 10000 
NUM_DOC_TOKENS 1000 
NUM_UNIQUE_DOC_TOKENS 384 
NUM_CORPUS_DOCS 100 
TERMS_PER_QUERY 2 
TOKENS_PER_TERM 1 
NUM_TEST_QUERIES 30 
MAX_LOAD_FACTOR .01 
MIN_LOAD_FACTOR .001 
MIN_BLOCK_SIZE 2000 
MAX_BLOCK_SIZE 6000 
MIN_BINOMIAL .075 
MAX_BINOMIAL .2 
FP_RATE 0.001 
LOCATION_UNCERTAINTY 256 
SECRETS secret 
TYPES bsib psib psip 
RECALL_PRECISION 1 
MINDIST 1 
BM25 1 
BSIB_PSIB_TRIALS 10 
OBFUSCATIONS 0 
JUNK_FRACTION 0 
FREQ_ERROR 0 
TOP_K 100 
 
ID \100_1000_256_2_1_0_0.001\3 
NUM_UNIQUE_CORPUS_TOKENS 10000 
NUM_DOC_TOKENS 1000 
NUM_UNIQUE_DOC_TOKENS 384 
NUM_CORPUS_DOCS 100 
TERMS_PER_QUERY 2 
TOKENS_PER_TERM 1 
NUM_TEST_QUERIES 30 
MAX_LOAD_FACTOR .01 
MIN_LOAD_FACTOR .001 
MIN_BLOCK_SIZE 2000 
MAX_BLOCK_SIZE 6000 
MIN_BINOMIAL .075 
MAX_BINOMIAL .2 
FP_RATE 0.001 
LOCATION_UNCERTAINTY 256 
SECRETS secret 
TYPES bsib psib psip 
RECALL_PRECISION 1 
MINDIST 1 
BM25 1 
BSIB_PSIB_TRIALS 10 
OBFUSCATIONS 0 
JUNK_FRACTION 0 
FREQ_ERROR 0 
TOP_K 100 
 
ID \100_1500_256_2_1_0_0.001\1 
NUM_UNIQUE_CORPUS_TOKENS 10000 
NUM_DOC_TOKENS 1500 
NUM_UNIQUE_DOC_TOKENS 468 
NUM_CORPUS_DOCS 100 
TERMS_PER_QUERY 2 
TOKENS_PER_TERM 1 
NUM_TEST_QUERIES 30 
MAX_LOAD_FACTOR .01 
MIN_LOAD_FACTOR .001 
MIN_BLOCK_SIZE 2000 
MAX_BLOCK_SIZE 6000 
MIN_BINOMIAL .075 
MAX_BINOMIAL .2 
FP_RATE 0.001 
LOCATION_UNCERTAINTY 256 
SECRETS secret 
TYPES bsib psib psip 
RECALL_PRECISION 1 
MINDIST 1 
BM25 1 
BSIB_PSIB_TRIALS 10 
OBFUSCATIONS 0 
JUNK_FRACTION 0 
FREQ_ERROR 0 
TOP_K 100 
 
ID \100_1500_256_2_1_0_0.001\2 
NUM_UNIQUE_CORPUS_TOKENS 10000 
NUM_DOC_TOKENS 1500 
NUM_UNIQUE_DOC_TOKENS 468 
NUM_CORPUS_DOCS 100 
TERMS_PER_QUERY 2 
TOKENS_PER_TERM 1 
NUM_TEST_QUERIES 30 
MAX_LOAD_FACTOR .01 
MIN_LOAD_FACTOR .001 
MIN_BLOCK_SIZE 2000 
MAX_BLOCK_SIZE 6000 
MIN_BINOMIAL .075 
MAX_BINOMIAL .2 
FP_RATE 0.001 
LOCATION_UNCERTAINTY 256 
SECRETS secret 
TYPES bsib psib psip 
RECALL_PRECISION 1 
MINDIST 1 
BM25 1 
BSIB_PSIB_TRIALS 10 
OBFUSCATIONS 0 
JUNK_FRACTION 0 
FREQ_ERROR 0 
TOP_K 100 
 
ID \100_1500_256_2_1_0_0.001\3 
NUM_UNIQUE_CORPUS_TOKENS 10000 
NUM_DOC_TOKENS 1500 
NUM_UNIQUE_DOC_TOKENS 468 
NUM_CORPUS_DOCS 100 
TERMS_PER_QUERY 2 
TOKENS_PER_TERM 1 
NUM_TEST_QUERIES 30 
MAX_LOAD_FACTOR .01 
MIN_LOAD_FACTOR .001 
MIN_BLOCK_SIZE 2000 
MAX_BLOCK_SIZE 6000 
MIN_BINOMIAL .075 
MAX_BINOMIAL .2 
FP_RATE 0.001 
LOCATION_UNCERTAINTY 256 
SECRETS secret 
TYPES bsib psib psip 
RECALL_PRECISION 1 
MINDIST 1 
BM25 1 
BSIB_PSIB_TRIALS 10 
OBFUSCATIONS 0 
JUNK_FRACTION 0 
FREQ_ERROR 0 
TOP_K 100 
 
ID \100_2000_256_2_1_0_0.001\1 
NUM_UNIQUE_CORPUS_TOKENS 10000 
NUM_DOC_TOKENS 2000 
NUM_UNIQUE_DOC_TOKENS 540 
NUM_CORPUS_DOCS 100 
TERMS_PER_QUERY 2 
TOKENS_PER_TERM 1 
NUM_TEST_QUERIES 30 
MAX_LOAD_FACTOR .01 
MIN_LOAD_FACTOR .001 
MIN_BLOCK_SIZE 2000 
MAX_BLOCK_SIZE 6000 
MIN_BINOMIAL .075 
MAX_BINOMIAL .2 
FP_RATE 0.001 
LOCATION_UNCERTAINTY 256 
SECRETS secret 
TYPES bsib psib psip 
RECALL_PRECISION 1 
MINDIST 1 
BM25 1 
BSIB_PSIB_TRIALS 10 
OBFUSCATIONS 0 
JUNK_FRACTION 0 
FREQ_ERROR 0 
TOP_K 100 
 
ID \100_2000_256_2_1_0_0.001\2 
NUM_UNIQUE_CORPUS_TOKENS 10000 
NUM_DOC_TOKENS 2000 
NUM_UNIQUE_DOC_TOKENS 540 
NUM_CORPUS_DOCS 100 
TERMS_PER_QUERY 2 
TOKENS_PER_TERM 1 
NUM_TEST_QUERIES 30 
MAX_LOAD_FACTOR .01 
MIN_LOAD_FACTOR .001 
MIN_BLOCK_SIZE 2000 
MAX_BLOCK_SIZE 6000 
MIN_BINOMIAL .075 
MAX_BINOMIAL .2 
FP_RATE 0.001 
LOCATION_UNCERTAINTY 256 
SECRETS secret 
TYPES bsib psib psip 
RECALL_PRECISION 1 
MINDIST 1 
BM25 1 
BSIB_PSIB_TRIALS 10 
OBFUSCATIONS 0 
JUNK_FRACTION 0 
FREQ_ERROR 0 
TOP_K 100 
 
ID \100_2000_256_2_1_0_0.001\3 
NUM_UNIQUE_CORPUS_TOKENS 10000 
NUM_DOC_TOKENS 2000 
NUM_UNIQUE_DOC_TOKENS 540 
NUM_CORPUS_DOCS 100 
TERMS_PER_QUERY 2 
TOKENS_PER_TERM 1 
NUM_TEST_QUERIES 30 
MAX_LOAD_FACTOR .01 
MIN_LOAD_FACTOR .001 
MIN_BLOCK_SIZE 2000 
MAX_BLOCK_SIZE 6000 
MIN_BINOMIAL .075 
MAX_BINOMIAL .2 
FP_RATE 0.001 
LOCATION_UNCERTAINTY 256 
SECRETS secret 
TYPES bsib psib psip 
RECALL_PRECISION 1 
MINDIST 1 
BM25 1 
BSIB_PSIB_TRIALS 10 
OBFUSCATIONS 0 
JUNK_FRACTION 0 
FREQ_ERROR 0 
TOP_K 100 
 
ID \100_2500_256_2_1_0_0.001\1 
NUM_UNIQUE_CORPUS_TOKENS 10000 
NUM_DOC_TOKENS 2500 
NUM_UNIQUE_DOC_TOKENS 600 
NUM_CORPUS_DOCS 100 
TERMS_PER_QUERY 2 
TOKENS_PER_TERM 1 
NUM_TEST_QUERIES 30 
MAX_LOAD_FACTOR .01 
MIN_LOAD_FACTOR .001 
MIN_BLOCK_SIZE 2000 
MAX_BLOCK_SIZE 6000 
MIN_BINOMIAL .075 
MAX_BINOMIAL .2 
FP_RATE 0.001 
LOCATION_UNCERTAINTY 256 
SECRETS secret 
TYPES bsib psib psip 
RECALL_PRECISION 1 
MINDIST 1 
BM25 1 
BSIB_PSIB_TRIALS 10 
OBFUSCATIONS 0 
JUNK_FRACTION 0 
FREQ_ERROR 0 
TOP_K 100 
 
ID \100_2500_256_2_1_0_0.001\2 
NUM_UNIQUE_CORPUS_TOKENS 10000 
NUM_DOC_TOKENS 2500 
NUM_UNIQUE_DOC_TOKENS 600 
NUM_CORPUS_DOCS 100 
TERMS_PER_QUERY 2 
TOKENS_PER_TERM 1 
NUM_TEST_QUERIES 30 
MAX_LOAD_FACTOR .01 
MIN_LOAD_FACTOR .001 
MIN_BLOCK_SIZE 2000 
MAX_BLOCK_SIZE 6000 
MIN_BINOMIAL .075 
MAX_BINOMIAL .2 
FP_RATE 0.001 
LOCATION_UNCERTAINTY 256 
SECRETS secret 
TYPES bsib psib psip 
RECALL_PRECISION 1 
MINDIST 1 
BM25 1 
BSIB_PSIB_TRIALS 10 
OBFUSCATIONS 0 
JUNK_FRACTION 0 
FREQ_ERROR 0 
TOP_K 100 
 
ID \100_2500_256_2_1_0_0.001\3 
NUM_UNIQUE_CORPUS_TOKENS 10000 
NUM_DOC_TOKENS 2500 
NUM_UNIQUE_DOC_TOKENS 600 
NUM_CORPUS_DOCS 100 
TERMS_PER_QUERY 2 
TOKENS_PER_TERM 1 
NUM_TEST_QUERIES 30 
MAX_LOAD_FACTOR .01 
MIN_LOAD_FACTOR .001 
MIN_BLOCK_SIZE 2000 
MAX_BLOCK_SIZE 6000 
MIN_BINOMIAL .075 
MAX_BINOMIAL .2 
FP_RATE 0.001 
LOCATION_UNCERTAINTY 256 
SECRETS secret 
TYPES bsib psib psip 
RECALL_PRECISION 1 
MINDIST 1 
BM25 1 
BSIB_PSIB_TRIALS 10 
OBFUSCATIONS 0 
JUNK_FRACTION 0 
FREQ_ERROR 0 
TOP_K 100 
 
ID \100_3000_256_2_1_0_0.001\1 
NUM_UNIQUE_CORPUS_TOKENS 10000 
NUM_DOC_TOKENS 3000 
NUM_UNIQUE_DOC_TOKENS 660 
NUM_CORPUS_DOCS 100 
TERMS_PER_QUERY 2 
TOKENS_PER_TERM 1 
NUM_TEST_QUERIES 30 
MAX_LOAD_FACTOR .01 
MIN_LOAD_FACTOR .001 
MIN_BLOCK_SIZE 2000 
MAX_BLOCK_SIZE 6000 
MIN_BINOMIAL .075 
MAX_BINOMIAL .2 
FP_RATE 0.001 
LOCATION_UNCERTAINTY 256 
SECRETS secret 
TYPES bsib psib psip 
RECALL_PRECISION 1 
MINDIST 1 
BM25 1 
BSIB_PSIB_TRIALS 10 
OBFUSCATIONS 0 
JUNK_FRACTION 0 
FREQ_ERROR 0 
TOP_K 100 
 
ID \100_3000_256_2_1_0_0.001\2 
NUM_UNIQUE_CORPUS_TOKENS 10000 
NUM_DOC_TOKENS 3000 
NUM_UNIQUE_DOC_TOKENS 660 
NUM_CORPUS_DOCS 100 
TERMS_PER_QUERY 2 
TOKENS_PER_TERM 1 
NUM_TEST_QUERIES 30 
MAX_LOAD_FACTOR .01 
MIN_LOAD_FACTOR .001 
MIN_BLOCK_SIZE 2000 
MAX_BLOCK_SIZE 6000 
MIN_BINOMIAL .075 
MAX_BINOMIAL .2 
FP_RATE 0.001 
LOCATION_UNCERTAINTY 256 
SECRETS secret 
TYPES bsib psib psip 
RECALL_PRECISION 1 
MINDIST 1 
BM25 1 
BSIB_PSIB_TRIALS 10 
OBFUSCATIONS 0 
JUNK_FRACTION 0 
FREQ_ERROR 0 
TOP_K 100 
 
ID \100_3000_256_2_1_0_0.001\3 
NUM_UNIQUE_CORPUS_TOKENS 10000 
NUM_DOC_TOKENS 3000 
NUM_UNIQUE_DOC_TOKENS 660 
NUM_CORPUS_DOCS 100 
TERMS_PER_QUERY 2 
TOKENS_PER_TERM 1 
NUM_TEST_QUERIES 30 
MAX_LOAD_FACTOR .01 
MIN_LOAD_FACTOR .001 
MIN_BLOCK_SIZE 2000 
MAX_BLOCK_SIZE 6000 
MIN_BINOMIAL .075 
MAX_BINOMIAL .2 
FP_RATE 0.001 
LOCATION_UNCERTAINTY 256 
SECRETS secret 
TYPES bsib psib psip 
RECALL_PRECISION 1 
MINDIST 1 
BM25 1 
BSIB_PSIB_TRIALS 10 
OBFUSCATIONS 0 
JUNK_FRACTION 0 
FREQ_ERROR 0 
TOP_K 100 
 
ID \100_3500_256_2_1_0_0.001\1 
NUM_UNIQUE_CORPUS_TOKENS 10000 
NUM_DOC_TOKENS 3500 
NUM_UNIQUE_DOC_TOKENS 708 
NUM_CORPUS_DOCS 100 
TERMS_PER_QUERY 2 
TOKENS_PER_TERM 1 
NUM_TEST_QUERIES 30 
MAX_LOAD_FACTOR .01 
MIN_LOAD_FACTOR .001 
MIN_BLOCK_SIZE 2000 
MAX_BLOCK_SIZE 6000 
MIN_BINOMIAL .075 
MAX_BINOMIAL .2 
FP_RATE 0.001 
LOCATION_UNCERTAINTY 256 
SECRETS secret 
TYPES bsib psib psip 
RECALL_PRECISION 1 
MINDIST 1 
BM25 1 
BSIB_PSIB_TRIALS 10 
OBFUSCATIONS 0 
JUNK_FRACTION 0 
FREQ_ERROR 0 
TOP_K 100 
 
ID \100_3500_256_2_1_0_0.001\2 
NUM_UNIQUE_CORPUS_TOKENS 10000 
NUM_DOC_TOKENS 3500 
NUM_UNIQUE_DOC_TOKENS 708 
NUM_CORPUS_DOCS 100 
TERMS_PER_QUERY 2 
TOKENS_PER_TERM 1 
NUM_TEST_QUERIES 30 
MAX_LOAD_FACTOR .01 
MIN_LOAD_FACTOR .001 
MIN_BLOCK_SIZE 2000 
MAX_BLOCK_SIZE 6000 
MIN_BINOMIAL .075 
MAX_BINOMIAL .2 
FP_RATE 0.001 
LOCATION_UNCERTAINTY 256 
SECRETS secret 
TYPES bsib psib psip 
RECALL_PRECISION 1 
MINDIST 1 
BM25 1 
BSIB_PSIB_TRIALS 10 
OBFUSCATIONS 0 
JUNK_FRACTION 0 
FREQ_ERROR 0 
TOP_K 100 
 
ID \100_3500_256_2_1_0_0.001\3 
NUM_UNIQUE_CORPUS_TOKENS 10000 
NUM_DOC_TOKENS 3500 
NUM_UNIQUE_DOC_TOKENS 708 
NUM_CORPUS_DOCS 100 
TERMS_PER_QUERY 2 
TOKENS_PER_TERM 1 
NUM_TEST_QUERIES 30 
MAX_LOAD_FACTOR .01 
MIN_LOAD_FACTOR .001 
MIN_BLOCK_SIZE 2000 
MAX_BLOCK_SIZE 6000 
MIN_BINOMIAL .075 
MAX_BINOMIAL .2 
FP_RATE 0.001 
LOCATION_UNCERTAINTY 256 
SECRETS secret 
TYPES bsib psib psip 
RECALL_PRECISION 1 
MINDIST 1 
BM25 1 
BSIB_PSIB_TRIALS 10 
OBFUSCATIONS 0 
JUNK_FRACTION 0 
FREQ_ERROR 0 
TOP_K 100 
 
ID \100_4000_256_2_1_0_0.001\1 
NUM_UNIQUE_CORPUS_TOKENS 10000 
NUM_DOC_TOKENS 4000 
NUM_UNIQUE_DOC_TOKENS 756 
NUM_CORPUS_DOCS 100 
TERMS_PER_QUERY 2 
TOKENS_PER_TERM 1 
NUM_TEST_QUERIES 30 
MAX_LOAD_FACTOR .01 
MIN_LOAD_FACTOR .001 
MIN_BLOCK_SIZE 2000 
MAX_BLOCK_SIZE 6000 
MIN_BINOMIAL .075 
MAX_BINOMIAL .2 
FP_RATE 0.001 
LOCATION_UNCERTAINTY 256 
SECRETS secret 
TYPES bsib psib psip 
RECALL_PRECISION 1 
MINDIST 1 
BM25 1 
BSIB_PSIB_TRIALS 10 
OBFUSCATIONS 0 
JUNK_FRACTION 0 
FREQ_ERROR 0 
TOP_K 100 
 
ID \100_4000_256_2_1_0_0.001\2 
NUM_UNIQUE_CORPUS_TOKENS 10000 
NUM_DOC_TOKENS 4000 
NUM_UNIQUE_DOC_TOKENS 756 
NUM_CORPUS_DOCS 100 
TERMS_PER_QUERY 2 
TOKENS_PER_TERM 1 
NUM_TEST_QUERIES 30 
MAX_LOAD_FACTOR .01 
MIN_LOAD_FACTOR .001 
MIN_BLOCK_SIZE 2000 
MAX_BLOCK_SIZE 6000 
MIN_BINOMIAL .075 
MAX_BINOMIAL .2 
FP_RATE 0.001 
LOCATION_UNCERTAINTY 256 
SECRETS secret 
TYPES bsib psib psip 
RECALL_PRECISION 1 
MINDIST 1 
BM25 1 
BSIB_PSIB_TRIALS 10 
OBFUSCATIONS 0 
JUNK_FRACTION 0 
FREQ_ERROR 0 
TOP_K 100 
 
ID \100_4000_256_2_1_0_0.001\3 
NUM_UNIQUE_CORPUS_TOKENS 10000 
NUM_DOC_TOKENS 4000 
NUM_UNIQUE_DOC_TOKENS 756 
NUM_CORPUS_DOCS 100 
TERMS_PER_QUERY 2 
TOKENS_PER_TERM 1 
NUM_TEST_QUERIES 30 
MAX_LOAD_FACTOR .01 
MIN_LOAD_FACTOR .001 
MIN_BLOCK_SIZE 2000 
MAX_BLOCK_SIZE 6000 
MIN_BINOMIAL .075 
MAX_BINOMIAL .2 
FP_RATE 0.001 
LOCATION_UNCERTAINTY 256 
SECRETS secret 
TYPES bsib psib psip 
RECALL_PRECISION 1 
MINDIST 1 
BM25 1 
BSIB_PSIB_TRIALS 10 
OBFUSCATIONS 0 
JUNK_FRACTION 0 
FREQ_ERROR 0 
TOP_K 100 
 
ID \100_4500_256_2_1_0_0.001\1 
NUM_UNIQUE_CORPUS_TOKENS 10000 
NUM_DOC_TOKENS 4500 
NUM_UNIQUE_DOC_TOKENS 804 
NUM_CORPUS_DOCS 100 
TERMS_PER_QUERY 2 
TOKENS_PER_TERM 1 
NUM_TEST_QUERIES 30 
MAX_LOAD_FACTOR .01 
MIN_LOAD_FACTOR .001 
MIN_BLOCK_SIZE 2000 
MAX_BLOCK_SIZE 6000 
MIN_BINOMIAL .075 
MAX_BINOMIAL .2 
FP_RATE 0.001 
LOCATION_UNCERTAINTY 256 
SECRETS secret 
TYPES bsib psib psip 
RECALL_PRECISION 1 
MINDIST 1 
BM25 1 
BSIB_PSIB_TRIALS 10 
OBFUSCATIONS 0 
JUNK_FRACTION 0 
FREQ_ERROR 0 
TOP_K 100 
 
ID \100_4500_256_2_1_0_0.001\2 
NUM_UNIQUE_CORPUS_TOKENS 10000 
NUM_DOC_TOKENS 4500 
NUM_UNIQUE_DOC_TOKENS 804 
NUM_CORPUS_DOCS 100 
TERMS_PER_QUERY 2 
TOKENS_PER_TERM 1 
NUM_TEST_QUERIES 30 
MAX_LOAD_FACTOR .01 
MIN_LOAD_FACTOR .001 
MIN_BLOCK_SIZE 2000 
MAX_BLOCK_SIZE 6000 
MIN_BINOMIAL .075 
MAX_BINOMIAL .2 
FP_RATE 0.001 
LOCATION_UNCERTAINTY 256 
SECRETS secret 
TYPES bsib psib psip 
RECALL_PRECISION 1 
MINDIST 1 
BM25 1 
BSIB_PSIB_TRIALS 10 
OBFUSCATIONS 0 
JUNK_FRACTION 0 
FREQ_ERROR 0 
TOP_K 100 
 
ID \100_4500_256_2_1_0_0.001\3 
NUM_UNIQUE_CORPUS_TOKENS 10000 
NUM_DOC_TOKENS 4500 
NUM_UNIQUE_DOC_TOKENS 804 
NUM_CORPUS_DOCS 100 
TERMS_PER_QUERY 2 
TOKENS_PER_TERM 1 
NUM_TEST_QUERIES 30 
MAX_LOAD_FACTOR .01 
MIN_LOAD_FACTOR .001 
MIN_BLOCK_SIZE 2000 
MAX_BLOCK_SIZE 6000 
MIN_BINOMIAL .075 
MAX_BINOMIAL .2 
FP_RATE 0.001 
LOCATION_UNCERTAINTY 256 
SECRETS secret 
TYPES bsib psib psip 
RECALL_PRECISION 1 
MINDIST 1 
BM25 1 
BSIB_PSIB_TRIALS 10 
OBFUSCATIONS 0 
JUNK_FRACTION 0 
FREQ_ERROR 0 
TOP_K 100 
 
ID \100_5000_256_2_1_0_0.001\1 
NUM_UNIQUE_CORPUS_TOKENS 10000 
NUM_DOC_TOKENS 5000 
NUM_UNIQUE_DOC_TOKENS 852 
NUM_CORPUS_DOCS 100 
TERMS_PER_QUERY 2 
TOKENS_PER_TERM 1 
NUM_TEST_QUERIES 30 
MAX_LOAD_FACTOR .01 
MIN_LOAD_FACTOR .001 
MIN_BLOCK_SIZE 2000 
MAX_BLOCK_SIZE 6000 
MIN_BINOMIAL .075 
MAX_BINOMIAL .2 
FP_RATE 0.001 
LOCATION_UNCERTAINTY 256 
SECRETS secret 
TYPES bsib psib psip 
RECALL_PRECISION 1 
MINDIST 1 
BM25 1 
BSIB_PSIB_TRIALS 10 
OBFUSCATIONS 0 
JUNK_FRACTION 0 
FREQ_ERROR 0 
TOP_K 100 
 
ID \100_5000_256_2_1_0_0.001\2 
NUM_UNIQUE_CORPUS_TOKENS 10000 
NUM_DOC_TOKENS 5000 
NUM_UNIQUE_DOC_TOKENS 852 
NUM_CORPUS_DOCS 100 
TERMS_PER_QUERY 2 
TOKENS_PER_TERM 1 
NUM_TEST_QUERIES 30 
MAX_LOAD_FACTOR .01 
MIN_LOAD_FACTOR .001 
MIN_BLOCK_SIZE 2000 
MAX_BLOCK_SIZE 6000 
MIN_BINOMIAL .075 
MAX_BINOMIAL .2 
FP_RATE 0.001 
LOCATION_UNCERTAINTY 256 
SECRETS secret 
TYPES bsib psib psip 
RECALL_PRECISION 1 
MINDIST 1 
BM25 1 
BSIB_PSIB_TRIALS 10 
OBFUSCATIONS 0 
JUNK_FRACTION 0 
FREQ_ERROR 0 
TOP_K 100 
 
ID \100_5000_256_2_1_0_0.001\3 
NUM_UNIQUE_CORPUS_TOKENS 10000 
NUM_DOC_TOKENS 5000 
NUM_UNIQUE_DOC_TOKENS 852 
NUM_CORPUS_DOCS 100 
TERMS_PER_QUERY 2 
TOKENS_PER_TERM 1 
NUM_TEST_QUERIES 30 
MAX_LOAD_FACTOR .01 
MIN_LOAD_FACTOR .001 
MIN_BLOCK_SIZE 2000 
MAX_BLOCK_SIZE 6000 
MIN_BINOMIAL .075 
MAX_BINOMIAL .2 
FP_RATE 0.001 
LOCATION_UNCERTAINTY 256 
SECRETS secret 
TYPES bsib psib psip 
RECALL_PRECISION 1 
MINDIST 1 
BM25 1 
BSIB_PSIB_TRIALS 10 
OBFUSCATIONS 0 
JUNK_FRACTION 0 
FREQ_ERROR 0 
TOP_K 100 
 
ID \100_5500_256_2_1_0_0.001\1 
NUM_UNIQUE_CORPUS_TOKENS 10000 
NUM_DOC_TOKENS 5500 
NUM_UNIQUE_DOC_TOKENS 888 
NUM_CORPUS_DOCS 100 
TERMS_PER_QUERY 2 
TOKENS_PER_TERM 1 
NUM_TEST_QUERIES 30 
MAX_LOAD_FACTOR .01 
MIN_LOAD_FACTOR .001 
MIN_BLOCK_SIZE 2000 
MAX_BLOCK_SIZE 6000 
MIN_BINOMIAL .075 
MAX_BINOMIAL .2 
FP_RATE 0.001 
LOCATION_UNCERTAINTY 256 
SECRETS secret 
TYPES bsib psib psip 
RECALL_PRECISION 1 
MINDIST 1 
BM25 1 
BSIB_PSIB_TRIALS 10 
OBFUSCATIONS 0 
JUNK_FRACTION 0 
FREQ_ERROR 0 
TOP_K 100 
 
ID \100_5500_256_2_1_0_0.001\2 
NUM_UNIQUE_CORPUS_TOKENS 10000 
NUM_DOC_TOKENS 5500 
NUM_UNIQUE_DOC_TOKENS 888 
NUM_CORPUS_DOCS 100 
TERMS_PER_QUERY 2 
TOKENS_PER_TERM 1 
NUM_TEST_QUERIES 30 
MAX_LOAD_FACTOR .01 
MIN_LOAD_FACTOR .001 
MIN_BLOCK_SIZE 2000 
MAX_BLOCK_SIZE 6000 
MIN_BINOMIAL .075 
MAX_BINOMIAL .2 
FP_RATE 0.001 
LOCATION_UNCERTAINTY 256 
SECRETS secret 
TYPES bsib psib psip 
RECALL_PRECISION 1 
MINDIST 1 
BM25 1 
BSIB_PSIB_TRIALS 10 
OBFUSCATIONS 0 
JUNK_FRACTION 0 
FREQ_ERROR 0 
TOP_K 100 
 
ID \100_5500_256_2_1_0_0.001\3 
NUM_UNIQUE_CORPUS_TOKENS 10000 
NUM_DOC_TOKENS 5500 
NUM_UNIQUE_DOC_TOKENS 888 
NUM_CORPUS_DOCS 100 
TERMS_PER_QUERY 2 
TOKENS_PER_TERM 1 
NUM_TEST_QUERIES 30 
MAX_LOAD_FACTOR .01 
MIN_LOAD_FACTOR .001 
MIN_BLOCK_SIZE 2000 
MAX_BLOCK_SIZE 6000 
MIN_BINOMIAL .075 
MAX_BINOMIAL .2 
FP_RATE 0.001 
LOCATION_UNCERTAINTY 256 
SECRETS secret 
TYPES bsib psib psip 
RECALL_PRECISION 1 
MINDIST 1 
BM25 1 
BSIB_PSIB_TRIALS 10 
OBFUSCATIONS 0 
JUNK_FRACTION 0 
FREQ_ERROR 0 
TOP_K 100 
 
ID \100_6000_256_2_1_0_0.001\1 
NUM_UNIQUE_CORPUS_TOKENS 10000 
NUM_DOC_TOKENS 6000 
NUM_UNIQUE_DOC_TOKENS 924 
NUM_CORPUS_DOCS 100 
TERMS_PER_QUERY 2 
TOKENS_PER_TERM 1 
NUM_TEST_QUERIES 30 
MAX_LOAD_FACTOR .01 
MIN_LOAD_FACTOR .001 
MIN_BLOCK_SIZE 2000 
MAX_BLOCK_SIZE 6000 
MIN_BINOMIAL .075 
MAX_BINOMIAL .2 
FP_RATE 0.001 
LOCATION_UNCERTAINTY 256 
SECRETS secret 
TYPES bsib psib psip 
RECALL_PRECISION 1 
MINDIST 1 
BM25 1 
BSIB_PSIB_TRIALS 10 
OBFUSCATIONS 0 
JUNK_FRACTION 0 
FREQ_ERROR 0 
TOP_K 100 
 
ID \100_6000_256_2_1_0_0.001\2 
NUM_UNIQUE_CORPUS_TOKENS 10000 
NUM_DOC_TOKENS 6000 
NUM_UNIQUE_DOC_TOKENS 924 
NUM_CORPUS_DOCS 100 
TERMS_PER_QUERY 2 
TOKENS_PER_TERM 1 
NUM_TEST_QUERIES 30 
MAX_LOAD_FACTOR .01 
MIN_LOAD_FACTOR .001 
MIN_BLOCK_SIZE 2000 
MAX_BLOCK_SIZE 6000 
MIN_BINOMIAL .075 
MAX_BINOMIAL .2 
FP_RATE 0.001 
LOCATION_UNCERTAINTY 256 
SECRETS secret 
TYPES bsib psib psip 
RECALL_PRECISION 1 
MINDIST 1 
BM25 1 
BSIB_PSIB_TRIALS 10 
OBFUSCATIONS 0 
JUNK_FRACTION 0 
FREQ_ERROR 0 
TOP_K 100 
 
ID \100_6000_256_2_1_0_0.001\3 
NUM_UNIQUE_CORPUS_TOKENS 10000 
NUM_DOC_TOKENS 6000 
NUM_UNIQUE_DOC_TOKENS 924 
NUM_CORPUS_DOCS 100 
TERMS_PER_QUERY 2 
TOKENS_PER_TERM 1 
NUM_TEST_QUERIES 30 
MAX_LOAD_FACTOR .01 
MIN_LOAD_FACTOR .001 
MIN_BLOCK_SIZE 2000 
MAX_BLOCK_SIZE 6000 
MIN_BINOMIAL .075 
MAX_BINOMIAL .2 
FP_RATE 0.001 
LOCATION_UNCERTAINTY 256 
SECRETS secret 
TYPES bsib psib psip 
RECALL_PRECISION 1 
MINDIST 1 
BM25 1 
BSIB_PSIB_TRIALS 10 
OBFUSCATIONS 0 
JUNK_FRACTION 0 
FREQ_ERROR 0 
TOP_K 100 
 
ID \100_6500_256_2_1_0_0.001\1 
NUM_UNIQUE_CORPUS_TOKENS 10000 
NUM_DOC_TOKENS 6500 
NUM_UNIQUE_DOC_TOKENS 972 
NUM_CORPUS_DOCS 100 
TERMS_PER_QUERY 2 
TOKENS_PER_TERM 1 
NUM_TEST_QUERIES 30 
MAX_LOAD_FACTOR .01 
MIN_LOAD_FACTOR .001 
MIN_BLOCK_SIZE 2000 
MAX_BLOCK_SIZE 6000 
MIN_BINOMIAL .075 
MAX_BINOMIAL .2 
FP_RATE 0.001 
LOCATION_UNCERTAINTY 256 
SECRETS secret 
TYPES bsib psib psip 
RECALL_PRECISION 1 
MINDIST 1 
BM25 1 
BSIB_PSIB_TRIALS 10 
OBFUSCATIONS 0 
JUNK_FRACTION 0 
FREQ_ERROR 0 
TOP_K 100 
 
ID \100_6500_256_2_1_0_0.001\2 
NUM_UNIQUE_CORPUS_TOKENS 10000 
NUM_DOC_TOKENS 6500 
NUM_UNIQUE_DOC_TOKENS 972 
NUM_CORPUS_DOCS 100 
TERMS_PER_QUERY 2 
TOKENS_PER_TERM 1 
NUM_TEST_QUERIES 30 
MAX_LOAD_FACTOR .01 
MIN_LOAD_FACTOR .001 
MIN_BLOCK_SIZE 2000 
MAX_BLOCK_SIZE 6000 
MIN_BINOMIAL .075 
MAX_BINOMIAL .2 
FP_RATE 0.001 
LOCATION_UNCERTAINTY 256 
SECRETS secret 
TYPES bsib psib psip 
RECALL_PRECISION 1 
MINDIST 1 
BM25 1 
BSIB_PSIB_TRIALS 10 
OBFUSCATIONS 0 
JUNK_FRACTION 0 
FREQ_ERROR 0 
TOP_K 100 
 
ID \100_6500_256_2_1_0_0.001\3 
NUM_UNIQUE_CORPUS_TOKENS 10000 
NUM_DOC_TOKENS 6500 
NUM_UNIQUE_DOC_TOKENS 972 
NUM_CORPUS_DOCS 100 
TERMS_PER_QUERY 2 
TOKENS_PER_TERM 1 
NUM_TEST_QUERIES 30 
MAX_LOAD_FACTOR .01 
MIN_LOAD_FACTOR .001 
MIN_BLOCK_SIZE 2000 
MAX_BLOCK_SIZE 6000 
MIN_BINOMIAL .075 
MAX_BINOMIAL .2 
FP_RATE 0.001 
LOCATION_UNCERTAINTY 256 
SECRETS secret 
TYPES bsib psib psip 
RECALL_PRECISION 1 
MINDIST 1 
BM25 1 
BSIB_PSIB_TRIALS 10 
OBFUSCATIONS 0 
JUNK_FRACTION 0 
FREQ_ERROR 0 
TOP_K 100 
 
ID \100_7000_256_2_1_0_0.001\1 
NUM_UNIQUE_CORPUS_TOKENS 10000 
NUM_DOC_TOKENS 7000 
NUM_UNIQUE_DOC_TOKENS 1008 
NUM_CORPUS_DOCS 100 
TERMS_PER_QUERY 2 
TOKENS_PER_TERM 1 
NUM_TEST_QUERIES 30 
MAX_LOAD_FACTOR .01 
MIN_LOAD_FACTOR .001 
MIN_BLOCK_SIZE 2000 
MAX_BLOCK_SIZE 6000 
MIN_BINOMIAL .075 
MAX_BINOMIAL .2 
FP_RATE 0.001 
LOCATION_UNCERTAINTY 256 
SECRETS secret 
TYPES bsib psib psip 
RECALL_PRECISION 1 
MINDIST 1 
BM25 1 
BSIB_PSIB_TRIALS 10 
OBFUSCATIONS 0 
JUNK_FRACTION 0 
FREQ_ERROR 0 
TOP_K 100 
 
ID \100_7000_256_2_1_0_0.001\2 
NUM_UNIQUE_CORPUS_TOKENS 10000 
NUM_DOC_TOKENS 7000 
NUM_UNIQUE_DOC_TOKENS 1008 
NUM_CORPUS_DOCS 100 
TERMS_PER_QUERY 2 
TOKENS_PER_TERM 1 
NUM_TEST_QUERIES 30 
MAX_LOAD_FACTOR .01 
MIN_LOAD_FACTOR .001 
MIN_BLOCK_SIZE 2000 
MAX_BLOCK_SIZE 6000 
MIN_BINOMIAL .075 
MAX_BINOMIAL .2 
FP_RATE 0.001 
LOCATION_UNCERTAINTY 256 
SECRETS secret 
TYPES bsib psib psip 
RECALL_PRECISION 1 
MINDIST 1 
BM25 1 
BSIB_PSIB_TRIALS 10 
OBFUSCATIONS 0 
JUNK_FRACTION 0 
FREQ_ERROR 0 
TOP_K 100 
 
ID \100_7000_256_2_1_0_0.001\3 
NUM_UNIQUE_CORPUS_TOKENS 10000 
NUM_DOC_TOKENS 7000 
NUM_UNIQUE_DOC_TOKENS 1008 
NUM_CORPUS_DOCS 100 
TERMS_PER_QUERY 2 
TOKENS_PER_TERM 1 
NUM_TEST_QUERIES 30 
MAX_LOAD_FACTOR .01 
MIN_LOAD_FACTOR .001 
MIN_BLOCK_SIZE 2000 
MAX_BLOCK_SIZE 6000 
MIN_BINOMIAL .075 
MAX_BINOMIAL .2 
FP_RATE 0.001 
LOCATION_UNCERTAINTY 256 
SECRETS secret 
TYPES bsib psib psip 
RECALL_PRECISION 1 
MINDIST 1 
BM25 1 
BSIB_PSIB_TRIALS 10 
OBFUSCATIONS 0 
JUNK_FRACTION 0 
FREQ_ERROR 0 
TOP_K 100 
 
ID \100_8000_256_2_1_0_0.001\1 
NUM_UNIQUE_CORPUS_TOKENS 10000 
NUM_DOC_TOKENS 8000 
NUM_UNIQUE_DOC_TOKENS 1068 
NUM_CORPUS_DOCS 100 
TERMS_PER_QUERY 2 
TOKENS_PER_TERM 1 
NUM_TEST_QUERIES 30 
MAX_LOAD_FACTOR .01 
MIN_LOAD_FACTOR .001 
MIN_BLOCK_SIZE 2000 
MAX_BLOCK_SIZE 6000 
MIN_BINOMIAL .075 
MAX_BINOMIAL .2 
FP_RATE 0.001 
LOCATION_UNCERTAINTY 256 
SECRETS secret 
TYPES bsib psib psip 
RECALL_PRECISION 1 
MINDIST 1 
BM25 1 
BSIB_PSIB_TRIALS 10 
OBFUSCATIONS 0 
JUNK_FRACTION 0 
FREQ_ERROR 0 
TOP_K 100 
 
ID \100_8000_256_2_1_0_0.001\2 
NUM_UNIQUE_CORPUS_TOKENS 10000 
NUM_DOC_TOKENS 8000 
NUM_UNIQUE_DOC_TOKENS 1068 
NUM_CORPUS_DOCS 100 
TERMS_PER_QUERY 2 
TOKENS_PER_TERM 1 
NUM_TEST_QUERIES 30 
MAX_LOAD_FACTOR .01 
MIN_LOAD_FACTOR .001 
MIN_BLOCK_SIZE 2000 
MAX_BLOCK_SIZE 6000 
MIN_BINOMIAL .075 
MAX_BINOMIAL .2 
FP_RATE 0.001 
LOCATION_UNCERTAINTY 256 
SECRETS secret 
TYPES bsib psib psip 
RECALL_PRECISION 1 
MINDIST 1 
BM25 1 
BSIB_PSIB_TRIALS 10 
OBFUSCATIONS 0 
JUNK_FRACTION 0 
FREQ_ERROR 0 
TOP_K 100 
 
ID \100_8000_256_2_1_0_0.001\3 
NUM_UNIQUE_CORPUS_TOKENS 10000 
NUM_DOC_TOKENS 8000 
NUM_UNIQUE_DOC_TOKENS 1068 
NUM_CORPUS_DOCS 100 
TERMS_PER_QUERY 2 
TOKENS_PER_TERM 1 
NUM_TEST_QUERIES 30 
MAX_LOAD_FACTOR .01 
MIN_LOAD_FACTOR .001 
MIN_BLOCK_SIZE 2000 
MAX_BLOCK_SIZE 6000 
MIN_BINOMIAL .075 
MAX_BINOMIAL .2 
FP_RATE 0.001 
LOCATION_UNCERTAINTY 256 
SECRETS secret 
TYPES bsib psib psip 
RECALL_PRECISION 1 
MINDIST 1 
BM25 1 
BSIB_PSIB_TRIALS 10 
OBFUSCATIONS 0 
JUNK_FRACTION 0 
FREQ_ERROR 0 
TOP_K 100 
 
ID \100_10000_256_2_1_0_0.001\1 
NUM_UNIQUE_CORPUS_TOKENS 10000 
NUM_DOC_TOKENS 10000 
NUM_UNIQUE_DOC_TOKENS 1200 
NUM_CORPUS_DOCS 100 
TERMS_PER_QUERY 2 
TOKENS_PER_TERM 1 
NUM_TEST_QUERIES 30 
MAX_LOAD_FACTOR .01 
MIN_LOAD_FACTOR .001 
MIN_BLOCK_SIZE 2000 
MAX_BLOCK_SIZE 6000 
MIN_BINOMIAL .075 
MAX_BINOMIAL .2 
FP_RATE 0.001 
LOCATION_UNCERTAINTY 256 
SECRETS secret 
TYPES bsib psib psip 
RECALL_PRECISION 1 
MINDIST 1 
BM25 1 
BSIB_PSIB_TRIALS 10 
OBFUSCATIONS 0 
JUNK_FRACTION 0 
FREQ_ERROR 0 
TOP_K 100 
 
ID \100_10000_256_2_1_0_0.001\2 
NUM_UNIQUE_CORPUS_TOKENS 10000 
NUM_DOC_TOKENS 10000 
NUM_UNIQUE_DOC_TOKENS 1200 
NUM_CORPUS_DOCS 100 
TERMS_PER_QUERY 2 
TOKENS_PER_TERM 1 
NUM_TEST_QUERIES 30 
MAX_LOAD_FACTOR .01 
MIN_LOAD_FACTOR .001 
MIN_BLOCK_SIZE 2000 
MAX_BLOCK_SIZE 6000 
MIN_BINOMIAL .075 
MAX_BINOMIAL .2 
FP_RATE 0.001 
LOCATION_UNCERTAINTY 256 
SECRETS secret 
TYPES bsib psib psip 
RECALL_PRECISION 1 
MINDIST 1 
BM25 1 
BSIB_PSIB_TRIALS 10 
OBFUSCATIONS 0 
JUNK_FRACTION 0 
FREQ_ERROR 0 
TOP_K 100 
 
ID \100_10000_256_2_1_0_0.001\3 
NUM_UNIQUE_CORPUS_TOKENS 10000 
NUM_DOC_TOKENS 10000 
NUM_UNIQUE_DOC_TOKENS 1200 
NUM_CORPUS_DOCS 100 
TERMS_PER_QUERY 2 
TOKENS_PER_TERM 1 
NUM_TEST_QUERIES 30 
MAX_LOAD_FACTOR .01 
MIN_LOAD_FACTOR .001 
MIN_BLOCK_SIZE 2000 
MAX_BLOCK_SIZE 6000 
MIN_BINOMIAL .075 
MAX_BINOMIAL .2 
FP_RATE 0.001 
LOCATION_UNCERTAINTY 256 
SECRETS secret 
TYPES bsib psib psip 
RECALL_PRECISION 1 
MINDIST 1 
BM25 1 
BSIB_PSIB_TRIALS 10 
OBFUSCATIONS 0 
JUNK_FRACTION 0 
FREQ_ERROR 0 
TOP_K 100 
 
ID \100_12000_256_2_1_0_0.001\1 
NUM_UNIQUE_CORPUS_TOKENS 10000 
NUM_DOC_TOKENS 12000 
NUM_UNIQUE_DOC_TOKENS 1320 
NUM_CORPUS_DOCS 100 
TERMS_PER_QUERY 2 
TOKENS_PER_TERM 1 
NUM_TEST_QUERIES 30 
MAX_LOAD_FACTOR .01 
MIN_LOAD_FACTOR .001 
MIN_BLOCK_SIZE 2000 
MAX_BLOCK_SIZE 6000 
MIN_BINOMIAL .075 
MAX_BINOMIAL .2 
FP_RATE 0.001 
LOCATION_UNCERTAINTY 256 
SECRETS secret 
TYPES bsib psib psip 
RECALL_PRECISION 1 
MINDIST 1 
BM25 1 
BSIB_PSIB_TRIALS 10 
OBFUSCATIONS 0 
JUNK_FRACTION 0 
FREQ_ERROR 0 
TOP_K 100 
 
ID \100_12000_256_2_1_0_0.001\2 
NUM_UNIQUE_CORPUS_TOKENS 10000 
NUM_DOC_TOKENS 12000 
NUM_UNIQUE_DOC_TOKENS 1320 
NUM_CORPUS_DOCS 100 
TERMS_PER_QUERY 2 
TOKENS_PER_TERM 1 
NUM_TEST_QUERIES 30 
MAX_LOAD_FACTOR .01 
MIN_LOAD_FACTOR .001 
MIN_BLOCK_SIZE 2000 
MAX_BLOCK_SIZE 6000 
MIN_BINOMIAL .075 
MAX_BINOMIAL .2 
FP_RATE 0.001 
LOCATION_UNCERTAINTY 256 
SECRETS secret 
TYPES bsib psib psip 
RECALL_PRECISION 1 
MINDIST 1 
BM25 1 
BSIB_PSIB_TRIALS 10 
OBFUSCATIONS 0 
JUNK_FRACTION 0 
FREQ_ERROR 0 
TOP_K 100 
 
ID \100_12000_256_2_1_0_0.001\3 
NUM_UNIQUE_CORPUS_TOKENS 10000 
NUM_DOC_TOKENS 12000 
NUM_UNIQUE_DOC_TOKENS 1320 
NUM_CORPUS_DOCS 100 
TERMS_PER_QUERY 2 
TOKENS_PER_TERM 1 
NUM_TEST_QUERIES 30 
MAX_LOAD_FACTOR .01 
MIN_LOAD_FACTOR .001 
MIN_BLOCK_SIZE 2000 
MAX_BLOCK_SIZE 6000 
MIN_BINOMIAL .075 
MAX_BINOMIAL .2 
FP_RATE 0.001 
LOCATION_UNCERTAINTY 256 
SECRETS secret 
TYPES bsib psib psip 
RECALL_PRECISION 1 
MINDIST 1 
BM25 1 
BSIB_PSIB_TRIALS 10 
OBFUSCATIONS 0 
JUNK_FRACTION 0 
FREQ_ERROR 0 
TOP_K 100 
 
ID \100_14000_256_2_1_0_0.001\1 
NUM_UNIQUE_CORPUS_TOKENS 10000 
NUM_DOC_TOKENS 14000 
NUM_UNIQUE_DOC_TOKENS 1416 
NUM_CORPUS_DOCS 100 
TERMS_PER_QUERY 2 
TOKENS_PER_TERM 1 
NUM_TEST_QUERIES 30 
MAX_LOAD_FACTOR .01 
MIN_LOAD_FACTOR .001 
MIN_BLOCK_SIZE 2000 
MAX_BLOCK_SIZE 6000 
MIN_BINOMIAL .075 
MAX_BINOMIAL .2 
FP_RATE 0.001 
LOCATION_UNCERTAINTY 256 
SECRETS secret 
TYPES bsib psib psip 
RECALL_PRECISION 1 
MINDIST 1 
BM25 1 
BSIB_PSIB_TRIALS 10 
OBFUSCATIONS 0 
JUNK_FRACTION 0 
FREQ_ERROR 0 
TOP_K 100 
 
ID \100_14000_256_2_1_0_0.001\2 
NUM_UNIQUE_CORPUS_TOKENS 10000 
NUM_DOC_TOKENS 14000 
NUM_UNIQUE_DOC_TOKENS 1416 
NUM_CORPUS_DOCS 100 
TERMS_PER_QUERY 2 
TOKENS_PER_TERM 1 
NUM_TEST_QUERIES 30 
MAX_LOAD_FACTOR .01 
MIN_LOAD_FACTOR .001 
MIN_BLOCK_SIZE 2000 
MAX_BLOCK_SIZE 6000 
MIN_BINOMIAL .075 
MAX_BINOMIAL .2 
FP_RATE 0.001 
LOCATION_UNCERTAINTY 256 
SECRETS secret 
TYPES bsib psib psip 
RECALL_PRECISION 1 
MINDIST 1 
BM25 1 
BSIB_PSIB_TRIALS 10 
OBFUSCATIONS 0 
JUNK_FRACTION 0 
FREQ_ERROR 0 
TOP_K 100 
 
ID \100_14000_256_2_1_0_0.001\3 
NUM_UNIQUE_CORPUS_TOKENS 10000 
NUM_DOC_TOKENS 14000 
NUM_UNIQUE_DOC_TOKENS 1416 
NUM_CORPUS_DOCS 100 
TERMS_PER_QUERY 2 
TOKENS_PER_TERM 1 
NUM_TEST_QUERIES 30 
MAX_LOAD_FACTOR .01 
MIN_LOAD_FACTOR .001 
MIN_BLOCK_SIZE 2000 
MAX_BLOCK_SIZE 6000 
MIN_BINOMIAL .075 
MAX_BINOMIAL .2 
FP_RATE 0.001 
LOCATION_UNCERTAINTY 256 
SECRETS secret 
TYPES bsib psib psip 
RECALL_PRECISION 1 
MINDIST 1 
BM25 1 
BSIB_PSIB_TRIALS 10 
OBFUSCATIONS 0 
JUNK_FRACTION 0 
FREQ_ERROR 0 
TOP_K 100 
 
