label 
corpus_size 1115607
false_positive_rate 0.001
location_uncertainty 256
junk_fraction 0
freq_error 0
stemming 0
stop_words 0
secrets 1
	secret
canonical
	 index_size	771395
	 build_time	351
	    indexed	100
	       path	\100_1500_256_2_1_0_0.001\1\corpus_indexed\canonical
	  load_time	91
bsib
	 index_size	533431
	 build_time	1560
	    indexed	99
	       path	\100_1500_256_2_1_0_0.001\1\corpus_indexed\bsib
	  load_time	65
psib
	 index_size	294844
	 build_time	1084
	    indexed	100
	       path	\100_1500_256_2_1_0_0.001\1\corpus_indexed\psib
	  load_time	24
psip
	 index_size	900905
	 build_time	1373
	    indexed	100
	       path	\100_1500_256_2_1_0_0.001\1\corpus_indexed\psip
	  load_time	94
