label 
corpus_size 393200
false_positive_rate 0.001
location_uncertainty 256
junk_fraction 0
freq_error 0
stemming 0
stop_words 0
secrets 1
	secret
canonical
	 index_size	272137
	 build_time	288
	    indexed	100
	       path	\100_500_256_2_1_0_0.001\2\corpus_indexed\canonical
	  load_time	47
bsib
	 index_size	148150
	 build_time	798
	    indexed	100
	       path	\100_500_256_2_1_0_0.001\2\corpus_indexed\bsib
	  load_time	35
psib
	 index_size	96136
	 build_time	561
	    indexed	100
	       path	\100_500_256_2_1_0_0.001\2\corpus_indexed\psib
	  load_time	24
psip
	 index_size	306041
	 build_time	758
	    indexed	100
	       path	\100_500_256_2_1_0_0.001\2\corpus_indexed\psip
	  load_time	47
