label 
corpus_size 52706744
false_positive_rate 0.001
location_uncertainty 256
junk_fraction 0
freq_error 0
stemming 0
stop_words 0
secrets 1
	secret
canonical
	 index_size	35176459
	 build_time	6564
	    indexed	100
	       path	set1\100_60100_256_2_1_0_0.001\1\corpus_indexed\canonical
	  load_time	3032
bsib
	 index_size	36764134
	 build_time	57726
	    indexed	100
	       path	set1\100_60100_256_2_1_0_0.001\1\corpus_indexed\bsib
	  load_time	2892
psib
	 index_size	113010250
	 build_time	30325
	    indexed	100
	       path	set1\100_60100_256_2_1_0_0.001\1\corpus_indexed\psib
	  load_time	197
psip
	 index_size	41953479
	 build_time	33326
	    indexed	100
	       path	set1\100_60100_256_2_1_0_0.001\1\corpus_indexed\psip
	  load_time	3422
