label 
corpus_size 737458
false_positive_rate 0.001
location_uncertainty 25
junk_fraction 0
freq_error 0
stemming 0
stop_words 0
secrets 1
	secret
canonical
	 index_size	567964
	 build_time	3759
	    indexed	1000
	       path	small\1000_100_25_6_1_0_0.001\15\corpus_indexed\canonical
	  load_time	390
psib
	 index_size	386779
	 build_time	5943
	    indexed	1000
	       path	small\1000_100_25_6_1_0_0.001\15\corpus_indexed\psib
	  load_time	296
psip
	 index_size	643368
	 build_time	6879
	    indexed	1000
	       path	small\1000_100_25_6_1_0_0.001\15\corpus_indexed\psip
	  load_time	358
bsib
	 index_size	647262
	 build_time	7737
	    indexed	1000
	       path	small\1000_100_25_6_1_0_0.001\15\corpus_indexed\bsib
	  load_time	358
psim
	 index_size	1458127
	 build_time	15636
	    indexed	1000
	       path	small\1000_100_25_6_1_0_0.001\15\corpus_indexed\psim
	  load_time	308
