label 
corpus_size 700394
false_positive_rate 0.001
location_uncertainty 25
junk_fraction 0
freq_error 0
stemming 0
stop_words 0
secrets 1
	secret
canonical
	 index_size	546165
	 build_time	3652
	    indexed	1000
	       path	small\1000_100_25_3_1_0_0.001\4\corpus_indexed\canonical
	  load_time	368
psib
	 index_size	375088
	 build_time	5599
	    indexed	1000
	       path	small\1000_100_25_3_1_0_0.001\4\corpus_indexed\psib
	  load_time	310
psip
	 index_size	628642
	 build_time	8039
	    indexed	1000
	       path	small\1000_100_25_3_1_0_0.001\4\corpus_indexed\psip
	  load_time	356
bsib
	 index_size	639398
	 build_time	8225
	    indexed	1000
	       path	small\1000_100_25_3_1_0_0.001\4\corpus_indexed\bsib
	  load_time	374
psim
	 index_size	1278542
	 build_time	15248
	    indexed	1000
	       path	small\1000_100_25_3_1_0_0.001\4\corpus_indexed\psim
	  load_time	309
