label 
corpus_size 6771554
false_positive_rate 0.001
location_uncertainty 256
junk_fraction 0
freq_error 0
stemming 0
stop_words 0
secrets 1
	secret
canonical
	 index_size	3788695
	 build_time	1061
	    indexed	100
	       path	\100_8000_256_2_1_0_0.001\2\corpus_indexed\canonical
	  load_time	363
bsib
	 index_size	3747425
	 build_time	7201
	    indexed	100
	       path	\100_8000_256_2_1_0_0.001\2\corpus_indexed\bsib
	  load_time	311
psib
	 index_size	3104880
	 build_time	4299
	    indexed	100
	       path	\100_8000_256_2_1_0_0.001\2\corpus_indexed\psib
	  load_time	30
psip
	 index_size	4596798
	 build_time	5037
	    indexed	100
	       path	\100_8000_256_2_1_0_0.001\2\corpus_indexed\psip
	  load_time	385
