label 
corpus_size 766247
false_positive_rate 0.001
location_uncertainty 25
junk_fraction 0
freq_error 0
stemming 0
stop_words 0
secrets 1
	secret
canonical
	 index_size	566593
	 build_time	3463
	    indexed	1000
	       path	small\1000_100_25_4_1_0_0.001\9\corpus_indexed\canonical
	  load_time	374
psib
	 index_size	379291
	 build_time	5522
	    indexed	1000
	       path	small\1000_100_25_4_1_0_0.001\9\corpus_indexed\psib
	  load_time	312
psip
	 index_size	634158
	 build_time	8408
	    indexed	1000
	       path	small\1000_100_25_4_1_0_0.001\9\corpus_indexed\psip
	  load_time	358
bsib
	 index_size	641942
	 build_time	8720
	    indexed	1000
	       path	small\1000_100_25_4_1_0_0.001\9\corpus_indexed\bsib
	  load_time	343
psim
	 index_size	1350655
	 build_time	15597
	    indexed	1000
	       path	small\1000_100_25_4_1_0_0.001\9\corpus_indexed\psim
	  load_time	315
