label 
corpus_size 784735
false_positive_rate 0.001
location_uncertainty 25
junk_fraction 0
freq_error 0
stemming 0
stop_words 0
secrets 1
	secret
canonical
	 index_size	590952
	 build_time	3520
	    indexed	1000
	       path	small\1000_100_25_8_1_0_0.001\10\corpus_indexed\canonical
	  load_time	388
psib
	 index_size	392019
	 build_time	5613
	    indexed	1000
	       path	small\1000_100_25_8_1_0_0.001\10\corpus_indexed\psib
	  load_time	312
psip
	 index_size	649986
	 build_time	7463
	    indexed	1000
	       path	small\1000_100_25_8_1_0_0.001\10\corpus_indexed\psip
	  load_time	361
bsib
	 index_size	650352
	 build_time	9395
	    indexed	1000
	       path	small\1000_100_25_8_1_0_0.001\10\corpus_indexed\bsib
	  load_time	358
psim
	 index_size	1592460
	 build_time	15393
	    indexed	1000
	       path	small\1000_100_25_8_1_0_0.001\10\corpus_indexed\psim
	  load_time	317
