label 
corpus_size 48471674
false_positive_rate 0.001
location_uncertainty 256
junk_fraction 0
freq_error 0
stemming 0
stop_words 0
secrets 1
	secret
canonical
	 index_size	35179245
	 build_time	6406
	    indexed	100
	       path	set1\100_60100_256_2_1_0_0.001\2\corpus_indexed\canonical
	  load_time	3113
bsib
	 index_size	36780906
	 build_time	57382
	    indexed	100
	       path	set1\100_60100_256_2_1_0_0.001\2\corpus_indexed\bsib
	  load_time	2857
psib
	 index_size	113225314
	 build_time	29971
	    indexed	100
	       path	set1\100_60100_256_2_1_0_0.001\2\corpus_indexed\psib
	  load_time	202
psip
	 index_size	41970512
	 build_time	33205
	    indexed	100
	       path	set1\100_60100_256_2_1_0_0.001\2\corpus_indexed\psip
	  load_time	3362
