label 
corpus_size 711543
false_positive_rate 0.001
location_uncertainty 25
junk_fraction 0
freq_error 0
stemming 0
stop_words 0
secrets 1
	secret
canonical
	 index_size	572998
	 build_time	3744
	    indexed	1000
	       path	small\1000_100_25_5_1_0_0.001\7\corpus_indexed\canonical
	  load_time	358
psib
	 index_size	383447
	 build_time	5616
	    indexed	1000
	       path	small\1000_100_25_5_1_0_0.001\7\corpus_indexed\psib
	  load_time	312
psip
	 index_size	639423
	 build_time	7472
	    indexed	1000
	       path	small\1000_100_25_5_1_0_0.001\7\corpus_indexed\psip
	  load_time	343
bsib
	 index_size	644828
	 build_time	9063
	    indexed	1000
	       path	small\1000_100_25_5_1_0_0.001\7\corpus_indexed\bsib
	  load_time	343
psim
	 index_size	1414191
	 build_time	14710
	    indexed	1000
	       path	small\1000_100_25_5_1_0_0.001\7\corpus_indexed\psim
	  load_time	312
