label 
corpus_size 5938528
false_positive_rate 0.001
location_uncertainty 256
junk_fraction 0
freq_error 0
stemming 0
stop_words 0
secrets 1
	secret
canonical
	 index_size	3345049
	 build_time	828
	    indexed	100
	       path	\100_7000_256_2_1_0_0.001\3\corpus_indexed\canonical
	  load_time	340
bsib
	 index_size	3193102
	 build_time	6375
	    indexed	99
	       path	\100_7000_256_2_1_0_0.001\3\corpus_indexed\bsib
	  load_time	277
psib
	 index_size	2514396
	 build_time	3985
	    indexed	100
	       path	\100_7000_256_2_1_0_0.001\3\corpus_indexed\psib
	  load_time	28
psip
	 index_size	4041659
	 build_time	4352
	    indexed	100
	       path	\100_7000_256_2_1_0_0.001\3\corpus_indexed\psip
	  load_time	361
