label 
corpus_size 47974422
false_positive_rate 0.001
location_uncertainty 256
junk_fraction 0
freq_error 0
stemming 0
stop_words 0
secrets 1
	secret
canonical
	 index_size	30503528
	 build_time	5986
	    indexed	100
	       path	set1\100_52600_256_2_1_0_0.001\1\corpus_indexed\canonical
	  load_time	2767
bsib
	 index_size	31675495
	 build_time	50742
	    indexed	100
	       path	set1\100_52600_256_2_1_0_0.001\1\corpus_indexed\bsib
	  load_time	2518
psib
	 index_size	87912296
	 build_time	26947
	    indexed	100
	       path	set1\100_52600_256_2_1_0_0.001\1\corpus_indexed\psib
	  load_time	165
psip
	 index_size	36363742
	 build_time	29756
	    indexed	100
	       path	set1\100_52600_256_2_1_0_0.001\1\corpus_indexed\psip
	  load_time	2946
