label 
corpus_size 744280
false_positive_rate 0.001
location_uncertainty 25
junk_fraction 0
freq_error 0
stemming 0
stop_words 0
secrets 1
	secret
canonical
	 index_size	544943
	 build_time	3479
	    indexed	1000
	       path	small\1000_100_25_3_1_0_0.001\11\corpus_indexed\canonical
	  load_time	367
psib
	 index_size	378704
	 build_time	5528
	    indexed	1000
	       path	small\1000_100_25_3_1_0_0.001\11\corpus_indexed\psib
	  load_time	312
psip
	 index_size	632995
	 build_time	7722
	    indexed	1000
	       path	small\1000_100_25_3_1_0_0.001\11\corpus_indexed\psip
	  load_time	358
bsib
	 index_size	642210
	 build_time	8330
	    indexed	1000
	       path	small\1000_100_25_3_1_0_0.001\11\corpus_indexed\bsib
	  load_time	405
psim
	 index_size	1310997
	 build_time	14523
	    indexed	1000
	       path	small\1000_100_25_3_1_0_0.001\11\corpus_indexed\psim
	  load_time	296
