label 
corpus_size 707965
false_positive_rate 0.001
location_uncertainty 25
junk_fraction 0
freq_error 0
stemming 0
stop_words 0
secrets 1
	secret
canonical
	 index_size	562911
	 build_time	2979
	    indexed	1000
	       path	small\1000_100_25_6_1_0_0.001\12\corpus_indexed\canonical
	  load_time	390
psib
	 index_size	386440
	 build_time	5210
	    indexed	999
	       path	small\1000_100_25_6_1_0_0.001\12\corpus_indexed\psib
	  load_time	312
psip
	 index_size	643453
	 build_time	8564
	    indexed	1000
	       path	small\1000_100_25_6_1_0_0.001\12\corpus_indexed\psip
	  load_time	358
bsib
	 index_size	646933
	 build_time	9999
	    indexed	1000
	       path	small\1000_100_25_6_1_0_0.001\12\corpus_indexed\bsib
	  load_time	343
psim
	 index_size	1466851
	 build_time	14951
	    indexed	1000
	       path	small\1000_100_25_6_1_0_0.001\12\corpus_indexed\psim
	  load_time	306
