label 
corpus_size 785270
false_positive_rate 0.001
location_uncertainty 25
junk_fraction 0
freq_error 0
stemming 0
stop_words 0
secrets 1
	secret
canonical
	 index_size	591353
	 build_time	3426
	    indexed	1000
	       path	small\1000_100_25_7_1_0_0.001\12\corpus_indexed\canonical
	  load_time	368
psib
	 index_size	388382
	 build_time	5622
	    indexed	1000
	       path	small\1000_100_25_7_1_0_0.001\12\corpus_indexed\psib
	  load_time	307
psip
	 index_size	645378
	 build_time	9150
	    indexed	1000
	       path	small\1000_100_25_7_1_0_0.001\12\corpus_indexed\psip
	  load_time	360
bsib
	 index_size	648306
	 build_time	8126
	    indexed	1000
	       path	small\1000_100_25_7_1_0_0.001\12\corpus_indexed\bsib
	  load_time	343
psim
	 index_size	1523761
	 build_time	14976
	    indexed	1000
	       path	small\1000_100_25_7_1_0_0.001\12\corpus_indexed\psim
	  load_time	296
