label 
corpus_size 762387
false_positive_rate 0.001
location_uncertainty 25
junk_fraction 0
freq_error 0
stemming 0
stop_words 0
secrets 1
	secret
canonical
	 index_size	585280
	 build_time	3858
	    indexed	1000
	       path	small\1000_100_25_8_1_0_0.001\7\corpus_indexed\canonical
	  load_time	368
psib
	 index_size	390326
	 build_time	5490
	    indexed	1000
	       path	small\1000_100_25_8_1_0_0.001\7\corpus_indexed\psib
	  load_time	308
psip
	 index_size	648062
	 build_time	9792
	    indexed	1000
	       path	small\1000_100_25_8_1_0_0.001\7\corpus_indexed\psip
	  load_time	355
bsib
	 index_size	648455
	 build_time	8354
	    indexed	999
	       path	small\1000_100_25_8_1_0_0.001\7\corpus_indexed\bsib
	  load_time	360
psim
	 index_size	1585403
	 build_time	15304
	    indexed	1000
	       path	small\1000_100_25_8_1_0_0.001\7\corpus_indexed\psim
	  load_time	308
