label 
corpus_size 704228
false_positive_rate 0.001
location_uncertainty 25
junk_fraction 0
freq_error 0
stemming 0
stop_words 0
secrets 1
	secret
canonical
	 index_size	545902
	 build_time	3775
	    indexed	1000
	       path	small\1000_100_25_2_1_0_0.001\7\corpus_indexed\canonical
	  load_time	374
psib
	 index_size	373924
	 build_time	5661
	    indexed	1000
	       path	small\1000_100_25_2_1_0_0.001\7\corpus_indexed\psib
	  load_time	311
psip
	 index_size	626610
	 build_time	9757
	    indexed	999
	       path	small\1000_100_25_2_1_0_0.001\7\corpus_indexed\psip
	  load_time	358
bsib
	 index_size	639060
	 build_time	8436
	    indexed	1000
	       path	small\1000_100_25_2_1_0_0.001\7\corpus_indexed\bsib
	  load_time	366
psim
	 index_size	1238758
	 build_time	14476
	    indexed	1000
	       path	small\1000_100_25_2_1_0_0.001\7\corpus_indexed\psim
	  load_time	309
