label 
corpus_size 8660452
false_positive_rate 0.001
location_uncertainty 256
junk_fraction 0
freq_error 0
stemming 0
stop_words 0
secrets 1
	secret
canonical
	 index_size	4698116
	 build_time	1173
	    indexed	100
	       path	\100_10000_256_2_1_0_0.001\3\corpus_indexed\canonical
	  load_time	429
bsib
	 index_size	4837277
	 build_time	8931
	    indexed	100
	       path	\100_10000_256_2_1_0_0.001\3\corpus_indexed\bsib
	  load_time	411
psib
	 index_size	4505866
	 build_time	5280
	    indexed	100
	       path	\100_10000_256_2_1_0_0.001\3\corpus_indexed\psib
	  load_time	33
psip
	 index_size	5720730
	 build_time	6066
	    indexed	100
	       path	\100_10000_256_2_1_0_0.001\3\corpus_indexed\psip
	  load_time	487
