label 
corpus_size 2707793
false_positive_rate 0.001
location_uncertainty 256
junk_fraction 0
freq_error 0
stemming 0
stop_words 0
secrets 1
	secret
canonical
	 index_size	1498040
	 build_time	496
	    indexed	100
	       path	\100_3000_256_2_1_0_0.001\2\corpus_indexed\canonical
	  load_time	157
bsib
	 index_size	1198548
	 build_time	2730
	    indexed	99
	       path	\100_3000_256_2_1_0_0.001\2\corpus_indexed\bsib
	  load_time	118
psib
	 index_size	710476
	 build_time	2048
	    indexed	100
	       path	\100_3000_256_2_1_0_0.001\2\corpus_indexed\psib
	  load_time	25
psip
	 index_size	1769908
	 build_time	2164
	    indexed	100
	       path	\100_3000_256_2_1_0_0.001\2\corpus_indexed\psip
	  load_time	174
