label 
corpus_size 742428
false_positive_rate 0.001
location_uncertainty 25
junk_fraction 0
freq_error 0
stemming 0
stop_words 0
secrets 1
	secret
canonical
	 index_size	593630
	 build_time	3294
	    indexed	1000
	       path	small\1000_100_25_7_1_0_0.001\9\corpus_indexed\canonical
	  load_time	366
psib
	 index_size	388261
	 build_time	5693
	    indexed	1000
	       path	small\1000_100_25_7_1_0_0.001\9\corpus_indexed\psib
	  load_time	309
psip
	 index_size	645454
	 build_time	8697
	    indexed	1000
	       path	small\1000_100_25_7_1_0_0.001\9\corpus_indexed\psip
	  load_time	358
bsib
	 index_size	647512
	 build_time	9172
	    indexed	1000
	       path	small\1000_100_25_7_1_0_0.001\9\corpus_indexed\bsib
	  load_time	343
psim
	 index_size	1530752
	 build_time	14570
	    indexed	1000
	       path	small\1000_100_25_7_1_0_0.001\9\corpus_indexed\psim
	  load_time	312
