label 
corpus_size 37074036
false_positive_rate 0.001
location_uncertainty 225
junk_fraction 0
freq_error 0
stemming 0
stop_words 0
secrets 1
	secret
canonical
	 index_size	19660560
	 build_time	6044
	    indexed	1000
	       path	\1000_4000_225_3_1_0_0.001\1\corpus_indexed\canonical
	  load_time	1895
bsib
	 index_size	17470030
	 build_time	37888
	    indexed	1000
	       path	\1000_4000_225_3_1_0_0.001\1\corpus_indexed\bsib
	  load_time	1552
psib
	 index_size	11363098
	 build_time	23445
	    indexed	1000
	       path	\1000_4000_225_3_1_0_0.001\1\corpus_indexed\psib
	  load_time	245
psip
	 index_size	23377085
	 build_time	26859
	    indexed	1000
	       path	\1000_4000_225_3_1_0_0.001\1\corpus_indexed\psip
	  load_time	2030
