label 
corpus_size 3733428
false_positive_rate 0.001
location_uncertainty 256
junk_fraction 0
freq_error 0
stemming 0
stop_words 0
secrets 1
	secret
canonical
	 index_size	2196609
	 build_time	718
	    indexed	100
	       path	\100_4500_256_2_1_0_0.001\1\corpus_indexed\canonical
	  load_time	209
bsib
	 index_size	1930671
	 build_time	3985
	    indexed	100
	       path	\100_4500_256_2_1_0_0.001\1\corpus_indexed\bsib
	  load_time	172
psib
	 index_size	1265066
	 build_time	2897
	    indexed	100
	       path	\100_4500_256_2_1_0_0.001\1\corpus_indexed\psib
	  load_time	26
psip
	 index_size	2624201
	 build_time	3187
	    indexed	100
	       path	\100_4500_256_2_1_0_0.001\1\corpus_indexed\psip
	  load_time	233
