label 
corpus_size 4572373
false_positive_rate 0.001
location_uncertainty 256
junk_fraction 0
freq_error 0
stemming 0
stop_words 0
secrets 1
	secret
canonical
	 index_size	2658887
	 build_time	701
	    indexed	100
	       path	\100_5500_256_2_1_0_0.001\2\corpus_indexed\canonical
	  load_time	253
bsib
	 index_size	2433426
	 build_time	5211
	    indexed	100
	       path	\100_5500_256_2_1_0_0.001\2\corpus_indexed\bsib
	  load_time	218
psib
	 index_size	1713904
	 build_time	3090
	    indexed	100
	       path	\100_5500_256_2_1_0_0.001\2\corpus_indexed\psib
	  load_time	27
psip
	 index_size	3190638
	 build_time	3483
	    indexed	100
	       path	\100_5500_256_2_1_0_0.001\2\corpus_indexed\psip
	  load_time	276
