label 
corpus_size 719143
false_positive_rate 0.001
location_uncertainty 25
junk_fraction 0
freq_error 0
stemming 0
stop_words 0
secrets 1
	secret
canonical
	 index_size	563426
	 build_time	3800
	    indexed	1000
	       path	small\1000_100_25_5_1_0_0.001\11\corpus_indexed\canonical
	  load_time	374
psib
	 index_size	384085
	 build_time	5553
	    indexed	1000
	       path	small\1000_100_25_5_1_0_0.001\11\corpus_indexed\psib
	  load_time	312
psip
	 index_size	639855
	 build_time	7924
	    indexed	1000
	       path	small\1000_100_25_5_1_0_0.001\11\corpus_indexed\psip
	  load_time	358
bsib
	 index_size	645105
	 build_time	8252
	    indexed	1000
	       path	small\1000_100_25_5_1_0_0.001\11\corpus_indexed\bsib
	  load_time	358
psim
	 index_size	1404391
	 build_time	15210
	    indexed	1000
	       path	small\1000_100_25_5_1_0_0.001\11\corpus_indexed\psim
	  load_time	312
