label 
corpus_size 35156722
false_positive_rate 0.001
location_uncertainty 80
junk_fraction 0
freq_error 0
stemming 0
stop_words 0
secrets 1
	secret
canonical
	 index_size	19630691
	 build_time	6226
	    indexed	1000
	       path	\1000_4000_80_3_1_0_0.001\1\corpus_indexed\canonical
	  load_time	1901
bsib
	 index_size	24395040
	 build_time	43483
	    indexed	1000
	       path	\1000_4000_80_3_1_0_0.001\1\corpus_indexed\bsib
	  load_time	2005
psib
	 index_size	23326938
	 build_time	24096
	    indexed	1000
	       path	\1000_4000_80_3_1_0_0.001\1\corpus_indexed\psib
	  load_time	269
psip
	 index_size	23378294
	 build_time	26344
	    indexed	1000
	       path	\1000_4000_80_3_1_0_0.001\1\corpus_indexed\psip
	  load_time	2049
