label 
corpus_size 29982954
false_positive_rate 0.001
location_uncertainty 300
junk_fraction 0
freq_error 0
stemming 0
stop_words 0
secrets 1
	secret
canonical
	 index_size	19567184
	 build_time	5629
	    indexed	1000
	       path	\1000_4000_300_3_1_0_0.001\1\corpus_indexed\canonical
	  load_time	1898
bsib
	 index_size	16116291
	 build_time	35676
	    indexed	1000
	       path	\1000_4000_300_3_1_0_0.001\1\corpus_indexed\bsib
	  load_time	1484
psib
	 index_size	9872304
	 build_time	23482
	    indexed	1000
	       path	\1000_4000_300_3_1_0_0.001\1\corpus_indexed\psib
	  load_time	245
psip
	 index_size	23390635
	 build_time	26064
	    indexed	1000
	       path	\1000_4000_300_3_1_0_0.001\1\corpus_indexed\psip
	  load_time	2064
