label 
corpus_size 32734427
false_positive_rate 0.001
location_uncertainty 256
junk_fraction 0.3
freq_error 0
stemming 0
stop_words 0
secrets 1
	secret
canonical
	 index_size	22777422
	 build_time	6630
	    indexed	1000
	       path	junk3\1000_4000_256_1_1_0_0.001\3\corpus_indexed\canonical
	  load_time	2311
bsib
	 index_size	25403905
	 build_time	51829
	    indexed	1000
	       path	junk3\1000_4000_256_1_1_0_0.001\3\corpus_indexed\bsib
	  load_time	2255
psif
	 index_size	12791830
	 build_time	33535
	    indexed	1000
	       path	junk3\1000_4000_256_1_1_0_0.001\3\corpus_indexed\psif
	  load_time	257
psip
	 index_size	38550198
	 build_time	37141
	    indexed	1000
	       path	junk3\1000_4000_256_1_1_0_0.001\3\corpus_indexed\psip
	  load_time	3367
psib
	 index_size	22944762
	 build_time	34155
	    indexed	1000
	       path	junk3\1000_4000_256_1_1_0_0.001\3\corpus_indexed\psib
	  load_time	274
