label 
corpus_size 3357586
false_positive_rate 0.001
location_uncertainty 256
junk_fraction 0
freq_error 0
stemming 0
stop_words 0
secrets 1
	secret
canonical
	 index_size	1958892
	 build_time	573
	    indexed	100
	       path	\100_4000_256_2_1_0_0.001\2\corpus_indexed\canonical
	  load_time	192
bsib
	 index_size	1684676
	 build_time	3735
	    indexed	100
	       path	\100_4000_256_2_1_0_0.001\2\corpus_indexed\bsib
	  load_time	153
psib
	 index_size	1062175
	 build_time	2478
	    indexed	100
	       path	\100_4000_256_2_1_0_0.001\2\corpus_indexed\psib
	  load_time	26
psip
	 index_size	2338374
	 build_time	2885
	    indexed	100
	       path	\100_4000_256_2_1_0_0.001\2\corpus_indexed\psip
	  load_time	220
