label 
corpus_size 32866523
false_positive_rate 0.001
location_uncertainty 256
junk_fraction 0.2
freq_error 0.2
stemming 0
stop_words 0
secrets 1
	secret
canonical
	 index_size	22807745
	 build_time	6801
	    indexed	1000
	       path	junkfreq2\1000_4000_256_1_1_0_0.001\3\corpus_indexed\canonical
	  load_time	2308
bsib
	 index_size	23542201
	 build_time	48843
	    indexed	1000
	       path	junkfreq2\1000_4000_256_1_1_0_0.001\3\corpus_indexed\bsib
	  load_time	2090
psib
	 index_size	20309363
	 build_time	32994
	    indexed	1000
	       path	junkfreq2\1000_4000_256_1_1_0_0.001\3\corpus_indexed\psib
	  load_time	280
psip
	 index_size	34976867
	 build_time	36613
	    indexed	1000
	       path	junkfreq2\1000_4000_256_1_1_0_0.001\3\corpus_indexed\psip
	  load_time	3010
psif
	 index_size	11499723
	 build_time	32728
	    indexed	1000
	       path	junkfreq2\1000_4000_256_1_1_0_0.001\3\corpus_indexed\psif
	  load_time	265
