label 
corpus_size 11873754
false_positive_rate 0.001
location_uncertainty 256
junk_fraction 0
freq_error 0
stemming 0
stop_words 0
secrets 1
	secret
canonical
	 index_size	6981838
	 build_time	1964
	    indexed	100
	       path	set1\100_15100_256_2_1_0_0.001\2\corpus_indexed\canonical
	  load_time	641
bsib
	 index_size	7729465
	 build_time	13801
	    indexed	100
	       path	set1\100_15100_256_2_1_0_0.001\2\corpus_indexed\bsib
	  load_time	634
psib
	 index_size	8982524
	 build_time	7925
	    indexed	100
	       path	set1\100_15100_256_2_1_0_0.001\2\corpus_indexed\psib
	  load_time	41
psip
	 index_size	8562307
	 build_time	8714
	    indexed	100
	       path	set1\100_15100_256_2_1_0_0.001\2\corpus_indexed\psip
	  load_time	732
