label 
corpus_size 32775950
false_positive_rate 0.001
location_uncertainty 256
junk_fraction 0.4
freq_error 0
stemming 0
stop_words 0
secrets 1
	secret
canonical
	 index_size	22835553
	 build_time	6743
	    indexed	1000
	       path	junk4\1000_4000_256_2_1_0_0.001\1\corpus_indexed\canonical
	  load_time	2282
bsib
	 index_size	27274146
	 build_time	52844
	    indexed	1000
	       path	junk4\1000_4000_256_2_1_0_0.001\1\corpus_indexed\bsib
	  load_time	2391
psif
	 index_size	14694327
	 build_time	33212
	    indexed	1000
	       path	junk4\1000_4000_256_2_1_0_0.001\1\corpus_indexed\psif
	  load_time	260
psip
	 index_size	44693755
	 build_time	38771
	    indexed	1000
	       path	junk4\1000_4000_256_2_1_0_0.001\1\corpus_indexed\psip
	  load_time	3850
psib
	 index_size	26555866
	 build_time	34247
	    indexed	1000
	       path	junk4\1000_4000_256_2_1_0_0.001\1\corpus_indexed\psib
	  load_time	282
