label 
corpus_size 63209764
false_positive_rate 0.001
location_uncertainty 256
junk_fraction 0
freq_error 0
stemming 0
stop_words 0
secrets 1
	secret
canonical
	 index_size	39874585
	 build_time	7828
	    indexed	100
	       path	set1\100_67600_256_2_1_0_0.001\2\corpus_indexed\canonical
	  load_time	3369
bsib
	 index_size	41938258
	 build_time	65835
	    indexed	100
	       path	set1\100_67600_256_2_1_0_0.001\2\corpus_indexed\bsib
	  load_time	3285
psib
	 index_size	141696465
	 build_time	34924
	    indexed	100
	       path	set1\100_67600_256_2_1_0_0.001\2\corpus_indexed\psib
	  load_time	246
psip
	 index_size	47537254
	 build_time	37948
	    indexed	100
	       path	set1\100_67600_256_2_1_0_0.001\2\corpus_indexed\psip
	  load_time	3776
