label 
corpus_size 727449
false_positive_rate 0.001
location_uncertainty 25
junk_fraction 0
freq_error 0
stemming 0
stop_words 0
secrets 1
	secret
canonical
	 index_size	548294
	 build_time	3572
	    indexed	1000
	       path	small\1000_100_25_3_1_0_0.001\5\corpus_indexed\canonical
	  load_time	358
psib
	 index_size	377641
	 build_time	5475
	    indexed	1000
	       path	small\1000_100_25_3_1_0_0.001\5\corpus_indexed\psib
	  load_time	296
psip
	 index_size	631824
	 build_time	9235
	    indexed	1000
	       path	small\1000_100_25_3_1_0_0.001\5\corpus_indexed\psip
	  load_time	358
bsib
	 index_size	640920
	 build_time	7290
	    indexed	1000
	       path	small\1000_100_25_3_1_0_0.001\5\corpus_indexed\bsib
	  load_time	359
psim
	 index_size	1301079
	 build_time	17452
	    indexed	1000
	       path	small\1000_100_25_3_1_0_0.001\5\corpus_indexed\psim
	  load_time	327
