label 
corpus_size 715210
false_positive_rate 0.001
location_uncertainty 25
junk_fraction 0
freq_error 0
stemming 0
stop_words 0
secrets 1
	secret
canonical
	 index_size	559262
	 build_time	3291
	    indexed	1000
	       path	small\1000_100_25_5_1_0_0.001\8\corpus_indexed\canonical
	  load_time	358
psib
	 index_size	382458
	 build_time	5569
	    indexed	1000
	       path	small\1000_100_25_5_1_0_0.001\8\corpus_indexed\psib
	  load_time	296
psip
	 index_size	638139
	 build_time	7644
	    indexed	1000
	       path	small\1000_100_25_5_1_0_0.001\8\corpus_indexed\psip
	  load_time	358
bsib
	 index_size	644247
	 build_time	9032
	    indexed	1000
	       path	small\1000_100_25_5_1_0_0.001\8\corpus_indexed\bsib
	  load_time	358
psim
	 index_size	1403058
	 build_time	14227
	    indexed	1000
	       path	small\1000_100_25_5_1_0_0.001\8\corpus_indexed\psim
	  load_time	315
