label 
corpus_size 10092817
false_positive_rate 0.001
location_uncertainty 256
junk_fraction 0
freq_error 0
stemming 0
stop_words 0
secrets 1
	secret
canonical
	 index_size	5606056
	 build_time	1279
	    indexed	100
	       path	\100_12000_256_2_1_0_0.001\2\corpus_indexed\canonical
	  load_time	550
bsib
	 index_size	5896595
	 build_time	10921
	    indexed	99
	       path	\100_12000_256_2_1_0_0.001\2\corpus_indexed\bsib
	  load_time	489
psib
	 index_size	6046936
	 build_time	6232
	    indexed	100
	       path	\100_12000_256_2_1_0_0.001\2\corpus_indexed\psib
	  load_time	35
psip
	 index_size	6839028
	 build_time	7171
	    indexed	100
	       path	\100_12000_256_2_1_0_0.001\2\corpus_indexed\psip
	  load_time	567
