ID psif2\1000_1000_256_2_1_0_0.001\1 
NUM_UNIQUE_CORPUS_TOKENS 10000 
NUM_DOC_TOKENS 1000 
NUM_UNIQUE_DOC_TOKENS 384 
NUM_CORPUS_DOCS 1000 
TERMS_PER_QUERY 2 
TOKENS_PER_TERM 1 
NUM_TEST_QUERIES 30 
MAX_LOAD_FACTOR .01 
MIN_LOAD_FACTOR .001 
MIN_BLOCK_SIZE 2000 
MAX_BLOCK_SIZE 6000 
MIN_BINOMIAL .075 
MAX_BINOMIAL .2 
FP_RATE 0.001 
LOCATION_UNCERTAINTY 256 
SECRETS secret 
TYPES psif 
RECALL_PRECISION 1 
MINDIST 0 
BM25 1 
BSIB_PSIB_TRIALS 10 
OBFUSCATIONS 0 
JUNK_FRACTION 0 
FREQ_ERROR 0 
TOP_K 1000 
 
ID psif2\1000_1000_256_2_1_0_0.001\2 
NUM_UNIQUE_CORPUS_TOKENS 10000 
NUM_DOC_TOKENS 1000 
NUM_UNIQUE_DOC_TOKENS 384 
NUM_CORPUS_DOCS 1000 
TERMS_PER_QUERY 2 
TOKENS_PER_TERM 1 
NUM_TEST_QUERIES 30 
MAX_LOAD_FACTOR .01 
MIN_LOAD_FACTOR .001 
MIN_BLOCK_SIZE 2000 
MAX_BLOCK_SIZE 6000 
MIN_BINOMIAL .075 
MAX_BINOMIAL .2 
FP_RATE 0.001 
LOCATION_UNCERTAINTY 256 
SECRETS secret 
TYPES psif 
RECALL_PRECISION 1 
MINDIST 0 
BM25 1 
BSIB_PSIB_TRIALS 10 
OBFUSCATIONS 0 
JUNK_FRACTION 0 
FREQ_ERROR 0 
TOP_K 1000 
 
ID psif2\1000_1000_256_2_1_0_0.001\3 
NUM_UNIQUE_CORPUS_TOKENS 10000 
NUM_DOC_TOKENS 1000 
NUM_UNIQUE_DOC_TOKENS 384 
NUM_CORPUS_DOCS 1000 
TERMS_PER_QUERY 2 
TOKENS_PER_TERM 1 
NUM_TEST_QUERIES 30 
MAX_LOAD_FACTOR .01 
MIN_LOAD_FACTOR .001 
MIN_BLOCK_SIZE 2000 
MAX_BLOCK_SIZE 6000 
MIN_BINOMIAL .075 
MAX_BINOMIAL .2 
FP_RATE 0.001 
LOCATION_UNCERTAINTY 256 
SECRETS secret 
TYPES psif 
RECALL_PRECISION 1 
MINDIST 0 
BM25 1 
BSIB_PSIB_TRIALS 10 
OBFUSCATIONS 0 
JUNK_FRACTION 0 
FREQ_ERROR 0 
TOP_K 1000 
 
ID psif2\1000_2000_256_2_1_0_0.001\1 
NUM_UNIQUE_CORPUS_TOKENS 10000 
NUM_DOC_TOKENS 2000 
NUM_UNIQUE_DOC_TOKENS 540 
NUM_CORPUS_DOCS 1000 
TERMS_PER_QUERY 2 
TOKENS_PER_TERM 1 
NUM_TEST_QUERIES 30 
MAX_LOAD_FACTOR .01 
MIN_LOAD_FACTOR .001 
MIN_BLOCK_SIZE 2000 
MAX_BLOCK_SIZE 6000 
MIN_BINOMIAL .075 
MAX_BINOMIAL .2 
FP_RATE 0.001 
LOCATION_UNCERTAINTY 256 
SECRETS secret 
TYPES psif 
RECALL_PRECISION 1 
MINDIST 0 
BM25 1 
BSIB_PSIB_TRIALS 10 
OBFUSCATIONS 0 
JUNK_FRACTION 0 
FREQ_ERROR 0 
TOP_K 1000 
 
ID psif2\1000_2000_256_2_1_0_0.001\2 
NUM_UNIQUE_CORPUS_TOKENS 10000 
NUM_DOC_TOKENS 2000 
NUM_UNIQUE_DOC_TOKENS 540 
NUM_CORPUS_DOCS 1000 
TERMS_PER_QUERY 2 
TOKENS_PER_TERM 1 
NUM_TEST_QUERIES 30 
MAX_LOAD_FACTOR .01 
MIN_LOAD_FACTOR .001 
MIN_BLOCK_SIZE 2000 
MAX_BLOCK_SIZE 6000 
MIN_BINOMIAL .075 
MAX_BINOMIAL .2 
FP_RATE 0.001 
LOCATION_UNCERTAINTY 256 
SECRETS secret 
TYPES psif 
RECALL_PRECISION 1 
MINDIST 0 
BM25 1 
BSIB_PSIB_TRIALS 10 
OBFUSCATIONS 0 
JUNK_FRACTION 0 
FREQ_ERROR 0 
TOP_K 1000 
 
ID psif2\1000_2000_256_2_1_0_0.001\3 
NUM_UNIQUE_CORPUS_TOKENS 10000 
NUM_DOC_TOKENS 2000 
NUM_UNIQUE_DOC_TOKENS 540 
NUM_CORPUS_DOCS 1000 
TERMS_PER_QUERY 2 
TOKENS_PER_TERM 1 
NUM_TEST_QUERIES 30 
MAX_LOAD_FACTOR .01 
MIN_LOAD_FACTOR .001 
MIN_BLOCK_SIZE 2000 
MAX_BLOCK_SIZE 6000 
MIN_BINOMIAL .075 
MAX_BINOMIAL .2 
FP_RATE 0.001 
LOCATION_UNCERTAINTY 256 
SECRETS secret 
TYPES psif 
RECALL_PRECISION 1 
MINDIST 0 
BM25 1 
BSIB_PSIB_TRIALS 10 
OBFUSCATIONS 0 
JUNK_FRACTION 0 
FREQ_ERROR 0 
TOP_K 1000 
 
ID psif2\1000_3000_256_2_1_0_0.001\1 
NUM_UNIQUE_CORPUS_TOKENS 10000 
NUM_DOC_TOKENS 3000 
NUM_UNIQUE_DOC_TOKENS 660 
NUM_CORPUS_DOCS 1000 
TERMS_PER_QUERY 2 
TOKENS_PER_TERM 1 
NUM_TEST_QUERIES 30 
MAX_LOAD_FACTOR .01 
MIN_LOAD_FACTOR .001 
MIN_BLOCK_SIZE 2000 
MAX_BLOCK_SIZE 6000 
MIN_BINOMIAL .075 
MAX_BINOMIAL .2 
FP_RATE 0.001 
LOCATION_UNCERTAINTY 256 
SECRETS secret 
TYPES psif 
RECALL_PRECISION 1 
MINDIST 0 
BM25 1 
BSIB_PSIB_TRIALS 10 
OBFUSCATIONS 0 
JUNK_FRACTION 0 
FREQ_ERROR 0 
TOP_K 1000 
 
ID psif2\1000_3000_256_2_1_0_0.001\2 
NUM_UNIQUE_CORPUS_TOKENS 10000 
NUM_DOC_TOKENS 3000 
NUM_UNIQUE_DOC_TOKENS 660 
NUM_CORPUS_DOCS 1000 
TERMS_PER_QUERY 2 
TOKENS_PER_TERM 1 
NUM_TEST_QUERIES 30 
MAX_LOAD_FACTOR .01 
MIN_LOAD_FACTOR .001 
MIN_BLOCK_SIZE 2000 
MAX_BLOCK_SIZE 6000 
MIN_BINOMIAL .075 
MAX_BINOMIAL .2 
FP_RATE 0.001 
LOCATION_UNCERTAINTY 256 
SECRETS secret 
TYPES psif 
RECALL_PRECISION 1 
MINDIST 0 
BM25 1 
BSIB_PSIB_TRIALS 10 
OBFUSCATIONS 0 
JUNK_FRACTION 0 
FREQ_ERROR 0 
TOP_K 1000 
 
ID psif2\1000_3000_256_2_1_0_0.001\3 
NUM_UNIQUE_CORPUS_TOKENS 10000 
NUM_DOC_TOKENS 3000 
NUM_UNIQUE_DOC_TOKENS 660 
NUM_CORPUS_DOCS 1000 
TERMS_PER_QUERY 2 
TOKENS_PER_TERM 1 
NUM_TEST_QUERIES 30 
MAX_LOAD_FACTOR .01 
MIN_LOAD_FACTOR .001 
MIN_BLOCK_SIZE 2000 
MAX_BLOCK_SIZE 6000 
MIN_BINOMIAL .075 
MAX_BINOMIAL .2 
FP_RATE 0.001 
LOCATION_UNCERTAINTY 256 
SECRETS secret 
TYPES psif 
RECALL_PRECISION 1 
MINDIST 0 
BM25 1 
BSIB_PSIB_TRIALS 10 
OBFUSCATIONS 0 
JUNK_FRACTION 0 
FREQ_ERROR 0 
TOP_K 1000 
 
ID psif2\1000_4000_256_2_1_0_0.001\1 
NUM_UNIQUE_CORPUS_TOKENS 10000 
NUM_DOC_TOKENS 4000 
NUM_UNIQUE_DOC_TOKENS 756 
NUM_CORPUS_DOCS 1000 
TERMS_PER_QUERY 2 
TOKENS_PER_TERM 1 
NUM_TEST_QUERIES 30 
MAX_LOAD_FACTOR .01 
MIN_LOAD_FACTOR .001 
MIN_BLOCK_SIZE 2000 
MAX_BLOCK_SIZE 6000 
MIN_BINOMIAL .075 
MAX_BINOMIAL .2 
FP_RATE 0.001 
LOCATION_UNCERTAINTY 256 
SECRETS secret 
TYPES psif 
RECALL_PRECISION 1 
MINDIST 0 
BM25 1 
BSIB_PSIB_TRIALS 10 
OBFUSCATIONS 0 
JUNK_FRACTION 0 
FREQ_ERROR 0 
TOP_K 1000 
 
ID psif2\1000_4000_256_2_1_0_0.001\2 
NUM_UNIQUE_CORPUS_TOKENS 10000 
NUM_DOC_TOKENS 4000 
NUM_UNIQUE_DOC_TOKENS 756 
NUM_CORPUS_DOCS 1000 
TERMS_PER_QUERY 2 
TOKENS_PER_TERM 1 
NUM_TEST_QUERIES 30 
MAX_LOAD_FACTOR .01 
MIN_LOAD_FACTOR .001 
MIN_BLOCK_SIZE 2000 
MAX_BLOCK_SIZE 6000 
MIN_BINOMIAL .075 
MAX_BINOMIAL .2 
FP_RATE 0.001 
LOCATION_UNCERTAINTY 256 
SECRETS secret 
TYPES psif 
RECALL_PRECISION 1 
MINDIST 0 
BM25 1 
BSIB_PSIB_TRIALS 10 
OBFUSCATIONS 0 
JUNK_FRACTION 0 
FREQ_ERROR 0 
TOP_K 1000 
 
ID psif2\1000_4000_256_2_1_0_0.001\3 
NUM_UNIQUE_CORPUS_TOKENS 10000 
NUM_DOC_TOKENS 4000 
NUM_UNIQUE_DOC_TOKENS 756 
NUM_CORPUS_DOCS 1000 
TERMS_PER_QUERY 2 
TOKENS_PER_TERM 1 
NUM_TEST_QUERIES 30 
MAX_LOAD_FACTOR .01 
MIN_LOAD_FACTOR .001 
MIN_BLOCK_SIZE 2000 
MAX_BLOCK_SIZE 6000 
MIN_BINOMIAL .075 
MAX_BINOMIAL .2 
FP_RATE 0.001 
LOCATION_UNCERTAINTY 256 
SECRETS secret 
TYPES psif 
RECALL_PRECISION 1 
MINDIST 0 
BM25 1 
BSIB_PSIB_TRIALS 10 
OBFUSCATIONS 0 
JUNK_FRACTION 0 
FREQ_ERROR 0 
TOP_K 1000 
 
ID psif2\1000_5000_256_2_1_0_0.001\1 
NUM_UNIQUE_CORPUS_TOKENS 10000 
NUM_DOC_TOKENS 5000 
NUM_UNIQUE_DOC_TOKENS 852 
NUM_CORPUS_DOCS 1000 
TERMS_PER_QUERY 2 
TOKENS_PER_TERM 1 
NUM_TEST_QUERIES 30 
MAX_LOAD_FACTOR .01 
MIN_LOAD_FACTOR .001 
MIN_BLOCK_SIZE 2000 
MAX_BLOCK_SIZE 6000 
MIN_BINOMIAL .075 
MAX_BINOMIAL .2 
FP_RATE 0.001 
LOCATION_UNCERTAINTY 256 
SECRETS secret 
TYPES psif 
RECALL_PRECISION 1 
MINDIST 0 
BM25 1 
BSIB_PSIB_TRIALS 10 
OBFUSCATIONS 0 
JUNK_FRACTION 0 
FREQ_ERROR 0 
TOP_K 1000 
 
ID psif2\1000_5000_256_2_1_0_0.001\2 
NUM_UNIQUE_CORPUS_TOKENS 10000 
NUM_DOC_TOKENS 5000 
NUM_UNIQUE_DOC_TOKENS 852 
NUM_CORPUS_DOCS 1000 
TERMS_PER_QUERY 2 
TOKENS_PER_TERM 1 
NUM_TEST_QUERIES 30 
MAX_LOAD_FACTOR .01 
MIN_LOAD_FACTOR .001 
MIN_BLOCK_SIZE 2000 
MAX_BLOCK_SIZE 6000 
MIN_BINOMIAL .075 
MAX_BINOMIAL .2 
FP_RATE 0.001 
LOCATION_UNCERTAINTY 256 
SECRETS secret 
TYPES psif 
RECALL_PRECISION 1 
MINDIST 0 
BM25 1 
BSIB_PSIB_TRIALS 10 
OBFUSCATIONS 0 
JUNK_FRACTION 0 
FREQ_ERROR 0 
TOP_K 1000 
 
ID psif2\1000_5000_256_2_1_0_0.001\3 
NUM_UNIQUE_CORPUS_TOKENS 10000 
NUM_DOC_TOKENS 5000 
NUM_UNIQUE_DOC_TOKENS 852 
NUM_CORPUS_DOCS 1000 
TERMS_PER_QUERY 2 
TOKENS_PER_TERM 1 
NUM_TEST_QUERIES 30 
MAX_LOAD_FACTOR .01 
MIN_LOAD_FACTOR .001 
MIN_BLOCK_SIZE 2000 
MAX_BLOCK_SIZE 6000 
MIN_BINOMIAL .075 
MAX_BINOMIAL .2 
FP_RATE 0.001 
LOCATION_UNCERTAINTY 256 
SECRETS secret 
TYPES psif 
RECALL_PRECISION 1 
MINDIST 0 
BM25 1 
BSIB_PSIB_TRIALS 10 
OBFUSCATIONS 0 
JUNK_FRACTION 0 
FREQ_ERROR 0 
TOP_K 1000 
 
ID psif2\1000_6000_256_2_1_0_0.001\1 
NUM_UNIQUE_CORPUS_TOKENS 10000 
NUM_DOC_TOKENS 6000 
NUM_UNIQUE_DOC_TOKENS 924 
NUM_CORPUS_DOCS 1000 
TERMS_PER_QUERY 2 
TOKENS_PER_TERM 1 
NUM_TEST_QUERIES 30 
MAX_LOAD_FACTOR .01 
MIN_LOAD_FACTOR .001 
MIN_BLOCK_SIZE 2000 
MAX_BLOCK_SIZE 6000 
MIN_BINOMIAL .075 
MAX_BINOMIAL .2 
FP_RATE 0.001 
LOCATION_UNCERTAINTY 256 
SECRETS secret 
TYPES psif 
RECALL_PRECISION 1 
MINDIST 0 
BM25 1 
BSIB_PSIB_TRIALS 10 
OBFUSCATIONS 0 
JUNK_FRACTION 0 
FREQ_ERROR 0 
TOP_K 1000 
 
ID psif2\1000_6000_256_2_1_0_0.001\2 
NUM_UNIQUE_CORPUS_TOKENS 10000 
NUM_DOC_TOKENS 6000 
NUM_UNIQUE_DOC_TOKENS 924 
NUM_CORPUS_DOCS 1000 
TERMS_PER_QUERY 2 
TOKENS_PER_TERM 1 
NUM_TEST_QUERIES 30 
MAX_LOAD_FACTOR .01 
MIN_LOAD_FACTOR .001 
MIN_BLOCK_SIZE 2000 
MAX_BLOCK_SIZE 6000 
MIN_BINOMIAL .075 
MAX_BINOMIAL .2 
FP_RATE 0.001 
LOCATION_UNCERTAINTY 256 
SECRETS secret 
TYPES psif 
RECALL_PRECISION 1 
MINDIST 0 
BM25 1 
BSIB_PSIB_TRIALS 10 
OBFUSCATIONS 0 
JUNK_FRACTION 0 
FREQ_ERROR 0 
TOP_K 1000 
 
ID psif2\1000_6000_256_2_1_0_0.001\3 
NUM_UNIQUE_CORPUS_TOKENS 10000 
NUM_DOC_TOKENS 6000 
NUM_UNIQUE_DOC_TOKENS 924 
NUM_CORPUS_DOCS 1000 
TERMS_PER_QUERY 2 
TOKENS_PER_TERM 1 
NUM_TEST_QUERIES 30 
MAX_LOAD_FACTOR .01 
MIN_LOAD_FACTOR .001 
MIN_BLOCK_SIZE 2000 
MAX_BLOCK_SIZE 6000 
MIN_BINOMIAL .075 
MAX_BINOMIAL .2 
FP_RATE 0.001 
LOCATION_UNCERTAINTY 256 
SECRETS secret 
TYPES psif 
RECALL_PRECISION 1 
MINDIST 0 
BM25 1 
BSIB_PSIB_TRIALS 10 
OBFUSCATIONS 0 
JUNK_FRACTION 0 
FREQ_ERROR 0 
TOP_K 1000 
 
ID psif2\1000_7000_256_2_1_0_0.001\1 
NUM_UNIQUE_CORPUS_TOKENS 10000 
NUM_DOC_TOKENS 7000 
NUM_UNIQUE_DOC_TOKENS 1008 
NUM_CORPUS_DOCS 1000 
TERMS_PER_QUERY 2 
TOKENS_PER_TERM 1 
NUM_TEST_QUERIES 30 
MAX_LOAD_FACTOR .01 
MIN_LOAD_FACTOR .001 
MIN_BLOCK_SIZE 2000 
MAX_BLOCK_SIZE 6000 
MIN_BINOMIAL .075 
MAX_BINOMIAL .2 
FP_RATE 0.001 
LOCATION_UNCERTAINTY 256 
SECRETS secret 
TYPES psif 
RECALL_PRECISION 1 
MINDIST 0 
BM25 1 
BSIB_PSIB_TRIALS 10 
OBFUSCATIONS 0 
JUNK_FRACTION 0 
FREQ_ERROR 0 
TOP_K 1000 
 
ID psif2\1000_7000_256_2_1_0_0.001\2 
NUM_UNIQUE_CORPUS_TOKENS 10000 
NUM_DOC_TOKENS 7000 
NUM_UNIQUE_DOC_TOKENS 1008 
NUM_CORPUS_DOCS 1000 
TERMS_PER_QUERY 2 
TOKENS_PER_TERM 1 
NUM_TEST_QUERIES 30 
MAX_LOAD_FACTOR .01 
MIN_LOAD_FACTOR .001 
MIN_BLOCK_SIZE 2000 
MAX_BLOCK_SIZE 6000 
MIN_BINOMIAL .075 
MAX_BINOMIAL .2 
FP_RATE 0.001 
LOCATION_UNCERTAINTY 256 
SECRETS secret 
TYPES psif 
RECALL_PRECISION 1 
MINDIST 0 
BM25 1 
BSIB_PSIB_TRIALS 10 
OBFUSCATIONS 0 
JUNK_FRACTION 0 
FREQ_ERROR 0 
TOP_K 1000 
 
ID psif2\1000_7000_256_2_1_0_0.001\3 
NUM_UNIQUE_CORPUS_TOKENS 10000 
NUM_DOC_TOKENS 7000 
NUM_UNIQUE_DOC_TOKENS 1008 
NUM_CORPUS_DOCS 1000 
TERMS_PER_QUERY 2 
TOKENS_PER_TERM 1 
NUM_TEST_QUERIES 30 
MAX_LOAD_FACTOR .01 
MIN_LOAD_FACTOR .001 
MIN_BLOCK_SIZE 2000 
MAX_BLOCK_SIZE 6000 
MIN_BINOMIAL .075 
MAX_BINOMIAL .2 
FP_RATE 0.001 
LOCATION_UNCERTAINTY 256 
SECRETS secret 
TYPES psif 
RECALL_PRECISION 1 
MINDIST 0 
BM25 1 
BSIB_PSIB_TRIALS 10 
OBFUSCATIONS 0 
JUNK_FRACTION 0 
FREQ_ERROR 0 
TOP_K 1000 
 
ID psif2\1000_8000_256_2_1_0_0.001\1 
NUM_UNIQUE_CORPUS_TOKENS 10000 
NUM_DOC_TOKENS 8000 
NUM_UNIQUE_DOC_TOKENS 1068 
NUM_CORPUS_DOCS 1000 
TERMS_PER_QUERY 2 
TOKENS_PER_TERM 1 
NUM_TEST_QUERIES 30 
MAX_LOAD_FACTOR .01 
MIN_LOAD_FACTOR .001 
MIN_BLOCK_SIZE 2000 
MAX_BLOCK_SIZE 6000 
MIN_BINOMIAL .075 
MAX_BINOMIAL .2 
FP_RATE 0.001 
LOCATION_UNCERTAINTY 256 
SECRETS secret 
TYPES psif 
RECALL_PRECISION 1 
MINDIST 0 
BM25 1 
BSIB_PSIB_TRIALS 10 
OBFUSCATIONS 0 
JUNK_FRACTION 0 
FREQ_ERROR 0 
TOP_K 1000 
 
ID psif2\1000_8000_256_2_1_0_0.001\2 
NUM_UNIQUE_CORPUS_TOKENS 10000 
NUM_DOC_TOKENS 8000 
NUM_UNIQUE_DOC_TOKENS 1068 
NUM_CORPUS_DOCS 1000 
TERMS_PER_QUERY 2 
TOKENS_PER_TERM 1 
NUM_TEST_QUERIES 30 
MAX_LOAD_FACTOR .01 
MIN_LOAD_FACTOR .001 
MIN_BLOCK_SIZE 2000 
MAX_BLOCK_SIZE 6000 
MIN_BINOMIAL .075 
MAX_BINOMIAL .2 
FP_RATE 0.001 
LOCATION_UNCERTAINTY 256 
SECRETS secret 
TYPES psif 
RECALL_PRECISION 1 
MINDIST 0 
BM25 1 
BSIB_PSIB_TRIALS 10 
OBFUSCATIONS 0 
JUNK_FRACTION 0 
FREQ_ERROR 0 
TOP_K 1000 
 
ID psif2\1000_8000_256_2_1_0_0.001\3 
NUM_UNIQUE_CORPUS_TOKENS 10000 
NUM_DOC_TOKENS 8000 
NUM_UNIQUE_DOC_TOKENS 1068 
NUM_CORPUS_DOCS 1000 
TERMS_PER_QUERY 2 
TOKENS_PER_TERM 1 
NUM_TEST_QUERIES 30 
MAX_LOAD_FACTOR .01 
MIN_LOAD_FACTOR .001 
MIN_BLOCK_SIZE 2000 
MAX_BLOCK_SIZE 6000 
MIN_BINOMIAL .075 
MAX_BINOMIAL .2 
FP_RATE 0.001 
LOCATION_UNCERTAINTY 256 
SECRETS secret 
TYPES psif 
RECALL_PRECISION 1 
MINDIST 0 
BM25 1 
BSIB_PSIB_TRIALS 10 
OBFUSCATIONS 0 
JUNK_FRACTION 0 
FREQ_ERROR 0 
TOP_K 1000 
 
ID psif2\1000_9000_256_2_1_0_0.001\1 
NUM_UNIQUE_CORPUS_TOKENS 10000 
NUM_DOC_TOKENS 9000 
NUM_UNIQUE_DOC_TOKENS 1140 
NUM_CORPUS_DOCS 1000 
TERMS_PER_QUERY 2 
TOKENS_PER_TERM 1 
NUM_TEST_QUERIES 30 
MAX_LOAD_FACTOR .01 
MIN_LOAD_FACTOR .001 
MIN_BLOCK_SIZE 2000 
MAX_BLOCK_SIZE 6000 
MIN_BINOMIAL .075 
MAX_BINOMIAL .2 
FP_RATE 0.001 
LOCATION_UNCERTAINTY 256 
SECRETS secret 
TYPES psif 
RECALL_PRECISION 1 
MINDIST 0 
BM25 1 
BSIB_PSIB_TRIALS 10 
OBFUSCATIONS 0 
JUNK_FRACTION 0 
FREQ_ERROR 0 
TOP_K 1000 
 
ID psif2\1000_9000_256_2_1_0_0.001\2 
NUM_UNIQUE_CORPUS_TOKENS 10000 
NUM_DOC_TOKENS 9000 
NUM_UNIQUE_DOC_TOKENS 1140 
NUM_CORPUS_DOCS 1000 
TERMS_PER_QUERY 2 
TOKENS_PER_TERM 1 
NUM_TEST_QUERIES 30 
MAX_LOAD_FACTOR .01 
MIN_LOAD_FACTOR .001 
MIN_BLOCK_SIZE 2000 
MAX_BLOCK_SIZE 6000 
MIN_BINOMIAL .075 
MAX_BINOMIAL .2 
FP_RATE 0.001 
LOCATION_UNCERTAINTY 256 
SECRETS secret 
TYPES psif 
RECALL_PRECISION 1 
MINDIST 0 
BM25 1 
BSIB_PSIB_TRIALS 10 
OBFUSCATIONS 0 
JUNK_FRACTION 0 
FREQ_ERROR 0 
TOP_K 1000 
 
ID psif2\1000_9000_256_2_1_0_0.001\3 
NUM_UNIQUE_CORPUS_TOKENS 10000 
NUM_DOC_TOKENS 9000 
NUM_UNIQUE_DOC_TOKENS 1140 
NUM_CORPUS_DOCS 1000 
TERMS_PER_QUERY 2 
TOKENS_PER_TERM 1 
NUM_TEST_QUERIES 30 
MAX_LOAD_FACTOR .01 
MIN_LOAD_FACTOR .001 
MIN_BLOCK_SIZE 2000 
MAX_BLOCK_SIZE 6000 
MIN_BINOMIAL .075 
MAX_BINOMIAL .2 
FP_RATE 0.001 
LOCATION_UNCERTAINTY 256 
SECRETS secret 
TYPES psif 
RECALL_PRECISION 1 
MINDIST 0 
BM25 1 
BSIB_PSIB_TRIALS 10 
OBFUSCATIONS 0 
JUNK_FRACTION 0 
FREQ_ERROR 0 
TOP_K 1000 
 
ID psif2\1000_10000_256_2_1_0_0.001\1 
NUM_UNIQUE_CORPUS_TOKENS 10000 
NUM_DOC_TOKENS 10000 
NUM_UNIQUE_DOC_TOKENS 1200 
NUM_CORPUS_DOCS 1000 
TERMS_PER_QUERY 2 
TOKENS_PER_TERM 1 
NUM_TEST_QUERIES 30 
MAX_LOAD_FACTOR .01 
MIN_LOAD_FACTOR .001 
MIN_BLOCK_SIZE 2000 
MAX_BLOCK_SIZE 6000 
MIN_BINOMIAL .075 
MAX_BINOMIAL .2 
FP_RATE 0.001 
LOCATION_UNCERTAINTY 256 
SECRETS secret 
TYPES psif 
RECALL_PRECISION 1 
MINDIST 0 
BM25 1 
BSIB_PSIB_TRIALS 10 
OBFUSCATIONS 0 
JUNK_FRACTION 0 
FREQ_ERROR 0 
TOP_K 1000 
 
ID psif2\1000_10000_256_2_1_0_0.001\2 
NUM_UNIQUE_CORPUS_TOKENS 10000 
NUM_DOC_TOKENS 10000 
NUM_UNIQUE_DOC_TOKENS 1200 
NUM_CORPUS_DOCS 1000 
TERMS_PER_QUERY 2 
TOKENS_PER_TERM 1 
NUM_TEST_QUERIES 30 
MAX_LOAD_FACTOR .01 
MIN_LOAD_FACTOR .001 
MIN_BLOCK_SIZE 2000 
MAX_BLOCK_SIZE 6000 
MIN_BINOMIAL .075 
MAX_BINOMIAL .2 
FP_RATE 0.001 
LOCATION_UNCERTAINTY 256 
SECRETS secret 
TYPES psif 
RECALL_PRECISION 1 
MINDIST 0 
BM25 1 
BSIB_PSIB_TRIALS 10 
OBFUSCATIONS 0 
JUNK_FRACTION 0 
FREQ_ERROR 0 
TOP_K 1000 
 
ID psif2\1000_10000_256_2_1_0_0.001\3 
NUM_UNIQUE_CORPUS_TOKENS 10000 
NUM_DOC_TOKENS 10000 
NUM_UNIQUE_DOC_TOKENS 1200 
NUM_CORPUS_DOCS 1000 
TERMS_PER_QUERY 2 
TOKENS_PER_TERM 1 
NUM_TEST_QUERIES 30 
MAX_LOAD_FACTOR .01 
MIN_LOAD_FACTOR .001 
MIN_BLOCK_SIZE 2000 
MAX_BLOCK_SIZE 6000 
MIN_BINOMIAL .075 
MAX_BINOMIAL .2 
FP_RATE 0.001 
LOCATION_UNCERTAINTY 256 
SECRETS secret 
TYPES psif 
RECALL_PRECISION 1 
MINDIST 0 
BM25 1 
BSIB_PSIB_TRIALS 10 
OBFUSCATIONS 0 
JUNK_FRACTION 0 
FREQ_ERROR 0 
TOP_K 1000 
 
ID psif2\1000_11000_256_2_1_0_0.001\1 
NUM_UNIQUE_CORPUS_TOKENS 10000 
NUM_DOC_TOKENS 11000 
NUM_UNIQUE_DOC_TOKENS 1260 
NUM_CORPUS_DOCS 1000 
TERMS_PER_QUERY 2 
TOKENS_PER_TERM 1 
NUM_TEST_QUERIES 30 
MAX_LOAD_FACTOR .01 
MIN_LOAD_FACTOR .001 
MIN_BLOCK_SIZE 2000 
MAX_BLOCK_SIZE 6000 
MIN_BINOMIAL .075 
MAX_BINOMIAL .2 
FP_RATE 0.001 
LOCATION_UNCERTAINTY 256 
SECRETS secret 
TYPES psif 
RECALL_PRECISION 1 
MINDIST 0 
BM25 1 
BSIB_PSIB_TRIALS 10 
OBFUSCATIONS 0 
JUNK_FRACTION 0 
FREQ_ERROR 0 
TOP_K 1000 
 
ID psif2\1000_11000_256_2_1_0_0.001\2 
NUM_UNIQUE_CORPUS_TOKENS 10000 
NUM_DOC_TOKENS 11000 
NUM_UNIQUE_DOC_TOKENS 1260 
NUM_CORPUS_DOCS 1000 
TERMS_PER_QUERY 2 
TOKENS_PER_TERM 1 
NUM_TEST_QUERIES 30 
MAX_LOAD_FACTOR .01 
MIN_LOAD_FACTOR .001 
MIN_BLOCK_SIZE 2000 
MAX_BLOCK_SIZE 6000 
MIN_BINOMIAL .075 
MAX_BINOMIAL .2 
FP_RATE 0.001 
LOCATION_UNCERTAINTY 256 
SECRETS secret 
TYPES psif 
RECALL_PRECISION 1 
MINDIST 0 
BM25 1 
BSIB_PSIB_TRIALS 10 
OBFUSCATIONS 0 
JUNK_FRACTION 0 
FREQ_ERROR 0 
TOP_K 1000 
 
ID psif2\1000_11000_256_2_1_0_0.001\3 
NUM_UNIQUE_CORPUS_TOKENS 10000 
NUM_DOC_TOKENS 11000 
NUM_UNIQUE_DOC_TOKENS 1260 
NUM_CORPUS_DOCS 1000 
TERMS_PER_QUERY 2 
TOKENS_PER_TERM 1 
NUM_TEST_QUERIES 30 
MAX_LOAD_FACTOR .01 
MIN_LOAD_FACTOR .001 
MIN_BLOCK_SIZE 2000 
MAX_BLOCK_SIZE 6000 
MIN_BINOMIAL .075 
MAX_BINOMIAL .2 
FP_RATE 0.001 
LOCATION_UNCERTAINTY 256 
SECRETS secret 
TYPES psif 
RECALL_PRECISION 1 
MINDIST 0 
BM25 1 
BSIB_PSIB_TRIALS 10 
OBFUSCATIONS 0 
JUNK_FRACTION 0 
FREQ_ERROR 0 
TOP_K 1000 
 
ID psif2\1000_12000_256_2_1_0_0.001\1 
NUM_UNIQUE_CORPUS_TOKENS 10000 
NUM_DOC_TOKENS 12000 
NUM_UNIQUE_DOC_TOKENS 1320 
NUM_CORPUS_DOCS 1000 
TERMS_PER_QUERY 2 
TOKENS_PER_TERM 1 
NUM_TEST_QUERIES 30 
MAX_LOAD_FACTOR .01 
MIN_LOAD_FACTOR .001 
MIN_BLOCK_SIZE 2000 
MAX_BLOCK_SIZE 6000 
MIN_BINOMIAL .075 
MAX_BINOMIAL .2 
FP_RATE 0.001 
LOCATION_UNCERTAINTY 256 
SECRETS secret 
TYPES psif 
RECALL_PRECISION 1 
MINDIST 0 
BM25 1 
BSIB_PSIB_TRIALS 10 
OBFUSCATIONS 0 
JUNK_FRACTION 0 
FREQ_ERROR 0 
TOP_K 1000 
 
ID psif2\1000_12000_256_2_1_0_0.001\2 
NUM_UNIQUE_CORPUS_TOKENS 10000 
NUM_DOC_TOKENS 12000 
NUM_UNIQUE_DOC_TOKENS 1320 
NUM_CORPUS_DOCS 1000 
TERMS_PER_QUERY 2 
TOKENS_PER_TERM 1 
NUM_TEST_QUERIES 30 
MAX_LOAD_FACTOR .01 
MIN_LOAD_FACTOR .001 
MIN_BLOCK_SIZE 2000 
MAX_BLOCK_SIZE 6000 
MIN_BINOMIAL .075 
MAX_BINOMIAL .2 
FP_RATE 0.001 
LOCATION_UNCERTAINTY 256 
SECRETS secret 
TYPES psif 
RECALL_PRECISION 1 
MINDIST 0 
BM25 1 
BSIB_PSIB_TRIALS 10 
OBFUSCATIONS 0 
JUNK_FRACTION 0 
FREQ_ERROR 0 
TOP_K 1000 
 
ID psif2\1000_12000_256_2_1_0_0.001\3 
NUM_UNIQUE_CORPUS_TOKENS 10000 
NUM_DOC_TOKENS 12000 
NUM_UNIQUE_DOC_TOKENS 1320 
NUM_CORPUS_DOCS 1000 
TERMS_PER_QUERY 2 
TOKENS_PER_TERM 1 
NUM_TEST_QUERIES 30 
MAX_LOAD_FACTOR .01 
MIN_LOAD_FACTOR .001 
MIN_BLOCK_SIZE 2000 
MAX_BLOCK_SIZE 6000 
MIN_BINOMIAL .075 
MAX_BINOMIAL .2 
FP_RATE 0.001 
LOCATION_UNCERTAINTY 256 
SECRETS secret 
TYPES psif 
RECALL_PRECISION 1 
MINDIST 0 
BM25 1 
BSIB_PSIB_TRIALS 10 
OBFUSCATIONS 0 
JUNK_FRACTION 0 
FREQ_ERROR 0 
TOP_K 1000 
 
ID psif2\1000_13000_256_2_1_0_0.001\1 
NUM_UNIQUE_CORPUS_TOKENS 10000 
NUM_DOC_TOKENS 13000 
NUM_UNIQUE_DOC_TOKENS 1368 
NUM_CORPUS_DOCS 1000 
TERMS_PER_QUERY 2 
TOKENS_PER_TERM 1 
NUM_TEST_QUERIES 30 
MAX_LOAD_FACTOR .01 
MIN_LOAD_FACTOR .001 
MIN_BLOCK_SIZE 2000 
MAX_BLOCK_SIZE 6000 
MIN_BINOMIAL .075 
MAX_BINOMIAL .2 
FP_RATE 0.001 
LOCATION_UNCERTAINTY 256 
SECRETS secret 
TYPES psif 
RECALL_PRECISION 1 
MINDIST 0 
BM25 1 
BSIB_PSIB_TRIALS 10 
OBFUSCATIONS 0 
JUNK_FRACTION 0 
FREQ_ERROR 0 
TOP_K 1000 
 
ID psif2\1000_13000_256_2_1_0_0.001\2 
NUM_UNIQUE_CORPUS_TOKENS 10000 
NUM_DOC_TOKENS 13000 
NUM_UNIQUE_DOC_TOKENS 1368 
NUM_CORPUS_DOCS 1000 
TERMS_PER_QUERY 2 
TOKENS_PER_TERM 1 
NUM_TEST_QUERIES 30 
MAX_LOAD_FACTOR .01 
MIN_LOAD_FACTOR .001 
MIN_BLOCK_SIZE 2000 
MAX_BLOCK_SIZE 6000 
MIN_BINOMIAL .075 
MAX_BINOMIAL .2 
FP_RATE 0.001 
LOCATION_UNCERTAINTY 256 
SECRETS secret 
TYPES psif 
RECALL_PRECISION 1 
MINDIST 0 
BM25 1 
BSIB_PSIB_TRIALS 10 
OBFUSCATIONS 0 
JUNK_FRACTION 0 
FREQ_ERROR 0 
TOP_K 1000 
 
