label 
corpus_size 632331
false_positive_rate 0.001
location_uncertainty 25
junk_fraction 0
freq_error 0
stemming 0
stop_words 0
secrets 1
	secret
canonical
	 index_size	545492
	 build_time	3666
	    indexed	1000
	       path	small\1000_100_25_4_1_0_0.001\13\corpus_indexed\canonical
	  load_time	374
psib
	 index_size	380820
	 build_time	5616
	    indexed	1000
	       path	small\1000_100_25_4_1_0_0.001\13\corpus_indexed\psib
	  load_time	296
psip
	 index_size	635827
	 build_time	9360
	    indexed	1000
	       path	small\1000_100_25_4_1_0_0.001\13\corpus_indexed\psip
	  load_time	358
bsib
	 index_size	643093
	 build_time	7628
	    indexed	1000
	       path	small\1000_100_25_4_1_0_0.001\13\corpus_indexed\bsib
	  load_time	358
psim
	 index_size	1350240
	 build_time	14102
	    indexed	1000
	       path	small\1000_100_25_4_1_0_0.001\13\corpus_indexed\psim
	  load_time	327
