label 
corpus_size 13587174
false_positive_rate 0.001
location_uncertainty 256
junk_fraction 0
freq_error 0
stemming 0
stop_words 0
secrets 1
	secret
canonical
	 index_size	6994526
	 build_time	1754
	    indexed	100
	       path	set1\100_15100_256_2_1_0_0.001\1\corpus_indexed\canonical
	  load_time	647
bsib
	 index_size	7733512
	 build_time	14061
	    indexed	100
	       path	set1\100_15100_256_2_1_0_0.001\1\corpus_indexed\bsib
	  load_time	626
psib
	 index_size	9004138
	 build_time	8072
	    indexed	100
	       path	set1\100_15100_256_2_1_0_0.001\1\corpus_indexed\psib
	  load_time	40
psip
	 index_size	8568433
	 build_time	8881
	    indexed	100
	       path	set1\100_15100_256_2_1_0_0.001\1\corpus_indexed\psip
	  load_time	703
