label 
corpus_size 736148
false_positive_rate 0.001
location_uncertainty 25
junk_fraction 0
freq_error 0
stemming 0
stop_words 0
secrets 1
	secret
canonical
	 index_size	583760
	 build_time	3728
	    indexed	1000
	       path	small\1000_100_25_8_1_0_0.001\13\corpus_indexed\canonical
	  load_time	374
psib
	 index_size	392628
	 build_time	5163
	    indexed	1000
	       path	small\1000_100_25_8_1_0_0.001\13\corpus_indexed\psib
	  load_time	312
psip
	 index_size	649952
	 build_time	8283
	    indexed	999
	       path	small\1000_100_25_8_1_0_0.001\13\corpus_indexed\psip
	  load_time	358
bsib
	 index_size	650938
	 build_time	8580
	    indexed	1000
	       path	small\1000_100_25_8_1_0_0.001\13\corpus_indexed\bsib
	  load_time	358
psim
	 index_size	1614781
	 build_time	18075
	    indexed	1000
	       path	small\1000_100_25_8_1_0_0.001\13\corpus_indexed\psim
	  load_time	309
