label 
corpus_size 16657216
false_positive_rate 0.001
location_uncertainty 256
junk_fraction 0
freq_error 0
stemming 0
stop_words 0
secrets 1
	secret
canonical
	 index_size	11532866
	 build_time	2459
	    indexed	100
	       path	set1\100_22600_256_2_1_0_0.001\3\corpus_indexed\canonical
	  load_time	1017
bsib
	 index_size	12214462
	 build_time	20921
	    indexed	100
	       path	set1\100_22600_256_2_1_0_0.001\3\corpus_indexed\bsib
	  load_time	972
psib
	 index_size	18534625
	 build_time	11390
	    indexed	100
	       path	set1\100_22600_256_2_1_0_0.001\3\corpus_indexed\psib
	  load_time	57
psip
	 index_size	13951310
	 build_time	12740
	    indexed	100
	       path	set1\100_22600_256_2_1_0_0.001\3\corpus_indexed\psip
	  load_time	1131
