label 
corpus_size 769713
false_positive_rate 0.001
location_uncertainty 25
junk_fraction 0
freq_error 0
stemming 0
stop_words 0
secrets 1
	secret
canonical
	 index_size	577790
	 build_time	3325
	    indexed	1000
	       path	small\1000_100_25_7_1_0_0.001\3\corpus_indexed\canonical
	  load_time	369
psib
	 index_size	389070
	 build_time	5682
	    indexed	999
	       path	small\1000_100_25_7_1_0_0.001\3\corpus_indexed\psib
	  load_time	311
psip
	 index_size	646957
	 build_time	9410
	    indexed	1000
	       path	small\1000_100_25_7_1_0_0.001\3\corpus_indexed\psip
	  load_time	361
bsib
	 index_size	648454
	 build_time	7853
	    indexed	1000
	       path	small\1000_100_25_7_1_0_0.001\3\corpus_indexed\bsib
	  load_time	352
psim
	 index_size	1538044
	 build_time	16643
	    indexed	1000
	       path	small\1000_100_25_7_1_0_0.001\3\corpus_indexed\psim
	  load_time	311
