label 
corpus_size 666895
false_positive_rate 0.001
location_uncertainty 25
junk_fraction 0
freq_error 0
stemming 0
stop_words 0
secrets 1
	secret
canonical
	 index_size	572369
	 build_time	3840
	    indexed	1000
	       path	small\1000_100_25_6_1_0_0.001\2\corpus_indexed\canonical
	  load_time	393
psib
	 index_size	385979
	 build_time	5642
	    indexed	1000
	       path	small\1000_100_25_6_1_0_0.001\2\corpus_indexed\psib
	  load_time	319
psip
	 index_size	642665
	 build_time	8385
	    indexed	1000
	       path	small\1000_100_25_6_1_0_0.001\2\corpus_indexed\psip
	  load_time	353
bsib
	 index_size	646099
	 build_time	9512
	    indexed	1000
	       path	small\1000_100_25_6_1_0_0.001\2\corpus_indexed\bsib
	  load_time	343
psim
	 index_size	1457749
	 build_time	16988
	    indexed	1000
	       path	small\1000_100_25_6_1_0_0.001\2\corpus_indexed\psim
	  load_time	312
