label 
corpus_size 38061639
false_positive_rate 0.001
location_uncertainty 15
junk_fraction 0
freq_error 0
stemming 0
stop_words 0
secrets 1
	secret
canonical
	 index_size	19670671
	 build_time	6388
	    indexed	1000
	       path	\1000_4000_15_3_1_0_0.001\1\corpus_indexed\canonical
	  load_time	1989
bsib
	 index_size	49856729
	 build_time	59344
	    indexed	1000
	       path	\1000_4000_15_3_1_0_0.001\1\corpus_indexed\bsib
	  load_time	3260
psib
	 index_size	104226826
	 build_time	26224
	    indexed	1000
	       path	\1000_4000_15_3_1_0_0.001\1\corpus_indexed\psib
	  load_time	400
psip
	 index_size	23366308
	 build_time	27062
	    indexed	1000
	       path	\1000_4000_15_3_1_0_0.001\1\corpus_indexed\psip
	  load_time	2143
