label 
corpus_size 741823
false_positive_rate 0.001
location_uncertainty 25
junk_fraction 0
freq_error 0
stemming 0
stop_words 0
secrets 1
	secret
canonical
	 index_size	565432
	 build_time	3402
	    indexed	1000
	       path	small\1000_100_25_7_1_0_0.001\11\corpus_indexed\canonical
	  load_time	373
psib
	 index_size	389726
	 build_time	5779
	    indexed	1000
	       path	small\1000_100_25_7_1_0_0.001\11\corpus_indexed\psib
	  load_time	318
psip
	 index_size	646927
	 build_time	8344
	    indexed	1000
	       path	small\1000_100_25_7_1_0_0.001\11\corpus_indexed\psip
	  load_time	359
bsib
	 index_size	648643
	 build_time	7966
	    indexed	1000
	       path	small\1000_100_25_7_1_0_0.001\11\corpus_indexed\bsib
	  load_time	347
psim
	 index_size	1529531
	 build_time	15752
	    indexed	1000
	       path	small\1000_100_25_7_1_0_0.001\11\corpus_indexed\psim
	  load_time	308
