label 
corpus_size 1145155
false_positive_rate 0.001
location_uncertainty 256
junk_fraction 0
freq_error 0
stemming 0
stop_words 0
secrets 1
	secret
canonical
	 index_size	776985
	 build_time	382
	    indexed	100
	       path	\100_1500_256_2_1_0_0.001\3\corpus_indexed\canonical
	  load_time	93
bsib
	 index_size	539621
	 build_time	1598
	    indexed	100
	       path	\100_1500_256_2_1_0_0.001\3\corpus_indexed\bsib
	  load_time	66
psib
	 index_size	295132
	 build_time	1388
	    indexed	100
	       path	\100_1500_256_2_1_0_0.001\3\corpus_indexed\psib
	  load_time	25
psip
	 index_size	901070
	 build_time	1451
	    indexed	100
	       path	\100_1500_256_2_1_0_0.001\3\corpus_indexed\psip
	  load_time	96
