label 
corpus_size 10494525
false_positive_rate 0.001
location_uncertainty 256
junk_fraction 0
freq_error 0
stemming 0
stop_words 0
secrets 1
	secret
canonical
	 index_size	6488367
	 build_time	1410
	    indexed	100
	       path	\100_14000_256_2_1_0_0.001\3\corpus_indexed\canonical
	  load_time	594
bsib
	 index_size	7097266
	 build_time	12627
	    indexed	100
	       path	\100_14000_256_2_1_0_0.001\3\corpus_indexed\bsib
	  load_time	582
psib
	 index_size	7899745
	 build_time	7162
	    indexed	100
	       path	\100_14000_256_2_1_0_0.001\3\corpus_indexed\psib
	  load_time	37
psip
	 index_size	7949449
	 build_time	8292
	    indexed	100
	       path	\100_14000_256_2_1_0_0.001\3\corpus_indexed\psip
	  load_time	658
