label 
corpus_size 30266610
false_positive_rate 0.001
location_uncertainty 60
junk_fraction 0
freq_error 0
stemming 0
stop_words 0
secrets 1
	secret
canonical
	 index_size	19668898
	 build_time	5909
	    indexed	1000
	       path	\1000_4000_60_3_1_0_0.001\1\corpus_indexed\canonical
	  load_time	1920
bsib
	 index_size	26947554
	 build_time	44155
	    indexed	1000
	       path	\1000_4000_60_3_1_0_0.001\1\corpus_indexed\bsib
	  load_time	2140
psib
	 index_size	29664071
	 build_time	23894
	    indexed	1000
	       path	\1000_4000_60_3_1_0_0.001\1\corpus_indexed\psib
	  load_time	292
psip
	 index_size	23374577
	 build_time	25787
	    indexed	1000
	       path	\1000_4000_60_3_1_0_0.001\1\corpus_indexed\psip
	  load_time	2068
