label 
corpus_size 755244
false_positive_rate 0.001
location_uncertainty 25
junk_fraction 0
freq_error 0
stemming 0
stop_words 0
secrets 1
	secret
canonical
	 index_size	552305
	 build_time	3807
	    indexed	1000
	       path	small\1000_100_25_2_1_0_0.001\12\corpus_indexed\canonical
	  load_time	367
psib
	 index_size	374966
	 build_time	5596
	    indexed	1000
	       path	small\1000_100_25_2_1_0_0.001\12\corpus_indexed\psib
	  load_time	306
psip
	 index_size	628283
	 build_time	8188
	    indexed	1000
	       path	small\1000_100_25_2_1_0_0.001\12\corpus_indexed\psip
	  load_time	358
bsib
	 index_size	639932
	 build_time	8330
	    indexed	1000
	       path	small\1000_100_25_2_1_0_0.001\12\corpus_indexed\bsib
	  load_time	343
psim
	 index_size	1241405
	 build_time	15319
	    indexed	1000
	       path	small\1000_100_25_2_1_0_0.001\12\corpus_indexed\psim
	  load_time	312
