label 
corpus_size 740710
false_positive_rate 0.001
location_uncertainty 25
junk_fraction 0
freq_error 0
stemming 0
stop_words 0
secrets 1
	secret
canonical
	 index_size	551685
	 build_time	3806
	    indexed	1000
	       path	small\1000_100_25_2_1_0_0.001\8\corpus_indexed\canonical
	  load_time	358
psib
	 index_size	373318
	 build_time	5506
	    indexed	1000
	       path	small\1000_100_25_2_1_0_0.001\8\corpus_indexed\psib
	  load_time	296
psip
	 index_size	626424
	 build_time	7020
	    indexed	1000
	       path	small\1000_100_25_2_1_0_0.001\8\corpus_indexed\psip
	  load_time	358
bsib
	 index_size	638278
	 build_time	6676
	    indexed	1000
	       path	small\1000_100_25_2_1_0_0.001\8\corpus_indexed\bsib
	  load_time	374
psim
	 index_size	1224609
	 build_time	13939
	    indexed	1000
	       path	small\1000_100_25_2_1_0_0.001\8\corpus_indexed\psim
	  load_time	311
