label 
corpus_size 729414
false_positive_rate 0.001
location_uncertainty 25
junk_fraction 0
freq_error 0
stemming 0
stop_words 0
secrets 1
	secret
canonical
	 index_size	562771
	 build_time	3841
	    indexed	1000
	       path	small\1000_100_25_5_1_0_0.001\3\corpus_indexed\canonical
	  load_time	370
psib
	 index_size	383513
	 build_time	5815
	    indexed	1000
	       path	small\1000_100_25_5_1_0_0.001\3\corpus_indexed\psib
	  load_time	309
psip
	 index_size	639375
	 build_time	8753
	    indexed	1000
	       path	small\1000_100_25_5_1_0_0.001\3\corpus_indexed\psip
	  load_time	358
bsib
	 index_size	644964
	 build_time	7918
	    indexed	1000
	       path	small\1000_100_25_5_1_0_0.001\3\corpus_indexed\bsib
	  load_time	352
psim
	 index_size	1424882
	 build_time	15062
	    indexed	1000
	       path	small\1000_100_25_5_1_0_0.001\3\corpus_indexed\psim
	  load_time	309
