label 
corpus_size 36678772
false_positive_rate 0.001
location_uncertainty 55
junk_fraction 0
freq_error 0
stemming 0
stop_words 0
secrets 1
	secret
canonical
	 index_size	19629993
	 build_time	5985
	    indexed	1000
	       path	\1000_4000_55_3_1_0_0.001\1\corpus_indexed\canonical
	  load_time	1943
bsib
	 index_size	27775242
	 build_time	45283
	    indexed	1000
	       path	\1000_4000_55_3_1_0_0.001\1\corpus_indexed\bsib
	  load_time	2142
psib
	 index_size	31920600
	 build_time	23814
	    indexed	1000
	       path	\1000_4000_55_3_1_0_0.001\1\corpus_indexed\psib
	  load_time	281
psip
	 index_size	23378592
	 build_time	26362
	    indexed	1000
	       path	\1000_4000_55_3_1_0_0.001\1\corpus_indexed\psip
	  load_time	2070
