label 
corpus_size 26291224
false_positive_rate 0.001
location_uncertainty 256
junk_fraction 0
freq_error 0
stemming 0
stop_words 0
secrets 1
	secret
canonical
	 index_size	16300695
	 build_time	3369
	    indexed	100
	       path	set1\100_30100_256_2_1_0_0.001\2\corpus_indexed\canonical
	  load_time	1413
bsib
	 index_size	16916524
	 build_time	28486
	    indexed	100
	       path	set1\100_30100_256_2_1_0_0.001\2\corpus_indexed\bsib
	  load_time	1356
psib
	 index_size	31153380
	 build_time	15378
	    indexed	100
	       path	set1\100_30100_256_2_1_0_0.001\2\corpus_indexed\psib
	  load_time	78
psip
	 index_size	19578076
	 build_time	17260
	    indexed	100
	       path	set1\100_30100_256_2_1_0_0.001\2\corpus_indexed\psip
	  load_time	1603
