label 
corpus_size 805041
false_positive_rate 0.001
location_uncertainty 25
junk_fraction 0
freq_error 0
stemming 0
stop_words 0
secrets 1
	secret
canonical
	 index_size	588867
	 build_time	3818
	    indexed	1000
	       path	small\1000_100_25_8_1_0_0.001\5\corpus_indexed\canonical
	  load_time	386
psib
	 index_size	390822
	 build_time	5465
	    indexed	1000
	       path	small\1000_100_25_8_1_0_0.001\5\corpus_indexed\psib
	  load_time	310
psip
	 index_size	648098
	 build_time	9499
	    indexed	999
	       path	small\1000_100_25_8_1_0_0.001\5\corpus_indexed\psip
	  load_time	358
bsib
	 index_size	649300
	 build_time	7700
	    indexed	1000
	       path	small\1000_100_25_8_1_0_0.001\5\corpus_indexed\bsib
	  load_time	364
psim
	 index_size	1589346
	 build_time	16536
	    indexed	1000
	       path	small\1000_100_25_8_1_0_0.001\5\corpus_indexed\psim
	  load_time	306
