label 
corpus_size 37997903
false_positive_rate 0.001
location_uncertainty 115
junk_fraction 0
freq_error 0
stemming 0
stop_words 0
secrets 1
	secret
canonical
	 index_size	19681930
	 build_time	6084
	    indexed	1000
	       path	\1000_4000_115_3_1_0_0.001\1\corpus_indexed\canonical
	  load_time	1927
bsib
	 index_size	21579421
	 build_time	41272
	    indexed	1000
	       path	\1000_4000_115_3_1_0_0.001\1\corpus_indexed\bsib
	  load_time	1869
psib
	 index_size	17736910
	 build_time	24058
	    indexed	1000
	       path	\1000_4000_115_3_1_0_0.001\1\corpus_indexed\psib
	  load_time	291
psip
	 index_size	23385687
	 build_time	26575
	    indexed	1000
	       path	\1000_4000_115_3_1_0_0.001\1\corpus_indexed\psip
	  load_time	2095
