label 
corpus_size 39067001
false_positive_rate 0.001
location_uncertainty 256
junk_fraction 0
freq_error 0
stemming 0
stop_words 0
secrets 1
	secret
canonical
	 index_size	25789192
	 build_time	5109
	    indexed	100
	       path	set1\100_45100_256_2_1_0_0.001\2\corpus_indexed\canonical
	  load_time	2224
bsib
	 index_size	26621921
	 build_time	42867
	    indexed	100
	       path	set1\100_45100_256_2_1_0_0.001\2\corpus_indexed\bsib
	  load_time	2082
psib
	 index_size	66039990
	 build_time	22695
	    indexed	100
	       path	set1\100_45100_256_2_1_0_0.001\2\corpus_indexed\psib
	  load_time	131
psip
	 index_size	30782811
	 build_time	25496
	    indexed	100
	       path	set1\100_45100_256_2_1_0_0.001\2\corpus_indexed\psip
	  load_time	2489
