label 
corpus_size 731187
false_positive_rate 0.001
location_uncertainty 25
junk_fraction 0
freq_error 0
stemming 0
stop_words 0
secrets 1
	secret
canonical
	 index_size	560843
	 build_time	3088
	    indexed	1000
	       path	small\1000_100_25_4_1_0_0.001\3\corpus_indexed\canonical
	  load_time	374
psib
	 index_size	379585
	 build_time	5569
	    indexed	1000
	       path	small\1000_100_25_4_1_0_0.001\3\corpus_indexed\psib
	  load_time	312
psip
	 index_size	634504
	 build_time	7597
	    indexed	1000
	       path	small\1000_100_25_4_1_0_0.001\3\corpus_indexed\psip
	  load_time	358
bsib
	 index_size	642374
	 build_time	8580
	    indexed	1000
	       path	small\1000_100_25_4_1_0_0.001\3\corpus_indexed\bsib
	  load_time	343
psim
	 index_size	1348580
	 build_time	16240
	    indexed	1000
	       path	small\1000_100_25_4_1_0_0.001\3\corpus_indexed\psim
	  load_time	302
