label 
corpus_size 6379942
false_positive_rate 0.001
location_uncertainty 256
junk_fraction 0
freq_error 0
stemming 0
stop_words 0
secrets 1
	secret
canonical
	 index_size	3622188
	 build_time	892
	    indexed	100
	       path	set1\100_7600_256_2_1_0_0.001\2\corpus_indexed\canonical
	  load_time	378
bsib
	 index_size	3530464
	 build_time	6959
	    indexed	100
	       path	set1\100_7600_256_2_1_0_0.001\2\corpus_indexed\bsib
	  load_time	299
psib
	 index_size	2838780
	 build_time	4296
	    indexed	100
	       path	set1\100_7600_256_2_1_0_0.001\2\corpus_indexed\psib
	  load_time	29
psip
	 index_size	4377147
	 build_time	4694
	    indexed	100
	       path	set1\100_7600_256_2_1_0_0.001\2\corpus_indexed\psip
	  load_time	387
