label 
corpus_size 33185493
false_positive_rate 0.001
location_uncertainty 256
junk_fraction 0
freq_error 0
stemming 0
stop_words 0
secrets 1
	secret
canonical
	 index_size	22912286
	 build_time	14135
	    indexed	1000
	       path	junk0\1000_4000_256_2_1_0_0.001\1\corpus_indexed\canonical
	  load_time	3559
bsib
	 index_size	19813582
	 build_time	94999
	    indexed	1000
	       path	junk0\1000_4000_256_2_1_0_0.001\1\corpus_indexed\bsib
	  load_time	2673
psib
	 index_size	16989536
	 build_time	70868
	    indexed	1000
	       path	junk0\1000_4000_256_2_1_0_0.001\1\corpus_indexed\psib
	  load_time	386
psip
	 index_size	27935543
	 build_time	78015
	    indexed	1000
	       path	junk0\1000_4000_256_2_1_0_0.001\1\corpus_indexed\psip
	  load_time	3668
psif
	 index_size	9808361
	 build_time	70627
	    indexed	1000
	       path	junk0\1000_4000_256_2_1_0_0.001\1\corpus_indexed\psif
	  load_time	377
