label 
corpus_size 2140266
false_positive_rate 0.001
location_uncertainty 256
junk_fraction 0
freq_error 0
stemming 0
stop_words 0
secrets 1
	secret
canonical
	 index_size	1260462
	 build_time	436
	    indexed	100
	       path	\100_2500_256_2_1_0_0.001\3\corpus_indexed\canonical
	  load_time	133
bsib
	 index_size	976175
	 build_time	2391
	    indexed	100
	       path	\100_2500_256_2_1_0_0.001\3\corpus_indexed\bsib
	  load_time	98
psib
	 index_size	554654
	 build_time	1793
	    indexed	100
	       path	\100_2500_256_2_1_0_0.001\3\corpus_indexed\psib
	  load_time	25
psip
	 index_size	1480769
	 build_time	1811
	    indexed	100
	       path	\100_2500_256_2_1_0_0.001\3\corpus_indexed\psip
	  load_time	139
