label 
corpus_size 741076
false_positive_rate 0.001
location_uncertainty 256
junk_fraction 0
freq_error 0
stemming 0
stop_words 0
secrets 1
	secret
canonical
	 index_size	526854
	 build_time	344
	    indexed	100
	       path	\100_1000_256_2_1_0_0.001\1\corpus_indexed\canonical
	  load_time	72
bsib
	 index_size	331745
	 build_time	1010
	    indexed	99
	       path	\100_1000_256_2_1_0_0.001\1\corpus_indexed\bsib
	  load_time	50
psib
	 index_size	188857
	 build_time	831
	    indexed	100
	       path	\100_1000_256_2_1_0_0.001\1\corpus_indexed\psib
	  load_time	24
psip
	 index_size	607085
	 build_time	1039
	    indexed	100
	       path	\100_1000_256_2_1_0_0.001\1\corpus_indexed\psip
	  load_time	73
