label 
corpus_size 6693089
false_positive_rate 0.001
location_uncertainty 256
junk_fraction 0
freq_error 0
stemming 0
stop_words 0
secrets 1
	secret
canonical
	 index_size	3805477
	 build_time	903
	    indexed	100
	       path	\100_8000_256_2_1_0_0.001\3\corpus_indexed\canonical
	  load_time	372
bsib
	 index_size	3749752
	 build_time	7203
	    indexed	100
	       path	\100_8000_256_2_1_0_0.001\3\corpus_indexed\bsib
	  load_time	315
psib
	 index_size	3113110
	 build_time	4426
	    indexed	100
	       path	\100_8000_256_2_1_0_0.001\3\corpus_indexed\psib
	  load_time	29
psip
	 index_size	4600683
	 build_time	5069
	    indexed	100
	       path	\100_8000_256_2_1_0_0.001\3\corpus_indexed\psip
	  load_time	388
