label 
corpus_size 35554990
false_positive_rate 0.001
location_uncertainty 325
junk_fraction 0
freq_error 0
stemming 0
stop_words 0
secrets 1
	secret
canonical
	 index_size	19682027
	 build_time	6120
	    indexed	1000
	       path	\1000_4000_325_3_1_0_0.001\1\corpus_indexed\canonical
	  load_time	1912
bsib
	 index_size	15741847
	 build_time	34886
	    indexed	1000
	       path	\1000_4000_325_3_1_0_0.001\1\corpus_indexed\bsib
	  load_time	1461
psib
	 index_size	9496620
	 build_time	23785
	    indexed	1000
	       path	\1000_4000_325_3_1_0_0.001\1\corpus_indexed\psib
	  load_time	244
psip
	 index_size	23394059
	 build_time	26101
	    indexed	1000
	       path	\1000_4000_325_3_1_0_0.001\1\corpus_indexed\psip
	  load_time	2104
