label 
corpus_size 34534240
false_positive_rate 0.001
location_uncertainty 35
junk_fraction 0
freq_error 0
stemming 0
stop_words 0
secrets 1
	secret
canonical
	 index_size	19620822
	 build_time	6301
	    indexed	1000
	       path	\1000_4000_35_3_1_0_0.001\1\corpus_indexed\canonical
	  load_time	1927
bsib
	 index_size	33414748
	 build_time	49327
	    indexed	1000
	       path	\1000_4000_35_3_1_0_0.001\1\corpus_indexed\bsib
	  load_time	2424
psib
	 index_size	47597823
	 build_time	24338
	    indexed	1000
	       path	\1000_4000_35_3_1_0_0.001\1\corpus_indexed\psib
	  load_time	307
psip
	 index_size	23376080
	 build_time	26715
	    indexed	1000
	       path	\1000_4000_35_3_1_0_0.001\1\corpus_indexed\psip
	  load_time	2047
