label 
corpus_size 32943421
false_positive_rate 0.001
location_uncertainty 256
junk_fraction 0.3
freq_error 0
stemming 0
stop_words 0
secrets 1
	secret
canonical
	 index_size	22865357
	 build_time	6601
	    indexed	1000
	       path	junk3\1000_4000_256_2_1_0_0.001\1\corpus_indexed\canonical
	  load_time	2304
bsib
	 index_size	25410435
	 build_time	50611
	    indexed	1000
	       path	junk3\1000_4000_256_2_1_0_0.001\1\corpus_indexed\bsib
	  load_time	2258
psif
	 index_size	12807353
	 build_time	32763
	    indexed	1000
	       path	junk3\1000_4000_256_2_1_0_0.001\1\corpus_indexed\psif
	  load_time	258
psip
	 index_size	38570411
	 build_time	37552
	    indexed	1000
	       path	junk3\1000_4000_256_2_1_0_0.001\1\corpus_indexed\psip
	  load_time	3379
psib
	 index_size	22970393
	 build_time	33624
	    indexed	1000
	       path	junk3\1000_4000_256_2_1_0_0.001\1\corpus_indexed\psib
	  load_time	273
