label 
corpus_size 31281789
false_positive_rate 0.001
location_uncertainty 256
junk_fraction 0
freq_error 0
stemming 0
stop_words 0
secrets 1
	secret
canonical
	 index_size	21054942
	 build_time	3947
	    indexed	100
	       path	set1\100_37600_256_2_1_0_0.001\3\corpus_indexed\canonical
	  load_time	1839
bsib
	 index_size	21703361
	 build_time	35258
	    indexed	100
	       path	set1\100_37600_256_2_1_0_0.001\3\corpus_indexed\bsib
	  load_time	1715
psib
	 index_size	46899848
	 build_time	18958
	    indexed	100
	       path	set1\100_37600_256_2_1_0_0.001\3\corpus_indexed\psib
	  load_time	103
psip
	 index_size	25189147
	 build_time	20898
	    indexed	100
	       path	set1\100_37600_256_2_1_0_0.001\3\corpus_indexed\psip
	  load_time	2018
