label 
corpus_size 35631879
false_positive_rate 0.001
location_uncertainty 375
junk_fraction 0
freq_error 0
stemming 0
stop_words 0
secrets 1
	secret
canonical
	 index_size	19598555
	 build_time	6066
	    indexed	1000
	       path	\1000_4000_375_3_1_0_0.001\1\corpus_indexed\canonical
	  load_time	1915
bsib
	 index_size	14957206
	 build_time	34015
	    indexed	1000
	       path	\1000_4000_375_3_1_0_0.001\1\corpus_indexed\bsib
	  load_time	1383
psib
	 index_size	8753537
	 build_time	23647
	    indexed	1000
	       path	\1000_4000_375_3_1_0_0.001\1\corpus_indexed\psib
	  load_time	244
psip
	 index_size	23406572
	 build_time	26190
	    indexed	1000
	       path	\1000_4000_375_3_1_0_0.001\1\corpus_indexed\psip
	  load_time	2054
