label 
corpus_size 30707777
false_positive_rate 0.001
location_uncertainty 65
junk_fraction 0
freq_error 0
stemming 0
stop_words 0
secrets 1
	secret
canonical
	 index_size	19604452
	 build_time	5881
	    indexed	1000
	       path	\1000_4000_65_3_1_0_0.001\1\corpus_indexed\canonical
	  load_time	1923
bsib
	 index_size	26223685
	 build_time	44296
	    indexed	1000
	       path	\1000_4000_65_3_1_0_0.001\1\corpus_indexed\bsib
	  load_time	2080
psib
	 index_size	27793668
	 build_time	23823
	    indexed	1000
	       path	\1000_4000_65_3_1_0_0.001\1\corpus_indexed\psib
	  load_time	276
psip
	 index_size	23374502
	 build_time	25974
	    indexed	1000
	       path	\1000_4000_65_3_1_0_0.001\1\corpus_indexed\psip
	  load_time	2067
