label 
corpus_size 33750312
false_positive_rate 0.001
location_uncertainty 135
junk_fraction 0
freq_error 0
stemming 0
stop_words 0
secrets 1
	secret
canonical
	 index_size	19649129
	 build_time	6017
	    indexed	1000
	       path	\1000_4000_135_3_1_0_0.001\1\corpus_indexed\canonical
	  load_time	1951
bsib
	 index_size	20543159
	 build_time	40414
	    indexed	1000
	       path	\1000_4000_135_3_1_0_0.001\1\corpus_indexed\bsib
	  load_time	1777
psib
	 index_size	15845576
	 build_time	24631
	    indexed	1000
	       path	\1000_4000_135_3_1_0_0.001\1\corpus_indexed\psib
	  load_time	256
psip
	 index_size	23375812
	 build_time	26240
	    indexed	1000
	       path	\1000_4000_135_3_1_0_0.001\1\corpus_indexed\psip
	  load_time	2067
