label 
corpus_size 761038
false_positive_rate 0.001
location_uncertainty 25
junk_fraction 0
freq_error 0
stemming 0
stop_words 0
secrets 1
	secret
canonical
	 index_size	549072
	 build_time	3744
	    indexed	1000
	       path	small\1000_100_25_2_1_0_0.001\11\corpus_indexed\canonical
	  load_time	374
psib
	 index_size	373759
	 build_time	5740
	    indexed	1000
	       path	small\1000_100_25_2_1_0_0.001\11\corpus_indexed\psib
	  load_time	296
psip
	 index_size	626623
	 build_time	7472
	    indexed	1000
	       path	small\1000_100_25_2_1_0_0.001\11\corpus_indexed\psip
	  load_time	358
bsib
	 index_size	639569
	 build_time	7768
	    indexed	1000
	       path	small\1000_100_25_2_1_0_0.001\11\corpus_indexed\bsib
	  load_time	358
psim
	 index_size	1227110
	 build_time	13010
	    indexed	1000
	       path	small\1000_100_25_2_1_0_0.001\11\corpus_indexed\psim
	  load_time	312
