label 
corpus_size 711495
false_positive_rate 0.001
location_uncertainty 25
junk_fraction 0
freq_error 0
stemming 0
stop_words 0
secrets 1
	secret
canonical
	 index_size	544212
	 build_time	3619
	    indexed	1000
	       path	small\1000_100_25_2_1_0_0.001\15\corpus_indexed\canonical
	  load_time	374
psib
	 index_size	372905
	 build_time	5553
	    indexed	1000
	       path	small\1000_100_25_2_1_0_0.001\15\corpus_indexed\psib
	  load_time	312
psip
	 index_size	625681
	 build_time	8673
	    indexed	1000
	       path	small\1000_100_25_2_1_0_0.001\15\corpus_indexed\psip
	  load_time	358
bsib
	 index_size	638995
	 build_time	8408
	    indexed	1000
	       path	small\1000_100_25_2_1_0_0.001\15\corpus_indexed\bsib
	  load_time	358
psim
	 index_size	1229560
	 build_time	14736
	    indexed	1000
	       path	small\1000_100_25_2_1_0_0.001\15\corpus_indexed\psim
	  load_time	307
