label 
corpus_size 33011609
false_positive_rate 0.001
location_uncertainty 256
junk_fraction 0.2
freq_error 0
stemming 0
stop_words 0
secrets 1
	secret
canonical
	 index_size	22883686
	 build_time	6804
	    indexed	1000
	       path	junk2\1000_4000_256_2_1_0_0.001\2\corpus_indexed\canonical
	  load_time	2292
bsib
	 index_size	23545697
	 build_time	49776
	    indexed	1000
	       path	junk2\1000_4000_256_2_1_0_0.001\2\corpus_indexed\bsib
	  load_time	2105
psif
	 index_size	11429389
	 build_time	32984
	    indexed	1000
	       path	junk2\1000_4000_256_2_1_0_0.001\2\corpus_indexed\psif
	  load_time	253
psip
	 index_size	34029182
	 build_time	36523
	    indexed	1000
	       path	junk2\1000_4000_256_2_1_0_0.001\2\corpus_indexed\psip
	  load_time	3012
psib
	 index_size	20332430
	 build_time	33199
	    indexed	1000
	       path	junk2\1000_4000_256_2_1_0_0.001\2\corpus_indexed\psib
	  load_time	270
