label 
corpus_size 766429
false_positive_rate 0.001
location_uncertainty 25
junk_fraction 0
freq_error 0
stemming 0
stop_words 0
secrets 1
	secret
canonical
	 index_size	587312
	 build_time	2948
	    indexed	1000
	       path	small\1000_100_25_6_1_0_0.001\11\corpus_indexed\canonical
	  load_time	374
psib
	 index_size	387029
	 build_time	5709
	    indexed	1000
	       path	small\1000_100_25_6_1_0_0.001\11\corpus_indexed\psib
	  load_time	312
psip
	 index_size	643737
	 build_time	8548
	    indexed	1000
	       path	small\1000_100_25_6_1_0_0.001\11\corpus_indexed\psip
	  load_time	358
bsib
	 index_size	646889
	 build_time	7378
	    indexed	1000
	       path	small\1000_100_25_6_1_0_0.001\11\corpus_indexed\bsib
	  load_time	343
psim
	 index_size	1475644
	 build_time	15038
	    indexed	1000
	       path	small\1000_100_25_6_1_0_0.001\11\corpus_indexed\psim
	  load_time	312
