label 
corpus_size 5364762
false_positive_rate 0.001
location_uncertainty 256
junk_fraction 0
freq_error 0
stemming 0
stop_words 0
secrets 1
	secret
canonical
	 index_size	3616500
	 build_time	853
	    indexed	100
	       path	set1\100_7600_256_2_1_0_0.001\1\corpus_indexed\canonical
	  load_time	375
bsib
	 index_size	3496234
	 build_time	6847
	    indexed	99
	       path	set1\100_7600_256_2_1_0_0.001\1\corpus_indexed\bsib
	  load_time	292
psib
	 index_size	2839376
	 build_time	4163
	    indexed	100
	       path	set1\100_7600_256_2_1_0_0.001\1\corpus_indexed\psib
	  load_time	29
psip
	 index_size	4377154
	 build_time	4629
	    indexed	100
	       path	set1\100_7600_256_2_1_0_0.001\1\corpus_indexed\psip
	  load_time	372
