label 
corpus_size 30385788
false_positive_rate 0.001
location_uncertainty 140
junk_fraction 0
freq_error 0
stemming 0
stop_words 0
secrets 1
	secret
canonical
	 index_size	19620378
	 build_time	5695
	    indexed	1000
	       path	\1000_4000_140_3_1_0_0.001\1\corpus_indexed\canonical
	  load_time	1939
bsib
	 index_size	20324444
	 build_time	39487
	    indexed	1000
	       path	\1000_4000_140_3_1_0_0.001\1\corpus_indexed\bsib
	  load_time	1717
psib
	 index_size	15471391
	 build_time	24243
	    indexed	1000
	       path	\1000_4000_140_3_1_0_0.001\1\corpus_indexed\psib
	  load_time	254
psip
	 index_size	23374660
	 build_time	26121
	    indexed	1000
	       path	\1000_4000_140_3_1_0_0.001\1\corpus_indexed\psip
	  load_time	2083
