label 
corpus_size 747321
false_positive_rate 0.001
location_uncertainty 25
junk_fraction 0
freq_error 0
stemming 0
stop_words 0
secrets 1
	secret
canonical
	 index_size	580157
	 build_time	3653
	    indexed	1000
	       path	small\1000_100_25_7_1_0_0.001\10\corpus_indexed\canonical
	  load_time	367
psib
	 index_size	388760
	 build_time	5641
	    indexed	1000
	       path	small\1000_100_25_7_1_0_0.001\10\corpus_indexed\psib
	  load_time	306
psip
	 index_size	645176
	 build_time	7778
	    indexed	999
	       path	small\1000_100_25_7_1_0_0.001\10\corpus_indexed\psip
	  load_time	356
bsib
	 index_size	648286
	 build_time	7356
	    indexed	1000
	       path	small\1000_100_25_7_1_0_0.001\10\corpus_indexed\bsib
	  load_time	350
psim
	 index_size	1525467
	 build_time	15255
	    indexed	1000
	       path	small\1000_100_25_7_1_0_0.001\10\corpus_indexed\psim
	  load_time	310
