label 
corpus_size 6275508
false_positive_rate 0.001
location_uncertainty 256
junk_fraction 0
freq_error 0
stemming 0
stop_words 0
secrets 1
	secret
canonical
	 index_size	3618905
	 build_time	891
	    indexed	100
	       path	set1\100_7600_256_2_1_0_0.001\3\corpus_indexed\canonical
	  load_time	383
bsib
	 index_size	3532831
	 build_time	6953
	    indexed	100
	       path	set1\100_7600_256_2_1_0_0.001\3\corpus_indexed\bsib
	  load_time	311
psib
	 index_size	2840792
	 build_time	4233
	    indexed	100
	       path	set1\100_7600_256_2_1_0_0.001\3\corpus_indexed\psib
	  load_time	30
psip
	 index_size	4378124
	 build_time	4740
	    indexed	100
	       path	set1\100_7600_256_2_1_0_0.001\3\corpus_indexed\psip
	  load_time	377
