label 
corpus_size 31940358
false_positive_rate 0.001
location_uncertainty 90
junk_fraction 0
freq_error 0
stemming 0
stop_words 0
secrets 1
	secret
canonical
	 index_size	19632891
	 build_time	5813
	    indexed	1000
	       path	\1000_4000_90_3_1_0_0.001\1\corpus_indexed\canonical
	  load_time	1938
bsib
	 index_size	23362607
	 build_time	41403
	    indexed	1000
	       path	\1000_4000_90_3_1_0_0.001\1\corpus_indexed\bsib
	  load_time	1979
psib
	 index_size	21433665
	 build_time	23562
	    indexed	1000
	       path	\1000_4000_90_3_1_0_0.001\1\corpus_indexed\psib
	  load_time	298
psip
	 index_size	23370039
	 build_time	26261
	    indexed	1000
	       path	\1000_4000_90_3_1_0_0.001\1\corpus_indexed\psip
	  load_time	2038
