label 
corpus_size 766399
false_positive_rate 0.001
location_uncertainty 25
junk_fraction 0
freq_error 0
stemming 0
stop_words 0
secrets 1
	secret
canonical
	 index_size	556661
	 build_time	3588
	    indexed	1000
	       path	small\1000_100_25_5_1_0_0.001\12\corpus_indexed\canonical
	  load_time	390
psib
	 index_size	384130
	 build_time	5865
	    indexed	1000
	       path	small\1000_100_25_5_1_0_0.001\12\corpus_indexed\psib
	  load_time	312
psip
	 index_size	640098
	 build_time	8377
	    indexed	1000
	       path	small\1000_100_25_5_1_0_0.001\12\corpus_indexed\psip
	  load_time	358
bsib
	 index_size	645307
	 build_time	8205
	    indexed	1000
	       path	small\1000_100_25_5_1_0_0.001\12\corpus_indexed\bsib
	  load_time	343
psim
	 index_size	1417593
	 build_time	14525
	    indexed	1000
	       path	small\1000_100_25_5_1_0_0.001\12\corpus_indexed\psim
	  load_time	311
