label 
corpus_size 664364
false_positive_rate 0.001
location_uncertainty 25
junk_fraction 0
freq_error 0
stemming 0
stop_words 0
secrets 1
	secret
canonical
	 index_size	541603
	 build_time	3510
	    indexed	1000
	       path	small\1000_100_25_2_1_0_0.001\3\corpus_indexed\canonical
	  load_time	364
psib
	 index_size	372604
	 build_time	5620
	    indexed	1000
	       path	small\1000_100_25_2_1_0_0.001\3\corpus_indexed\psib
	  load_time	306
psip
	 index_size	625497
	 build_time	7306
	    indexed	1000
	       path	small\1000_100_25_2_1_0_0.001\3\corpus_indexed\psip
	  load_time	356
bsib
	 index_size	638217
	 build_time	7098
	    indexed	1000
	       path	small\1000_100_25_2_1_0_0.001\3\corpus_indexed\bsib
	  load_time	350
psim
	 index_size	1224882
	 build_time	14112
	    indexed	1000
	       path	small\1000_100_25_2_1_0_0.001\3\corpus_indexed\psim
	  load_time	307
