label 
corpus_size 33004774
false_positive_rate 0.001
location_uncertainty 256
junk_fraction 0
freq_error 0
stemming 0
stop_words 0
secrets 1
	secret
canonical
	 index_size	22829270
	 build_time	6790
	    indexed	1000
	       path	junk0\1000_4000_256_1_1_0_0.001\2\corpus_indexed\canonical
	  load_time	2273
psip
	 index_size	27919516
	 build_time	39208
	    indexed	1000
	       path	junk0\1000_4000_256_1_1_0_0.001\2\corpus_indexed\psip
	  load_time	2404
psif
	 index_size	9789697
	 build_time	34984
	    indexed	1000
	       path	junk0\1000_4000_256_1_1_0_0.001\2\corpus_indexed\psif
	  load_time	253
