label 
corpus_size 700327
false_positive_rate 0.001
location_uncertainty 25
junk_fraction 0
freq_error 0
stemming 0
stop_words 0
secrets 1
	secret
canonical
	 index_size	539506
	 build_time	3747
	    indexed	1000
	       path	small\1000_100_25_3_1_0_0.001\9\corpus_indexed\canonical
	  load_time	369
psib
	 index_size	376628
	 build_time	5740
	    indexed	1000
	       path	small\1000_100_25_3_1_0_0.001\9\corpus_indexed\psib
	  load_time	317
psip
	 index_size	630596
	 build_time	8240
	    indexed	1000
	       path	small\1000_100_25_3_1_0_0.001\9\corpus_indexed\psip
	  load_time	363
bsib
	 index_size	640645
	 build_time	8913
	    indexed	1000
	       path	small\1000_100_25_3_1_0_0.001\9\corpus_indexed\bsib
	  load_time	355
psim
	 index_size	1295778
	 build_time	15684
	    indexed	1000
	       path	small\1000_100_25_3_1_0_0.001\9\corpus_indexed\psim
	  load_time	310
