label 
corpus_size 32943222
false_positive_rate 0.001
location_uncertainty 256
junk_fraction 0
freq_error 0
stemming 0
stop_words 0
secrets 1
	secret
canonical
	 index_size	22816955
	 build_time	6712
	    indexed	1000
	       path	junk0\1000_4000_256_1_1_0_0.001\1\corpus_indexed\canonical
	  load_time	2306
psip
	 index_size	27919167
	 build_time	39778
	    indexed	1000
	       path	junk0\1000_4000_256_1_1_0_0.001\1\corpus_indexed\psip
	  load_time	2425
psif
	 index_size	9789409
	 build_time	35451
	    indexed	1000
	       path	junk0\1000_4000_256_1_1_0_0.001\1\corpus_indexed\psif
	  load_time	252
