label 
corpus_size 683242
false_positive_rate 0.001
location_uncertainty 25
junk_fraction 0
freq_error 0
stemming 0
stop_words 0
secrets 1
	secret
canonical
	 index_size	567322
	 build_time	3827
	    indexed	1000
	       path	small\1000_100_25_7_1_0_0.001\15\corpus_indexed\canonical
	  load_time	366
psib
	 index_size	390704
	 build_time	5727
	    indexed	1000
	       path	small\1000_100_25_7_1_0_0.001\15\corpus_indexed\psib
	  load_time	308
psip
	 index_size	648401
	 build_time	8923
	    indexed	1000
	       path	small\1000_100_25_7_1_0_0.001\15\corpus_indexed\psip
	  load_time	359
bsib
	 index_size	649914
	 build_time	7339
	    indexed	1000
	       path	small\1000_100_25_7_1_0_0.001\15\corpus_indexed\bsib
	  load_time	350
psim
	 index_size	1554311
	 build_time	16130
	    indexed	1000
	       path	small\1000_100_25_7_1_0_0.001\15\corpus_indexed\psim
	  load_time	312
