label 
corpus_size 2828029
false_positive_rate 0.001
location_uncertainty 256
junk_fraction 0
freq_error 0
stemming 0
stop_words 0
secrets 1
	secret
canonical
	 index_size	1495255
	 build_time	562
	    indexed	100
	       path	\100_3000_256_2_1_0_0.001\1\corpus_indexed\canonical
	  load_time	153
bsib
	 index_size	1209178
	 build_time	2716
	    indexed	100
	       path	\100_3000_256_2_1_0_0.001\1\corpus_indexed\bsib
	  load_time	118
psib
	 index_size	708619
	 build_time	1970
	    indexed	100
	       path	\100_3000_256_2_1_0_0.001\1\corpus_indexed\psib
	  load_time	25
psip
	 index_size	1768282
	 build_time	2392
	    indexed	100
	       path	\100_3000_256_2_1_0_0.001\1\corpus_indexed\psip
	  load_time	164
