label 
corpus_size 765410
false_positive_rate 0.001
location_uncertainty 25
junk_fraction 0
freq_error 0
stemming 0
stop_words 0
secrets 1
	secret
canonical
	 index_size	589467
	 build_time	3824
	    indexed	1000
	       path	small\1000_100_25_8_1_0_0.001\9\corpus_indexed\canonical
	  load_time	394
psib
	 index_size	391263
	 build_time	5765
	    indexed	1000
	       path	small\1000_100_25_8_1_0_0.001\9\corpus_indexed\psib
	  load_time	307
psip
	 index_size	649299
	 build_time	8580
	    indexed	1000
	       path	small\1000_100_25_8_1_0_0.001\9\corpus_indexed\psip
	  load_time	356
bsib
	 index_size	650216
	 build_time	8102
	    indexed	1000
	       path	small\1000_100_25_8_1_0_0.001\9\corpus_indexed\bsib
	  load_time	374
psim
	 index_size	1600298
	 build_time	15138
	    indexed	1000
	       path	small\1000_100_25_8_1_0_0.001\9\corpus_indexed\psim
	  load_time	337
