label 
corpus_size 748348
false_positive_rate 0.001
location_uncertainty 25
junk_fraction 0
freq_error 0
stemming 0
stop_words 0
secrets 1
	secret
canonical
	 index_size	558125
	 build_time	3831
	    indexed	1000
	       path	small\1000_100_25_4_1_0_0.001\6\corpus_indexed\canonical
	  load_time	366
psib
	 index_size	378487
	 build_time	5542
	    indexed	1000
	       path	small\1000_100_25_4_1_0_0.001\6\corpus_indexed\psib
	  load_time	306
psip
	 index_size	632376
	 build_time	7804
	    indexed	999
	       path	small\1000_100_25_4_1_0_0.001\6\corpus_indexed\psip
	  load_time	359
bsib
	 index_size	641218
	 build_time	7439
	    indexed	1000
	       path	small\1000_100_25_4_1_0_0.001\6\corpus_indexed\bsib
	  load_time	402
psim
	 index_size	1338678
	 build_time	15046
	    indexed	1000
	       path	small\1000_100_25_4_1_0_0.001\6\corpus_indexed\psim
	  load_time	308
