label 
corpus_size 54115404
false_positive_rate 0.001
location_uncertainty 256
junk_fraction 0
freq_error 0
stemming 0
stop_words 0
secrets 1
	secret
canonical
	 index_size	39858430
	 build_time	7215
	    indexed	100
	       path	set1\100_67600_256_2_1_0_0.001\1\corpus_indexed\canonical
	  load_time	3378
bsib
	 index_size	41928044
	 build_time	65278
	    indexed	100
	       path	set1\100_67600_256_2_1_0_0.001\1\corpus_indexed\bsib
	  load_time	3268
psib
	 index_size	141606628
	 build_time	34029
	    indexed	100
	       path	set1\100_67600_256_2_1_0_0.001\1\corpus_indexed\psib
	  load_time	243
psip
	 index_size	47530764
	 build_time	36865
	    indexed	100
	       path	set1\100_67600_256_2_1_0_0.001\1\corpus_indexed\psip
	  load_time	3926
