label 
corpus_size 789270
false_positive_rate 0.001
location_uncertainty 25
junk_fraction 0
freq_error 0
stemming 0
stop_words 0
secrets 1
	secret
canonical
	 index_size	586238
	 build_time	3790
	    indexed	1000
	       path	small\1000_100_25_7_1_0_0.001\6\corpus_indexed\canonical
	  load_time	358
psib
	 index_size	388902
	 build_time	5517
	    indexed	1000
	       path	small\1000_100_25_7_1_0_0.001\6\corpus_indexed\psib
	  load_time	311
psip
	 index_size	645722
	 build_time	7687
	    indexed	999
	       path	small\1000_100_25_7_1_0_0.001\6\corpus_indexed\psip
	  load_time	358
bsib
	 index_size	648273
	 build_time	8970
	    indexed	1000
	       path	small\1000_100_25_7_1_0_0.001\6\corpus_indexed\bsib
	  load_time	354
psim
	 index_size	1539251
	 build_time	15417
	    indexed	1000
	       path	small\1000_100_25_7_1_0_0.001\6\corpus_indexed\psim
	  load_time	310
