label 
corpus_size 756659
false_positive_rate 0.001
location_uncertainty 25
junk_fraction 0
freq_error 0
stemming 0
stop_words 0
secrets 1
	secret
canonical
	 index_size	586244
	 build_time	3166
	    indexed	1000
	       path	small\1000_100_25_7_1_0_0.001\4\corpus_indexed\canonical
	  load_time	374
psib
	 index_size	388774
	 build_time	5428
	    indexed	1000
	       path	small\1000_100_25_7_1_0_0.001\4\corpus_indexed\psib
	  load_time	312
psip
	 index_size	646085
	 build_time	8439
	    indexed	1000
	       path	small\1000_100_25_7_1_0_0.001\4\corpus_indexed\psip
	  load_time	358
bsib
	 index_size	647948
	 build_time	8782
	    indexed	1000
	       path	small\1000_100_25_7_1_0_0.001\4\corpus_indexed\bsib
	  load_time	358
psim
	 index_size	1533313
	 build_time	15246
	    indexed	1000
	       path	small\1000_100_25_7_1_0_0.001\4\corpus_indexed\psim
	  load_time	310
