label 
corpus_size 19626727
false_positive_rate 0.001
location_uncertainty 256
junk_fraction 0
freq_error 0
stemming 0
stop_words 0
secrets 1
	secret
canonical
	 index_size	11531893
	 build_time	2599
	    indexed	100
	       path	set1\100_22600_256_2_1_0_0.001\1\corpus_indexed\canonical
	  load_time	1024
bsib
	 index_size	12231201
	 build_time	21013
	    indexed	100
	       path	set1\100_22600_256_2_1_0_0.001\1\corpus_indexed\bsib
	  load_time	975
psib
	 index_size	18564027
	 build_time	11799
	    indexed	100
	       path	set1\100_22600_256_2_1_0_0.001\1\corpus_indexed\psib
	  load_time	56
psip
	 index_size	13957078
	 build_time	12964
	    indexed	100
	       path	set1\100_22600_256_2_1_0_0.001\1\corpus_indexed\psip
	  load_time	1135
