label 
corpus_size 817882
false_positive_rate 0.001
location_uncertainty 25
junk_fraction 0
freq_error 0
stemming 0
stop_words 0
secrets 1
	secret
canonical
	 index_size	570331
	 build_time	3276
	    indexed	1000
	       path	small\1000_100_25_5_1_0_0.001\4\corpus_indexed\canonical
	  load_time	390
psib
	 index_size	382554
	 build_time	5413
	    indexed	1000
	       path	small\1000_100_25_5_1_0_0.001\4\corpus_indexed\psib
	  load_time	312
psip
	 index_size	638253
	 build_time	9406
	    indexed	1000
	       path	small\1000_100_25_5_1_0_0.001\4\corpus_indexed\psip
	  load_time	358
bsib
	 index_size	644408
	 build_time	7956
	    indexed	1000
	       path	small\1000_100_25_5_1_0_0.001\4\corpus_indexed\bsib
	  load_time	343
psim
	 index_size	1407437
	 build_time	14898
	    indexed	1000
	       path	small\1000_100_25_5_1_0_0.001\4\corpus_indexed\psim
	  load_time	311
