label 
corpus_size 33153132
false_positive_rate 0.001
location_uncertainty 256
junk_fraction 0.05
freq_error 0
stemming 0
stop_words 0
secrets 1
	secret
canonical
	 index_size	22858381
	 build_time	14192
	    indexed	1000
	       path	junk05\1000_4000_256_1_1_0_0.001\3\corpus_indexed\canonical
	  load_time	3524
bsib
	 index_size	20746217
	 build_time	97711
	    indexed	1000
	       path	junk05\1000_4000_256_1_1_0_0.001\3\corpus_indexed\bsib
	  load_time	2844
psif
	 index_size	10028694
	 build_time	70735
	    indexed	1000
	       path	junk05\1000_4000_256_1_1_0_0.001\3\corpus_indexed\psif
	  load_time	371
psip
	 index_size	29082449
	 build_time	76248
	    indexed	1000
	       path	junk05\1000_4000_256_1_1_0_0.001\3\corpus_indexed\psip
	  load_time	3865
psib
	 index_size	17508458
	 build_time	68197
	    indexed	1000
	       path	junk05\1000_4000_256_1_1_0_0.001\3\corpus_indexed\psib
	  load_time	391
