label 
corpus_size 778764
false_positive_rate 0.001
location_uncertainty 25
junk_fraction 0
freq_error 0
stemming 0
stop_words 0
secrets 1
	secret
canonical
	 index_size	582291
	 build_time	3870
	    indexed	1000
	       path	small\1000_100_25_6_1_0_0.001\3\corpus_indexed\canonical
	  load_time	369
psib
	 index_size	385065
	 build_time	5544
	    indexed	1000
	       path	small\1000_100_25_6_1_0_0.001\3\corpus_indexed\psib
	  load_time	307
psip
	 index_size	641352
	 build_time	8443
	    indexed	1000
	       path	small\1000_100_25_6_1_0_0.001\3\corpus_indexed\psip
	  load_time	361
bsib
	 index_size	645102
	 build_time	7934
	    indexed	1000
	       path	small\1000_100_25_6_1_0_0.001\3\corpus_indexed\bsib
	  load_time	348
psim
	 index_size	1455005
	 build_time	15736
	    indexed	1000
	       path	small\1000_100_25_6_1_0_0.001\3\corpus_indexed\psim
	  load_time	309
