label 
corpus_size 3953390
false_positive_rate 0.001
location_uncertainty 256
junk_fraction 0
freq_error 0
stemming 0
stop_words 0
secrets 1
	secret
canonical
	 index_size	2428614
	 build_time	646
	    indexed	100
	       path	\100_5000_256_2_1_0_0.001\2\corpus_indexed\canonical
	  load_time	234
bsib
	 index_size	2183181
	 build_time	5210
	    indexed	100
	       path	\100_5000_256_2_1_0_0.001\2\corpus_indexed\bsib
	  load_time	193
psib
	 index_size	1484882
	 build_time	2970
	    indexed	100
	       path	\100_5000_256_2_1_0_0.001\2\corpus_indexed\psib
	  load_time	26
psip
	 index_size	2909827
	 build_time	3413
	    indexed	100
	       path	\100_5000_256_2_1_0_0.001\2\corpus_indexed\psip
	  load_time	264
