label 
corpus_size 4733716
false_positive_rate 0.001
location_uncertainty 256
junk_fraction 0
freq_error 0
stemming 0
stop_words 0
secrets 1
	secret
canonical
	 index_size	2661813
	 build_time	781
	    indexed	100
	       path	\100_5500_256_2_1_0_0.001\1\corpus_indexed\canonical
	  load_time	267
bsib
	 index_size	2430794
	 build_time	5070
	    indexed	100
	       path	\100_5500_256_2_1_0_0.001\1\corpus_indexed\bsib
	  load_time	211
psib
	 index_size	1711692
	 build_time	3125
	    indexed	100
	       path	\100_5500_256_2_1_0_0.001\1\corpus_indexed\psib
	  load_time	27
psip
	 index_size	3189278
	 build_time	3564
	    indexed	100
	       path	\100_5500_256_2_1_0_0.001\1\corpus_indexed\psip
	  load_time	272
