label 
corpus_size 30164263
false_positive_rate 0.001
location_uncertainty 100
junk_fraction 0
freq_error 0
stemming 0
stop_words 0
secrets 1
	secret
canonical
	 index_size	19624275
	 build_time	5832
	    indexed	1000
	       path	\1000_4000_100_3_1_0_0.001\1\corpus_indexed\canonical
	  load_time	1921
bsib
	 index_size	22500778
	 build_time	40982
	    indexed	1000
	       path	\1000_4000_100_3_1_0_0.001\1\corpus_indexed\bsib
	  load_time	1868
psib
	 index_size	19580913
	 build_time	23690
	    indexed	1000
	       path	\1000_4000_100_3_1_0_0.001\1\corpus_indexed\psib
	  load_time	261
psip
	 index_size	23375994
	 build_time	25726
	    indexed	1000
	       path	\1000_4000_100_3_1_0_0.001\1\corpus_indexed\psip
	  load_time	2123
