label 
corpus_size 29659585
false_positive_rate 0.001
location_uncertainty 250
junk_fraction 0
freq_error 0
stemming 0
stop_words 0
secrets 1
	secret
canonical
	 index_size	19582619
	 build_time	5630
	    indexed	1000
	       path	\1000_4000_250_3_1_0_0.001\1\corpus_indexed\canonical
	  load_time	1943
bsib
	 index_size	16847966
	 build_time	35742
	    indexed	1000
	       path	\1000_4000_250_3_1_0_0.001\1\corpus_indexed\bsib
	  load_time	1526
psib
	 index_size	10610151
	 build_time	23288
	    indexed	1000
	       path	\1000_4000_250_3_1_0_0.001\1\corpus_indexed\psib
	  load_time	244
psip
	 index_size	23375586
	 build_time	25570
	    indexed	1000
	       path	\1000_4000_250_3_1_0_0.001\1\corpus_indexed\psip
	  load_time	2053
