label 
corpus_size 10483843
false_positive_rate 0.001
location_uncertainty 256
junk_fraction 0
freq_error 0
stemming 0
stop_words 0
secrets 1
	secret
canonical
	 index_size	6981806
	 build_time	1778
	    indexed	100
	       path	set1\100_15100_256_2_1_0_0.001\3\corpus_indexed\canonical
	  load_time	629
bsib
	 index_size	7654278
	 build_time	13702
	    indexed	99
	       path	set1\100_15100_256_2_1_0_0.001\3\corpus_indexed\bsib
	  load_time	628
psib
	 index_size	8992321
	 build_time	7688
	    indexed	100
	       path	set1\100_15100_256_2_1_0_0.001\3\corpus_indexed\psib
	  load_time	39
psip
	 index_size	8565058
	 build_time	8565
	    indexed	100
	       path	set1\100_15100_256_2_1_0_0.001\3\corpus_indexed\psip
	  load_time	723
