label 
corpus_size 804739
false_positive_rate 0.001
location_uncertainty 25
junk_fraction 0
freq_error 0
stemming 0
stop_words 0
secrets 1
	secret
canonical
	 index_size	552617
	 build_time	3386
	    indexed	1000
	       path	small\1000_100_25_2_1_0_0.001\2\corpus_indexed\canonical
	  load_time	378
psib
	 index_size	373362
	 build_time	5718
	    indexed	1000
	       path	small\1000_100_25_2_1_0_0.001\2\corpus_indexed\psib
	  load_time	317
psip
	 index_size	626479
	 build_time	8821
	    indexed	1000
	       path	small\1000_100_25_2_1_0_0.001\2\corpus_indexed\psip
	  load_time	359
bsib
	 index_size	638719
	 build_time	7471
	    indexed	1000
	       path	small\1000_100_25_2_1_0_0.001\2\corpus_indexed\bsib
	  load_time	353
psim
	 index_size	1233140
	 build_time	15298
	    indexed	1000
	       path	small\1000_100_25_2_1_0_0.001\2\corpus_indexed\psim
	  load_time	311
