label 
corpus_size 733862
false_positive_rate 0.001
location_uncertainty 25
junk_fraction 0
freq_error 0
stemming 0
stop_words 0
secrets 1
	secret
canonical
	 index_size	559801
	 build_time	3659
	    indexed	1000
	       path	small\1000_100_25_4_1_0_0.001\8\corpus_indexed\canonical
	  load_time	365
psib
	 index_size	379457
	 build_time	5547
	    indexed	999
	       path	small\1000_100_25_4_1_0_0.001\8\corpus_indexed\psib
	  load_time	296
psip
	 index_size	634809
	 build_time	8860
	    indexed	1000
	       path	small\1000_100_25_4_1_0_0.001\8\corpus_indexed\psip
	  load_time	358
bsib
	 index_size	641845
	 build_time	8283
	    indexed	999
	       path	small\1000_100_25_4_1_0_0.001\8\corpus_indexed\bsib
	  load_time	343
psim
	 index_size	1353767
	 build_time	15225
	    indexed	1000
	       path	small\1000_100_25_4_1_0_0.001\8\corpus_indexed\psim
	  load_time	312
