label 
corpus_size 32881259
false_positive_rate 0.001
location_uncertainty 155
junk_fraction 0
freq_error 0
stemming 0
stop_words 0
secrets 1
	secret
canonical
	 index_size	19613664
	 build_time	5825
	    indexed	1000
	       path	\1000_4000_155_3_1_0_0.001\1\corpus_indexed\canonical
	  load_time	1916
bsib
	 index_size	19654065
	 build_time	39219
	    indexed	1000
	       path	\1000_4000_155_3_1_0_0.001\1\corpus_indexed\bsib
	  load_time	1762
psib
	 index_size	14350982
	 build_time	24071
	    indexed	1000
	       path	\1000_4000_155_3_1_0_0.001\1\corpus_indexed\psib
	  load_time	254
psip
	 index_size	23374540
	 build_time	26371
	    indexed	1000
	       path	\1000_4000_155_3_1_0_0.001\1\corpus_indexed\psip
	  load_time	2080
