label 
corpus_size 843201
false_positive_rate 0.001
location_uncertainty 25
junk_fraction 0
freq_error 0
stemming 0
stop_words 0
secrets 1
	secret
canonical
	 index_size	566179
	 build_time	3463
	    indexed	1000
	       path	small\1000_100_25_4_1_0_0.001\4\corpus_indexed\canonical
	  load_time	374
psib
	 index_size	380460
	 build_time	5584
	    indexed	1000
	       path	small\1000_100_25_4_1_0_0.001\4\corpus_indexed\psib
	  load_time	312
psip
	 index_size	635562
	 build_time	8070
	    indexed	1000
	       path	small\1000_100_25_4_1_0_0.001\4\corpus_indexed\psip
	  load_time	398
bsib
	 index_size	643351
	 build_time	7920
	    indexed	1000
	       path	small\1000_100_25_4_1_0_0.001\4\corpus_indexed\bsib
	  load_time	352
psim
	 index_size	1351884
	 build_time	15901
	    indexed	1000
	       path	small\1000_100_25_4_1_0_0.001\4\corpus_indexed\psim
	  load_time	375
