label 
corpus_size 689363
false_positive_rate 0.001
location_uncertainty 25
junk_fraction 0
freq_error 0
stemming 0
stop_words 0
secrets 1
	secret
canonical
	 index_size	565559
	 build_time	3514
	    indexed	1000
	       path	small\1000_100_25_6_1_0_0.001\14\corpus_indexed\canonical
	  load_time	382
psib
	 index_size	387601
	 build_time	5421
	    indexed	1000
	       path	small\1000_100_25_6_1_0_0.001\14\corpus_indexed\psib
	  load_time	315
psip
	 index_size	644294
	 build_time	8402
	    indexed	1000
	       path	small\1000_100_25_6_1_0_0.001\14\corpus_indexed\psip
	  load_time	359
bsib
	 index_size	647548
	 build_time	9082
	    indexed	1000
	       path	small\1000_100_25_6_1_0_0.001\14\corpus_indexed\bsib
	  load_time	349
psim
	 index_size	1487989
	 build_time	14646
	    indexed	1000
	       path	small\1000_100_25_6_1_0_0.001\14\corpus_indexed\psim
	  load_time	311
