label 
corpus_size 797581
false_positive_rate 0.001
location_uncertainty 25
junk_fraction 0
freq_error 0
stemming 0
stop_words 0
secrets 1
	secret
canonical
	 index_size	579359
	 build_time	3793
	    indexed	1000
	       path	small\1000_100_25_7_1_0_0.001\1\corpus_indexed\canonical
	  load_time	368
psib
	 index_size	388037
	 build_time	5565
	    indexed	999
	       path	small\1000_100_25_7_1_0_0.001\1\corpus_indexed\psib
	  load_time	313
psip
	 index_size	645560
	 build_time	7426
	    indexed	1000
	       path	small\1000_100_25_7_1_0_0.001\1\corpus_indexed\psip
	  load_time	359
bsib
	 index_size	647321
	 build_time	8530
	    indexed	999
	       path	small\1000_100_25_7_1_0_0.001\1\corpus_indexed\bsib
	  load_time	351
psim
	 index_size	1533498
	 build_time	14808
	    indexed	1000
	       path	small\1000_100_25_7_1_0_0.001\1\corpus_indexed\psim
	  load_time	296
