label 
corpus_size 815707
false_positive_rate 0.001
location_uncertainty 25
junk_fraction 0
freq_error 0
stemming 0
stop_words 0
secrets 1
	secret
canonical
	 index_size	576459
	 build_time	3417
	    indexed	1000
	       path	small\1000_100_25_6_1_0_0.001\10\corpus_indexed\canonical
	  load_time	389
psib
	 index_size	386927
	 build_time	5657
	    indexed	999
	       path	small\1000_100_25_6_1_0_0.001\10\corpus_indexed\psib
	  load_time	317
psip
	 index_size	643917
	 build_time	9400
	    indexed	1000
	       path	small\1000_100_25_6_1_0_0.001\10\corpus_indexed\psip
	  load_time	365
bsib
	 index_size	646491
	 build_time	9085
	    indexed	999
	       path	small\1000_100_25_6_1_0_0.001\10\corpus_indexed\bsib
	  load_time	350
psim
	 index_size	1486187
	 build_time	15327
	    indexed	1000
	       path	small\1000_100_25_6_1_0_0.001\10\corpus_indexed\psim
	  load_time	310
