label 
corpus_size 29593090
false_positive_rate 0.001
location_uncertainty 25
junk_fraction 0
freq_error 0
stemming 0
stop_words 0
secrets 1
	secret
canonical
	 index_size	19574137
	 build_time	5876
	    indexed	1000
	       path	\1000_4000_25_3_1_0_0.001\1\corpus_indexed\canonical
	  load_time	1945
bsib
	 index_size	38433000
	 build_time	51542
	    indexed	1000
	       path	\1000_4000_25_3_1_0_0.001\1\corpus_indexed\bsib
	  load_time	2700
psib
	 index_size	64371979
	 build_time	23823
	    indexed	1000
	       path	\1000_4000_25_3_1_0_0.001\1\corpus_indexed\psib
	  load_time	332
psip
	 index_size	23372874
	 build_time	25684
	    indexed	1000
	       path	\1000_4000_25_3_1_0_0.001\1\corpus_indexed\psip
	  load_time	2043
