label 
corpus_size 5225869
false_positive_rate 0.001
location_uncertainty 256
junk_fraction 0
freq_error 0
stemming 0
stop_words 0
secrets 1
	secret
canonical
	 index_size	3113172
	 build_time	831
	    indexed	100
	       path	\100_6500_256_2_1_0_0.001\2\corpus_indexed\canonical
	  load_time	319
bsib
	 index_size	2959409
	 build_time	5840
	    indexed	100
	       path	\100_6500_256_2_1_0_0.001\2\corpus_indexed\bsib
	  load_time	261
psib
	 index_size	2232232
	 build_time	3808
	    indexed	100
	       path	\100_6500_256_2_1_0_0.001\2\corpus_indexed\psib
	  load_time	28
psip
	 index_size	3759097
	 build_time	4064
	    indexed	100
	       path	\100_6500_256_2_1_0_0.001\2\corpus_indexed\psip
	  load_time	323
