label 
corpus_size 2564628
false_positive_rate 0.001
location_uncertainty 256
junk_fraction 0
freq_error 0
stemming 0
stop_words 0
secrets 1
	secret
canonical
	 index_size	1718762
	 build_time	510
	    indexed	100
	       path	\100_3500_256_2_1_0_0.001\2\corpus_indexed\canonical
	  load_time	175
bsib
	 index_size	1444176
	 build_time	3315
	    indexed	100
	       path	\100_3500_256_2_1_0_0.001\2\corpus_indexed\bsib
	  load_time	138
psib
	 index_size	877788
	 build_time	2085
	    indexed	100
	       path	\100_3500_256_2_1_0_0.001\2\corpus_indexed\psib
	  load_time	25
psip
	 index_size	2054160
	 build_time	2341
	    indexed	100
	       path	\100_3500_256_2_1_0_0.001\2\corpus_indexed\psip
	  load_time	185
