label 
corpus_size 758517
false_positive_rate 0.001
location_uncertainty 25
junk_fraction 0
freq_error 0
stemming 0
stop_words 0
secrets 1
	secret
canonical
	 index_size	557976
	 build_time	3588
	    indexed	1000
	       path	small\1000_100_25_4_1_0_0.001\15\corpus_indexed\canonical
	  load_time	358
psib
	 index_size	380570
	 build_time	5678
	    indexed	1000
	       path	small\1000_100_25_4_1_0_0.001\15\corpus_indexed\psib
	  load_time	312
psip
	 index_size	635366
	 build_time	8080
	    indexed	1000
	       path	small\1000_100_25_4_1_0_0.001\15\corpus_indexed\psip
	  load_time	358
bsib
	 index_size	643539
	 build_time	8143
	    indexed	1000
	       path	small\1000_100_25_4_1_0_0.001\15\corpus_indexed\bsib
	  load_time	358
psim
	 index_size	1349639
	 build_time	14633
	    indexed	1000
	       path	small\1000_100_25_4_1_0_0.001\15\corpus_indexed\psim
	  load_time	309
