label 
corpus_size 50340644
false_positive_rate 0.001
location_uncertainty 256
junk_fraction 0
freq_error 0
stemming 0
stop_words 0
secrets 1
	secret
canonical
	 index_size	35179307
	 build_time	6487
	    indexed	100
	       path	set1\100_60100_256_2_1_0_0.001\3\corpus_indexed\canonical
	  load_time	3024
bsib
	 index_size	36754469
	 build_time	58253
	    indexed	100
	       path	set1\100_60100_256_2_1_0_0.001\3\corpus_indexed\bsib
	  load_time	2898
psib
	 index_size	112958416
	 build_time	30344
	    indexed	100
	       path	set1\100_60100_256_2_1_0_0.001\3\corpus_indexed\psib
	  load_time	222
psip
	 index_size	41529376
	 build_time	33607
	    indexed	99
	       path	set1\100_60100_256_2_1_0_0.001\3\corpus_indexed\psip
	  load_time	3362
