label 
corpus_size 29071448
false_positive_rate 0.001
location_uncertainty 256
junk_fraction 0
freq_error 0
stemming 0
stop_words 0
secrets 1
	secret
canonical
	 index_size	21060176
	 build_time	4092
	    indexed	100
	       path	set1\100_37600_256_2_1_0_0.001\2\corpus_indexed\canonical
	  load_time	1858
bsib
	 index_size	21705077
	 build_time	35424
	    indexed	100
	       path	set1\100_37600_256_2_1_0_0.001\2\corpus_indexed\bsib
	  load_time	1713
psib
	 index_size	46955883
	 build_time	18617
	    indexed	100
	       path	set1\100_37600_256_2_1_0_0.001\2\corpus_indexed\psib
	  load_time	105
psip
	 index_size	25196379
	 build_time	20832
	    indexed	100
	       path	set1\100_37600_256_2_1_0_0.001\2\corpus_indexed\psip
	  load_time	2026
