label 
corpus_size 29082940
false_positive_rate 0.001
location_uncertainty 256
junk_fraction 0
freq_error 0
stemming 0
stop_words 0
secrets 1
	secret
canonical
	 index_size	21051542
	 build_time	3857
	    indexed	100
	       path	set1\100_37600_256_2_1_0_0.001\1\corpus_indexed\canonical
	  load_time	1841
bsib
	 index_size	21707322
	 build_time	35571
	    indexed	100
	       path	set1\100_37600_256_2_1_0_0.001\1\corpus_indexed\bsib
	  load_time	1715
psib
	 index_size	46933352
	 build_time	18761
	    indexed	100
	       path	set1\100_37600_256_2_1_0_0.001\1\corpus_indexed\psib
	  load_time	127
psip
	 index_size	25193425
	 build_time	20795
	    indexed	100
	       path	set1\100_37600_256_2_1_0_0.001\1\corpus_indexed\psip
	  load_time	2036
