label 
corpus_size 709040
false_positive_rate 0.001
location_uncertainty 25
junk_fraction 0
freq_error 0
stemming 0
stop_words 0
secrets 1
	secret
canonical
	 index_size	593528
	 build_time	3518
	    indexed	1000
	       path	small\1000_100_25_8_1_0_0.001\14\corpus_indexed\canonical
	  load_time	369
psib
	 index_size	392782
	 build_time	5676
	    indexed	1000
	       path	small\1000_100_25_8_1_0_0.001\14\corpus_indexed\psib
	  load_time	311
psip
	 index_size	651082
	 build_time	8244
	    indexed	1000
	       path	small\1000_100_25_8_1_0_0.001\14\corpus_indexed\psip
	  load_time	364
bsib
	 index_size	651363
	 build_time	7819
	    indexed	1000
	       path	small\1000_100_25_8_1_0_0.001\14\corpus_indexed\bsib
	  load_time	358
psim
	 index_size	1605330
	 build_time	15522
	    indexed	1000
	       path	small\1000_100_25_8_1_0_0.001\14\corpus_indexed\psim
	  load_time	312
