label 
corpus_size 741212
false_positive_rate 0.001
location_uncertainty 25
junk_fraction 0
freq_error 0
stemming 0
stop_words 0
secrets 1
	secret
canonical
	 index_size	541044
	 build_time	3778
	    indexed	1000
	       path	small\1000_100_25_2_1_0_0.001\14\corpus_indexed\canonical
	  load_time	368
psib
	 index_size	374548
	 build_time	5591
	    indexed	1000
	       path	small\1000_100_25_2_1_0_0.001\14\corpus_indexed\psib
	  load_time	306
psip
	 index_size	627794
	 build_time	8352
	    indexed	1000
	       path	small\1000_100_25_2_1_0_0.001\14\corpus_indexed\psip
	  load_time	357
bsib
	 index_size	640078
	 build_time	8572
	    indexed	1000
	       path	small\1000_100_25_2_1_0_0.001\14\corpus_indexed\bsib
	  load_time	355
psim
	 index_size	1231393
	 build_time	14539
	    indexed	1000
	       path	small\1000_100_25_2_1_0_0.001\14\corpus_indexed\psim
	  load_time	308
