label 
corpus_size 931892
false_positive_rate 0.001
location_uncertainty 256
junk_fraction 0
freq_error 0
stemming 0
stop_words 0
secrets 1
	secret
canonical
	 index_size	532109
	 build_time	394
	    indexed	100
	       path	\100_1000_256_2_1_0_0.001\2\corpus_indexed\canonical
	  load_time	70
bsib
	 index_size	335717
	 build_time	1117
	    indexed	100
	       path	\100_1000_256_2_1_0_0.001\2\corpus_indexed\bsib
	  load_time	49
psib
	 index_size	189193
	 build_time	1108
	    indexed	100
	       path	\100_1000_256_2_1_0_0.001\2\corpus_indexed\psib
	  load_time	32
psip
	 index_size	607632
	 build_time	1269
	    indexed	100
	       path	\100_1000_256_2_1_0_0.001\2\corpus_indexed\psip
	  load_time	70
