label 
corpus_size 40089111
false_positive_rate 0.001
location_uncertainty 256
junk_fraction 0
freq_error 0
stemming 0
stop_words 0
secrets 1
	secret
canonical
	 index_size	30473505
	 build_time	5507
	    indexed	100
	       path	set1\100_52600_256_2_1_0_0.001\3\corpus_indexed\canonical
	  load_time	2621
bsib
	 index_size	31694381
	 build_time	50237
	    indexed	100
	       path	set1\100_52600_256_2_1_0_0.001\3\corpus_indexed\bsib
	  load_time	2505
psib
	 index_size	87966516
	 build_time	25956
	    indexed	100
	       path	set1\100_52600_256_2_1_0_0.001\3\corpus_indexed\psib
	  load_time	166
psip
	 index_size	36368557
	 build_time	28819
	    indexed	100
	       path	set1\100_52600_256_2_1_0_0.001\3\corpus_indexed\psip
	  load_time	2929
