label 
corpus_size 32984664
false_positive_rate 0.001
location_uncertainty 256
junk_fraction 0.4
freq_error 0.4
stemming 0
stop_words 0
secrets 1
	secret
canonical
	 index_size	22878796
	 build_time	6676
	    indexed	1000
	       path	junkfreq4\1000_4000_256_2_1_0_0.001\3\corpus_indexed\canonical
	  load_time	2340
bsib
	 index_size	27277580
	 build_time	52774
	    indexed	1000
	       path	junkfreq4\1000_4000_256_2_1_0_0.001\3\corpus_indexed\bsib
	  load_time	2418
psib
	 index_size	26560159
	 build_time	33805
	    indexed	1000
	       path	junkfreq4\1000_4000_256_2_1_0_0.001\3\corpus_indexed\psib
	  load_time	280
psip
	 index_size	48239819
	 build_time	39109
	    indexed	1000
	       path	junkfreq4\1000_4000_256_2_1_0_0.001\3\corpus_indexed\psip
	  load_time	4180
psif
	 index_size	15143117
	 build_time	33930
	    indexed	1000
	       path	junkfreq4\1000_4000_256_2_1_0_0.001\3\corpus_indexed\psif
	  load_time	265
