label 
corpus_size 398923
false_positive_rate 0.001
location_uncertainty 256
junk_fraction 0
freq_error 0
stemming 0
stop_words 0
secrets 1
	secret
canonical
	 index_size	273309
	 build_time	247
	    indexed	100
	       path	\100_500_256_2_1_0_0.001\1\corpus_indexed\canonical
	  load_time	48
bsib
	 index_size	147176
	 build_time	788
	    indexed	99
	       path	\100_500_256_2_1_0_0.001\1\corpus_indexed\bsib
	  load_time	35
psib
	 index_size	96439
	 build_time	1152
	    indexed	100
	       path	\100_500_256_2_1_0_0.001\1\corpus_indexed\psib
	  load_time	24
psip
	 index_size	306363
	 build_time	676
	    indexed	100
	       path	\100_500_256_2_1_0_0.001\1\corpus_indexed\psip
	  load_time	47
