label 
corpus_size 32731172
false_positive_rate 0.001
location_uncertainty 256
junk_fraction 0.5
freq_error 0.5
stemming 0
stop_words 0
secrets 1
	secret
canonical
	 index_size	22831702
	 build_time	6754
	    indexed	1000
	       path	junkfreq5\1000_4000_256_2_1_0_0.001\3\corpus_indexed\canonical
	  load_time	2324
bsib
	 index_size	29154585
	 build_time	53679
	    indexed	1000
	       path	junkfreq5\1000_4000_256_2_1_0_0.001\3\corpus_indexed\bsib
	  load_time	2574
psib
	 index_size	31635711
	 build_time	34429
	    indexed	1000
	       path	junkfreq5\1000_4000_256_2_1_0_0.001\3\corpus_indexed\psib
	  load_time	280
psip
	 index_size	59117731
	 build_time	42276
	    indexed	1000
	       path	junkfreq5\1000_4000_256_2_1_0_0.001\3\corpus_indexed\psip
	  load_time	5179
psif
	 index_size	18160101
	 build_time	35786
	    indexed	1000
	       path	junkfreq5\1000_4000_256_2_1_0_0.001\3\corpus_indexed\psif
	  load_time	265
