label 
corpus_size 32656753
false_positive_rate 0.001
location_uncertainty 256
junk_fraction 0.1
freq_error 0
stemming 0
stop_words 0
secrets 1
	secret
canonical
	 index_size	22759953
	 build_time	13952
	    indexed	1000
	       path	junk1\1000_4000_256_1_1_0_0.001\2\corpus_indexed\canonical
	  load_time	3530
bsib
	 index_size	21676664
	 build_time	97646
	    indexed	1000
	       path	junk1\1000_4000_256_1_1_0_0.001\2\corpus_indexed\bsib
	  load_time	2897
psif
	 index_size	10411940
	 build_time	69395
	    indexed	1000
	       path	junk1\1000_4000_256_1_1_0_0.001\2\corpus_indexed\psif
	  load_time	371
psip
	 index_size	30520180
	 build_time	78770
	    indexed	1000
	       path	junk1\1000_4000_256_1_1_0_0.001\2\corpus_indexed\psip
	  load_time	3998
psib
	 index_size	18312082
	 build_time	70483
	    indexed	1000
	       path	junk1\1000_4000_256_1_1_0_0.001\2\corpus_indexed\psib
	  load_time	395
