label 
corpus_size 80765
false_positive_rate 0.001
location_uncertainty 256
junk_fraction 0
freq_error 0
stemming 0
stop_words 0
secrets 1
	secret
canonical
	 index_size	62699
	 build_time	208
	    indexed	100
	       path	set1\100_100_256_2_1_0_0.001\2\corpus_indexed\canonical
	  load_time	30
bsib
	 index_size	41189
	 build_time	367
	    indexed	100
	       path	set1\100_100_256_2_1_0_0.001\2\corpus_indexed\bsib
	  load_time	27
psib
	 index_size	35589
	 build_time	418
	    indexed	100
	       path	set1\100_100_256_2_1_0_0.001\2\corpus_indexed\psib
	  load_time	25
psip
	 index_size	66573
	 build_time	890
	    indexed	100
	       path	set1\100_100_256_2_1_0_0.001\2\corpus_indexed\psip
	  load_time	28
