label 
corpus_size 32956276
false_positive_rate 0.001
location_uncertainty 256
junk_fraction 0.4
freq_error 0.4
stemming 0
stop_words 0
secrets 1
	secret
canonical
	 index_size	22875193
	 build_time	6848
	    indexed	1000
	       path	junkfreq4\1000_4000_256_2_1_0_0.001\2\corpus_indexed\canonical
	  load_time	2308
bsib
	 index_size	27275382
	 build_time	52540
	    indexed	1000
	       path	junkfreq4\1000_4000_256_2_1_0_0.001\2\corpus_indexed\bsib
	  load_time	2433
psib
	 index_size	26560492
	 build_time	34132
	    indexed	1000
	       path	junkfreq4\1000_4000_256_2_1_0_0.001\2\corpus_indexed\psib
	  load_time	280
psip
	 index_size	48257324
	 build_time	39140
	    indexed	1000
	       path	junkfreq4\1000_4000_256_2_1_0_0.001\2\corpus_indexed\psip
	  load_time	4227
psif
	 index_size	15136597
	 build_time	34335
	    indexed	1000
	       path	junkfreq4\1000_4000_256_2_1_0_0.001\2\corpus_indexed\psif
	  load_time	265
