label 
corpus_size 756979
false_positive_rate 0.001
location_uncertainty 25
junk_fraction 0
freq_error 0
stemming 0
stop_words 0
secrets 1
	secret
canonical
	 index_size	562734
	 build_time	3743
	    indexed	1000
	       path	small\1000_100_25_4_1_0_0.001\1\corpus_indexed\canonical
	  load_time	369
psib
	 index_size	380290
	 build_time	5490
	    indexed	1000
	       path	small\1000_100_25_4_1_0_0.001\1\corpus_indexed\psib
	  load_time	308
psip
	 index_size	635351
	 build_time	6557
	    indexed	1000
	       path	small\1000_100_25_4_1_0_0.001\1\corpus_indexed\psip
	  load_time	343
bsib
	 index_size	642320
	 build_time	7846
	    indexed	1000
	       path	small\1000_100_25_4_1_0_0.001\1\corpus_indexed\bsib
	  load_time	343
psim
	 index_size	1353220
	 build_time	14461
	    indexed	1000
	       path	small\1000_100_25_4_1_0_0.001\1\corpus_indexed\psim
	  load_time	312
