label 
corpus_size 794721
false_positive_rate 0.001
location_uncertainty 25
junk_fraction 0
freq_error 0
stemming 0
stop_words 0
secrets 1
	secret
canonical
	 index_size	577168
	 build_time	3805
	    indexed	1000
	       path	small\1000_100_25_8_1_0_0.001\2\corpus_indexed\canonical
	  load_time	374
psib
	 index_size	390681
	 build_time	5834
	    indexed	1000
	       path	small\1000_100_25_8_1_0_0.001\2\corpus_indexed\psib
	  load_time	312
psip
	 index_size	648558
	 build_time	7768
	    indexed	1000
	       path	small\1000_100_25_8_1_0_0.001\2\corpus_indexed\psip
	  load_time	358
bsib
	 index_size	649172
	 build_time	7566
	    indexed	1000
	       path	small\1000_100_25_8_1_0_0.001\2\corpus_indexed\bsib
	  load_time	390
psim
	 index_size	1567895
	 build_time	15303
	    indexed	1000
	       path	small\1000_100_25_8_1_0_0.001\2\corpus_indexed\psim
	  load_time	312
