label 
corpus_size 16367552
false_positive_rate 0.001
location_uncertainty 256
junk_fraction 0
freq_error 0
stemming 0
stop_words 0
secrets 1
	secret
canonical
	 index_size	11528061
	 build_time	2292
	    indexed	100
	       path	set1\100_22600_256_2_1_0_0.001\2\corpus_indexed\canonical
	  load_time	1021
bsib
	 index_size	12220592
	 build_time	20567
	    indexed	100
	       path	set1\100_22600_256_2_1_0_0.001\2\corpus_indexed\bsib
	  load_time	973
psib
	 index_size	18559487
	 build_time	11341
	    indexed	100
	       path	set1\100_22600_256_2_1_0_0.001\2\corpus_indexed\psib
	  load_time	56
psip
	 index_size	13955967
	 build_time	12634
	    indexed	100
	       path	set1\100_22600_256_2_1_0_0.001\2\corpus_indexed\psip
	  load_time	1139
