label 
corpus_size 32998326
false_positive_rate 0.001
location_uncertainty 256
junk_fraction 0.4
freq_error 0.4
stemming 0
stop_words 0
secrets 1
	secret
canonical
	 index_size	22830211
	 build_time	6801
	    indexed	1000
	       path	junkfreq4\1000_4000_256_1_1_0_0.001\2\corpus_indexed\canonical
	  load_time	2308
bsib
	 index_size	27274286
	 build_time	52946
	    indexed	1000
	       path	junkfreq4\1000_4000_256_1_1_0_0.001\2\corpus_indexed\bsib
	  load_time	2480
psib
	 index_size	26528800
	 build_time	34803
	    indexed	1000
	       path	junkfreq4\1000_4000_256_1_1_0_0.001\2\corpus_indexed\psib
	  load_time	265
psip
	 index_size	48324110
	 build_time	38875
	    indexed	1000
	       path	junkfreq4\1000_4000_256_1_1_0_0.001\2\corpus_indexed\psip
	  load_time	4212
psif
	 index_size	15126075
	 build_time	34132
	    indexed	1000
	       path	junkfreq4\1000_4000_256_1_1_0_0.001\2\corpus_indexed\psif
	  load_time	249
