label 
corpus_size 651275
false_positive_rate 0.001
location_uncertainty 25
junk_fraction 0
freq_error 0
stemming 0
stop_words 0
secrets 1
	secret
canonical
	 index_size	551218
	 build_time	3687
	    indexed	1000
	       path	small\1000_100_25_5_1_0_0.001\2\corpus_indexed\canonical
	  load_time	375
psib
	 index_size	382072
	 build_time	5730
	    indexed	1000
	       path	small\1000_100_25_5_1_0_0.001\2\corpus_indexed\psib
	  load_time	315
psip
	 index_size	637578
	 build_time	8043
	    indexed	1000
	       path	small\1000_100_25_5_1_0_0.001\2\corpus_indexed\psip
	  load_time	358
bsib
	 index_size	643921
	 build_time	8143
	    indexed	1000
	       path	small\1000_100_25_5_1_0_0.001\2\corpus_indexed\bsib
	  load_time	343
psim
	 index_size	1406002
	 build_time	17534
	    indexed	1000
	       path	small\1000_100_25_5_1_0_0.001\2\corpus_indexed\psim
	  load_time	312
