label 
corpus_size 32894206
false_positive_rate 0.001
location_uncertainty 256
junk_fraction 0.5
freq_error 0.5
stemming 0
stop_words 0
secrets 1
	secret
canonical
	 index_size	22812321
	 build_time	6739
	    indexed	1000
	       path	junkfreq5\1000_4000_256_1_1_0_0.001\2\corpus_indexed\canonical
	  load_time	2402
bsib
	 index_size	29146857
	 build_time	53976
	    indexed	1000
	       path	junkfreq5\1000_4000_256_1_1_0_0.001\2\corpus_indexed\bsib
	  load_time	2605
psib
	 index_size	31594754
	 build_time	36082
	    indexed	1000
	       path	junkfreq5\1000_4000_256_1_1_0_0.001\2\corpus_indexed\psib
	  load_time	296
psip
	 index_size	58935623
	 build_time	41433
	    indexed	1000
	       path	junkfreq5\1000_4000_256_1_1_0_0.001\2\corpus_indexed\psip
	  load_time	5132
psif
	 index_size	18153101
	 build_time	36114
	    indexed	1000
	       path	junkfreq5\1000_4000_256_1_1_0_0.001\2\corpus_indexed\psif
	  load_time	265
