label 
corpus_size 35500514
false_positive_rate 0.001
location_uncertainty 256
junk_fraction 0
freq_error 0
stemming 0
stop_words 0
secrets 1
	secret
canonical
	 index_size	25768788
	 build_time	4846
	    indexed	100
	       path	set1\100_45100_256_2_1_0_0.001\3\corpus_indexed\canonical
	  load_time	2218
bsib
	 index_size	26626801
	 build_time	42632
	    indexed	100
	       path	set1\100_45100_256_2_1_0_0.001\3\corpus_indexed\bsib
	  load_time	2099
psib
	 index_size	66094221
	 build_time	22229
	    indexed	100
	       path	set1\100_45100_256_2_1_0_0.001\3\corpus_indexed\psib
	  load_time	134
psip
	 index_size	30788636
	 build_time	24784
	    indexed	100
	       path	set1\100_45100_256_2_1_0_0.001\3\corpus_indexed\psip
	  load_time	2507
