label 
corpus_size 708041
false_positive_rate 0.001
location_uncertainty 25
junk_fraction 0
freq_error 0
stemming 0
stop_words 0
secrets 1
	secret
canonical
	 index_size	554007
	 build_time	3565
	    indexed	1000
	       path	small\1000_100_25_3_1_0_0.001\8\corpus_indexed\canonical
	  load_time	369
psib
	 index_size	376855
	 build_time	5626
	    indexed	1000
	       path	small\1000_100_25_3_1_0_0.001\8\corpus_indexed\psib
	  load_time	307
psip
	 index_size	631009
	 build_time	8857
	    indexed	1000
	       path	small\1000_100_25_3_1_0_0.001\8\corpus_indexed\psip
	  load_time	358
bsib
	 index_size	640868
	 build_time	9079
	    indexed	1000
	       path	small\1000_100_25_3_1_0_0.001\8\corpus_indexed\bsib
	  load_time	343
psim
	 index_size	1289602
	 build_time	14227
	    indexed	1000
	       path	small\1000_100_25_3_1_0_0.001\8\corpus_indexed\psim
	  load_time	312
