label 
corpus_size 667100
false_positive_rate 0.001
location_uncertainty 25
junk_fraction 0
freq_error 0
stemming 0
stop_words 0
secrets 1
	secret
canonical
	 index_size	555938
	 build_time	3608
	    indexed	1000
	       path	small\1000_100_25_4_1_0_0.001\11\corpus_indexed\canonical
	  load_time	386
psib
	 index_size	381060
	 build_time	5785
	    indexed	1000
	       path	small\1000_100_25_4_1_0_0.001\11\corpus_indexed\psib
	  load_time	310
psip
	 index_size	636114
	 build_time	10969
	    indexed	1000
	       path	small\1000_100_25_4_1_0_0.001\11\corpus_indexed\psip
	  load_time	360
bsib
	 index_size	643738
	 build_time	7476
	    indexed	1000
	       path	small\1000_100_25_4_1_0_0.001\11\corpus_indexed\bsib
	  load_time	348
psim
	 index_size	1354883
	 build_time	15529
	    indexed	1000
	       path	small\1000_100_25_4_1_0_0.001\11\corpus_indexed\psim
	  load_time	315
