label 
corpus_size 32944481
false_positive_rate 0.001
location_uncertainty 256
junk_fraction 0
freq_error 0
stemming 0
stop_words 0
secrets 1
	secret
canonical
	 index_size	22867525
	 build_time	14044
	    indexed	1000
	       path	junk0\1000_4000_256_2_1_0_0.001\2\corpus_indexed\canonical
	  load_time	3535
bsib
	 index_size	19812194
	 build_time	95742
	    indexed	1000
	       path	junk0\1000_4000_256_2_1_0_0.001\2\corpus_indexed\bsib
	  load_time	2703
psib
	 index_size	16990455
	 build_time	72089
	    indexed	1000
	       path	junk0\1000_4000_256_2_1_0_0.001\2\corpus_indexed\psib
	  load_time	397
psip
	 index_size	27936352
	 build_time	78479
	    indexed	1000
	       path	junk0\1000_4000_256_2_1_0_0.001\2\corpus_indexed\psip
	  load_time	3734
psif
	 index_size	9801665
	 build_time	71881
	    indexed	1000
	       path	junk0\1000_4000_256_2_1_0_0.001\2\corpus_indexed\psif
	  load_time	370
