label 
corpus_size 675382
false_positive_rate 0.001
location_uncertainty 25
junk_fraction 0
freq_error 0
stemming 0
stop_words 0
secrets 1
	secret
canonical
	 index_size	543010
	 build_time	3506
	    indexed	1000
	       path	small\1000_100_25_3_1_0_0.001\13\corpus_indexed\canonical
	  load_time	381
psib
	 index_size	376757
	 build_time	5641
	    indexed	1000
	       path	small\1000_100_25_3_1_0_0.001\13\corpus_indexed\psib
	  load_time	320
psip
	 index_size	630637
	 build_time	6876
	    indexed	1000
	       path	small\1000_100_25_3_1_0_0.001\13\corpus_indexed\psip
	  load_time	358
bsib
	 index_size	641350
	 build_time	7846
	    indexed	1000
	       path	small\1000_100_25_3_1_0_0.001\13\corpus_indexed\bsib
	  load_time	390
psim
	 index_size	1278361
	 build_time	14430
	    indexed	1000
	       path	small\1000_100_25_3_1_0_0.001\13\corpus_indexed\psim
	  load_time	296
