label 
corpus_size 4121613
false_positive_rate 0.001
location_uncertainty 256
junk_fraction 0
freq_error 0
stemming 0
stop_words 0
secrets 1
	secret
canonical
	 index_size	2196661
	 build_time	624
	    indexed	100
	       path	\100_4500_256_2_1_0_0.001\3\corpus_indexed\canonical
	  load_time	211
bsib
	 index_size	1930674
	 build_time	4183
	    indexed	100
	       path	\100_4500_256_2_1_0_0.001\3\corpus_indexed\bsib
	  load_time	172
psib
	 index_size	1252956
	 build_time	3043
	    indexed	99
	       path	\100_4500_256_2_1_0_0.001\3\corpus_indexed\psib
	  load_time	25
psip
	 index_size	2598386
	 build_time	2980
	    indexed	99
	       path	\100_4500_256_2_1_0_0.001\3\corpus_indexed\psip
	  load_time	228
