label 
corpus_size 33000890
false_positive_rate 0.001
location_uncertainty 256
junk_fraction 0
freq_error 0
stemming 0
stop_words 0
secrets 1
	secret
canonical
	 index_size	22831060
	 build_time	6690
	    indexed	1000
	       path	junk0\1000_4000_256_1_1_0_0.001\3\corpus_indexed\canonical
	  load_time	2286
psip
	 index_size	27919194
	 build_time	38783
	    indexed	1000
	       path	junk0\1000_4000_256_1_1_0_0.001\3\corpus_indexed\psip
	  load_time	2417
psif
	 index_size	9791457
	 build_time	35855
	    indexed	1000
	       path	junk0\1000_4000_256_1_1_0_0.001\3\corpus_indexed\psif
	  load_time	251
