label 
corpus_size 806965
false_positive_rate 0.001
location_uncertainty 256
junk_fraction 0
freq_error 0
stemming 0
stop_words 0
secrets 1
	secret
canonical
	 index_size	532177
	 build_time	320
	    indexed	100
	       path	\100_1000_256_2_1_0_0.001\3\corpus_indexed\canonical
	  load_time	69
bsib
	 index_size	334529
	 build_time	1097
	    indexed	100
	       path	\100_1000_256_2_1_0_0.001\3\corpus_indexed\bsib
	  load_time	49
psib
	 index_size	188417
	 build_time	922
	    indexed	100
	       path	\100_1000_256_2_1_0_0.001\3\corpus_indexed\psib
	  load_time	24
psip
	 index_size	606613
	 build_time	907
	    indexed	100
	       path	\100_1000_256_2_1_0_0.001\3\corpus_indexed\psip
	  load_time	70
