label 
corpus_size 32969224
false_positive_rate 0.001
location_uncertainty 256
junk_fraction 0.1
freq_error 0
stemming 0
stop_words 0
secrets 1
	secret
canonical
	 index_size	22876099
	 build_time	14129
	    indexed	1000
	       path	junk1\1000_4000_256_2_1_0_0.001\3\corpus_indexed\canonical
	  load_time	3503
bsib
	 index_size	21683595
	 build_time	97535
	    indexed	1000
	       path	junk1\1000_4000_256_2_1_0_0.001\3\corpus_indexed\bsib
	  load_time	2893
psif
	 index_size	10424613
	 build_time	69977
	    indexed	1000
	       path	junk1\1000_4000_256_2_1_0_0.001\3\corpus_indexed\psif
	  load_time	366
psip
	 index_size	30542587
	 build_time	75309
	    indexed	1000
	       path	junk1\1000_4000_256_2_1_0_0.001\3\corpus_indexed\psip
	  load_time	4020
psib
	 index_size	18335780
	 build_time	69392
	    indexed	1000
	       path	junk1\1000_4000_256_2_1_0_0.001\3\corpus_indexed\psib
	  load_time	398
