label 
corpus_size 6437827
false_positive_rate 0.001
location_uncertainty 256
junk_fraction 0
freq_error 0
stemming 0
stop_words 0
secrets 1
	secret
canonical
	 index_size	3802923
	 build_time	930
	    indexed	100
	       path	\100_8000_256_2_1_0_0.001\1\corpus_indexed\canonical
	  load_time	385
bsib
	 index_size	3750755
	 build_time	7281
	    indexed	100
	       path	\100_8000_256_2_1_0_0.001\1\corpus_indexed\bsib
	  load_time	313
psib
	 index_size	3110638
	 build_time	4472
	    indexed	100
	       path	\100_8000_256_2_1_0_0.001\1\corpus_indexed\psib
	  load_time	30
psip
	 index_size	4599660
	 build_time	4980
	    indexed	100
	       path	\100_8000_256_2_1_0_0.001\1\corpus_indexed\psip
	  load_time	389
