label 
corpus_size 770825
false_positive_rate 0.001
location_uncertainty 25
junk_fraction 0
freq_error 0
stemming 0
stop_words 0
secrets 1
	secret
canonical
	 index_size	568951
	 build_time	3806
	    indexed	1000
	       path	small\1000_100_25_5_1_0_0.001\15\corpus_indexed\canonical
	  load_time	374
psib
	 index_size	383363
	 build_time	5304
	    indexed	999
	       path	small\1000_100_25_5_1_0_0.001\15\corpus_indexed\psib
	  load_time	296
psip
	 index_size	638665
	 build_time	6957
	    indexed	999
	       path	small\1000_100_25_5_1_0_0.001\15\corpus_indexed\psip
	  load_time	358
bsib
	 index_size	644196
	 build_time	8892
	    indexed	999
	       path	small\1000_100_25_5_1_0_0.001\15\corpus_indexed\bsib
	  load_time	343
psim
	 index_size	1407462
	 build_time	14258
	    indexed	1000
	       path	small\1000_100_25_5_1_0_0.001\15\corpus_indexed\psim
	  load_time	296
