label 
corpus_size 663496
false_positive_rate 0.001
location_uncertainty 25
junk_fraction 0
freq_error 0
stemming 0
stop_words 0
secrets 1
	secret
canonical
	 index_size	538280
	 build_time	3637
	    indexed	1000
	       path	small\1000_100_25_2_1_0_0.001\4\corpus_indexed\canonical
	  load_time	366
psib
	 index_size	372469
	 build_time	5668
	    indexed	1000
	       path	small\1000_100_25_2_1_0_0.001\4\corpus_indexed\psib
	  load_time	312
psip
	 index_size	625319
	 build_time	7191
	    indexed	1000
	       path	small\1000_100_25_2_1_0_0.001\4\corpus_indexed\psip
	  load_time	343
bsib
	 index_size	638064
	 build_time	8424
	    indexed	1000
	       path	small\1000_100_25_2_1_0_0.001\4\corpus_indexed\bsib
	  load_time	343
psim
	 index_size	1224816
	 build_time	14584
	    indexed	1000
	       path	small\1000_100_25_2_1_0_0.001\4\corpus_indexed\psim
	  load_time	308
