label 
corpus_size 4581950
false_positive_rate 0.001
location_uncertainty 256
junk_fraction 0
freq_error 0
stemming 0
stop_words 0
secrets 1
	secret
canonical
	 index_size	2883762
	 build_time	717
	    indexed	100
	       path	\100_6000_256_2_1_0_0.001\1\corpus_indexed\canonical
	  load_time	274
bsib
	 index_size	2693672
	 build_time	5344
	    indexed	100
	       path	\100_6000_256_2_1_0_0.001\1\corpus_indexed\bsib
	  load_time	231
psib
	 index_size	1957752
	 build_time	3371
	    indexed	100
	       path	\100_6000_256_2_1_0_0.001\1\corpus_indexed\psib
	  load_time	27
psip
	 index_size	3471016
	 build_time	3897
	    indexed	100
	       path	\100_6000_256_2_1_0_0.001\1\corpus_indexed\psip
	  load_time	297
