label 
corpus_size 33133117
false_positive_rate 0.001
location_uncertainty 256
junk_fraction 0.2
freq_error 0.2
stemming 0
stop_words 0
secrets 1
	secret
canonical
	 index_size	22856096
	 build_time	6801
	    indexed	1000
	       path	junkfreq2\1000_4000_256_1_1_0_0.001\1\corpus_indexed\canonical
	  load_time	2293
bsib
	 index_size	23539552
	 build_time	49779
	    indexed	1000
	       path	junkfreq2\1000_4000_256_1_1_0_0.001\1\corpus_indexed\bsib
	  load_time	2121
psib
	 index_size	20308708
	 build_time	33696
	    indexed	1000
	       path	junkfreq2\1000_4000_256_1_1_0_0.001\1\corpus_indexed\psib
	  load_time	265
psip
	 index_size	35016317
	 build_time	37408
	    indexed	1000
	       path	junkfreq2\1000_4000_256_1_1_0_0.001\1\corpus_indexed\psip
	  load_time	3073
psif
	 index_size	11499378
	 build_time	33025
	    indexed	1000
	       path	junkfreq2\1000_4000_256_1_1_0_0.001\1\corpus_indexed\psif
	  load_time	265
