label 
corpus_size 746910
false_positive_rate 0.001
location_uncertainty 25
junk_fraction 0
freq_error 0
stemming 0
stop_words 0
secrets 1
	secret
canonical
	 index_size	546232
	 build_time	3866
	    indexed	1000
	       path	small\1000_100_25_2_1_0_0.001\6\corpus_indexed\canonical
	  load_time	370
psib
	 index_size	373065
	 build_time	5747
	    indexed	1000
	       path	small\1000_100_25_2_1_0_0.001\6\corpus_indexed\psib
	  load_time	309
psip
	 index_size	626090
	 build_time	7453
	    indexed	1000
	       path	small\1000_100_25_2_1_0_0.001\6\corpus_indexed\psip
	  load_time	359
bsib
	 index_size	638909
	 build_time	9242
	    indexed	1000
	       path	small\1000_100_25_2_1_0_0.001\6\corpus_indexed\bsib
	  load_time	353
psim
	 index_size	1230309
	 build_time	14841
	    indexed	1000
	       path	small\1000_100_25_2_1_0_0.001\6\corpus_indexed\psim
	  load_time	312
