label 
corpus_size 780196
false_positive_rate 0.001
location_uncertainty 25
junk_fraction 0
freq_error 0
stemming 0
stop_words 0
secrets 1
	secret
canonical
	 index_size	554396
	 build_time	3520
	    indexed	1000
	       path	small\1000_100_25_4_1_0_0.001\2\corpus_indexed\canonical
	  load_time	364
psib
	 index_size	379524
	 build_time	5605
	    indexed	1000
	       path	small\1000_100_25_4_1_0_0.001\2\corpus_indexed\psib
	  load_time	308
psip
	 index_size	634324
	 build_time	9436
	    indexed	1000
	       path	small\1000_100_25_4_1_0_0.001\2\corpus_indexed\psip
	  load_time	361
bsib
	 index_size	641506
	 build_time	7743
	    indexed	999
	       path	small\1000_100_25_4_1_0_0.001\2\corpus_indexed\bsib
	  load_time	349
psim
	 index_size	1338014
	 build_time	14867
	    indexed	1000
	       path	small\1000_100_25_4_1_0_0.001\2\corpus_indexed\psim
	  load_time	313
