label 
corpus_size 717718
false_positive_rate 0.001
location_uncertainty 25
junk_fraction 0
freq_error 0
stemming 0
stop_words 0
secrets 1
	secret
canonical
	 index_size	563631
	 build_time	3588
	    indexed	1000
	       path	small\1000_100_25_3_1_0_0.001\12\corpus_indexed\canonical
	  load_time	374
psib
	 index_size	377681
	 build_time	5350
	    indexed	1000
	       path	small\1000_100_25_3_1_0_0.001\12\corpus_indexed\psib
	  load_time	296
psip
	 index_size	631886
	 build_time	7893
	    indexed	1000
	       path	small\1000_100_25_3_1_0_0.001\12\corpus_indexed\psip
	  load_time	358
bsib
	 index_size	640817
	 build_time	9391
	    indexed	1000
	       path	small\1000_100_25_3_1_0_0.001\12\corpus_indexed\bsib
	  load_time	358
psim
	 index_size	1292346
	 build_time	14305
	    indexed	1000
	       path	small\1000_100_25_3_1_0_0.001\12\corpus_indexed\psim
	  load_time	308
