label 
corpus_size 32804901
false_positive_rate 0.001
location_uncertainty 256
junk_fraction 0.4
freq_error 0
stemming 0
stop_words 0
secrets 1
	secret
canonical
	 index_size	22788817
	 build_time	6882
	    indexed	1000
	       path	junk4\1000_4000_256_1_1_0_0.001\2\corpus_indexed\canonical
	  load_time	2327
bsib
	 index_size	27265121
	 build_time	52551
	    indexed	1000
	       path	junk4\1000_4000_256_1_1_0_0.001\2\corpus_indexed\bsib
	  load_time	2405
psif
	 index_size	14679946
	 build_time	33743
	    indexed	1000
	       path	junk4\1000_4000_256_1_1_0_0.001\2\corpus_indexed\psif
	  load_time	259
psip
	 index_size	44672401
	 build_time	39696
	    indexed	1000
	       path	junk4\1000_4000_256_1_1_0_0.001\2\corpus_indexed\psip
	  load_time	3854
psib
	 index_size	26523921
	 build_time	34485
	    indexed	1000
	       path	junk4\1000_4000_256_1_1_0_0.001\2\corpus_indexed\psib
	  load_time	284
