label 
corpus_size 32990321
false_positive_rate 0.001
location_uncertainty 45
junk_fraction 0
freq_error 0
stemming 0
stop_words 0
secrets 1
	secret
canonical
	 index_size	19609379
	 build_time	5815
	    indexed	1000
	       path	\1000_4000_45_3_1_0_0.001\1\corpus_indexed\canonical
	  load_time	1915
bsib
	 index_size	29840230
	 build_time	47409
	    indexed	1000
	       path	\1000_4000_45_3_1_0_0.001\1\corpus_indexed\bsib
	  load_time	2276
psib
	 index_size	37865578
	 build_time	24398
	    indexed	1000
	       path	\1000_4000_45_3_1_0_0.001\1\corpus_indexed\psib
	  load_time	292
psip
	 index_size	23372528
	 build_time	26542
	    indexed	1000
	       path	\1000_4000_45_3_1_0_0.001\1\corpus_indexed\psip
	  load_time	2052
