label 
corpus_size 32896365
false_positive_rate 0.001
location_uncertainty 256
junk_fraction 0.3
freq_error 0.3
stemming 0
stop_words 0
secrets 1
	secret
canonical
	 index_size	22861824
	 build_time	6723
	    indexed	1000
	       path	junkfreq3\1000_4000_256_2_1_0_0.001\3\corpus_indexed\canonical
	  load_time	2308
bsib
	 index_size	25413048
	 build_time	50778
	    indexed	1000
	       path	junkfreq3\1000_4000_256_2_1_0_0.001\3\corpus_indexed\bsib
	  load_time	2262
psib
	 index_size	22974558
	 build_time	33540
	    indexed	1000
	       path	junkfreq3\1000_4000_256_2_1_0_0.001\3\corpus_indexed\psib
	  load_time	265
psip
	 index_size	40575151
	 build_time	37767
	    indexed	1000
	       path	junkfreq3\1000_4000_256_2_1_0_0.001\3\corpus_indexed\psip
	  load_time	3510
psif
	 index_size	13017798
	 build_time	33337
	    indexed	1000
	       path	junkfreq3\1000_4000_256_2_1_0_0.001\3\corpus_indexed\psif
	  load_time	265
