label 
corpus_size 784237
false_positive_rate 0.001
location_uncertainty 25
junk_fraction 0
freq_error 0
stemming 0
stop_words 0
secrets 1
	secret
canonical
	 index_size	569994
	 build_time	3735
	    indexed	1000
	       path	small\1000_100_25_4_1_0_0.001\7\corpus_indexed\canonical
	  load_time	365
psib
	 index_size	379375
	 build_time	5854
	    indexed	1000
	       path	small\1000_100_25_4_1_0_0.001\7\corpus_indexed\psib
	  load_time	307
psip
	 index_size	634240
	 build_time	9497
	    indexed	1000
	       path	small\1000_100_25_4_1_0_0.001\7\corpus_indexed\psip
	  load_time	357
bsib
	 index_size	641757
	 build_time	8973
	    indexed	1000
	       path	small\1000_100_25_4_1_0_0.001\7\corpus_indexed\bsib
	  load_time	349
psim
	 index_size	1344502
	 build_time	16124
	    indexed	1000
	       path	small\1000_100_25_4_1_0_0.001\7\corpus_indexed\psim
	  load_time	308
