label 
corpus_size 16423471
false_positive_rate 0.001
location_uncertainty 250
junk_fraction 0
freq_error 0
stemming 0
stop_words 0
secrets 1
	secret
canonical
	 index_size	11387222
	 build_time	6130
	    indexed	500
	       path	max_min_pairs4\55_250_4000_250_2_1_0_0.001\1\corpus_indexed\canonical
	  load_time	1544
psim
	 index_size	159500084
	 build_time	719317
	    indexed	500
	       path	max_min_pairs4\55_250_4000_250_2_1_0_0.001\1\corpus_indexed\psim
	  load_time	468
