label 
corpus_size 35926894
false_positive_rate 0.001
location_uncertainty 40
junk_fraction 0
freq_error 0
stemming 0
stop_words 0
secrets 1
	secret
canonical
	 index_size	19633626
	 build_time	6712
	    indexed	1000
	       path	\1000_4000_40_3_1_0_0.001\1\corpus_indexed\canonical
	  load_time	1926
bsib
	 index_size	31587297
	 build_time	57920
	    indexed	1000
	       path	\1000_4000_40_3_1_0_0.001\1\corpus_indexed\bsib
	  load_time	2834
psib
	 index_size	41945893
	 build_time	24907
	    indexed	1000
	       path	\1000_4000_40_3_1_0_0.001\1\corpus_indexed\psib
	  load_time	325
psip
	 index_size	23367294
	 build_time	26522
	    indexed	1000
	       path	\1000_4000_40_3_1_0_0.001\1\corpus_indexed\psip
	  load_time	2679
