label 
corpus_size 35228363
false_positive_rate 0.001
location_uncertainty 85
junk_fraction 0
freq_error 0
stemming 0
stop_words 0
secrets 1
	secret
canonical
	 index_size	19645656
	 build_time	6131
	    indexed	1000
	       path	\1000_4000_85_3_1_0_0.001\1\corpus_indexed\canonical
	  load_time	1936
bsib
	 index_size	24011015
	 build_time	42334
	    indexed	1000
	       path	\1000_4000_85_3_1_0_0.001\1\corpus_indexed\bsib
	  load_time	1978
psib
	 index_size	22548942
	 build_time	23889
	    indexed	1000
	       path	\1000_4000_85_3_1_0_0.001\1\corpus_indexed\psib
	  load_time	267
psip
	 index_size	23368645
	 build_time	26560
	    indexed	1000
	       path	\1000_4000_85_3_1_0_0.001\1\corpus_indexed\psip
	  load_time	2091
