label 
corpus_size 3762191
false_positive_rate 0.001
location_uncertainty 256
junk_fraction 0
freq_error 0
stemming 0
stop_words 0
secrets 1
	secret
canonical
	 index_size	2194091
	 build_time	599
	    indexed	100
	       path	\100_4500_256_2_1_0_0.001\2\corpus_indexed\canonical
	  load_time	212
bsib
	 index_size	1932962
	 build_time	4048
	    indexed	100
	       path	\100_4500_256_2_1_0_0.001\2\corpus_indexed\bsib
	  load_time	172
psib
	 index_size	1265816
	 build_time	2638
	    indexed	100
	       path	\100_4500_256_2_1_0_0.001\2\corpus_indexed\psib
	  load_time	26
psip
	 index_size	2624519
	 build_time	2910
	    indexed	100
	       path	\100_4500_256_2_1_0_0.001\2\corpus_indexed\psip
	  load_time	231
