label 
corpus_size 782276
false_positive_rate 0.001
location_uncertainty 25
junk_fraction 0
freq_error 0
stemming 0
stop_words 0
secrets 1
	secret
canonical
	 index_size	543938
	 build_time	3756
	    indexed	1000
	       path	small\1000_100_25_2_1_0_0.001\13\corpus_indexed\canonical
	  load_time	368
psib
	 index_size	373489
	 build_time	5402
	    indexed	999
	       path	small\1000_100_25_2_1_0_0.001\13\corpus_indexed\psib
	  load_time	308
psip
	 index_size	626163
	 build_time	9100
	    indexed	999
	       path	small\1000_100_25_2_1_0_0.001\13\corpus_indexed\psip
	  load_time	359
bsib
	 index_size	639007
	 build_time	7140
	    indexed	1000
	       path	small\1000_100_25_2_1_0_0.001\13\corpus_indexed\bsib
	  load_time	353
psim
	 index_size	1223385
	 build_time	15284
	    indexed	1000
	       path	small\1000_100_25_2_1_0_0.001\13\corpus_indexed\psim
	  load_time	312
