label 
corpus_size 40664467
false_positive_rate 0.001
location_uncertainty 256
junk_fraction 0
freq_error 0
stemming 0
stop_words 0
secrets 1
	secret
canonical
	 index_size	25761004
	 build_time	5033
	    indexed	100
	       path	set1\100_45100_256_2_1_0_0.001\1\corpus_indexed\canonical
	  load_time	2226
bsib
	 index_size	26637565
	 build_time	43257
	    indexed	100
	       path	set1\100_45100_256_2_1_0_0.001\1\corpus_indexed\bsib
	  load_time	2103
psib
	 index_size	66064823
	 build_time	22662
	    indexed	100
	       path	set1\100_45100_256_2_1_0_0.001\1\corpus_indexed\psib
	  load_time	136
psip
	 index_size	30477535
	 build_time	25216
	    indexed	99
	       path	set1\100_45100_256_2_1_0_0.001\1\corpus_indexed\psip
	  load_time	2476
