label 
corpus_size 5491166
false_positive_rate 0.001
location_uncertainty 256
junk_fraction 0
freq_error 0
stemming 0
stop_words 0
secrets 1
	secret
canonical
	 index_size	3342421
	 build_time	807
	    indexed	100
	       path	\100_7000_256_2_1_0_0.001\2\corpus_indexed\canonical
	  load_time	343
bsib
	 index_size	3215180
	 build_time	6351
	    indexed	100
	       path	\100_7000_256_2_1_0_0.001\2\corpus_indexed\bsib
	  load_time	284
psib
	 index_size	2503798
	 build_time	3859
	    indexed	100
	       path	\100_7000_256_2_1_0_0.001\2\corpus_indexed\psib
	  load_time	28
psip
	 index_size	4036347
	 build_time	4386
	    indexed	100
	       path	\100_7000_256_2_1_0_0.001\2\corpus_indexed\psip
	  load_time	353
