ID small\1000_100_25_2_1_0_0.001\1 
NUM_UNIQUE_CORPUS_TOKENS 10000 
NUM_DOC_TOKENS 100 
NUM_UNIQUE_DOC_TOKENS 120 
NUM_CORPUS_DOCS 1000 
TERMS_PER_QUERY 2 
TOKENS_PER_TERM 1 
NUM_TEST_QUERIES 1 
MAX_LOAD_FACTOR .0001 
MIN_LOAD_FACTOR .0001 
MIN_BLOCK_SIZE 99 
MAX_BLOCK_SIZE 99 
MIN_BINOMIAL 1 
MAX_BINOMIAL 1 
FP_RATE 0.001 
LOCATION_UNCERTAINTY 25 
SECRETS secret 
TYPES psib psip bsib psim 
RECALL_PRECISION 0 
MINDIST 1 
BM25 0 
BSIB_PSIB_TRIALS 10 
OBFUSCATIONS 0 
JUNK_FRACTION 0 
TOP_K 1000 
 
ID small\1000_100_25_2_1_0_0.001\2 
NUM_UNIQUE_CORPUS_TOKENS 10000 
NUM_DOC_TOKENS 100 
NUM_UNIQUE_DOC_TOKENS 120 
NUM_CORPUS_DOCS 1000 
TERMS_PER_QUERY 2 
TOKENS_PER_TERM 1 
NUM_TEST_QUERIES 1 
MAX_LOAD_FACTOR .0001 
MIN_LOAD_FACTOR .0001 
MIN_BLOCK_SIZE 99 
MAX_BLOCK_SIZE 99 
MIN_BINOMIAL 1 
MAX_BINOMIAL 1 
FP_RATE 0.001 
LOCATION_UNCERTAINTY 25 
SECRETS secret 
TYPES psib psip bsib psim 
RECALL_PRECISION 0 
MINDIST 1 
BM25 0 
BSIB_PSIB_TRIALS 10 
OBFUSCATIONS 0 
JUNK_FRACTION 0 
TOP_K 1000 
 
ID small\1000_100_25_2_1_0_0.001\3 
NUM_UNIQUE_CORPUS_TOKENS 10000 
NUM_DOC_TOKENS 100 
NUM_UNIQUE_DOC_TOKENS 120 
NUM_CORPUS_DOCS 1000 
TERMS_PER_QUERY 2 
TOKENS_PER_TERM 1 
NUM_TEST_QUERIES 1 
MAX_LOAD_FACTOR .0001 
MIN_LOAD_FACTOR .0001 
MIN_BLOCK_SIZE 99 
MAX_BLOCK_SIZE 99 
MIN_BINOMIAL 1 
MAX_BINOMIAL 1 
FP_RATE 0.001 
LOCATION_UNCERTAINTY 25 
SECRETS secret 
TYPES psib psip bsib psim 
RECALL_PRECISION 0 
MINDIST 1 
BM25 0 
BSIB_PSIB_TRIALS 10 
OBFUSCATIONS 0 
JUNK_FRACTION 0 
TOP_K 1000 
 
ID small\1000_100_25_2_1_0_0.001\4 
NUM_UNIQUE_CORPUS_TOKENS 10000 
NUM_DOC_TOKENS 100 
NUM_UNIQUE_DOC_TOKENS 120 
NUM_CORPUS_DOCS 1000 
TERMS_PER_QUERY 2 
TOKENS_PER_TERM 1 
NUM_TEST_QUERIES 1 
MAX_LOAD_FACTOR .0001 
MIN_LOAD_FACTOR .0001 
MIN_BLOCK_SIZE 99 
MAX_BLOCK_SIZE 99 
MIN_BINOMIAL 1 
MAX_BINOMIAL 1 
FP_RATE 0.001 
LOCATION_UNCERTAINTY 25 
SECRETS secret 
TYPES psib psip bsib psim 
RECALL_PRECISION 0 
MINDIST 1 
BM25 0 
BSIB_PSIB_TRIALS 10 
OBFUSCATIONS 0 
JUNK_FRACTION 0 
TOP_K 1000 
 
ID small\1000_100_25_2_1_0_0.001\5 
NUM_UNIQUE_CORPUS_TOKENS 10000 
NUM_DOC_TOKENS 100 
NUM_UNIQUE_DOC_TOKENS 120 
NUM_CORPUS_DOCS 1000 
TERMS_PER_QUERY 2 
TOKENS_PER_TERM 1 
NUM_TEST_QUERIES 1 
MAX_LOAD_FACTOR .0001 
MIN_LOAD_FACTOR .0001 
MIN_BLOCK_SIZE 99 
MAX_BLOCK_SIZE 99 
MIN_BINOMIAL 1 
MAX_BINOMIAL 1 
FP_RATE 0.001 
LOCATION_UNCERTAINTY 25 
SECRETS secret 
TYPES psib psip bsib psim 
RECALL_PRECISION 0 
MINDIST 1 
BM25 0 
BSIB_PSIB_TRIALS 10 
OBFUSCATIONS 0 
JUNK_FRACTION 0 
TOP_K 1000 
 
ID small\1000_100_25_2_1_0_0.001\6 
NUM_UNIQUE_CORPUS_TOKENS 10000 
NUM_DOC_TOKENS 100 
NUM_UNIQUE_DOC_TOKENS 120 
NUM_CORPUS_DOCS 1000 
TERMS_PER_QUERY 2 
TOKENS_PER_TERM 1 
NUM_TEST_QUERIES 1 
MAX_LOAD_FACTOR .0001 
MIN_LOAD_FACTOR .0001 
MIN_BLOCK_SIZE 99 
MAX_BLOCK_SIZE 99 
MIN_BINOMIAL 1 
MAX_BINOMIAL 1 
FP_RATE 0.001 
LOCATION_UNCERTAINTY 25 
SECRETS secret 
TYPES psib psip bsib psim 
RECALL_PRECISION 0 
MINDIST 1 
BM25 0 
BSIB_PSIB_TRIALS 10 
OBFUSCATIONS 0 
JUNK_FRACTION 0 
TOP_K 1000 
 
ID small\1000_100_25_2_1_0_0.001\7 
NUM_UNIQUE_CORPUS_TOKENS 10000 
NUM_DOC_TOKENS 100 
NUM_UNIQUE_DOC_TOKENS 120 
NUM_CORPUS_DOCS 1000 
TERMS_PER_QUERY 2 
TOKENS_PER_TERM 1 
NUM_TEST_QUERIES 1 
MAX_LOAD_FACTOR .0001 
MIN_LOAD_FACTOR .0001 
MIN_BLOCK_SIZE 99 
MAX_BLOCK_SIZE 99 
MIN_BINOMIAL 1 
MAX_BINOMIAL 1 
FP_RATE 0.001 
LOCATION_UNCERTAINTY 25 
SECRETS secret 
TYPES psib psip bsib psim 
RECALL_PRECISION 0 
MINDIST 1 
BM25 0 
BSIB_PSIB_TRIALS 10 
OBFUSCATIONS 0 
JUNK_FRACTION 0 
TOP_K 1000 
 
ID small\1000_100_25_2_1_0_0.001\8 
NUM_UNIQUE_CORPUS_TOKENS 10000 
NUM_DOC_TOKENS 100 
NUM_UNIQUE_DOC_TOKENS 120 
NUM_CORPUS_DOCS 1000 
TERMS_PER_QUERY 2 
TOKENS_PER_TERM 1 
NUM_TEST_QUERIES 1 
MAX_LOAD_FACTOR .0001 
MIN_LOAD_FACTOR .0001 
MIN_BLOCK_SIZE 99 
MAX_BLOCK_SIZE 99 
MIN_BINOMIAL 1 
MAX_BINOMIAL 1 
FP_RATE 0.001 
LOCATION_UNCERTAINTY 25 
SECRETS secret 
TYPES psib psip bsib psim 
RECALL_PRECISION 0 
MINDIST 1 
BM25 0 
BSIB_PSIB_TRIALS 10 
OBFUSCATIONS 0 
JUNK_FRACTION 0 
TOP_K 1000 
 
ID small\1000_100_25_2_1_0_0.001\9 
NUM_UNIQUE_CORPUS_TOKENS 10000 
NUM_DOC_TOKENS 100 
NUM_UNIQUE_DOC_TOKENS 120 
NUM_CORPUS_DOCS 1000 
TERMS_PER_QUERY 2 
TOKENS_PER_TERM 1 
NUM_TEST_QUERIES 1 
MAX_LOAD_FACTOR .0001 
MIN_LOAD_FACTOR .0001 
MIN_BLOCK_SIZE 99 
MAX_BLOCK_SIZE 99 
MIN_BINOMIAL 1 
MAX_BINOMIAL 1 
FP_RATE 0.001 
LOCATION_UNCERTAINTY 25 
SECRETS secret 
TYPES psib psip bsib psim 
RECALL_PRECISION 0 
MINDIST 1 
BM25 0 
BSIB_PSIB_TRIALS 10 
OBFUSCATIONS 0 
JUNK_FRACTION 0 
TOP_K 1000 
 
ID small\1000_100_25_2_1_0_0.001\10 
NUM_UNIQUE_CORPUS_TOKENS 10000 
NUM_DOC_TOKENS 100 
NUM_UNIQUE_DOC_TOKENS 120 
NUM_CORPUS_DOCS 1000 
TERMS_PER_QUERY 2 
TOKENS_PER_TERM 1 
NUM_TEST_QUERIES 1 
MAX_LOAD_FACTOR .0001 
MIN_LOAD_FACTOR .0001 
MIN_BLOCK_SIZE 99 
MAX_BLOCK_SIZE 99 
MIN_BINOMIAL 1 
MAX_BINOMIAL 1 
FP_RATE 0.001 
LOCATION_UNCERTAINTY 25 
SECRETS secret 
TYPES psib psip bsib psim 
RECALL_PRECISION 0 
MINDIST 1 
BM25 0 
BSIB_PSIB_TRIALS 10 
OBFUSCATIONS 0 
JUNK_FRACTION 0 
TOP_K 1000 
 
ID small\1000_100_25_2_1_0_0.001\11 
NUM_UNIQUE_CORPUS_TOKENS 10000 
NUM_DOC_TOKENS 100 
NUM_UNIQUE_DOC_TOKENS 120 
NUM_CORPUS_DOCS 1000 
TERMS_PER_QUERY 2 
TOKENS_PER_TERM 1 
NUM_TEST_QUERIES 1 
MAX_LOAD_FACTOR .0001 
MIN_LOAD_FACTOR .0001 
MIN_BLOCK_SIZE 99 
MAX_BLOCK_SIZE 99 
MIN_BINOMIAL 1 
MAX_BINOMIAL 1 
FP_RATE 0.001 
LOCATION_UNCERTAINTY 25 
SECRETS secret 
TYPES psib psip bsib psim 
RECALL_PRECISION 0 
MINDIST 1 
BM25 0 
BSIB_PSIB_TRIALS 10 
OBFUSCATIONS 0 
JUNK_FRACTION 0 
TOP_K 1000 
 
ID small\1000_100_25_2_1_0_0.001\12 
NUM_UNIQUE_CORPUS_TOKENS 10000 
NUM_DOC_TOKENS 100 
NUM_UNIQUE_DOC_TOKENS 120 
NUM_CORPUS_DOCS 1000 
TERMS_PER_QUERY 2 
TOKENS_PER_TERM 1 
NUM_TEST_QUERIES 1 
MAX_LOAD_FACTOR .0001 
MIN_LOAD_FACTOR .0001 
MIN_BLOCK_SIZE 99 
MAX_BLOCK_SIZE 99 
MIN_BINOMIAL 1 
MAX_BINOMIAL 1 
FP_RATE 0.001 
LOCATION_UNCERTAINTY 25 
SECRETS secret 
TYPES psib psip bsib psim 
RECALL_PRECISION 0 
MINDIST 1 
BM25 0 
BSIB_PSIB_TRIALS 10 
OBFUSCATIONS 0 
JUNK_FRACTION 0 
TOP_K 1000 
 
ID small\1000_100_25_2_1_0_0.001\13 
NUM_UNIQUE_CORPUS_TOKENS 10000 
NUM_DOC_TOKENS 100 
NUM_UNIQUE_DOC_TOKENS 120 
NUM_CORPUS_DOCS 1000 
TERMS_PER_QUERY 2 
TOKENS_PER_TERM 1 
NUM_TEST_QUERIES 1 
MAX_LOAD_FACTOR .0001 
MIN_LOAD_FACTOR .0001 
MIN_BLOCK_SIZE 99 
MAX_BLOCK_SIZE 99 
MIN_BINOMIAL 1 
MAX_BINOMIAL 1 
FP_RATE 0.001 
LOCATION_UNCERTAINTY 25 
SECRETS secret 
TYPES psib psip bsib psim 
RECALL_PRECISION 0 
MINDIST 1 
BM25 0 
BSIB_PSIB_TRIALS 10 
OBFUSCATIONS 0 
JUNK_FRACTION 0 
TOP_K 1000 
 
ID small\1000_100_25_2_1_0_0.001\14 
NUM_UNIQUE_CORPUS_TOKENS 10000 
NUM_DOC_TOKENS 100 
NUM_UNIQUE_DOC_TOKENS 120 
NUM_CORPUS_DOCS 1000 
TERMS_PER_QUERY 2 
TOKENS_PER_TERM 1 
NUM_TEST_QUERIES 1 
MAX_LOAD_FACTOR .0001 
MIN_LOAD_FACTOR .0001 
MIN_BLOCK_SIZE 99 
MAX_BLOCK_SIZE 99 
MIN_BINOMIAL 1 
MAX_BINOMIAL 1 
FP_RATE 0.001 
LOCATION_UNCERTAINTY 25 
SECRETS secret 
TYPES psib psip bsib psim 
RECALL_PRECISION 0 
MINDIST 1 
BM25 0 
BSIB_PSIB_TRIALS 10 
OBFUSCATIONS 0 
JUNK_FRACTION 0 
TOP_K 1000 
 
ID small\1000_100_25_2_1_0_0.001\15 
NUM_UNIQUE_CORPUS_TOKENS 10000 
NUM_DOC_TOKENS 100 
NUM_UNIQUE_DOC_TOKENS 120 
NUM_CORPUS_DOCS 1000 
TERMS_PER_QUERY 2 
TOKENS_PER_TERM 1 
NUM_TEST_QUERIES 1 
MAX_LOAD_FACTOR .0001 
MIN_LOAD_FACTOR .0001 
MIN_BLOCK_SIZE 99 
MAX_BLOCK_SIZE 99 
MIN_BINOMIAL 1 
MAX_BINOMIAL 1 
FP_RATE 0.001 
LOCATION_UNCERTAINTY 25 
SECRETS secret 
TYPES psib psip bsib psim 
RECALL_PRECISION 0 
MINDIST 1 
BM25 0 
BSIB_PSIB_TRIALS 10 
OBFUSCATIONS 0 
JUNK_FRACTION 0 
TOP_K 1000 
 
ID small\1000_100_25_3_1_0_0.001\1 
NUM_UNIQUE_CORPUS_TOKENS 10000 
NUM_DOC_TOKENS 100 
NUM_UNIQUE_DOC_TOKENS 120 
NUM_CORPUS_DOCS 1000 
TERMS_PER_QUERY 3 
TOKENS_PER_TERM 1 
NUM_TEST_QUERIES 1 
MAX_LOAD_FACTOR .0001 
MIN_LOAD_FACTOR .0001 
MIN_BLOCK_SIZE 99 
MAX_BLOCK_SIZE 99 
MIN_BINOMIAL 1 
MAX_BINOMIAL 1 
FP_RATE 0.001 
LOCATION_UNCERTAINTY 25 
SECRETS secret 
TYPES psib psip bsib psim 
RECALL_PRECISION 0 
MINDIST 1 
BM25 0 
BSIB_PSIB_TRIALS 10 
OBFUSCATIONS 0 
JUNK_FRACTION 0 
TOP_K 1000 
 
ID small\1000_100_25_3_1_0_0.001\2 
NUM_UNIQUE_CORPUS_TOKENS 10000 
NUM_DOC_TOKENS 100 
NUM_UNIQUE_DOC_TOKENS 120 
NUM_CORPUS_DOCS 1000 
TERMS_PER_QUERY 3 
TOKENS_PER_TERM 1 
NUM_TEST_QUERIES 1 
MAX_LOAD_FACTOR .0001 
MIN_LOAD_FACTOR .0001 
MIN_BLOCK_SIZE 99 
MAX_BLOCK_SIZE 99 
MIN_BINOMIAL 1 
MAX_BINOMIAL 1 
FP_RATE 0.001 
LOCATION_UNCERTAINTY 25 
SECRETS secret 
TYPES psib psip bsib psim 
RECALL_PRECISION 0 
MINDIST 1 
BM25 0 
BSIB_PSIB_TRIALS 10 
OBFUSCATIONS 0 
JUNK_FRACTION 0 
TOP_K 1000 
 
ID small\1000_100_25_3_1_0_0.001\3 
NUM_UNIQUE_CORPUS_TOKENS 10000 
NUM_DOC_TOKENS 100 
NUM_UNIQUE_DOC_TOKENS 120 
NUM_CORPUS_DOCS 1000 
TERMS_PER_QUERY 3 
TOKENS_PER_TERM 1 
NUM_TEST_QUERIES 1 
MAX_LOAD_FACTOR .0001 
MIN_LOAD_FACTOR .0001 
MIN_BLOCK_SIZE 99 
MAX_BLOCK_SIZE 99 
MIN_BINOMIAL 1 
MAX_BINOMIAL 1 
FP_RATE 0.001 
LOCATION_UNCERTAINTY 25 
SECRETS secret 
TYPES psib psip bsib psim 
RECALL_PRECISION 0 
MINDIST 1 
BM25 0 
BSIB_PSIB_TRIALS 10 
OBFUSCATIONS 0 
JUNK_FRACTION 0 
TOP_K 1000 
 
ID small\1000_100_25_3_1_0_0.001\4 
NUM_UNIQUE_CORPUS_TOKENS 10000 
NUM_DOC_TOKENS 100 
NUM_UNIQUE_DOC_TOKENS 120 
NUM_CORPUS_DOCS 1000 
TERMS_PER_QUERY 3 
TOKENS_PER_TERM 1 
NUM_TEST_QUERIES 1 
MAX_LOAD_FACTOR .0001 
MIN_LOAD_FACTOR .0001 
MIN_BLOCK_SIZE 99 
MAX_BLOCK_SIZE 99 
MIN_BINOMIAL 1 
MAX_BINOMIAL 1 
FP_RATE 0.001 
LOCATION_UNCERTAINTY 25 
SECRETS secret 
TYPES psib psip bsib psim 
RECALL_PRECISION 0 
MINDIST 1 
BM25 0 
BSIB_PSIB_TRIALS 10 
OBFUSCATIONS 0 
JUNK_FRACTION 0 
TOP_K 1000 
 
ID small\1000_100_25_3_1_0_0.001\5 
NUM_UNIQUE_CORPUS_TOKENS 10000 
NUM_DOC_TOKENS 100 
NUM_UNIQUE_DOC_TOKENS 120 
NUM_CORPUS_DOCS 1000 
TERMS_PER_QUERY 3 
TOKENS_PER_TERM 1 
NUM_TEST_QUERIES 1 
MAX_LOAD_FACTOR .0001 
MIN_LOAD_FACTOR .0001 
MIN_BLOCK_SIZE 99 
MAX_BLOCK_SIZE 99 
MIN_BINOMIAL 1 
MAX_BINOMIAL 1 
FP_RATE 0.001 
LOCATION_UNCERTAINTY 25 
SECRETS secret 
TYPES psib psip bsib psim 
RECALL_PRECISION 0 
MINDIST 1 
BM25 0 
BSIB_PSIB_TRIALS 10 
OBFUSCATIONS 0 
JUNK_FRACTION 0 
TOP_K 1000 
 
ID small\1000_100_25_3_1_0_0.001\6 
NUM_UNIQUE_CORPUS_TOKENS 10000 
NUM_DOC_TOKENS 100 
NUM_UNIQUE_DOC_TOKENS 120 
NUM_CORPUS_DOCS 1000 
TERMS_PER_QUERY 3 
TOKENS_PER_TERM 1 
NUM_TEST_QUERIES 1 
MAX_LOAD_FACTOR .0001 
MIN_LOAD_FACTOR .0001 
MIN_BLOCK_SIZE 99 
MAX_BLOCK_SIZE 99 
MIN_BINOMIAL 1 
MAX_BINOMIAL 1 
FP_RATE 0.001 
LOCATION_UNCERTAINTY 25 
SECRETS secret 
TYPES psib psip bsib psim 
RECALL_PRECISION 0 
MINDIST 1 
BM25 0 
BSIB_PSIB_TRIALS 10 
OBFUSCATIONS 0 
JUNK_FRACTION 0 
TOP_K 1000 
 
ID small\1000_100_25_3_1_0_0.001\7 
NUM_UNIQUE_CORPUS_TOKENS 10000 
NUM_DOC_TOKENS 100 
NUM_UNIQUE_DOC_TOKENS 120 
NUM_CORPUS_DOCS 1000 
TERMS_PER_QUERY 3 
TOKENS_PER_TERM 1 
NUM_TEST_QUERIES 1 
MAX_LOAD_FACTOR .0001 
MIN_LOAD_FACTOR .0001 
MIN_BLOCK_SIZE 99 
MAX_BLOCK_SIZE 99 
MIN_BINOMIAL 1 
MAX_BINOMIAL 1 
FP_RATE 0.001 
LOCATION_UNCERTAINTY 25 
SECRETS secret 
TYPES psib psip bsib psim 
RECALL_PRECISION 0 
MINDIST 1 
BM25 0 
BSIB_PSIB_TRIALS 10 
OBFUSCATIONS 0 
JUNK_FRACTION 0 
TOP_K 1000 
 
ID small\1000_100_25_3_1_0_0.001\8 
NUM_UNIQUE_CORPUS_TOKENS 10000 
NUM_DOC_TOKENS 100 
NUM_UNIQUE_DOC_TOKENS 120 
NUM_CORPUS_DOCS 1000 
TERMS_PER_QUERY 3 
TOKENS_PER_TERM 1 
NUM_TEST_QUERIES 1 
MAX_LOAD_FACTOR .0001 
MIN_LOAD_FACTOR .0001 
MIN_BLOCK_SIZE 99 
MAX_BLOCK_SIZE 99 
MIN_BINOMIAL 1 
MAX_BINOMIAL 1 
FP_RATE 0.001 
LOCATION_UNCERTAINTY 25 
SECRETS secret 
TYPES psib psip bsib psim 
RECALL_PRECISION 0 
MINDIST 1 
BM25 0 
BSIB_PSIB_TRIALS 10 
OBFUSCATIONS 0 
JUNK_FRACTION 0 
TOP_K 1000 
 
ID small\1000_100_25_3_1_0_0.001\9 
NUM_UNIQUE_CORPUS_TOKENS 10000 
NUM_DOC_TOKENS 100 
NUM_UNIQUE_DOC_TOKENS 120 
NUM_CORPUS_DOCS 1000 
TERMS_PER_QUERY 3 
TOKENS_PER_TERM 1 
NUM_TEST_QUERIES 1 
MAX_LOAD_FACTOR .0001 
MIN_LOAD_FACTOR .0001 
MIN_BLOCK_SIZE 99 
MAX_BLOCK_SIZE 99 
MIN_BINOMIAL 1 
MAX_BINOMIAL 1 
FP_RATE 0.001 
LOCATION_UNCERTAINTY 25 
SECRETS secret 
TYPES psib psip bsib psim 
RECALL_PRECISION 0 
MINDIST 1 
BM25 0 
BSIB_PSIB_TRIALS 10 
OBFUSCATIONS 0 
JUNK_FRACTION 0 
TOP_K 1000 
 
ID small\1000_100_25_3_1_0_0.001\10 
NUM_UNIQUE_CORPUS_TOKENS 10000 
NUM_DOC_TOKENS 100 
NUM_UNIQUE_DOC_TOKENS 120 
NUM_CORPUS_DOCS 1000 
TERMS_PER_QUERY 3 
TOKENS_PER_TERM 1 
NUM_TEST_QUERIES 1 
MAX_LOAD_FACTOR .0001 
MIN_LOAD_FACTOR .0001 
MIN_BLOCK_SIZE 99 
MAX_BLOCK_SIZE 99 
MIN_BINOMIAL 1 
MAX_BINOMIAL 1 
FP_RATE 0.001 
LOCATION_UNCERTAINTY 25 
SECRETS secret 
TYPES psib psip bsib psim 
RECALL_PRECISION 0 
MINDIST 1 
BM25 0 
BSIB_PSIB_TRIALS 10 
OBFUSCATIONS 0 
JUNK_FRACTION 0 
TOP_K 1000 
 
ID small\1000_100_25_3_1_0_0.001\11 
NUM_UNIQUE_CORPUS_TOKENS 10000 
NUM_DOC_TOKENS 100 
NUM_UNIQUE_DOC_TOKENS 120 
NUM_CORPUS_DOCS 1000 
TERMS_PER_QUERY 3 
TOKENS_PER_TERM 1 
NUM_TEST_QUERIES 1 
MAX_LOAD_FACTOR .0001 
MIN_LOAD_FACTOR .0001 
MIN_BLOCK_SIZE 99 
MAX_BLOCK_SIZE 99 
MIN_BINOMIAL 1 
MAX_BINOMIAL 1 
FP_RATE 0.001 
LOCATION_UNCERTAINTY 25 
SECRETS secret 
TYPES psib psip bsib psim 
RECALL_PRECISION 0 
MINDIST 1 
BM25 0 
BSIB_PSIB_TRIALS 10 
OBFUSCATIONS 0 
JUNK_FRACTION 0 
TOP_K 1000 
 
ID small\1000_100_25_3_1_0_0.001\12 
NUM_UNIQUE_CORPUS_TOKENS 10000 
NUM_DOC_TOKENS 100 
NUM_UNIQUE_DOC_TOKENS 120 
NUM_CORPUS_DOCS 1000 
TERMS_PER_QUERY 3 
TOKENS_PER_TERM 1 
NUM_TEST_QUERIES 1 
MAX_LOAD_FACTOR .0001 
MIN_LOAD_FACTOR .0001 
MIN_BLOCK_SIZE 99 
MAX_BLOCK_SIZE 99 
MIN_BINOMIAL 1 
MAX_BINOMIAL 1 
FP_RATE 0.001 
LOCATION_UNCERTAINTY 25 
SECRETS secret 
TYPES psib psip bsib psim 
RECALL_PRECISION 0 
MINDIST 1 
BM25 0 
BSIB_PSIB_TRIALS 10 
OBFUSCATIONS 0 
JUNK_FRACTION 0 
TOP_K 1000 
 
ID small\1000_100_25_3_1_0_0.001\13 
NUM_UNIQUE_CORPUS_TOKENS 10000 
NUM_DOC_TOKENS 100 
NUM_UNIQUE_DOC_TOKENS 120 
NUM_CORPUS_DOCS 1000 
TERMS_PER_QUERY 3 
TOKENS_PER_TERM 1 
NUM_TEST_QUERIES 1 
MAX_LOAD_FACTOR .0001 
MIN_LOAD_FACTOR .0001 
MIN_BLOCK_SIZE 99 
MAX_BLOCK_SIZE 99 
MIN_BINOMIAL 1 
MAX_BINOMIAL 1 
FP_RATE 0.001 
LOCATION_UNCERTAINTY 25 
SECRETS secret 
TYPES psib psip bsib psim 
RECALL_PRECISION 0 
MINDIST 1 
BM25 0 
BSIB_PSIB_TRIALS 10 
OBFUSCATIONS 0 
JUNK_FRACTION 0 
TOP_K 1000 
 
ID small\1000_100_25_3_1_0_0.001\14 
NUM_UNIQUE_CORPUS_TOKENS 10000 
NUM_DOC_TOKENS 100 
NUM_UNIQUE_DOC_TOKENS 120 
NUM_CORPUS_DOCS 1000 
TERMS_PER_QUERY 3 
TOKENS_PER_TERM 1 
NUM_TEST_QUERIES 1 
MAX_LOAD_FACTOR .0001 
MIN_LOAD_FACTOR .0001 
MIN_BLOCK_SIZE 99 
MAX_BLOCK_SIZE 99 
MIN_BINOMIAL 1 
MAX_BINOMIAL 1 
FP_RATE 0.001 
LOCATION_UNCERTAINTY 25 
SECRETS secret 
TYPES psib psip bsib psim 
RECALL_PRECISION 0 
MINDIST 1 
BM25 0 
BSIB_PSIB_TRIALS 10 
OBFUSCATIONS 0 
JUNK_FRACTION 0 
TOP_K 1000 
 
ID small\1000_100_25_3_1_0_0.001\15 
NUM_UNIQUE_CORPUS_TOKENS 10000 
NUM_DOC_TOKENS 100 
NUM_UNIQUE_DOC_TOKENS 120 
NUM_CORPUS_DOCS 1000 
TERMS_PER_QUERY 3 
TOKENS_PER_TERM 1 
NUM_TEST_QUERIES 1 
MAX_LOAD_FACTOR .0001 
MIN_LOAD_FACTOR .0001 
MIN_BLOCK_SIZE 99 
MAX_BLOCK_SIZE 99 
MIN_BINOMIAL 1 
MAX_BINOMIAL 1 
FP_RATE 0.001 
LOCATION_UNCERTAINTY 25 
SECRETS secret 
TYPES psib psip bsib psim 
RECALL_PRECISION 0 
MINDIST 1 
BM25 0 
BSIB_PSIB_TRIALS 10 
OBFUSCATIONS 0 
JUNK_FRACTION 0 
TOP_K 1000 
 
ID small\1000_100_25_4_1_0_0.001\1 
NUM_UNIQUE_CORPUS_TOKENS 10000 
NUM_DOC_TOKENS 100 
NUM_UNIQUE_DOC_TOKENS 120 
NUM_CORPUS_DOCS 1000 
TERMS_PER_QUERY 4 
TOKENS_PER_TERM 1 
NUM_TEST_QUERIES 1 
MAX_LOAD_FACTOR .0001 
MIN_LOAD_FACTOR .0001 
MIN_BLOCK_SIZE 99 
MAX_BLOCK_SIZE 99 
MIN_BINOMIAL 1 
MAX_BINOMIAL 1 
FP_RATE 0.001 
LOCATION_UNCERTAINTY 25 
SECRETS secret 
TYPES psib psip bsib psim 
RECALL_PRECISION 0 
MINDIST 1 
BM25 0 
BSIB_PSIB_TRIALS 10 
OBFUSCATIONS 0 
JUNK_FRACTION 0 
TOP_K 1000 
 
ID small\1000_100_25_4_1_0_0.001\2 
NUM_UNIQUE_CORPUS_TOKENS 10000 
NUM_DOC_TOKENS 100 
NUM_UNIQUE_DOC_TOKENS 120 
NUM_CORPUS_DOCS 1000 
TERMS_PER_QUERY 4 
TOKENS_PER_TERM 1 
NUM_TEST_QUERIES 1 
MAX_LOAD_FACTOR .0001 
MIN_LOAD_FACTOR .0001 
MIN_BLOCK_SIZE 99 
MAX_BLOCK_SIZE 99 
MIN_BINOMIAL 1 
MAX_BINOMIAL 1 
FP_RATE 0.001 
LOCATION_UNCERTAINTY 25 
SECRETS secret 
TYPES psib psip bsib psim 
RECALL_PRECISION 0 
MINDIST 1 
BM25 0 
BSIB_PSIB_TRIALS 10 
OBFUSCATIONS 0 
JUNK_FRACTION 0 
TOP_K 1000 
 
ID small\1000_100_25_4_1_0_0.001\3 
NUM_UNIQUE_CORPUS_TOKENS 10000 
NUM_DOC_TOKENS 100 
NUM_UNIQUE_DOC_TOKENS 120 
NUM_CORPUS_DOCS 1000 
TERMS_PER_QUERY 4 
TOKENS_PER_TERM 1 
NUM_TEST_QUERIES 1 
MAX_LOAD_FACTOR .0001 
MIN_LOAD_FACTOR .0001 
MIN_BLOCK_SIZE 99 
MAX_BLOCK_SIZE 99 
MIN_BINOMIAL 1 
MAX_BINOMIAL 1 
FP_RATE 0.001 
LOCATION_UNCERTAINTY 25 
SECRETS secret 
TYPES psib psip bsib psim 
RECALL_PRECISION 0 
MINDIST 1 
BM25 0 
BSIB_PSIB_TRIALS 10 
OBFUSCATIONS 0 
JUNK_FRACTION 0 
TOP_K 1000 
 
ID small\1000_100_25_4_1_0_0.001\4 
NUM_UNIQUE_CORPUS_TOKENS 10000 
NUM_DOC_TOKENS 100 
NUM_UNIQUE_DOC_TOKENS 120 
NUM_CORPUS_DOCS 1000 
TERMS_PER_QUERY 4 
TOKENS_PER_TERM 1 
NUM_TEST_QUERIES 1 
MAX_LOAD_FACTOR .0001 
MIN_LOAD_FACTOR .0001 
MIN_BLOCK_SIZE 99 
MAX_BLOCK_SIZE 99 
MIN_BINOMIAL 1 
MAX_BINOMIAL 1 
FP_RATE 0.001 
LOCATION_UNCERTAINTY 25 
SECRETS secret 
TYPES psib psip bsib psim 
RECALL_PRECISION 0 
MINDIST 1 
BM25 0 
BSIB_PSIB_TRIALS 10 
OBFUSCATIONS 0 
JUNK_FRACTION 0 
TOP_K 1000 
 
ID small\1000_100_25_4_1_0_0.001\5 
NUM_UNIQUE_CORPUS_TOKENS 10000 
NUM_DOC_TOKENS 100 
NUM_UNIQUE_DOC_TOKENS 120 
NUM_CORPUS_DOCS 1000 
TERMS_PER_QUERY 4 
TOKENS_PER_TERM 1 
NUM_TEST_QUERIES 1 
MAX_LOAD_FACTOR .0001 
MIN_LOAD_FACTOR .0001 
MIN_BLOCK_SIZE 99 
MAX_BLOCK_SIZE 99 
MIN_BINOMIAL 1 
MAX_BINOMIAL 1 
FP_RATE 0.001 
LOCATION_UNCERTAINTY 25 
SECRETS secret 
TYPES psib psip bsib psim 
RECALL_PRECISION 0 
MINDIST 1 
BM25 0 
BSIB_PSIB_TRIALS 10 
OBFUSCATIONS 0 
JUNK_FRACTION 0 
TOP_K 1000 
 
ID small\1000_100_25_4_1_0_0.001\6 
NUM_UNIQUE_CORPUS_TOKENS 10000 
NUM_DOC_TOKENS 100 
NUM_UNIQUE_DOC_TOKENS 120 
NUM_CORPUS_DOCS 1000 
TERMS_PER_QUERY 4 
TOKENS_PER_TERM 1 
NUM_TEST_QUERIES 1 
MAX_LOAD_FACTOR .0001 
MIN_LOAD_FACTOR .0001 
MIN_BLOCK_SIZE 99 
MAX_BLOCK_SIZE 99 
MIN_BINOMIAL 1 
MAX_BINOMIAL 1 
FP_RATE 0.001 
LOCATION_UNCERTAINTY 25 
SECRETS secret 
TYPES psib psip bsib psim 
RECALL_PRECISION 0 
MINDIST 1 
BM25 0 
BSIB_PSIB_TRIALS 10 
OBFUSCATIONS 0 
JUNK_FRACTION 0 
TOP_K 1000 
 
ID small\1000_100_25_4_1_0_0.001\7 
NUM_UNIQUE_CORPUS_TOKENS 10000 
NUM_DOC_TOKENS 100 
NUM_UNIQUE_DOC_TOKENS 120 
NUM_CORPUS_DOCS 1000 
TERMS_PER_QUERY 4 
TOKENS_PER_TERM 1 
NUM_TEST_QUERIES 1 
MAX_LOAD_FACTOR .0001 
MIN_LOAD_FACTOR .0001 
MIN_BLOCK_SIZE 99 
MAX_BLOCK_SIZE 99 
MIN_BINOMIAL 1 
MAX_BINOMIAL 1 
FP_RATE 0.001 
LOCATION_UNCERTAINTY 25 
SECRETS secret 
TYPES psib psip bsib psim 
RECALL_PRECISION 0 
MINDIST 1 
BM25 0 
BSIB_PSIB_TRIALS 10 
OBFUSCATIONS 0 
JUNK_FRACTION 0 
TOP_K 1000 
 
ID small\1000_100_25_4_1_0_0.001\8 
NUM_UNIQUE_CORPUS_TOKENS 10000 
NUM_DOC_TOKENS 100 
NUM_UNIQUE_DOC_TOKENS 120 
NUM_CORPUS_DOCS 1000 
TERMS_PER_QUERY 4 
TOKENS_PER_TERM 1 
NUM_TEST_QUERIES 1 
MAX_LOAD_FACTOR .0001 
MIN_LOAD_FACTOR .0001 
MIN_BLOCK_SIZE 99 
MAX_BLOCK_SIZE 99 
MIN_BINOMIAL 1 
MAX_BINOMIAL 1 
FP_RATE 0.001 
LOCATION_UNCERTAINTY 25 
SECRETS secret 
TYPES psib psip bsib psim 
RECALL_PRECISION 0 
MINDIST 1 
BM25 0 
BSIB_PSIB_TRIALS 10 
OBFUSCATIONS 0 
JUNK_FRACTION 0 
TOP_K 1000 
 
ID small\1000_100_25_4_1_0_0.001\9 
NUM_UNIQUE_CORPUS_TOKENS 10000 
NUM_DOC_TOKENS 100 
NUM_UNIQUE_DOC_TOKENS 120 
NUM_CORPUS_DOCS 1000 
TERMS_PER_QUERY 4 
TOKENS_PER_TERM 1 
NUM_TEST_QUERIES 1 
MAX_LOAD_FACTOR .0001 
MIN_LOAD_FACTOR .0001 
MIN_BLOCK_SIZE 99 
MAX_BLOCK_SIZE 99 
MIN_BINOMIAL 1 
MAX_BINOMIAL 1 
FP_RATE 0.001 
LOCATION_UNCERTAINTY 25 
SECRETS secret 
TYPES psib psip bsib psim 
RECALL_PRECISION 0 
MINDIST 1 
BM25 0 
BSIB_PSIB_TRIALS 10 
OBFUSCATIONS 0 
JUNK_FRACTION 0 
TOP_K 1000 
 
ID small\1000_100_25_4_1_0_0.001\10 
NUM_UNIQUE_CORPUS_TOKENS 10000 
NUM_DOC_TOKENS 100 
NUM_UNIQUE_DOC_TOKENS 120 
NUM_CORPUS_DOCS 1000 
TERMS_PER_QUERY 4 
TOKENS_PER_TERM 1 
NUM_TEST_QUERIES 1 
MAX_LOAD_FACTOR .0001 
MIN_LOAD_FACTOR .0001 
MIN_BLOCK_SIZE 99 
MAX_BLOCK_SIZE 99 
MIN_BINOMIAL 1 
MAX_BINOMIAL 1 
FP_RATE 0.001 
LOCATION_UNCERTAINTY 25 
SECRETS secret 
TYPES psib psip bsib psim 
RECALL_PRECISION 0 
MINDIST 1 
BM25 0 
BSIB_PSIB_TRIALS 10 
OBFUSCATIONS 0 
JUNK_FRACTION 0 
TOP_K 1000 
 
ID small\1000_100_25_4_1_0_0.001\11 
NUM_UNIQUE_CORPUS_TOKENS 10000 
NUM_DOC_TOKENS 100 
NUM_UNIQUE_DOC_TOKENS 120 
NUM_CORPUS_DOCS 1000 
TERMS_PER_QUERY 4 
TOKENS_PER_TERM 1 
NUM_TEST_QUERIES 1 
MAX_LOAD_FACTOR .0001 
MIN_LOAD_FACTOR .0001 
MIN_BLOCK_SIZE 99 
MAX_BLOCK_SIZE 99 
MIN_BINOMIAL 1 
MAX_BINOMIAL 1 
FP_RATE 0.001 
LOCATION_UNCERTAINTY 25 
SECRETS secret 
TYPES psib psip bsib psim 
RECALL_PRECISION 0 
MINDIST 1 
BM25 0 
BSIB_PSIB_TRIALS 10 
OBFUSCATIONS 0 
JUNK_FRACTION 0 
TOP_K 1000 
 
ID small\1000_100_25_4_1_0_0.001\12 
NUM_UNIQUE_CORPUS_TOKENS 10000 
NUM_DOC_TOKENS 100 
NUM_UNIQUE_DOC_TOKENS 120 
NUM_CORPUS_DOCS 1000 
TERMS_PER_QUERY 4 
TOKENS_PER_TERM 1 
NUM_TEST_QUERIES 1 
MAX_LOAD_FACTOR .0001 
MIN_LOAD_FACTOR .0001 
MIN_BLOCK_SIZE 99 
MAX_BLOCK_SIZE 99 
MIN_BINOMIAL 1 
MAX_BINOMIAL 1 
FP_RATE 0.001 
LOCATION_UNCERTAINTY 25 
SECRETS secret 
TYPES psib psip bsib psim 
RECALL_PRECISION 0 
MINDIST 1 
BM25 0 
BSIB_PSIB_TRIALS 10 
OBFUSCATIONS 0 
JUNK_FRACTION 0 
TOP_K 1000 
 
ID small\1000_100_25_4_1_0_0.001\13 
NUM_UNIQUE_CORPUS_TOKENS 10000 
NUM_DOC_TOKENS 100 
NUM_UNIQUE_DOC_TOKENS 120 
NUM_CORPUS_DOCS 1000 
TERMS_PER_QUERY 4 
TOKENS_PER_TERM 1 
NUM_TEST_QUERIES 1 
MAX_LOAD_FACTOR .0001 
MIN_LOAD_FACTOR .0001 
MIN_BLOCK_SIZE 99 
MAX_BLOCK_SIZE 99 
MIN_BINOMIAL 1 
MAX_BINOMIAL 1 
FP_RATE 0.001 
LOCATION_UNCERTAINTY 25 
SECRETS secret 
TYPES psib psip bsib psim 
RECALL_PRECISION 0 
MINDIST 1 
BM25 0 
BSIB_PSIB_TRIALS 10 
OBFUSCATIONS 0 
JUNK_FRACTION 0 
TOP_K 1000 
 
ID small\1000_100_25_4_1_0_0.001\14 
NUM_UNIQUE_CORPUS_TOKENS 10000 
NUM_DOC_TOKENS 100 
NUM_UNIQUE_DOC_TOKENS 120 
NUM_CORPUS_DOCS 1000 
TERMS_PER_QUERY 4 
TOKENS_PER_TERM 1 
NUM_TEST_QUERIES 1 
MAX_LOAD_FACTOR .0001 
MIN_LOAD_FACTOR .0001 
MIN_BLOCK_SIZE 99 
MAX_BLOCK_SIZE 99 
MIN_BINOMIAL 1 
MAX_BINOMIAL 1 
FP_RATE 0.001 
LOCATION_UNCERTAINTY 25 
SECRETS secret 
TYPES psib psip bsib psim 
RECALL_PRECISION 0 
MINDIST 1 
BM25 0 
BSIB_PSIB_TRIALS 10 
OBFUSCATIONS 0 
JUNK_FRACTION 0 
TOP_K 1000 
 
ID small\1000_100_25_4_1_0_0.001\15 
NUM_UNIQUE_CORPUS_TOKENS 10000 
NUM_DOC_TOKENS 100 
NUM_UNIQUE_DOC_TOKENS 120 
NUM_CORPUS_DOCS 1000 
TERMS_PER_QUERY 4 
TOKENS_PER_TERM 1 
NUM_TEST_QUERIES 1 
MAX_LOAD_FACTOR .0001 
MIN_LOAD_FACTOR .0001 
MIN_BLOCK_SIZE 99 
MAX_BLOCK_SIZE 99 
MIN_BINOMIAL 1 
MAX_BINOMIAL 1 
FP_RATE 0.001 
LOCATION_UNCERTAINTY 25 
SECRETS secret 
TYPES psib psip bsib psim 
RECALL_PRECISION 0 
MINDIST 1 
BM25 0 
BSIB_PSIB_TRIALS 10 
OBFUSCATIONS 0 
JUNK_FRACTION 0 
TOP_K 1000 
 
ID small\1000_100_25_5_1_0_0.001\1 
NUM_UNIQUE_CORPUS_TOKENS 10000 
NUM_DOC_TOKENS 100 
NUM_UNIQUE_DOC_TOKENS 120 
NUM_CORPUS_DOCS 1000 
TERMS_PER_QUERY 5 
TOKENS_PER_TERM 1 
NUM_TEST_QUERIES 1 
MAX_LOAD_FACTOR .0001 
MIN_LOAD_FACTOR .0001 
MIN_BLOCK_SIZE 99 
MAX_BLOCK_SIZE 99 
MIN_BINOMIAL 1 
MAX_BINOMIAL 1 
FP_RATE 0.001 
LOCATION_UNCERTAINTY 25 
SECRETS secret 
TYPES psib psip bsib psim 
RECALL_PRECISION 0 
MINDIST 1 
BM25 0 
BSIB_PSIB_TRIALS 10 
OBFUSCATIONS 0 
JUNK_FRACTION 0 
TOP_K 1000 
 
ID small\1000_100_25_5_1_0_0.001\2 
NUM_UNIQUE_CORPUS_TOKENS 10000 
NUM_DOC_TOKENS 100 
NUM_UNIQUE_DOC_TOKENS 120 
NUM_CORPUS_DOCS 1000 
TERMS_PER_QUERY 5 
TOKENS_PER_TERM 1 
NUM_TEST_QUERIES 1 
MAX_LOAD_FACTOR .0001 
MIN_LOAD_FACTOR .0001 
MIN_BLOCK_SIZE 99 
MAX_BLOCK_SIZE 99 
MIN_BINOMIAL 1 
MAX_BINOMIAL 1 
FP_RATE 0.001 
LOCATION_UNCERTAINTY 25 
SECRETS secret 
TYPES psib psip bsib psim 
RECALL_PRECISION 0 
MINDIST 1 
BM25 0 
BSIB_PSIB_TRIALS 10 
OBFUSCATIONS 0 
JUNK_FRACTION 0 
TOP_K 1000 
 
ID small\1000_100_25_5_1_0_0.001\3 
NUM_UNIQUE_CORPUS_TOKENS 10000 
NUM_DOC_TOKENS 100 
NUM_UNIQUE_DOC_TOKENS 120 
NUM_CORPUS_DOCS 1000 
TERMS_PER_QUERY 5 
TOKENS_PER_TERM 1 
NUM_TEST_QUERIES 1 
MAX_LOAD_FACTOR .0001 
MIN_LOAD_FACTOR .0001 
MIN_BLOCK_SIZE 99 
MAX_BLOCK_SIZE 99 
MIN_BINOMIAL 1 
MAX_BINOMIAL 1 
FP_RATE 0.001 
LOCATION_UNCERTAINTY 25 
SECRETS secret 
TYPES psib psip bsib psim 
RECALL_PRECISION 0 
MINDIST 1 
BM25 0 
BSIB_PSIB_TRIALS 10 
OBFUSCATIONS 0 
JUNK_FRACTION 0 
TOP_K 1000 
 
ID small\1000_100_25_5_1_0_0.001\4 
NUM_UNIQUE_CORPUS_TOKENS 10000 
NUM_DOC_TOKENS 100 
NUM_UNIQUE_DOC_TOKENS 120 
NUM_CORPUS_DOCS 1000 
TERMS_PER_QUERY 5 
TOKENS_PER_TERM 1 
NUM_TEST_QUERIES 1 
MAX_LOAD_FACTOR .0001 
MIN_LOAD_FACTOR .0001 
MIN_BLOCK_SIZE 99 
MAX_BLOCK_SIZE 99 
MIN_BINOMIAL 1 
MAX_BINOMIAL 1 
FP_RATE 0.001 
LOCATION_UNCERTAINTY 25 
SECRETS secret 
TYPES psib psip bsib psim 
RECALL_PRECISION 0 
MINDIST 1 
BM25 0 
BSIB_PSIB_TRIALS 10 
OBFUSCATIONS 0 
JUNK_FRACTION 0 
TOP_K 1000 
 
ID small\1000_100_25_5_1_0_0.001\5 
NUM_UNIQUE_CORPUS_TOKENS 10000 
NUM_DOC_TOKENS 100 
NUM_UNIQUE_DOC_TOKENS 120 
NUM_CORPUS_DOCS 1000 
TERMS_PER_QUERY 5 
TOKENS_PER_TERM 1 
NUM_TEST_QUERIES 1 
MAX_LOAD_FACTOR .0001 
MIN_LOAD_FACTOR .0001 
MIN_BLOCK_SIZE 99 
MAX_BLOCK_SIZE 99 
MIN_BINOMIAL 1 
MAX_BINOMIAL 1 
FP_RATE 0.001 
LOCATION_UNCERTAINTY 25 
SECRETS secret 
TYPES psib psip bsib psim 
RECALL_PRECISION 0 
MINDIST 1 
BM25 0 
BSIB_PSIB_TRIALS 10 
OBFUSCATIONS 0 
JUNK_FRACTION 0 
TOP_K 1000 
 
ID small\1000_100_25_5_1_0_0.001\6 
NUM_UNIQUE_CORPUS_TOKENS 10000 
NUM_DOC_TOKENS 100 
NUM_UNIQUE_DOC_TOKENS 120 
NUM_CORPUS_DOCS 1000 
TERMS_PER_QUERY 5 
TOKENS_PER_TERM 1 
NUM_TEST_QUERIES 1 
MAX_LOAD_FACTOR .0001 
MIN_LOAD_FACTOR .0001 
MIN_BLOCK_SIZE 99 
MAX_BLOCK_SIZE 99 
MIN_BINOMIAL 1 
MAX_BINOMIAL 1 
FP_RATE 0.001 
LOCATION_UNCERTAINTY 25 
SECRETS secret 
TYPES psib psip bsib psim 
RECALL_PRECISION 0 
MINDIST 1 
BM25 0 
BSIB_PSIB_TRIALS 10 
OBFUSCATIONS 0 
JUNK_FRACTION 0 
TOP_K 1000 
 
ID small\1000_100_25_5_1_0_0.001\7 
NUM_UNIQUE_CORPUS_TOKENS 10000 
NUM_DOC_TOKENS 100 
NUM_UNIQUE_DOC_TOKENS 120 
NUM_CORPUS_DOCS 1000 
TERMS_PER_QUERY 5 
TOKENS_PER_TERM 1 
NUM_TEST_QUERIES 1 
MAX_LOAD_FACTOR .0001 
MIN_LOAD_FACTOR .0001 
MIN_BLOCK_SIZE 99 
MAX_BLOCK_SIZE 99 
MIN_BINOMIAL 1 
MAX_BINOMIAL 1 
FP_RATE 0.001 
LOCATION_UNCERTAINTY 25 
SECRETS secret 
TYPES psib psip bsib psim 
RECALL_PRECISION 0 
MINDIST 1 
BM25 0 
BSIB_PSIB_TRIALS 10 
OBFUSCATIONS 0 
JUNK_FRACTION 0 
TOP_K 1000 
 
ID small\1000_100_25_5_1_0_0.001\8 
NUM_UNIQUE_CORPUS_TOKENS 10000 
NUM_DOC_TOKENS 100 
NUM_UNIQUE_DOC_TOKENS 120 
NUM_CORPUS_DOCS 1000 
TERMS_PER_QUERY 5 
TOKENS_PER_TERM 1 
NUM_TEST_QUERIES 1 
MAX_LOAD_FACTOR .0001 
MIN_LOAD_FACTOR .0001 
MIN_BLOCK_SIZE 99 
MAX_BLOCK_SIZE 99 
MIN_BINOMIAL 1 
MAX_BINOMIAL 1 
FP_RATE 0.001 
LOCATION_UNCERTAINTY 25 
SECRETS secret 
TYPES psib psip bsib psim 
RECALL_PRECISION 0 
MINDIST 1 
BM25 0 
BSIB_PSIB_TRIALS 10 
OBFUSCATIONS 0 
JUNK_FRACTION 0 
TOP_K 1000 
 
ID small\1000_100_25_5_1_0_0.001\9 
NUM_UNIQUE_CORPUS_TOKENS 10000 
NUM_DOC_TOKENS 100 
NUM_UNIQUE_DOC_TOKENS 120 
NUM_CORPUS_DOCS 1000 
TERMS_PER_QUERY 5 
TOKENS_PER_TERM 1 
NUM_TEST_QUERIES 1 
MAX_LOAD_FACTOR .0001 
MIN_LOAD_FACTOR .0001 
MIN_BLOCK_SIZE 99 
MAX_BLOCK_SIZE 99 
MIN_BINOMIAL 1 
MAX_BINOMIAL 1 
FP_RATE 0.001 
LOCATION_UNCERTAINTY 25 
SECRETS secret 
TYPES psib psip bsib psim 
RECALL_PRECISION 0 
MINDIST 1 
BM25 0 
BSIB_PSIB_TRIALS 10 
OBFUSCATIONS 0 
JUNK_FRACTION 0 
TOP_K 1000 
 
ID small\1000_100_25_5_1_0_0.001\10 
NUM_UNIQUE_CORPUS_TOKENS 10000 
NUM_DOC_TOKENS 100 
NUM_UNIQUE_DOC_TOKENS 120 
NUM_CORPUS_DOCS 1000 
TERMS_PER_QUERY 5 
TOKENS_PER_TERM 1 
NUM_TEST_QUERIES 1 
MAX_LOAD_FACTOR .0001 
MIN_LOAD_FACTOR .0001 
MIN_BLOCK_SIZE 99 
MAX_BLOCK_SIZE 99 
MIN_BINOMIAL 1 
MAX_BINOMIAL 1 
FP_RATE 0.001 
LOCATION_UNCERTAINTY 25 
SECRETS secret 
TYPES psib psip bsib psim 
RECALL_PRECISION 0 
MINDIST 1 
BM25 0 
BSIB_PSIB_TRIALS 10 
OBFUSCATIONS 0 
JUNK_FRACTION 0 
TOP_K 1000 
 
ID small\1000_100_25_5_1_0_0.001\11 
NUM_UNIQUE_CORPUS_TOKENS 10000 
NUM_DOC_TOKENS 100 
NUM_UNIQUE_DOC_TOKENS 120 
NUM_CORPUS_DOCS 1000 
TERMS_PER_QUERY 5 
TOKENS_PER_TERM 1 
NUM_TEST_QUERIES 1 
MAX_LOAD_FACTOR .0001 
MIN_LOAD_FACTOR .0001 
MIN_BLOCK_SIZE 99 
MAX_BLOCK_SIZE 99 
MIN_BINOMIAL 1 
MAX_BINOMIAL 1 
FP_RATE 0.001 
LOCATION_UNCERTAINTY 25 
SECRETS secret 
TYPES psib psip bsib psim 
RECALL_PRECISION 0 
MINDIST 1 
BM25 0 
BSIB_PSIB_TRIALS 10 
OBFUSCATIONS 0 
JUNK_FRACTION 0 
TOP_K 1000 
 
ID small\1000_100_25_5_1_0_0.001\12 
NUM_UNIQUE_CORPUS_TOKENS 10000 
NUM_DOC_TOKENS 100 
NUM_UNIQUE_DOC_TOKENS 120 
NUM_CORPUS_DOCS 1000 
TERMS_PER_QUERY 5 
TOKENS_PER_TERM 1 
NUM_TEST_QUERIES 1 
MAX_LOAD_FACTOR .0001 
MIN_LOAD_FACTOR .0001 
MIN_BLOCK_SIZE 99 
MAX_BLOCK_SIZE 99 
MIN_BINOMIAL 1 
MAX_BINOMIAL 1 
FP_RATE 0.001 
LOCATION_UNCERTAINTY 25 
SECRETS secret 
TYPES psib psip bsib psim 
RECALL_PRECISION 0 
MINDIST 1 
BM25 0 
BSIB_PSIB_TRIALS 10 
OBFUSCATIONS 0 
JUNK_FRACTION 0 
TOP_K 1000 
 
ID small\1000_100_25_5_1_0_0.001\13 
NUM_UNIQUE_CORPUS_TOKENS 10000 
NUM_DOC_TOKENS 100 
NUM_UNIQUE_DOC_TOKENS 120 
NUM_CORPUS_DOCS 1000 
TERMS_PER_QUERY 5 
TOKENS_PER_TERM 1 
NUM_TEST_QUERIES 1 
MAX_LOAD_FACTOR .0001 
MIN_LOAD_FACTOR .0001 
MIN_BLOCK_SIZE 99 
MAX_BLOCK_SIZE 99 
MIN_BINOMIAL 1 
MAX_BINOMIAL 1 
FP_RATE 0.001 
LOCATION_UNCERTAINTY 25 
SECRETS secret 
TYPES psib psip bsib psim 
RECALL_PRECISION 0 
MINDIST 1 
BM25 0 
BSIB_PSIB_TRIALS 10 
OBFUSCATIONS 0 
JUNK_FRACTION 0 
TOP_K 1000 
 
ID small\1000_100_25_5_1_0_0.001\14 
NUM_UNIQUE_CORPUS_TOKENS 10000 
NUM_DOC_TOKENS 100 
NUM_UNIQUE_DOC_TOKENS 120 
NUM_CORPUS_DOCS 1000 
TERMS_PER_QUERY 5 
TOKENS_PER_TERM 1 
NUM_TEST_QUERIES 1 
MAX_LOAD_FACTOR .0001 
MIN_LOAD_FACTOR .0001 
MIN_BLOCK_SIZE 99 
MAX_BLOCK_SIZE 99 
MIN_BINOMIAL 1 
MAX_BINOMIAL 1 
FP_RATE 0.001 
LOCATION_UNCERTAINTY 25 
SECRETS secret 
TYPES psib psip bsib psim 
RECALL_PRECISION 0 
MINDIST 1 
BM25 0 
BSIB_PSIB_TRIALS 10 
OBFUSCATIONS 0 
JUNK_FRACTION 0 
TOP_K 1000 
 
ID small\1000_100_25_5_1_0_0.001\15 
NUM_UNIQUE_CORPUS_TOKENS 10000 
NUM_DOC_TOKENS 100 
NUM_UNIQUE_DOC_TOKENS 120 
NUM_CORPUS_DOCS 1000 
TERMS_PER_QUERY 5 
TOKENS_PER_TERM 1 
NUM_TEST_QUERIES 1 
MAX_LOAD_FACTOR .0001 
MIN_LOAD_FACTOR .0001 
MIN_BLOCK_SIZE 99 
MAX_BLOCK_SIZE 99 
MIN_BINOMIAL 1 
MAX_BINOMIAL 1 
FP_RATE 0.001 
LOCATION_UNCERTAINTY 25 
SECRETS secret 
TYPES psib psip bsib psim 
RECALL_PRECISION 0 
MINDIST 1 
BM25 0 
BSIB_PSIB_TRIALS 10 
OBFUSCATIONS 0 
JUNK_FRACTION 0 
TOP_K 1000 
 
ID small\1000_100_25_6_1_0_0.001\1 
NUM_UNIQUE_CORPUS_TOKENS 10000 
NUM_DOC_TOKENS 100 
NUM_UNIQUE_DOC_TOKENS 120 
NUM_CORPUS_DOCS 1000 
TERMS_PER_QUERY 6 
TOKENS_PER_TERM 1 
NUM_TEST_QUERIES 1 
MAX_LOAD_FACTOR .0001 
MIN_LOAD_FACTOR .0001 
MIN_BLOCK_SIZE 99 
MAX_BLOCK_SIZE 99 
MIN_BINOMIAL 1 
MAX_BINOMIAL 1 
FP_RATE 0.001 
LOCATION_UNCERTAINTY 25 
SECRETS secret 
TYPES psib psip bsib psim 
RECALL_PRECISION 0 
MINDIST 1 
BM25 0 
BSIB_PSIB_TRIALS 10 
OBFUSCATIONS 0 
JUNK_FRACTION 0 
TOP_K 1000 
 
ID small\1000_100_25_6_1_0_0.001\2 
NUM_UNIQUE_CORPUS_TOKENS 10000 
NUM_DOC_TOKENS 100 
NUM_UNIQUE_DOC_TOKENS 120 
NUM_CORPUS_DOCS 1000 
TERMS_PER_QUERY 6 
TOKENS_PER_TERM 1 
NUM_TEST_QUERIES 1 
MAX_LOAD_FACTOR .0001 
MIN_LOAD_FACTOR .0001 
MIN_BLOCK_SIZE 99 
MAX_BLOCK_SIZE 99 
MIN_BINOMIAL 1 
MAX_BINOMIAL 1 
FP_RATE 0.001 
LOCATION_UNCERTAINTY 25 
SECRETS secret 
TYPES psib psip bsib psim 
RECALL_PRECISION 0 
MINDIST 1 
BM25 0 
BSIB_PSIB_TRIALS 10 
OBFUSCATIONS 0 
JUNK_FRACTION 0 
TOP_K 1000 
 
ID small\1000_100_25_6_1_0_0.001\3 
NUM_UNIQUE_CORPUS_TOKENS 10000 
NUM_DOC_TOKENS 100 
NUM_UNIQUE_DOC_TOKENS 120 
NUM_CORPUS_DOCS 1000 
TERMS_PER_QUERY 6 
TOKENS_PER_TERM 1 
NUM_TEST_QUERIES 1 
MAX_LOAD_FACTOR .0001 
MIN_LOAD_FACTOR .0001 
MIN_BLOCK_SIZE 99 
MAX_BLOCK_SIZE 99 
MIN_BINOMIAL 1 
MAX_BINOMIAL 1 
FP_RATE 0.001 
LOCATION_UNCERTAINTY 25 
SECRETS secret 
TYPES psib psip bsib psim 
RECALL_PRECISION 0 
MINDIST 1 
BM25 0 
BSIB_PSIB_TRIALS 10 
OBFUSCATIONS 0 
JUNK_FRACTION 0 
TOP_K 1000 
 
ID small\1000_100_25_6_1_0_0.001\4 
NUM_UNIQUE_CORPUS_TOKENS 10000 
NUM_DOC_TOKENS 100 
NUM_UNIQUE_DOC_TOKENS 120 
NUM_CORPUS_DOCS 1000 
TERMS_PER_QUERY 6 
TOKENS_PER_TERM 1 
NUM_TEST_QUERIES 1 
MAX_LOAD_FACTOR .0001 
MIN_LOAD_FACTOR .0001 
MIN_BLOCK_SIZE 99 
MAX_BLOCK_SIZE 99 
MIN_BINOMIAL 1 
MAX_BINOMIAL 1 
FP_RATE 0.001 
LOCATION_UNCERTAINTY 25 
SECRETS secret 
TYPES psib psip bsib psim 
RECALL_PRECISION 0 
MINDIST 1 
BM25 0 
BSIB_PSIB_TRIALS 10 
OBFUSCATIONS 0 
JUNK_FRACTION 0 
TOP_K 1000 
 
ID small\1000_100_25_6_1_0_0.001\5 
NUM_UNIQUE_CORPUS_TOKENS 10000 
NUM_DOC_TOKENS 100 
NUM_UNIQUE_DOC_TOKENS 120 
NUM_CORPUS_DOCS 1000 
TERMS_PER_QUERY 6 
TOKENS_PER_TERM 1 
NUM_TEST_QUERIES 1 
MAX_LOAD_FACTOR .0001 
MIN_LOAD_FACTOR .0001 
MIN_BLOCK_SIZE 99 
MAX_BLOCK_SIZE 99 
MIN_BINOMIAL 1 
MAX_BINOMIAL 1 
FP_RATE 0.001 
LOCATION_UNCERTAINTY 25 
SECRETS secret 
TYPES psib psip bsib psim 
RECALL_PRECISION 0 
MINDIST 1 
BM25 0 
BSIB_PSIB_TRIALS 10 
OBFUSCATIONS 0 
JUNK_FRACTION 0 
TOP_K 1000 
 
ID small\1000_100_25_6_1_0_0.001\6 
NUM_UNIQUE_CORPUS_TOKENS 10000 
NUM_DOC_TOKENS 100 
NUM_UNIQUE_DOC_TOKENS 120 
NUM_CORPUS_DOCS 1000 
TERMS_PER_QUERY 6 
TOKENS_PER_TERM 1 
NUM_TEST_QUERIES 1 
MAX_LOAD_FACTOR .0001 
MIN_LOAD_FACTOR .0001 
MIN_BLOCK_SIZE 99 
MAX_BLOCK_SIZE 99 
MIN_BINOMIAL 1 
MAX_BINOMIAL 1 
FP_RATE 0.001 
LOCATION_UNCERTAINTY 25 
SECRETS secret 
TYPES psib psip bsib psim 
RECALL_PRECISION 0 
MINDIST 1 
BM25 0 
BSIB_PSIB_TRIALS 10 
OBFUSCATIONS 0 
JUNK_FRACTION 0 
TOP_K 1000 
 
ID small\1000_100_25_6_1_0_0.001\7 
NUM_UNIQUE_CORPUS_TOKENS 10000 
NUM_DOC_TOKENS 100 
NUM_UNIQUE_DOC_TOKENS 120 
NUM_CORPUS_DOCS 1000 
TERMS_PER_QUERY 6 
TOKENS_PER_TERM 1 
NUM_TEST_QUERIES 1 
MAX_LOAD_FACTOR .0001 
MIN_LOAD_FACTOR .0001 
MIN_BLOCK_SIZE 99 
MAX_BLOCK_SIZE 99 
MIN_BINOMIAL 1 
MAX_BINOMIAL 1 
FP_RATE 0.001 
LOCATION_UNCERTAINTY 25 
SECRETS secret 
TYPES psib psip bsib psim 
RECALL_PRECISION 0 
MINDIST 1 
BM25 0 
BSIB_PSIB_TRIALS 10 
OBFUSCATIONS 0 
JUNK_FRACTION 0 
TOP_K 1000 
 
ID small\1000_100_25_6_1_0_0.001\8 
NUM_UNIQUE_CORPUS_TOKENS 10000 
NUM_DOC_TOKENS 100 
NUM_UNIQUE_DOC_TOKENS 120 
NUM_CORPUS_DOCS 1000 
TERMS_PER_QUERY 6 
TOKENS_PER_TERM 1 
NUM_TEST_QUERIES 1 
MAX_LOAD_FACTOR .0001 
MIN_LOAD_FACTOR .0001 
MIN_BLOCK_SIZE 99 
MAX_BLOCK_SIZE 99 
MIN_BINOMIAL 1 
MAX_BINOMIAL 1 
FP_RATE 0.001 
LOCATION_UNCERTAINTY 25 
SECRETS secret 
TYPES psib psip bsib psim 
RECALL_PRECISION 0 
MINDIST 1 
BM25 0 
BSIB_PSIB_TRIALS 10 
OBFUSCATIONS 0 
JUNK_FRACTION 0 
TOP_K 1000 
 
ID small\1000_100_25_6_1_0_0.001\9 
NUM_UNIQUE_CORPUS_TOKENS 10000 
NUM_DOC_TOKENS 100 
NUM_UNIQUE_DOC_TOKENS 120 
NUM_CORPUS_DOCS 1000 
TERMS_PER_QUERY 6 
TOKENS_PER_TERM 1 
NUM_TEST_QUERIES 1 
MAX_LOAD_FACTOR .0001 
MIN_LOAD_FACTOR .0001 
MIN_BLOCK_SIZE 99 
MAX_BLOCK_SIZE 99 
MIN_BINOMIAL 1 
MAX_BINOMIAL 1 
FP_RATE 0.001 
LOCATION_UNCERTAINTY 25 
SECRETS secret 
TYPES psib psip bsib psim 
RECALL_PRECISION 0 
MINDIST 1 
BM25 0 
BSIB_PSIB_TRIALS 10 
OBFUSCATIONS 0 
JUNK_FRACTION 0 
TOP_K 1000 
 
ID small\1000_100_25_6_1_0_0.001\10 
NUM_UNIQUE_CORPUS_TOKENS 10000 
NUM_DOC_TOKENS 100 
NUM_UNIQUE_DOC_TOKENS 120 
NUM_CORPUS_DOCS 1000 
TERMS_PER_QUERY 6 
TOKENS_PER_TERM 1 
NUM_TEST_QUERIES 1 
MAX_LOAD_FACTOR .0001 
MIN_LOAD_FACTOR .0001 
MIN_BLOCK_SIZE 99 
MAX_BLOCK_SIZE 99 
MIN_BINOMIAL 1 
MAX_BINOMIAL 1 
FP_RATE 0.001 
LOCATION_UNCERTAINTY 25 
SECRETS secret 
TYPES psib psip bsib psim 
RECALL_PRECISION 0 
MINDIST 1 
BM25 0 
BSIB_PSIB_TRIALS 10 
OBFUSCATIONS 0 
JUNK_FRACTION 0 
TOP_K 1000 
 
ID small\1000_100_25_6_1_0_0.001\11 
NUM_UNIQUE_CORPUS_TOKENS 10000 
NUM_DOC_TOKENS 100 
NUM_UNIQUE_DOC_TOKENS 120 
NUM_CORPUS_DOCS 1000 
TERMS_PER_QUERY 6 
TOKENS_PER_TERM 1 
NUM_TEST_QUERIES 1 
MAX_LOAD_FACTOR .0001 
MIN_LOAD_FACTOR .0001 
MIN_BLOCK_SIZE 99 
MAX_BLOCK_SIZE 99 
MIN_BINOMIAL 1 
MAX_BINOMIAL 1 
FP_RATE 0.001 
LOCATION_UNCERTAINTY 25 
SECRETS secret 
TYPES psib psip bsib psim 
RECALL_PRECISION 0 
MINDIST 1 
BM25 0 
BSIB_PSIB_TRIALS 10 
OBFUSCATIONS 0 
JUNK_FRACTION 0 
TOP_K 1000 
 
ID small\1000_100_25_6_1_0_0.001\12 
NUM_UNIQUE_CORPUS_TOKENS 10000 
NUM_DOC_TOKENS 100 
NUM_UNIQUE_DOC_TOKENS 120 
NUM_CORPUS_DOCS 1000 
TERMS_PER_QUERY 6 
TOKENS_PER_TERM 1 
NUM_TEST_QUERIES 1 
MAX_LOAD_FACTOR .0001 
MIN_LOAD_FACTOR .0001 
MIN_BLOCK_SIZE 99 
MAX_BLOCK_SIZE 99 
MIN_BINOMIAL 1 
MAX_BINOMIAL 1 
FP_RATE 0.001 
LOCATION_UNCERTAINTY 25 
SECRETS secret 
TYPES psib psip bsib psim 
RECALL_PRECISION 0 
MINDIST 1 
BM25 0 
BSIB_PSIB_TRIALS 10 
OBFUSCATIONS 0 
JUNK_FRACTION 0 
TOP_K 1000 
 
ID small\1000_100_25_6_1_0_0.001\13 
NUM_UNIQUE_CORPUS_TOKENS 10000 
NUM_DOC_TOKENS 100 
NUM_UNIQUE_DOC_TOKENS 120 
NUM_CORPUS_DOCS 1000 
TERMS_PER_QUERY 6 
TOKENS_PER_TERM 1 
NUM_TEST_QUERIES 1 
MAX_LOAD_FACTOR .0001 
MIN_LOAD_FACTOR .0001 
MIN_BLOCK_SIZE 99 
MAX_BLOCK_SIZE 99 
MIN_BINOMIAL 1 
MAX_BINOMIAL 1 
FP_RATE 0.001 
LOCATION_UNCERTAINTY 25 
SECRETS secret 
TYPES psib psip bsib psim 
RECALL_PRECISION 0 
MINDIST 1 
BM25 0 
BSIB_PSIB_TRIALS 10 
OBFUSCATIONS 0 
JUNK_FRACTION 0 
TOP_K 1000 
 
ID small\1000_100_25_6_1_0_0.001\14 
NUM_UNIQUE_CORPUS_TOKENS 10000 
NUM_DOC_TOKENS 100 
NUM_UNIQUE_DOC_TOKENS 120 
NUM_CORPUS_DOCS 1000 
TERMS_PER_QUERY 6 
TOKENS_PER_TERM 1 
NUM_TEST_QUERIES 1 
MAX_LOAD_FACTOR .0001 
MIN_LOAD_FACTOR .0001 
MIN_BLOCK_SIZE 99 
MAX_BLOCK_SIZE 99 
MIN_BINOMIAL 1 
MAX_BINOMIAL 1 
FP_RATE 0.001 
LOCATION_UNCERTAINTY 25 
SECRETS secret 
TYPES psib psip bsib psim 
RECALL_PRECISION 0 
MINDIST 1 
BM25 0 
BSIB_PSIB_TRIALS 10 
OBFUSCATIONS 0 
JUNK_FRACTION 0 
TOP_K 1000 
 
ID small\1000_100_25_6_1_0_0.001\15 
NUM_UNIQUE_CORPUS_TOKENS 10000 
NUM_DOC_TOKENS 100 
NUM_UNIQUE_DOC_TOKENS 120 
NUM_CORPUS_DOCS 1000 
TERMS_PER_QUERY 6 
TOKENS_PER_TERM 1 
NUM_TEST_QUERIES 1 
MAX_LOAD_FACTOR .0001 
MIN_LOAD_FACTOR .0001 
MIN_BLOCK_SIZE 99 
MAX_BLOCK_SIZE 99 
MIN_BINOMIAL 1 
MAX_BINOMIAL 1 
FP_RATE 0.001 
LOCATION_UNCERTAINTY 25 
SECRETS secret 
TYPES psib psip bsib psim 
RECALL_PRECISION 0 
MINDIST 1 
BM25 0 
BSIB_PSIB_TRIALS 10 
OBFUSCATIONS 0 
JUNK_FRACTION 0 
TOP_K 1000 
 
ID small\1000_100_25_7_1_0_0.001\1 
NUM_UNIQUE_CORPUS_TOKENS 10000 
NUM_DOC_TOKENS 100 
NUM_UNIQUE_DOC_TOKENS 120 
NUM_CORPUS_DOCS 1000 
TERMS_PER_QUERY 7 
TOKENS_PER_TERM 1 
NUM_TEST_QUERIES 1 
MAX_LOAD_FACTOR .0001 
MIN_LOAD_FACTOR .0001 
MIN_BLOCK_SIZE 99 
MAX_BLOCK_SIZE 99 
MIN_BINOMIAL 1 
MAX_BINOMIAL 1 
FP_RATE 0.001 
LOCATION_UNCERTAINTY 25 
SECRETS secret 
TYPES psib psip bsib psim 
RECALL_PRECISION 0 
MINDIST 1 
BM25 0 
BSIB_PSIB_TRIALS 10 
OBFUSCATIONS 0 
JUNK_FRACTION 0 
TOP_K 1000 
 
ID small\1000_100_25_7_1_0_0.001\2 
NUM_UNIQUE_CORPUS_TOKENS 10000 
NUM_DOC_TOKENS 100 
NUM_UNIQUE_DOC_TOKENS 120 
NUM_CORPUS_DOCS 1000 
TERMS_PER_QUERY 7 
TOKENS_PER_TERM 1 
NUM_TEST_QUERIES 1 
MAX_LOAD_FACTOR .0001 
MIN_LOAD_FACTOR .0001 
MIN_BLOCK_SIZE 99 
MAX_BLOCK_SIZE 99 
MIN_BINOMIAL 1 
MAX_BINOMIAL 1 
FP_RATE 0.001 
LOCATION_UNCERTAINTY 25 
SECRETS secret 
TYPES psib psip bsib psim 
RECALL_PRECISION 0 
MINDIST 1 
BM25 0 
BSIB_PSIB_TRIALS 10 
OBFUSCATIONS 0 
JUNK_FRACTION 0 
TOP_K 1000 
 
ID small\1000_100_25_7_1_0_0.001\3 
NUM_UNIQUE_CORPUS_TOKENS 10000 
NUM_DOC_TOKENS 100 
NUM_UNIQUE_DOC_TOKENS 120 
NUM_CORPUS_DOCS 1000 
TERMS_PER_QUERY 7 
TOKENS_PER_TERM 1 
NUM_TEST_QUERIES 1 
MAX_LOAD_FACTOR .0001 
MIN_LOAD_FACTOR .0001 
MIN_BLOCK_SIZE 99 
MAX_BLOCK_SIZE 99 
MIN_BINOMIAL 1 
MAX_BINOMIAL 1 
FP_RATE 0.001 
LOCATION_UNCERTAINTY 25 
SECRETS secret 
TYPES psib psip bsib psim 
RECALL_PRECISION 0 
MINDIST 1 
BM25 0 
BSIB_PSIB_TRIALS 10 
OBFUSCATIONS 0 
JUNK_FRACTION 0 
TOP_K 1000 
 
ID small\1000_100_25_7_1_0_0.001\4 
NUM_UNIQUE_CORPUS_TOKENS 10000 
NUM_DOC_TOKENS 100 
NUM_UNIQUE_DOC_TOKENS 120 
NUM_CORPUS_DOCS 1000 
TERMS_PER_QUERY 7 
TOKENS_PER_TERM 1 
NUM_TEST_QUERIES 1 
MAX_LOAD_FACTOR .0001 
MIN_LOAD_FACTOR .0001 
MIN_BLOCK_SIZE 99 
MAX_BLOCK_SIZE 99 
MIN_BINOMIAL 1 
MAX_BINOMIAL 1 
FP_RATE 0.001 
LOCATION_UNCERTAINTY 25 
SECRETS secret 
TYPES psib psip bsib psim 
RECALL_PRECISION 0 
MINDIST 1 
BM25 0 
BSIB_PSIB_TRIALS 10 
OBFUSCATIONS 0 
JUNK_FRACTION 0 
TOP_K 1000 
 
ID small\1000_100_25_7_1_0_0.001\5 
NUM_UNIQUE_CORPUS_TOKENS 10000 
NUM_DOC_TOKENS 100 
NUM_UNIQUE_DOC_TOKENS 120 
NUM_CORPUS_DOCS 1000 
TERMS_PER_QUERY 7 
TOKENS_PER_TERM 1 
NUM_TEST_QUERIES 1 
MAX_LOAD_FACTOR .0001 
MIN_LOAD_FACTOR .0001 
MIN_BLOCK_SIZE 99 
MAX_BLOCK_SIZE 99 
MIN_BINOMIAL 1 
MAX_BINOMIAL 1 
FP_RATE 0.001 
LOCATION_UNCERTAINTY 25 
SECRETS secret 
TYPES psib psip bsib psim 
RECALL_PRECISION 0 
MINDIST 1 
BM25 0 
BSIB_PSIB_TRIALS 10 
OBFUSCATIONS 0 
JUNK_FRACTION 0 
TOP_K 1000 
 
ID small\1000_100_25_7_1_0_0.001\6 
NUM_UNIQUE_CORPUS_TOKENS 10000 
NUM_DOC_TOKENS 100 
NUM_UNIQUE_DOC_TOKENS 120 
NUM_CORPUS_DOCS 1000 
TERMS_PER_QUERY 7 
TOKENS_PER_TERM 1 
NUM_TEST_QUERIES 1 
MAX_LOAD_FACTOR .0001 
MIN_LOAD_FACTOR .0001 
MIN_BLOCK_SIZE 99 
MAX_BLOCK_SIZE 99 
MIN_BINOMIAL 1 
MAX_BINOMIAL 1 
FP_RATE 0.001 
LOCATION_UNCERTAINTY 25 
SECRETS secret 
TYPES psib psip bsib psim 
RECALL_PRECISION 0 
MINDIST 1 
BM25 0 
BSIB_PSIB_TRIALS 10 
OBFUSCATIONS 0 
JUNK_FRACTION 0 
TOP_K 1000 
 
ID small\1000_100_25_7_1_0_0.001\7 
NUM_UNIQUE_CORPUS_TOKENS 10000 
NUM_DOC_TOKENS 100 
NUM_UNIQUE_DOC_TOKENS 120 
NUM_CORPUS_DOCS 1000 
TERMS_PER_QUERY 7 
TOKENS_PER_TERM 1 
NUM_TEST_QUERIES 1 
MAX_LOAD_FACTOR .0001 
MIN_LOAD_FACTOR .0001 
MIN_BLOCK_SIZE 99 
MAX_BLOCK_SIZE 99 
MIN_BINOMIAL 1 
MAX_BINOMIAL 1 
FP_RATE 0.001 
LOCATION_UNCERTAINTY 25 
SECRETS secret 
TYPES psib psip bsib psim 
RECALL_PRECISION 0 
MINDIST 1 
BM25 0 
BSIB_PSIB_TRIALS 10 
OBFUSCATIONS 0 
JUNK_FRACTION 0 
TOP_K 1000 
 
ID small\1000_100_25_7_1_0_0.001\8 
NUM_UNIQUE_CORPUS_TOKENS 10000 
NUM_DOC_TOKENS 100 
NUM_UNIQUE_DOC_TOKENS 120 
NUM_CORPUS_DOCS 1000 
TERMS_PER_QUERY 7 
TOKENS_PER_TERM 1 
NUM_TEST_QUERIES 1 
MAX_LOAD_FACTOR .0001 
MIN_LOAD_FACTOR .0001 
MIN_BLOCK_SIZE 99 
MAX_BLOCK_SIZE 99 
MIN_BINOMIAL 1 
MAX_BINOMIAL 1 
FP_RATE 0.001 
LOCATION_UNCERTAINTY 25 
SECRETS secret 
TYPES psib psip bsib psim 
RECALL_PRECISION 0 
MINDIST 1 
BM25 0 
BSIB_PSIB_TRIALS 10 
OBFUSCATIONS 0 
JUNK_FRACTION 0 
TOP_K 1000 
 
ID small\1000_100_25_7_1_0_0.001\9 
NUM_UNIQUE_CORPUS_TOKENS 10000 
NUM_DOC_TOKENS 100 
NUM_UNIQUE_DOC_TOKENS 120 
NUM_CORPUS_DOCS 1000 
TERMS_PER_QUERY 7 
TOKENS_PER_TERM 1 
NUM_TEST_QUERIES 1 
MAX_LOAD_FACTOR .0001 
MIN_LOAD_FACTOR .0001 
MIN_BLOCK_SIZE 99 
MAX_BLOCK_SIZE 99 
MIN_BINOMIAL 1 
MAX_BINOMIAL 1 
FP_RATE 0.001 
LOCATION_UNCERTAINTY 25 
SECRETS secret 
TYPES psib psip bsib psim 
RECALL_PRECISION 0 
MINDIST 1 
BM25 0 
BSIB_PSIB_TRIALS 10 
OBFUSCATIONS 0 
JUNK_FRACTION 0 
TOP_K 1000 
 
ID small\1000_100_25_7_1_0_0.001\10 
NUM_UNIQUE_CORPUS_TOKENS 10000 
NUM_DOC_TOKENS 100 
NUM_UNIQUE_DOC_TOKENS 120 
NUM_CORPUS_DOCS 1000 
TERMS_PER_QUERY 7 
TOKENS_PER_TERM 1 
NUM_TEST_QUERIES 1 
MAX_LOAD_FACTOR .0001 
MIN_LOAD_FACTOR .0001 
MIN_BLOCK_SIZE 99 
MAX_BLOCK_SIZE 99 
MIN_BINOMIAL 1 
MAX_BINOMIAL 1 
FP_RATE 0.001 
LOCATION_UNCERTAINTY 25 
SECRETS secret 
TYPES psib psip bsib psim 
RECALL_PRECISION 0 
MINDIST 1 
BM25 0 
BSIB_PSIB_TRIALS 10 
OBFUSCATIONS 0 
JUNK_FRACTION 0 
TOP_K 1000 
 
ID small\1000_100_25_7_1_0_0.001\11 
NUM_UNIQUE_CORPUS_TOKENS 10000 
NUM_DOC_TOKENS 100 
NUM_UNIQUE_DOC_TOKENS 120 
NUM_CORPUS_DOCS 1000 
TERMS_PER_QUERY 7 
TOKENS_PER_TERM 1 
NUM_TEST_QUERIES 1 
MAX_LOAD_FACTOR .0001 
MIN_LOAD_FACTOR .0001 
MIN_BLOCK_SIZE 99 
MAX_BLOCK_SIZE 99 
MIN_BINOMIAL 1 
MAX_BINOMIAL 1 
FP_RATE 0.001 
LOCATION_UNCERTAINTY 25 
SECRETS secret 
TYPES psib psip bsib psim 
RECALL_PRECISION 0 
MINDIST 1 
BM25 0 
BSIB_PSIB_TRIALS 10 
OBFUSCATIONS 0 
JUNK_FRACTION 0 
TOP_K 1000 
 
ID small\1000_100_25_7_1_0_0.001\12 
NUM_UNIQUE_CORPUS_TOKENS 10000 
NUM_DOC_TOKENS 100 
NUM_UNIQUE_DOC_TOKENS 120 
NUM_CORPUS_DOCS 1000 
TERMS_PER_QUERY 7 
TOKENS_PER_TERM 1 
NUM_TEST_QUERIES 1 
MAX_LOAD_FACTOR .0001 
MIN_LOAD_FACTOR .0001 
MIN_BLOCK_SIZE 99 
MAX_BLOCK_SIZE 99 
MIN_BINOMIAL 1 
MAX_BINOMIAL 1 
FP_RATE 0.001 
LOCATION_UNCERTAINTY 25 
SECRETS secret 
TYPES psib psip bsib psim 
RECALL_PRECISION 0 
MINDIST 1 
BM25 0 
BSIB_PSIB_TRIALS 10 
OBFUSCATIONS 0 
JUNK_FRACTION 0 
TOP_K 1000 
 
ID small\1000_100_25_7_1_0_0.001\13 
NUM_UNIQUE_CORPUS_TOKENS 10000 
NUM_DOC_TOKENS 100 
NUM_UNIQUE_DOC_TOKENS 120 
NUM_CORPUS_DOCS 1000 
TERMS_PER_QUERY 7 
TOKENS_PER_TERM 1 
NUM_TEST_QUERIES 1 
MAX_LOAD_FACTOR .0001 
MIN_LOAD_FACTOR .0001 
MIN_BLOCK_SIZE 99 
MAX_BLOCK_SIZE 99 
MIN_BINOMIAL 1 
MAX_BINOMIAL 1 
FP_RATE 0.001 
LOCATION_UNCERTAINTY 25 
SECRETS secret 
TYPES psib psip bsib psim 
RECALL_PRECISION 0 
MINDIST 1 
BM25 0 
BSIB_PSIB_TRIALS 10 
OBFUSCATIONS 0 
JUNK_FRACTION 0 
TOP_K 1000 
 
ID small\1000_100_25_7_1_0_0.001\14 
NUM_UNIQUE_CORPUS_TOKENS 10000 
NUM_DOC_TOKENS 100 
NUM_UNIQUE_DOC_TOKENS 120 
NUM_CORPUS_DOCS 1000 
TERMS_PER_QUERY 7 
TOKENS_PER_TERM 1 
NUM_TEST_QUERIES 1 
MAX_LOAD_FACTOR .0001 
MIN_LOAD_FACTOR .0001 
MIN_BLOCK_SIZE 99 
MAX_BLOCK_SIZE 99 
MIN_BINOMIAL 1 
MAX_BINOMIAL 1 
FP_RATE 0.001 
LOCATION_UNCERTAINTY 25 
SECRETS secret 
TYPES psib psip bsib psim 
RECALL_PRECISION 0 
MINDIST 1 
BM25 0 
BSIB_PSIB_TRIALS 10 
OBFUSCATIONS 0 
JUNK_FRACTION 0 
TOP_K 1000 
 
ID small\1000_100_25_7_1_0_0.001\15 
NUM_UNIQUE_CORPUS_TOKENS 10000 
NUM_DOC_TOKENS 100 
NUM_UNIQUE_DOC_TOKENS 120 
NUM_CORPUS_DOCS 1000 
TERMS_PER_QUERY 7 
TOKENS_PER_TERM 1 
NUM_TEST_QUERIES 1 
MAX_LOAD_FACTOR .0001 
MIN_LOAD_FACTOR .0001 
MIN_BLOCK_SIZE 99 
MAX_BLOCK_SIZE 99 
MIN_BINOMIAL 1 
MAX_BINOMIAL 1 
FP_RATE 0.001 
LOCATION_UNCERTAINTY 25 
SECRETS secret 
TYPES psib psip bsib psim 
RECALL_PRECISION 0 
MINDIST 1 
BM25 0 
BSIB_PSIB_TRIALS 10 
OBFUSCATIONS 0 
JUNK_FRACTION 0 
TOP_K 1000 
 
ID small\1000_100_25_8_1_0_0.001\1 
NUM_UNIQUE_CORPUS_TOKENS 10000 
NUM_DOC_TOKENS 100 
NUM_UNIQUE_DOC_TOKENS 120 
NUM_CORPUS_DOCS 1000 
TERMS_PER_QUERY 8 
TOKENS_PER_TERM 1 
NUM_TEST_QUERIES 1 
MAX_LOAD_FACTOR .0001 
MIN_LOAD_FACTOR .0001 
MIN_BLOCK_SIZE 99 
MAX_BLOCK_SIZE 99 
MIN_BINOMIAL 1 
MAX_BINOMIAL 1 
FP_RATE 0.001 
LOCATION_UNCERTAINTY 25 
SECRETS secret 
TYPES psib psip bsib psim 
RECALL_PRECISION 0 
MINDIST 1 
BM25 0 
BSIB_PSIB_TRIALS 10 
OBFUSCATIONS 0 
JUNK_FRACTION 0 
TOP_K 1000 
 
ID small\1000_100_25_8_1_0_0.001\2 
NUM_UNIQUE_CORPUS_TOKENS 10000 
NUM_DOC_TOKENS 100 
NUM_UNIQUE_DOC_TOKENS 120 
NUM_CORPUS_DOCS 1000 
TERMS_PER_QUERY 8 
TOKENS_PER_TERM 1 
NUM_TEST_QUERIES 1 
MAX_LOAD_FACTOR .0001 
MIN_LOAD_FACTOR .0001 
MIN_BLOCK_SIZE 99 
MAX_BLOCK_SIZE 99 
MIN_BINOMIAL 1 
MAX_BINOMIAL 1 
FP_RATE 0.001 
LOCATION_UNCERTAINTY 25 
SECRETS secret 
TYPES psib psip bsib psim 
RECALL_PRECISION 0 
MINDIST 1 
BM25 0 
BSIB_PSIB_TRIALS 10 
OBFUSCATIONS 0 
JUNK_FRACTION 0 
TOP_K 1000 
 
ID small\1000_100_25_8_1_0_0.001\3 
NUM_UNIQUE_CORPUS_TOKENS 10000 
NUM_DOC_TOKENS 100 
NUM_UNIQUE_DOC_TOKENS 120 
NUM_CORPUS_DOCS 1000 
TERMS_PER_QUERY 8 
TOKENS_PER_TERM 1 
NUM_TEST_QUERIES 1 
MAX_LOAD_FACTOR .0001 
MIN_LOAD_FACTOR .0001 
MIN_BLOCK_SIZE 99 
MAX_BLOCK_SIZE 99 
MIN_BINOMIAL 1 
MAX_BINOMIAL 1 
FP_RATE 0.001 
LOCATION_UNCERTAINTY 25 
SECRETS secret 
TYPES psib psip bsib psim 
RECALL_PRECISION 0 
MINDIST 1 
BM25 0 
BSIB_PSIB_TRIALS 10 
OBFUSCATIONS 0 
JUNK_FRACTION 0 
TOP_K 1000 
 
ID small\1000_100_25_8_1_0_0.001\4 
NUM_UNIQUE_CORPUS_TOKENS 10000 
NUM_DOC_TOKENS 100 
NUM_UNIQUE_DOC_TOKENS 120 
NUM_CORPUS_DOCS 1000 
TERMS_PER_QUERY 8 
TOKENS_PER_TERM 1 
NUM_TEST_QUERIES 1 
MAX_LOAD_FACTOR .0001 
MIN_LOAD_FACTOR .0001 
MIN_BLOCK_SIZE 99 
MAX_BLOCK_SIZE 99 
MIN_BINOMIAL 1 
MAX_BINOMIAL 1 
FP_RATE 0.001 
LOCATION_UNCERTAINTY 25 
SECRETS secret 
TYPES psib psip bsib psim 
RECALL_PRECISION 0 
MINDIST 1 
BM25 0 
BSIB_PSIB_TRIALS 10 
OBFUSCATIONS 0 
JUNK_FRACTION 0 
TOP_K 1000 
 
ID small\1000_100_25_8_1_0_0.001\5 
NUM_UNIQUE_CORPUS_TOKENS 10000 
NUM_DOC_TOKENS 100 
NUM_UNIQUE_DOC_TOKENS 120 
NUM_CORPUS_DOCS 1000 
TERMS_PER_QUERY 8 
TOKENS_PER_TERM 1 
NUM_TEST_QUERIES 1 
MAX_LOAD_FACTOR .0001 
MIN_LOAD_FACTOR .0001 
MIN_BLOCK_SIZE 99 
MAX_BLOCK_SIZE 99 
MIN_BINOMIAL 1 
MAX_BINOMIAL 1 
FP_RATE 0.001 
LOCATION_UNCERTAINTY 25 
SECRETS secret 
TYPES psib psip bsib psim 
RECALL_PRECISION 0 
MINDIST 1 
BM25 0 
BSIB_PSIB_TRIALS 10 
OBFUSCATIONS 0 
JUNK_FRACTION 0 
TOP_K 1000 
 
ID small\1000_100_25_8_1_0_0.001\6 
NUM_UNIQUE_CORPUS_TOKENS 10000 
NUM_DOC_TOKENS 100 
NUM_UNIQUE_DOC_TOKENS 120 
NUM_CORPUS_DOCS 1000 
TERMS_PER_QUERY 8 
TOKENS_PER_TERM 1 
NUM_TEST_QUERIES 1 
MAX_LOAD_FACTOR .0001 
MIN_LOAD_FACTOR .0001 
MIN_BLOCK_SIZE 99 
MAX_BLOCK_SIZE 99 
MIN_BINOMIAL 1 
MAX_BINOMIAL 1 
FP_RATE 0.001 
LOCATION_UNCERTAINTY 25 
SECRETS secret 
TYPES psib psip bsib psim 
RECALL_PRECISION 0 
MINDIST 1 
BM25 0 
BSIB_PSIB_TRIALS 10 
OBFUSCATIONS 0 
JUNK_FRACTION 0 
TOP_K 1000 
 
ID small\1000_100_25_8_1_0_0.001\7 
NUM_UNIQUE_CORPUS_TOKENS 10000 
NUM_DOC_TOKENS 100 
NUM_UNIQUE_DOC_TOKENS 120 
NUM_CORPUS_DOCS 1000 
TERMS_PER_QUERY 8 
TOKENS_PER_TERM 1 
NUM_TEST_QUERIES 1 
MAX_LOAD_FACTOR .0001 
MIN_LOAD_FACTOR .0001 
MIN_BLOCK_SIZE 99 
MAX_BLOCK_SIZE 99 
MIN_BINOMIAL 1 
MAX_BINOMIAL 1 
FP_RATE 0.001 
LOCATION_UNCERTAINTY 25 
SECRETS secret 
TYPES psib psip bsib psim 
RECALL_PRECISION 0 
MINDIST 1 
BM25 0 
BSIB_PSIB_TRIALS 10 
OBFUSCATIONS 0 
JUNK_FRACTION 0 
TOP_K 1000 
 
ID small\1000_100_25_8_1_0_0.001\8 
NUM_UNIQUE_CORPUS_TOKENS 10000 
NUM_DOC_TOKENS 100 
NUM_UNIQUE_DOC_TOKENS 120 
NUM_CORPUS_DOCS 1000 
TERMS_PER_QUERY 8 
TOKENS_PER_TERM 1 
NUM_TEST_QUERIES 1 
MAX_LOAD_FACTOR .0001 
MIN_LOAD_FACTOR .0001 
MIN_BLOCK_SIZE 99 
MAX_BLOCK_SIZE 99 
MIN_BINOMIAL 1 
MAX_BINOMIAL 1 
FP_RATE 0.001 
LOCATION_UNCERTAINTY 25 
SECRETS secret 
TYPES psib psip bsib psim 
RECALL_PRECISION 0 
MINDIST 1 
BM25 0 
BSIB_PSIB_TRIALS 10 
OBFUSCATIONS 0 
JUNK_FRACTION 0 
TOP_K 1000 
 
ID small\1000_100_25_8_1_0_0.001\9 
NUM_UNIQUE_CORPUS_TOKENS 10000 
NUM_DOC_TOKENS 100 
NUM_UNIQUE_DOC_TOKENS 120 
NUM_CORPUS_DOCS 1000 
TERMS_PER_QUERY 8 
TOKENS_PER_TERM 1 
NUM_TEST_QUERIES 1 
MAX_LOAD_FACTOR .0001 
MIN_LOAD_FACTOR .0001 
MIN_BLOCK_SIZE 99 
MAX_BLOCK_SIZE 99 
MIN_BINOMIAL 1 
MAX_BINOMIAL 1 
FP_RATE 0.001 
LOCATION_UNCERTAINTY 25 
SECRETS secret 
TYPES psib psip bsib psim 
RECALL_PRECISION 0 
MINDIST 1 
BM25 0 
BSIB_PSIB_TRIALS 10 
OBFUSCATIONS 0 
JUNK_FRACTION 0 
TOP_K 1000 
 
ID small\1000_100_25_8_1_0_0.001\10 
NUM_UNIQUE_CORPUS_TOKENS 10000 
NUM_DOC_TOKENS 100 
NUM_UNIQUE_DOC_TOKENS 120 
NUM_CORPUS_DOCS 1000 
TERMS_PER_QUERY 8 
TOKENS_PER_TERM 1 
NUM_TEST_QUERIES 1 
MAX_LOAD_FACTOR .0001 
MIN_LOAD_FACTOR .0001 
MIN_BLOCK_SIZE 99 
MAX_BLOCK_SIZE 99 
MIN_BINOMIAL 1 
MAX_BINOMIAL 1 
FP_RATE 0.001 
LOCATION_UNCERTAINTY 25 
SECRETS secret 
TYPES psib psip bsib psim 
RECALL_PRECISION 0 
MINDIST 1 
BM25 0 
BSIB_PSIB_TRIALS 10 
OBFUSCATIONS 0 
JUNK_FRACTION 0 
TOP_K 1000 
 
ID small\1000_100_25_8_1_0_0.001\11 
NUM_UNIQUE_CORPUS_TOKENS 10000 
NUM_DOC_TOKENS 100 
NUM_UNIQUE_DOC_TOKENS 120 
NUM_CORPUS_DOCS 1000 
TERMS_PER_QUERY 8 
TOKENS_PER_TERM 1 
NUM_TEST_QUERIES 1 
MAX_LOAD_FACTOR .0001 
MIN_LOAD_FACTOR .0001 
MIN_BLOCK_SIZE 99 
MAX_BLOCK_SIZE 99 
MIN_BINOMIAL 1 
MAX_BINOMIAL 1 
FP_RATE 0.001 
LOCATION_UNCERTAINTY 25 
SECRETS secret 
TYPES psib psip bsib psim 
RECALL_PRECISION 0 
MINDIST 1 
BM25 0 
BSIB_PSIB_TRIALS 10 
OBFUSCATIONS 0 
JUNK_FRACTION 0 
TOP_K 1000 
 
ID small\1000_100_25_8_1_0_0.001\12 
NUM_UNIQUE_CORPUS_TOKENS 10000 
NUM_DOC_TOKENS 100 
NUM_UNIQUE_DOC_TOKENS 120 
NUM_CORPUS_DOCS 1000 
TERMS_PER_QUERY 8 
TOKENS_PER_TERM 1 
NUM_TEST_QUERIES 1 
MAX_LOAD_FACTOR .0001 
MIN_LOAD_FACTOR .0001 
MIN_BLOCK_SIZE 99 
MAX_BLOCK_SIZE 99 
MIN_BINOMIAL 1 
MAX_BINOMIAL 1 
FP_RATE 0.001 
LOCATION_UNCERTAINTY 25 
SECRETS secret 
TYPES psib psip bsib psim 
RECALL_PRECISION 0 
MINDIST 1 
BM25 0 
BSIB_PSIB_TRIALS 10 
OBFUSCATIONS 0 
JUNK_FRACTION 0 
TOP_K 1000 
 
ID small\1000_100_25_8_1_0_0.001\13 
NUM_UNIQUE_CORPUS_TOKENS 10000 
NUM_DOC_TOKENS 100 
NUM_UNIQUE_DOC_TOKENS 120 
NUM_CORPUS_DOCS 1000 
TERMS_PER_QUERY 8 
TOKENS_PER_TERM 1 
NUM_TEST_QUERIES 1 
MAX_LOAD_FACTOR .0001 
MIN_LOAD_FACTOR .0001 
MIN_BLOCK_SIZE 99 
MAX_BLOCK_SIZE 99 
MIN_BINOMIAL 1 
MAX_BINOMIAL 1 
FP_RATE 0.001 
LOCATION_UNCERTAINTY 25 
SECRETS secret 
TYPES psib psip bsib psim 
RECALL_PRECISION 0 
MINDIST 1 
BM25 0 
BSIB_PSIB_TRIALS 10 
OBFUSCATIONS 0 
JUNK_FRACTION 0 
TOP_K 1000 
 
ID small\1000_100_25_8_1_0_0.001\14 
NUM_UNIQUE_CORPUS_TOKENS 10000 
NUM_DOC_TOKENS 100 
NUM_UNIQUE_DOC_TOKENS 120 
NUM_CORPUS_DOCS 1000 
TERMS_PER_QUERY 8 
TOKENS_PER_TERM 1 
NUM_TEST_QUERIES 1 
MAX_LOAD_FACTOR .0001 
MIN_LOAD_FACTOR .0001 
MIN_BLOCK_SIZE 99 
MAX_BLOCK_SIZE 99 
MIN_BINOMIAL 1 
MAX_BINOMIAL 1 
FP_RATE 0.001 
LOCATION_UNCERTAINTY 25 
SECRETS secret 
TYPES psib psip bsib psim 
RECALL_PRECISION 0 
MINDIST 1 
BM25 0 
BSIB_PSIB_TRIALS 10 
OBFUSCATIONS 0 
JUNK_FRACTION 0 
TOP_K 1000 
 
ID small\1000_100_25_8_1_0_0.001\15 
NUM_UNIQUE_CORPUS_TOKENS 10000 
NUM_DOC_TOKENS 100 
NUM_UNIQUE_DOC_TOKENS 120 
NUM_CORPUS_DOCS 1000 
TERMS_PER_QUERY 8 
TOKENS_PER_TERM 1 
NUM_TEST_QUERIES 1 
MAX_LOAD_FACTOR .0001 
MIN_LOAD_FACTOR .0001 
MIN_BLOCK_SIZE 99 
MAX_BLOCK_SIZE 99 
MIN_BINOMIAL 1 
MAX_BINOMIAL 1 
FP_RATE 0.001 
LOCATION_UNCERTAINTY 25 
SECRETS secret 
TYPES psib psip bsib psim 
RECALL_PRECISION 0 
MINDIST 1 
BM25 0 
BSIB_PSIB_TRIALS 10 
OBFUSCATIONS 0 
JUNK_FRACTION 0 
TOP_K 1000 
 
