label 
corpus_size 32930149
false_positive_rate 0.001
location_uncertainty 256
junk_fraction 0.1
freq_error 0.1
stemming 0
stop_words 0
secrets 1
	secret
canonical
	 index_size	22816618
	 build_time	6609
	    indexed	1000
	       path	junkfreq1\1000_4000_256_1_1_0_0.001\1\corpus_indexed\canonical
	  load_time	2277
bsib
	 index_size	21680034
	 build_time	47096
	    indexed	1000
	       path	junkfreq1\1000_4000_256_1_1_0_0.001\1\corpus_indexed\bsib
	  load_time	1947
psib
	 index_size	18315297
	 build_time	33796
	    indexed	1000
	       path	junkfreq1\1000_4000_256_1_1_0_0.001\1\corpus_indexed\psib
	  load_time	268
psip
	 index_size	30757991
	 build_time	36898
	    indexed	1000
	       path	junkfreq1\1000_4000_256_1_1_0_0.001\1\corpus_indexed\psip
	  load_time	2674
psif
	 index_size	10434169
	 build_time	33474
	    indexed	1000
	       path	junkfreq1\1000_4000_256_1_1_0_0.001\1\corpus_indexed\psif
	  load_time	254
