label 
corpus_size 4825408
false_positive_rate 0.001
location_uncertainty 256
junk_fraction 0
freq_error 0
stemming 0
stop_words 0
secrets 1
	secret
canonical
	 index_size	2885835
	 build_time	853
	    indexed	100
	       path	\100_6000_256_2_1_0_0.001\2\corpus_indexed\canonical
	  load_time	298
bsib
	 index_size	2699584
	 build_time	5327
	    indexed	100
	       path	\100_6000_256_2_1_0_0.001\2\corpus_indexed\bsib
	  load_time	237
psib
	 index_size	1963029
	 build_time	3478
	    indexed	100
	       path	\100_6000_256_2_1_0_0.001\2\corpus_indexed\psib
	  load_time	27
psip
	 index_size	3473860
	 build_time	3925
	    indexed	100
	       path	\100_6000_256_2_1_0_0.001\2\corpus_indexed\psip
	  load_time	298
