label 
corpus_size 777599
false_positive_rate 0.001
location_uncertainty 25
junk_fraction 0
freq_error 0
stemming 0
stop_words 0
secrets 1
	secret
canonical
	 index_size	567047
	 build_time	3474
	    indexed	1000
	       path	small\1000_100_25_4_1_0_0.001\5\corpus_indexed\canonical
	  load_time	368
psib
	 index_size	380219
	 build_time	5487
	    indexed	1000
	       path	small\1000_100_25_4_1_0_0.001\5\corpus_indexed\psib
	  load_time	306
psip
	 index_size	635182
	 build_time	8827
	    indexed	1000
	       path	small\1000_100_25_4_1_0_0.001\5\corpus_indexed\psip
	  load_time	357
bsib
	 index_size	642872
	 build_time	6886
	    indexed	1000
	       path	small\1000_100_25_4_1_0_0.001\5\corpus_indexed\bsib
	  load_time	354
psim
	 index_size	1358070
	 build_time	13973
	    indexed	1000
	       path	small\1000_100_25_4_1_0_0.001\5\corpus_indexed\psim
	  load_time	307
