label 
corpus_size 1707903
false_positive_rate 0.001
location_uncertainty 256
junk_fraction 0
freq_error 0
stemming 0
stop_words 0
secrets 1
	secret
canonical
	 index_size	1019811
	 build_time	378
	    indexed	100
	       path	\100_2000_256_2_1_0_0.001\2\corpus_indexed\canonical
	  load_time	110
bsib
	 index_size	746803
	 build_time	1878
	    indexed	99
	       path	\100_2000_256_2_1_0_0.001\2\corpus_indexed\bsib
	  load_time	81
psib
	 index_size	418236
	 build_time	1385
	    indexed	100
	       path	\100_2000_256_2_1_0_0.001\2\corpus_indexed\psib
	  load_time	25
psip
	 index_size	1193377
	 build_time	1543
	    indexed	100
	       path	\100_2000_256_2_1_0_0.001\2\corpus_indexed\psip
	  load_time	117
