label 
corpus_size 33013867
false_positive_rate 0.001
location_uncertainty 256
junk_fraction 0
freq_error 0
stemming 0
stop_words 0
secrets 1
	secret
canonical
	 index_size	22875517
	 build_time	6676
	    indexed	1000
	       path	junk0\1000_4000_256_2_1_0_0.001\1\corpus_indexed\canonical
	  load_time	2371
psip
	 index_size	27935514
	 build_time	38761
	    indexed	1000
	       path	junk0\1000_4000_256_2_1_0_0.001\1\corpus_indexed\psip
	  load_time	2392
psif
	 index_size	9799316
	 build_time	34382
	    indexed	1000
	       path	junk0\1000_4000_256_2_1_0_0.001\1\corpus_indexed\psif
	  load_time	249
