label 
corpus_size 778159
false_positive_rate 0.001
location_uncertainty 25
junk_fraction 0
freq_error 0
stemming 0
stop_words 0
secrets 1
	secret
canonical
	 index_size	594534
	 build_time	3196
	    indexed	1000
	       path	small\1000_100_25_8_1_0_0.001\15\corpus_indexed\canonical
	  load_time	369
psib
	 index_size	391648
	 build_time	5629
	    indexed	999
	       path	small\1000_100_25_8_1_0_0.001\15\corpus_indexed\psib
	  load_time	310
psip
	 index_size	649955
	 build_time	9239
	    indexed	1000
	       path	small\1000_100_25_8_1_0_0.001\15\corpus_indexed\psip
	  load_time	358
bsib
	 index_size	650055
	 build_time	7839
	    indexed	1000
	       path	small\1000_100_25_8_1_0_0.001\15\corpus_indexed\bsib
	  load_time	352
psim
	 index_size	1595615
	 build_time	16199
	    indexed	1000
	       path	small\1000_100_25_8_1_0_0.001\15\corpus_indexed\psim
	  load_time	308
