label 
corpus_size 718446
false_positive_rate 0.001
location_uncertainty 25
junk_fraction 0
freq_error 0
stemming 0
stop_words 0
secrets 1
	secret
canonical
	 index_size	572661
	 build_time	3329
	    indexed	1000
	       path	small\1000_100_25_5_1_0_0.001\9\corpus_indexed\canonical
	  load_time	367
psib
	 index_size	382361
	 build_time	5518
	    indexed	1000
	       path	small\1000_100_25_5_1_0_0.001\9\corpus_indexed\psib
	  load_time	308
psip
	 index_size	637947
	 build_time	7545
	    indexed	1000
	       path	small\1000_100_25_5_1_0_0.001\9\corpus_indexed\psip
	  load_time	356
bsib
	 index_size	643053
	 build_time	7573
	    indexed	999
	       path	small\1000_100_25_5_1_0_0.001\9\corpus_indexed\bsib
	  load_time	358
psim
	 index_size	1404616
	 build_time	13228
	    indexed	1000
	       path	small\1000_100_25_5_1_0_0.001\9\corpus_indexed\psim
	  load_time	296
