label 
corpus_size 81798
false_positive_rate 0.001
location_uncertainty 256
junk_fraction 0
freq_error 0
stemming 0
stop_words 0
secrets 1
	secret
canonical
	 index_size	61278
	 build_time	209
	    indexed	100
	       path	set1\100_100_256_2_1_0_0.001\1\corpus_indexed\canonical
	  load_time	29
bsib
	 index_size	40883
	 build_time	333
	    indexed	100
	       path	set1\100_100_256_2_1_0_0.001\1\corpus_indexed\bsib
	  load_time	27
psib
	 index_size	35380
	 build_time	367
	    indexed	100
	       path	set1\100_100_256_2_1_0_0.001\1\corpus_indexed\psib
	  load_time	35
psip
	 index_size	66316
	 build_time	525
	    indexed	100
	       path	set1\100_100_256_2_1_0_0.001\1\corpus_indexed\psip
	  load_time	28
