label 
corpus_size 33043737
false_positive_rate 0.001
location_uncertainty 256
junk_fraction 0.1
freq_error 0.1
stemming 0
stop_words 0
secrets 1
	secret
canonical
	 index_size	22842760
	 build_time	7004
	    indexed	1000
	       path	junkfreq1\1000_4000_256_1_1_0_0.001\2\corpus_indexed\canonical
	  load_time	2340
bsib
	 index_size	21679818
	 build_time	47455
	    indexed	1000
	       path	junkfreq1\1000_4000_256_1_1_0_0.001\2\corpus_indexed\bsib
	  load_time	1981
psib
	 index_size	18314583
	 build_time	33540
	    indexed	1000
	       path	junkfreq1\1000_4000_256_1_1_0_0.001\2\corpus_indexed\psib
	  load_time	265
psip
	 index_size	30755449
	 build_time	37440
	    indexed	1000
	       path	junkfreq1\1000_4000_256_1_1_0_0.001\2\corpus_indexed\psip
	  load_time	2683
psif
	 index_size	10438061
	 build_time	33430
	    indexed	1000
	       path	junkfreq1\1000_4000_256_1_1_0_0.001\2\corpus_indexed\psif
	  load_time	249
