label 
corpus_size 3792908
false_positive_rate 0.001
location_uncertainty 256
junk_fraction 0
freq_error 0
stemming 0
stop_words 0
secrets 1
	secret
canonical
	 index_size	2426250
	 build_time	618
	    indexed	100
	       path	\100_5000_256_2_1_0_0.001\1\corpus_indexed\canonical
	  load_time	233
bsib
	 index_size	2182477
	 build_time	4558
	    indexed	100
	       path	\100_5000_256_2_1_0_0.001\1\corpus_indexed\bsib
	  load_time	198
psib
	 index_size	1483962
	 build_time	3009
	    indexed	100
	       path	\100_5000_256_2_1_0_0.001\1\corpus_indexed\psib
	  load_time	27
psip
	 index_size	2909120
	 build_time	3192
	    indexed	100
	       path	\100_5000_256_2_1_0_0.001\1\corpus_indexed\psip
	  load_time	253
