label 
corpus_size 2177381
false_positive_rate 0.001
location_uncertainty 256
junk_fraction 0
freq_error 0
stemming 0
stop_words 0
secrets 1
	secret
canonical
	 index_size	1257865
	 build_time	545
	    indexed	100
	       path	\100_2500_256_2_1_0_0.001\1\corpus_indexed\canonical
	  load_time	138
bsib
	 index_size	976635
	 build_time	2287
	    indexed	100
	       path	\100_2500_256_2_1_0_0.001\1\corpus_indexed\bsib
	  load_time	100
psib
	 index_size	554806
	 build_time	1661
	    indexed	100
	       path	\100_2500_256_2_1_0_0.001\1\corpus_indexed\psib
	  load_time	25
psip
	 index_size	1480804
	 build_time	2011
	    indexed	100
	       path	\100_2500_256_2_1_0_0.001\1\corpus_indexed\psip
	  load_time	140
