label 
corpus_size 770046
false_positive_rate 0.001
location_uncertainty 25
junk_fraction 0
freq_error 0
stemming 0
stop_words 0
secrets 1
	secret
canonical
	 index_size	553427
	 build_time	3742
	    indexed	1000
	       path	small\1000_100_25_3_1_0_0.001\14\corpus_indexed\canonical
	  load_time	377
psib
	 index_size	376991
	 build_time	5502
	    indexed	1000
	       path	small\1000_100_25_3_1_0_0.001\14\corpus_indexed\psib
	  load_time	312
psip
	 index_size	630825
	 build_time	9874
	    indexed	1000
	       path	small\1000_100_25_3_1_0_0.001\14\corpus_indexed\psip
	  load_time	358
bsib
	 index_size	641370
	 build_time	8205
	    indexed	1000
	       path	small\1000_100_25_3_1_0_0.001\14\corpus_indexed\bsib
	  load_time	343
psim
	 index_size	1282320
	 build_time	15896
	    indexed	1000
	       path	small\1000_100_25_3_1_0_0.001\14\corpus_indexed\psim
	  load_time	312
