label 
corpus_size 33071742
false_positive_rate 0.001
location_uncertainty 256
junk_fraction 0.2
freq_error 0.2
stemming 0
stop_words 0
secrets 1
	secret
canonical
	 index_size	22893642
	 build_time	6754
	    indexed	1000
	       path	junkfreq2\1000_4000_256_2_1_0_0.001\2\corpus_indexed\canonical
	  load_time	2293
bsib
	 index_size	23541507
	 build_time	49280
	    indexed	1000
	       path	junkfreq2\1000_4000_256_2_1_0_0.001\2\corpus_indexed\bsib
	  load_time	2090
psib
	 index_size	20335616
	 build_time	32682
	    indexed	1000
	       path	junkfreq2\1000_4000_256_2_1_0_0.001\2\corpus_indexed\psib
	  load_time	265
psip
	 index_size	35034330
	 build_time	36925
	    indexed	1000
	       path	junkfreq2\1000_4000_256_2_1_0_0.001\2\corpus_indexed\psip
	  load_time	3073
psif
	 index_size	11515281
	 build_time	32541
	    indexed	1000
	       path	junkfreq2\1000_4000_256_2_1_0_0.001\2\corpus_indexed\psif
	  load_time	249
