label 
corpus_size 33017030
false_positive_rate 0.001
location_uncertainty 256
junk_fraction 0.05
freq_error 0
stemming 0
stop_words 0
secrets 1
	secret
canonical
	 index_size	22886187
	 build_time	14004
	    indexed	1000
	       path	junk05\1000_4000_256_2_1_0_0.001\2\corpus_indexed\canonical
	  load_time	3535
bsib
	 index_size	20752405
	 build_time	97330
	    indexed	1000
	       path	junk05\1000_4000_256_2_1_0_0.001\2\corpus_indexed\bsib
	  load_time	2811
psif
	 index_size	10035951
	 build_time	69147
	    indexed	1000
	       path	junk05\1000_4000_256_2_1_0_0.001\2\corpus_indexed\psif
	  load_time	373
psip
	 index_size	29097490
	 build_time	73678
	    indexed	1000
	       path	junk05\1000_4000_256_2_1_0_0.001\2\corpus_indexed\psip
	  load_time	3826
psib
	 index_size	17530514
	 build_time	68148
	    indexed	1000
	       path	junk05\1000_4000_256_2_1_0_0.001\2\corpus_indexed\psib
	  load_time	397
