label 
corpus_size 36568535
false_positive_rate 0.001
location_uncertainty 350
junk_fraction 0
freq_error 0
stemming 0
stop_words 0
secrets 1
	secret
canonical
	 index_size	19646952
	 build_time	6038
	    indexed	1000
	       path	\1000_4000_350_3_1_0_0.001\1\corpus_indexed\canonical
	  load_time	1891
bsib
	 index_size	15387311
	 build_time	34788
	    indexed	1000
	       path	\1000_4000_350_3_1_0_0.001\1\corpus_indexed\bsib
	  load_time	1420
psib
	 index_size	9130459
	 build_time	24274
	    indexed	1000
	       path	\1000_4000_350_3_1_0_0.001\1\corpus_indexed\psib
	  load_time	271
psip
	 index_size	23404020
	 build_time	26548
	    indexed	1000
	       path	\1000_4000_350_3_1_0_0.001\1\corpus_indexed\psip
	  load_time	2067
