label 
corpus_size 1780737
false_positive_rate 0.001
location_uncertainty 256
junk_fraction 0
freq_error 0
stemming 0
stop_words 0
secrets 1
	secret
canonical
	 index_size	1020651
	 build_time	389
	    indexed	100
	       path	\100_2000_256_2_1_0_0.001\1\corpus_indexed\canonical
	  load_time	112
bsib
	 index_size	753491
	 build_time	2360
	    indexed	100
	       path	\100_2000_256_2_1_0_0.001\1\corpus_indexed\bsib
	  load_time	80
psib
	 index_size	416598
	 build_time	1432
	    indexed	100
	       path	\100_2000_256_2_1_0_0.001\1\corpus_indexed\psib
	  load_time	25
psip
	 index_size	1191851
	 build_time	1509
	    indexed	100
	       path	\100_2000_256_2_1_0_0.001\1\corpus_indexed\psip
	  load_time	117
