label 
corpus_size 733239
false_positive_rate 0.001
location_uncertainty 25
junk_fraction 0
freq_error 0
stemming 0
stop_words 0
secrets 1
	secret
canonical
	 index_size	541871
	 build_time	3728
	    indexed	1000
	       path	small\1000_100_25_2_1_0_0.001\9\corpus_indexed\canonical
	  load_time	371
psib
	 index_size	373399
	 build_time	5510
	    indexed	1000
	       path	small\1000_100_25_2_1_0_0.001\9\corpus_indexed\psib
	  load_time	310
psip
	 index_size	626520
	 build_time	6761
	    indexed	1000
	       path	small\1000_100_25_2_1_0_0.001\9\corpus_indexed\psip
	  load_time	374
bsib
	 index_size	638702
	 build_time	8018
	    indexed	1000
	       path	small\1000_100_25_2_1_0_0.001\9\corpus_indexed\bsib
	  load_time	358
psim
	 index_size	1237599
	 build_time	14071
	    indexed	1000
	       path	small\1000_100_25_2_1_0_0.001\9\corpus_indexed\psim
	  load_time	312
