label 
corpus_size 2340686
false_positive_rate 0.001
location_uncertainty 256
junk_fraction 0
freq_error 0
stemming 0
stop_words 0
secrets 1
	secret
canonical
	 index_size	1257823
	 build_time	438
	    indexed	100
	       path	\100_2500_256_2_1_0_0.001\2\corpus_indexed\canonical
	  load_time	132
bsib
	 index_size	978089
	 build_time	2567
	    indexed	100
	       path	\100_2500_256_2_1_0_0.001\2\corpus_indexed\bsib
	  load_time	100
psib
	 index_size	551161
	 build_time	1698
	    indexed	99
	       path	\100_2500_256_2_1_0_0.001\2\corpus_indexed\psib
	  load_time	25
psip
	 index_size	1467782
	 build_time	2050
	    indexed	99
	       path	\100_2500_256_2_1_0_0.001\2\corpus_indexed\psip
	  load_time	140
