label 
corpus_size 4046848
false_positive_rate 0.001
location_uncertainty 256
junk_fraction 0
freq_error 0
stemming 0
stop_words 0
secrets 1
	secret
canonical
	 index_size	2433399
	 build_time	784
	    indexed	100
	       path	\100_5000_256_2_1_0_0.001\3\corpus_indexed\canonical
	  load_time	247
bsib
	 index_size	2162903
	 build_time	4715
	    indexed	99
	       path	\100_5000_256_2_1_0_0.001\3\corpus_indexed\bsib
	  load_time	190
psib
	 index_size	1487285
	 build_time	3132
	    indexed	100
	       path	\100_5000_256_2_1_0_0.001\3\corpus_indexed\psib
	  load_time	27
psip
	 index_size	2911337
	 build_time	3405
	    indexed	100
	       path	\100_5000_256_2_1_0_0.001\3\corpus_indexed\psip
	  load_time	256
