label 
corpus_size 679597
false_positive_rate 0.001
location_uncertainty 25
junk_fraction 0
freq_error 0
stemming 0
stop_words 0
secrets 1
	secret
canonical
	 index_size	567756
	 build_time	3525
	    indexed	1000
	       path	small\1000_100_25_6_1_0_0.001\7\corpus_indexed\canonical
	  load_time	358
psib
	 index_size	385694
	 build_time	5569
	    indexed	1000
	       path	small\1000_100_25_6_1_0_0.001\7\corpus_indexed\psib
	  load_time	312
psip
	 index_size	642196
	 build_time	10108
	    indexed	1000
	       path	small\1000_100_25_6_1_0_0.001\7\corpus_indexed\psip
	  load_time	358
bsib
	 index_size	645338
	 build_time	7550
	    indexed	1000
	       path	small\1000_100_25_6_1_0_0.001\7\corpus_indexed\bsib
	  load_time	358
psim
	 index_size	1466368
	 build_time	14701
	    indexed	1000
	       path	small\1000_100_25_6_1_0_0.001\7\corpus_indexed\psim
	  load_time	312
