label 
corpus_size 32710934
false_positive_rate 0.001
location_uncertainty 120
junk_fraction 0
freq_error 0
stemming 0
stop_words 0
secrets 1
	secret
canonical
	 index_size	19644622
	 build_time	5725
	    indexed	1000
	       path	\1000_4000_120_3_1_0_0.001\1\corpus_indexed\canonical
	  load_time	1907
bsib
	 index_size	21343435
	 build_time	40363
	    indexed	1000
	       path	\1000_4000_120_3_1_0_0.001\1\corpus_indexed\bsib
	  load_time	1822
psib
	 index_size	17334296
	 build_time	23097
	    indexed	1000
	       path	\1000_4000_120_3_1_0_0.001\1\corpus_indexed\psib
	  load_time	259
psip
	 index_size	23373198
	 build_time	25944
	    indexed	1000
	       path	\1000_4000_120_3_1_0_0.001\1\corpus_indexed\psip
	  load_time	2056
