label 
corpus_size 2333092
false_positive_rate 0.001
location_uncertainty 256
junk_fraction 0
freq_error 0
stemming 0
stop_words 0
secrets 1
	secret
canonical
	 index_size	1492427
	 build_time	490
	    indexed	100
	       path	\100_3000_256_2_1_0_0.001\3\corpus_indexed\canonical
	  load_time	154
bsib
	 index_size	1212251
	 build_time	2762
	    indexed	100
	       path	\100_3000_256_2_1_0_0.001\3\corpus_indexed\bsib
	  load_time	120
psib
	 index_size	710402
	 build_time	1911
	    indexed	100
	       path	\100_3000_256_2_1_0_0.001\3\corpus_indexed\psib
	  load_time	26
psip
	 index_size	1769677
	 build_time	2175
	    indexed	100
	       path	\100_3000_256_2_1_0_0.001\3\corpus_indexed\psip
	  load_time	170
