label 
corpus_size 32892603
false_positive_rate 0.001
location_uncertainty 256
junk_fraction 0.5
freq_error 0
stemming 0
stop_words 0
secrets 1
	secret
canonical
	 index_size	22807903
	 build_time	6899
	    indexed	1000
	       path	junk5\1000_4000_256_1_1_0_0.001\1\corpus_indexed\canonical
	  load_time	2363
bsib
	 index_size	29139251
	 build_time	55068
	    indexed	1000
	       path	junk5\1000_4000_256_1_1_0_0.001\1\corpus_indexed\bsib
	  load_time	2557
psif
	 index_size	17374023
	 build_time	35195
	    indexed	1000
	       path	junk5\1000_4000_256_1_1_0_0.001\1\corpus_indexed\psif
	  load_time	266
psip
	 index_size	53305203
	 build_time	40373
	    indexed	1000
	       path	junk5\1000_4000_256_1_1_0_0.001\1\corpus_indexed\psip
	  load_time	4569
psib
	 index_size	31590003
	 build_time	35795
	    indexed	1000
	       path	junk5\1000_4000_256_1_1_0_0.001\1\corpus_indexed\psib
	  load_time	288
