label 
corpus_size 33007877
false_positive_rate 0.001
location_uncertainty 256
junk_fraction 0
freq_error 0
stemming 0
stop_words 0
secrets 1
	secret
canonical
	 index_size	22880842
	 build_time	6692
	    indexed	1000
	       path	junk0\1000_4000_256_2_1_0_0.001\2\corpus_indexed\canonical
	  load_time	2308
psip
	 index_size	27936567
	 build_time	39764
	    indexed	1000
	       path	junk0\1000_4000_256_2_1_0_0.001\2\corpus_indexed\psip
	  load_time	2433
psif
	 index_size	9799148
	 build_time	34678
	    indexed	1000
	       path	junk0\1000_4000_256_2_1_0_0.001\2\corpus_indexed\psif
	  load_time	249
