label 
corpus_size 30445026
false_positive_rate 0.001
location_uncertainty 145
junk_fraction 0
freq_error 0
stemming 0
stop_words 0
secrets 1
	secret
canonical
	 index_size	19600455
	 build_time	5750
	    indexed	1000
	       path	\1000_4000_145_3_1_0_0.001\1\corpus_indexed\canonical
	  load_time	1922
bsib
	 index_size	20106518
	 build_time	39237
	    indexed	1000
	       path	\1000_4000_145_3_1_0_0.001\1\corpus_indexed\bsib
	  load_time	1749
psib
	 index_size	15112048
	 build_time	23577
	    indexed	1000
	       path	\1000_4000_145_3_1_0_0.001\1\corpus_indexed\psib
	  load_time	270
psip
	 index_size	23381403
	 build_time	25850
	    indexed	1000
	       path	\1000_4000_145_3_1_0_0.001\1\corpus_indexed\psip
	  load_time	2059
