label 
corpus_size 32825353
false_positive_rate 0.001
location_uncertainty 256
junk_fraction 0.1
freq_error 0
stemming 0
stop_words 0
secrets 1
	secret
canonical
	 index_size	22844371
	 build_time	13920
	    indexed	1000
	       path	junk1\1000_4000_256_2_1_0_0.001\1\corpus_indexed\canonical
	  load_time	3509
bsib
	 index_size	21679940
	 build_time	99682
	    indexed	1000
	       path	junk1\1000_4000_256_2_1_0_0.001\1\corpus_indexed\bsib
	  load_time	2909
psif
	 index_size	10429861
	 build_time	69035
	    indexed	1000
	       path	junk1\1000_4000_256_2_1_0_0.001\1\corpus_indexed\psif
	  load_time	371
psip
	 index_size	30542188
	 build_time	74577
	    indexed	1000
	       path	junk1\1000_4000_256_2_1_0_0.001\1\corpus_indexed\psip
	  load_time	4160
psib
	 index_size	18337820
	 build_time	70034
	    indexed	1000
	       path	junk1\1000_4000_256_2_1_0_0.001\1\corpus_indexed\psib
	  load_time	396
