label 
corpus_size 11520768
false_positive_rate 0.001
location_uncertainty 256
junk_fraction 0
freq_error 0
stemming 0
stop_words 0
secrets 1
	secret
canonical
	 index_size	6492808
	 build_time	1474
	    indexed	100
	       path	\100_14000_256_2_1_0_0.001\2\corpus_indexed\canonical
	  load_time	588
bsib
	 index_size	7096650
	 build_time	12690
	    indexed	100
	       path	\100_14000_256_2_1_0_0.001\2\corpus_indexed\bsib
	  load_time	572
psib
	 index_size	7903034
	 build_time	7320
	    indexed	100
	       path	\100_14000_256_2_1_0_0.001\2\corpus_indexed\psib
	  load_time	37
psip
	 index_size	7950337
	 build_time	8120
	    indexed	100
	       path	\100_14000_256_2_1_0_0.001\2\corpus_indexed\psip
	  load_time	648
