label 
corpus_size 48921473
false_positive_rate 0.001
location_uncertainty 256
junk_fraction 0
freq_error 0
stemming 0
stop_words 0
secrets 1
	secret
canonical
	 index_size	30496052
	 build_time	6019
	    indexed	100
	       path	set1\100_52600_256_2_1_0_0.001\2\corpus_indexed\canonical
	  load_time	2681
bsib
	 index_size	31701846
	 build_time	50622
	    indexed	100
	       path	set1\100_52600_256_2_1_0_0.001\2\corpus_indexed\bsib
	  load_time	2484
psib
	 index_size	88073732
	 build_time	26683
	    indexed	100
	       path	set1\100_52600_256_2_1_0_0.001\2\corpus_indexed\psib
	  load_time	166
psip
	 index_size	36378461
	 build_time	29540
	    indexed	100
	       path	set1\100_52600_256_2_1_0_0.001\2\corpus_indexed\psip
	  load_time	2942
