label 
corpus_size 5075164
false_positive_rate 0.001
location_uncertainty 256
junk_fraction 0
freq_error 0
stemming 0
stop_words 0
secrets 1
	secret
canonical
	 index_size	3120215
	 build_time	766
	    indexed	100
	       path	\100_6500_256_2_1_0_0.001\3\corpus_indexed\canonical
	  load_time	313
bsib
	 index_size	2958846
	 build_time	5794
	    indexed	100
	       path	\100_6500_256_2_1_0_0.001\3\corpus_indexed\bsib
	  load_time	252
psib
	 index_size	2229872
	 build_time	3607
	    indexed	100
	       path	\100_6500_256_2_1_0_0.001\3\corpus_indexed\psib
	  load_time	29
psip
	 index_size	3757532
	 build_time	4147
	    indexed	100
	       path	\100_6500_256_2_1_0_0.001\3\corpus_indexed\psip
	  load_time	328
