label 
corpus_size 7295777
false_positive_rate 0.001
location_uncertainty 256
junk_fraction 0
freq_error 0
stemming 0
stop_words 0
secrets 1
	secret
canonical
	 index_size	4700308
	 build_time	1042
	    indexed	100
	       path	\100_10000_256_2_1_0_0.001\1\corpus_indexed\canonical
	  load_time	446
bsib
	 index_size	4835630
	 build_time	8943
	    indexed	100
	       path	\100_10000_256_2_1_0_0.001\1\corpus_indexed\bsib
	  load_time	400
psib
	 index_size	4505287
	 build_time	5232
	    indexed	100
	       path	\100_10000_256_2_1_0_0.001\1\corpus_indexed\psib
	  load_time	31
psip
	 index_size	5720376
	 build_time	5891
	    indexed	100
	       path	\100_10000_256_2_1_0_0.001\1\corpus_indexed\psip
	  load_time	483
