label 
corpus_size 34917293
false_positive_rate 0.001
location_uncertainty 475
junk_fraction 0
freq_error 0
stemming 0
stop_words 0
secrets 1
	secret
canonical
	 index_size	19619330
	 build_time	6482
	    indexed	1000
	       path	\1000_4000_475_3_1_0_0.001\1\corpus_indexed\canonical
	  load_time	1958
bsib
	 index_size	13993757
	 build_time	33079
	    indexed	1000
	       path	\1000_4000_475_3_1_0_0.001\1\corpus_indexed\bsib
	  load_time	1332
psib
	 index_size	7999155
	 build_time	23048
	    indexed	1000
	       path	\1000_4000_475_3_1_0_0.001\1\corpus_indexed\psib
	  load_time	241
psip
	 index_size	23418320
	 build_time	26076
	    indexed	1000
	       path	\1000_4000_475_3_1_0_0.001\1\corpus_indexed\psip
	  load_time	2065
