label 
corpus_size 56836262
false_positive_rate 0.001
location_uncertainty 256
junk_fraction 0
freq_error 0
stemming 0
stop_words 0
secrets 1
	secret
canonical
	 index_size	44537045
	 build_time	7600
	    indexed	100
	       path	set1\100_75100_256_2_1_0_0.001\3\corpus_indexed\canonical
	  load_time	3829
bsib
	 index_size	47125802
	 build_time	71921
	    indexed	100
	       path	set1\100_75100_256_2_1_0_0.001\3\corpus_indexed\bsib
	  load_time	3668
psib
	 index_size	172676296
	 build_time	37634
	    indexed	100
	       path	set1\100_75100_256_2_1_0_0.001\3\corpus_indexed\psib
	  load_time	286
psip
	 index_size	53096321
	 build_time	40670
	    indexed	100
	       path	set1\100_75100_256_2_1_0_0.001\3\corpus_indexed\psip
	  load_time	4271
