label 
corpus_size 35752064
false_positive_rate 0.001
location_uncertainty 160
junk_fraction 0
freq_error 0
stemming 0
stop_words 0
secrets 1
	secret
canonical
	 index_size	19662181
	 build_time	6001
	    indexed	1000
	       path	\1000_4000_160_3_1_0_0.001\1\corpus_indexed\canonical
	  load_time	1906
bsib
	 index_size	19429457
	 build_time	39167
	    indexed	1000
	       path	\1000_4000_160_3_1_0_0.001\1\corpus_indexed\bsib
	  load_time	1712
psib
	 index_size	13989132
	 build_time	24315
	    indexed	1000
	       path	\1000_4000_160_3_1_0_0.001\1\corpus_indexed\psib
	  load_time	267
psip
	 index_size	23381016
	 build_time	25983
	    indexed	1000
	       path	\1000_4000_160_3_1_0_0.001\1\corpus_indexed\psip
	  load_time	2079
