ID \1000_4000_250_2_1_0_0.001\1 
NUM_UNIQUE_CORPUS_TOKENS 10000 
NUM_DOC_TOKENS 4000 
NUM_UNIQUE_DOC_TOKENS 756 
NUM_CORPUS_DOCS 1000 
TERMS_PER_QUERY 2 
TOKENS_PER_TERM 1 
NUM_TEST_QUERIES 8 
MAX_LOAD_FACTOR .01 
MIN_LOAD_FACTOR .001 
MIN_BLOCK_SIZE 2000 
MAX_BLOCK_SIZE 4000 
MIN_BINOMIAL .075 
MAX_BINOMIAL .2 
FP_RATE 0.001 
LOCATION_UNCERTAINTY 250 
SECRETS secret 
TYPES bsib psib psip 
RECALL_PRECISION 0 
MINDIST 1 
BM25 1 
BSIB_PSIB_TRIALS 10 
OBFUSCATIONS 0 
JUNK_FRACTION 0 
FREQ_ERROR 0 
TOP_K 1000 
 
ID \3000_4000_250_2_1_0_0.001\1 
NUM_UNIQUE_CORPUS_TOKENS 10000 
NUM_DOC_TOKENS 4000 
NUM_UNIQUE_DOC_TOKENS 756 
NUM_CORPUS_DOCS 3000 
TERMS_PER_QUERY 2 
TOKENS_PER_TERM 1 
NUM_TEST_QUERIES 8 
MAX_LOAD_FACTOR .01 
MIN_LOAD_FACTOR .001 
MIN_BLOCK_SIZE 2000 
MAX_BLOCK_SIZE 4000 
MIN_BINOMIAL .075 
MAX_BINOMIAL .2 
FP_RATE 0.001 
LOCATION_UNCERTAINTY 250 
SECRETS secret 
TYPES bsib psib psip 
RECALL_PRECISION 0 
MINDIST 1 
BM25 1 
BSIB_PSIB_TRIALS 10 
OBFUSCATIONS 0 
JUNK_FRACTION 0 
FREQ_ERROR 0 
TOP_K 3000 
 
ID \5000_4000_250_2_1_0_0.001\1 
NUM_UNIQUE_CORPUS_TOKENS 10000 
NUM_DOC_TOKENS 4000 
NUM_UNIQUE_DOC_TOKENS 756 
NUM_CORPUS_DOCS 5000 
TERMS_PER_QUERY 2 
TOKENS_PER_TERM 1 
NUM_TEST_QUERIES 8 
MAX_LOAD_FACTOR .01 
MIN_LOAD_FACTOR .001 
MIN_BLOCK_SIZE 2000 
MAX_BLOCK_SIZE 4000 
MIN_BINOMIAL .075 
MAX_BINOMIAL .2 
FP_RATE 0.001 
LOCATION_UNCERTAINTY 250 
SECRETS secret 
TYPES bsib psib psip 
RECALL_PRECISION 0 
MINDIST 1 
BM25 1 
BSIB_PSIB_TRIALS 10 
OBFUSCATIONS 0 
JUNK_FRACTION 0 
FREQ_ERROR 0 
TOP_K 5000 
 
ID \7000_4000_250_2_1_0_0.001\1 
NUM_UNIQUE_CORPUS_TOKENS 10000 
NUM_DOC_TOKENS 4000 
NUM_UNIQUE_DOC_TOKENS 756 
NUM_CORPUS_DOCS 7000 
TERMS_PER_QUERY 2 
TOKENS_PER_TERM 1 
NUM_TEST_QUERIES 8 
MAX_LOAD_FACTOR .01 
MIN_LOAD_FACTOR .001 
MIN_BLOCK_SIZE 2000 
MAX_BLOCK_SIZE 4000 
MIN_BINOMIAL .075 
MAX_BINOMIAL .2 
FP_RATE 0.001 
LOCATION_UNCERTAINTY 250 
SECRETS secret 
TYPES bsib psib psip 
RECALL_PRECISION 0 
MINDIST 1 
BM25 1 
BSIB_PSIB_TRIALS 10 
OBFUSCATIONS 0 
JUNK_FRACTION 0 
FREQ_ERROR 0 
TOP_K 7000 
 
ID \9000_4000_250_2_1_0_0.001\1 
NUM_UNIQUE_CORPUS_TOKENS 10000 
NUM_DOC_TOKENS 4000 
NUM_UNIQUE_DOC_TOKENS 756 
NUM_CORPUS_DOCS 9000 
TERMS_PER_QUERY 2 
TOKENS_PER_TERM 1 
NUM_TEST_QUERIES 8 
MAX_LOAD_FACTOR .01 
MIN_LOAD_FACTOR .001 
MIN_BLOCK_SIZE 2000 
MAX_BLOCK_SIZE 4000 
MIN_BINOMIAL .075 
MAX_BINOMIAL .2 
FP_RATE 0.001 
LOCATION_UNCERTAINTY 250 
SECRETS secret 
TYPES bsib psib psip 
RECALL_PRECISION 0 
MINDIST 1 
BM25 1 
BSIB_PSIB_TRIALS 10 
OBFUSCATIONS 0 
JUNK_FRACTION 0 
FREQ_ERROR 0 
TOP_K 9000 
 
ID \11000_4000_250_2_1_0_0.001\1 
NUM_UNIQUE_CORPUS_TOKENS 10000 
NUM_DOC_TOKENS 4000 
NUM_UNIQUE_DOC_TOKENS 756 
NUM_CORPUS_DOCS 11000 
TERMS_PER_QUERY 2 
TOKENS_PER_TERM 1 
NUM_TEST_QUERIES 8 
MAX_LOAD_FACTOR .01 
MIN_LOAD_FACTOR .001 
MIN_BLOCK_SIZE 2000 
MAX_BLOCK_SIZE 4000 
MIN_BINOMIAL .075 
MAX_BINOMIAL .2 
FP_RATE 0.001 
LOCATION_UNCERTAINTY 250 
SECRETS secret 
TYPES bsib psib psip 
RECALL_PRECISION 0 
MINDIST 1 
BM25 1 
BSIB_PSIB_TRIALS 10 
OBFUSCATIONS 0 
JUNK_FRACTION 0 
FREQ_ERROR 0 
TOP_K 11000 
 
ID \13000_4000_250_2_1_0_0.001\1 
NUM_UNIQUE_CORPUS_TOKENS 10000 
NUM_DOC_TOKENS 4000 
NUM_UNIQUE_DOC_TOKENS 756 
NUM_CORPUS_DOCS 13000 
TERMS_PER_QUERY 2 
TOKENS_PER_TERM 1 
NUM_TEST_QUERIES 8 
MAX_LOAD_FACTOR .01 
MIN_LOAD_FACTOR .001 
MIN_BLOCK_SIZE 2000 
MAX_BLOCK_SIZE 4000 
MIN_BINOMIAL .075 
MAX_BINOMIAL .2 
FP_RATE 0.001 
LOCATION_UNCERTAINTY 250 
SECRETS secret 
TYPES bsib psib psip 
RECALL_PRECISION 0 
MINDIST 1 
BM25 1 
BSIB_PSIB_TRIALS 10 
OBFUSCATIONS 0 
JUNK_FRACTION 0 
FREQ_ERROR 0 
TOP_K 13000 
 
ID \15000_4000_250_2_1_0_0.001\1 
NUM_UNIQUE_CORPUS_TOKENS 10000 
NUM_DOC_TOKENS 4000 
NUM_UNIQUE_DOC_TOKENS 756 
NUM_CORPUS_DOCS 15000 
TERMS_PER_QUERY 2 
TOKENS_PER_TERM 1 
NUM_TEST_QUERIES 8 
MAX_LOAD_FACTOR .01 
MIN_LOAD_FACTOR .001 
MIN_BLOCK_SIZE 2000 
MAX_BLOCK_SIZE 4000 
MIN_BINOMIAL .075 
MAX_BINOMIAL .2 
FP_RATE 0.001 
LOCATION_UNCERTAINTY 250 
SECRETS secret 
TYPES bsib psib psip 
RECALL_PRECISION 0 
MINDIST 1 
BM25 1 
BSIB_PSIB_TRIALS 10 
OBFUSCATIONS 0 
JUNK_FRACTION 0 
FREQ_ERROR 0 
TOP_K 15000 
 
ID \17000_4000_250_2_1_0_0.001\1 
NUM_UNIQUE_CORPUS_TOKENS 10000 
NUM_DOC_TOKENS 4000 
NUM_UNIQUE_DOC_TOKENS 756 
NUM_CORPUS_DOCS 17000 
TERMS_PER_QUERY 2 
TOKENS_PER_TERM 1 
NUM_TEST_QUERIES 8 
MAX_LOAD_FACTOR .01 
MIN_LOAD_FACTOR .001 
MIN_BLOCK_SIZE 2000 
MAX_BLOCK_SIZE 4000 
MIN_BINOMIAL .075 
MAX_BINOMIAL .2 
FP_RATE 0.001 
LOCATION_UNCERTAINTY 250 
SECRETS secret 
TYPES bsib psib psip 
RECALL_PRECISION 0 
MINDIST 1 
BM25 1 
BSIB_PSIB_TRIALS 10 
OBFUSCATIONS 0 
JUNK_FRACTION 0 
FREQ_ERROR 0 
TOP_K 17000 
 
ID \19000_4000_250_2_1_0_0.001\1 
NUM_UNIQUE_CORPUS_TOKENS 10000 
NUM_DOC_TOKENS 4000 
NUM_UNIQUE_DOC_TOKENS 756 
NUM_CORPUS_DOCS 19000 
TERMS_PER_QUERY 2 
TOKENS_PER_TERM 1 
NUM_TEST_QUERIES 8 
MAX_LOAD_FACTOR .01 
MIN_LOAD_FACTOR .001 
MIN_BLOCK_SIZE 2000 
MAX_BLOCK_SIZE 4000 
MIN_BINOMIAL .075 
MAX_BINOMIAL .2 
FP_RATE 0.001 
LOCATION_UNCERTAINTY 250 
SECRETS secret 
TYPES bsib psib psip 
RECALL_PRECISION 0 
MINDIST 1 
BM25 1 
BSIB_PSIB_TRIALS 10 
OBFUSCATIONS 0 
JUNK_FRACTION 0 
FREQ_ERROR 0 
TOP_K 19000 
 
