label 
corpus_size 752785
false_positive_rate 0.001
location_uncertainty 25
junk_fraction 0
freq_error 0
stemming 0
stop_words 0
secrets 1
	secret
canonical
	 index_size	571241
	 build_time	3869
	    indexed	1000
	       path	small\1000_100_25_5_1_0_0.001\1\corpus_indexed\canonical
	  load_time	369
psib
	 index_size	382537
	 build_time	5698
	    indexed	1000
	       path	small\1000_100_25_5_1_0_0.001\1\corpus_indexed\psib
	  load_time	308
psip
	 index_size	638102
	 build_time	7997
	    indexed	1000
	       path	small\1000_100_25_5_1_0_0.001\1\corpus_indexed\psip
	  load_time	357
bsib
	 index_size	643763
	 build_time	7176
	    indexed	1000
	       path	small\1000_100_25_5_1_0_0.001\1\corpus_indexed\bsib
	  load_time	354
psim
	 index_size	1409916
	 build_time	16315
	    indexed	1000
	       path	small\1000_100_25_5_1_0_0.001\1\corpus_indexed\psim
	  load_time	309
