label 
corpus_size 35874330
false_positive_rate 0.001
location_uncertainty 110
junk_fraction 0
freq_error 0
stemming 0
stop_words 0
secrets 1
	secret
canonical
	 index_size	19682996
	 build_time	5966
	    indexed	1000
	       path	\1000_4000_110_3_1_0_0.001\1\corpus_indexed\canonical
	  load_time	1949
bsib
	 index_size	21927399
	 build_time	41383
	    indexed	1000
	       path	\1000_4000_110_3_1_0_0.001\1\corpus_indexed\bsib
	  load_time	1847
psib
	 index_size	18458512
	 build_time	24283
	    indexed	1000
	       path	\1000_4000_110_3_1_0_0.001\1\corpus_indexed\psib
	  load_time	260
psip
	 index_size	23374721
	 build_time	26266
	    indexed	1000
	       path	\1000_4000_110_3_1_0_0.001\1\corpus_indexed\psip
	  load_time	2079
