label 
corpus_size 33652567
false_positive_rate 0.001
location_uncertainty 10
junk_fraction 0
freq_error 0
stemming 0
stop_words 0
secrets 1
	secret
canonical
	 index_size	19609254
	 build_time	6029
	    indexed	1000
	       path	\1000_4000_10_3_1_0_0.001\1\corpus_indexed\canonical
	  load_time	1945
bsib
	 index_size	64282598
	 build_time	69034
	    indexed	1000
	       path	\1000_4000_10_3_1_0_0.001\1\corpus_indexed\bsib
	  load_time	3707
psib
	 index_size	154017146
	 build_time	26965
	    indexed	1000
	       path	\1000_4000_10_3_1_0_0.001\1\corpus_indexed\psib
	  load_time	488
psip
	 index_size	23374614
	 build_time	27178
	    indexed	1000
	       path	\1000_4000_10_3_1_0_0.001\1\corpus_indexed\psip
	  load_time	2159
