label 
corpus_size 60009726
false_positive_rate 0.001
location_uncertainty 256
junk_fraction 0
freq_error 0
stemming 0
stop_words 0
secrets 1
	secret
canonical
	 index_size	39465588
	 build_time	7712
	    indexed	99
	       path	set1\100_67600_256_2_1_0_0.001\3\corpus_indexed\canonical
	  load_time	3450
bsib
	 index_size	41922443
	 build_time	65676
	    indexed	100
	       path	set1\100_67600_256_2_1_0_0.001\3\corpus_indexed\bsib
	  load_time	3308
psib
	 index_size	141563356
	 build_time	34811
	    indexed	100
	       path	set1\100_67600_256_2_1_0_0.001\3\corpus_indexed\psib
	  load_time	244
psip
	 index_size	47527666
	 build_time	37618
	    indexed	100
	       path	set1\100_67600_256_2_1_0_0.001\3\corpus_indexed\psip
	  load_time	3847
