label 
corpus_size 34472395
false_positive_rate 0.001
location_uncertainty 500
junk_fraction 0
freq_error 0
stemming 0
stop_words 0
secrets 1
	secret
canonical
	 index_size	19602390
	 build_time	5911
	    indexed	1000
	       path	\1000_4000_500_3_1_0_0.001\1\corpus_indexed\canonical
	  load_time	1900
bsib
	 index_size	13537956
	 build_time	32924
	    indexed	1000
	       path	\1000_4000_500_3_1_0_0.001\1\corpus_indexed\bsib
	  load_time	1287
psib
	 index_size	7628294
	 build_time	23192
	    indexed	1000
	       path	\1000_4000_500_3_1_0_0.001\1\corpus_indexed\psib
	  load_time	257
psip
	 index_size	23425125
	 build_time	26666
	    indexed	1000
	       path	\1000_4000_500_3_1_0_0.001\1\corpus_indexed\psip
	  load_time	2057
