label 
corpus_size 3174223
false_positive_rate 0.001
location_uncertainty 256
junk_fraction 0
freq_error 0
stemming 0
stop_words 0
secrets 1
	secret
canonical
	 index_size	1967107
	 build_time	550
	    indexed	100
	       path	\100_4000_256_2_1_0_0.001\1\corpus_indexed\canonical
	  load_time	195
bsib
	 index_size	1686266
	 build_time	3657
	    indexed	100
	       path	\100_4000_256_2_1_0_0.001\1\corpus_indexed\bsib
	  load_time	151
psib
	 index_size	1065336
	 build_time	2403
	    indexed	100
	       path	\100_4000_256_2_1_0_0.001\1\corpus_indexed\psib
	  load_time	26
psip
	 index_size	2340714
	 build_time	2704
	    indexed	100
	       path	\100_4000_256_2_1_0_0.001\1\corpus_indexed\psip
	  load_time	207
