label 
corpus_size 8299894
false_positive_rate 0.001
location_uncertainty 256
junk_fraction 0
freq_error 0
stemming 0
stop_words 0
secrets 1
	secret
canonical
	 index_size	5596470
	 build_time	1195
	    indexed	100
	       path	\100_12000_256_2_1_0_0.001\1\corpus_indexed\canonical
	  load_time	508
bsib
	 index_size	5955873
	 build_time	10677
	    indexed	100
	       path	\100_12000_256_2_1_0_0.001\1\corpus_indexed\bsib
	  load_time	482
psib
	 index_size	6044253
	 build_time	6169
	    indexed	100
	       path	\100_12000_256_2_1_0_0.001\1\corpus_indexed\psib
	  load_time	35
psip
	 index_size	6838465
	 build_time	6861
	    indexed	100
	       path	\100_12000_256_2_1_0_0.001\1\corpus_indexed\psip
	  load_time	558
