label 
corpus_size 718530
false_positive_rate 0.001
location_uncertainty 25
junk_fraction 0
freq_error 0
stemming 0
stop_words 0
secrets 1
	secret
canonical
	 index_size	560296
	 build_time	3744
	    indexed	1000
	       path	small\1000_100_25_4_1_0_0.001\14\corpus_indexed\canonical
	  load_time	390
psib
	 index_size	379254
	 build_time	5674
	    indexed	999
	       path	small\1000_100_25_4_1_0_0.001\14\corpus_indexed\psib
	  load_time	313
psip
	 index_size	634239
	 build_time	8526
	    indexed	1000
	       path	small\1000_100_25_4_1_0_0.001\14\corpus_indexed\psip
	  load_time	362
bsib
	 index_size	642050
	 build_time	6940
	    indexed	999
	       path	small\1000_100_25_4_1_0_0.001\14\corpus_indexed\bsib
	  load_time	353
psim
	 index_size	1339502
	 build_time	14590
	    indexed	1000
	       path	small\1000_100_25_4_1_0_0.001\14\corpus_indexed\psim
	  load_time	308
