label 
corpus_size 773721
false_positive_rate 0.001
location_uncertainty 25
junk_fraction 0
freq_error 0
stemming 0
stop_words 0
secrets 1
	secret
canonical
	 index_size	544028
	 build_time	3583
	    indexed	1000
	       path	small\1000_100_25_2_1_0_0.001\1\corpus_indexed\canonical
	  load_time	383
psib
	 index_size	372895
	 build_time	5522
	    indexed	1000
	       path	small\1000_100_25_2_1_0_0.001\1\corpus_indexed\psib
	  load_time	314
psip
	 index_size	625948
	 build_time	9184
	    indexed	1000
	       path	small\1000_100_25_2_1_0_0.001\1\corpus_indexed\psip
	  load_time	358
bsib
	 index_size	638353
	 build_time	8285
	    indexed	1000
	       path	small\1000_100_25_2_1_0_0.001\1\corpus_indexed\bsib
	  load_time	350
psim
	 index_size	1230550
	 build_time	13203
	    indexed	1000
	       path	small\1000_100_25_2_1_0_0.001\1\corpus_indexed\psim
	  load_time	308
