label 
corpus_size 669959
false_positive_rate 0.001
location_uncertainty 25
junk_fraction 0
freq_error 0
stemming 0
stop_words 0
secrets 1
	secret
canonical
	 index_size	550676
	 build_time	3670
	    indexed	1000
	       path	small\1000_100_25_3_1_0_0.001\15\corpus_indexed\canonical
	  load_time	365
psib
	 index_size	377832
	 build_time	5473
	    indexed	1000
	       path	small\1000_100_25_3_1_0_0.001\15\corpus_indexed\psib
	  load_time	311
psip
	 index_size	631192
	 build_time	7692
	    indexed	999
	       path	small\1000_100_25_3_1_0_0.001\15\corpus_indexed\psip
	  load_time	358
bsib
	 index_size	641106
	 build_time	8359
	    indexed	999
	       path	small\1000_100_25_3_1_0_0.001\15\corpus_indexed\bsib
	  load_time	343
psim
	 index_size	1292758
	 build_time	13987
	    indexed	1000
	       path	small\1000_100_25_3_1_0_0.001\15\corpus_indexed\psim
	  load_time	332
