label 
corpus_size 32876503
false_positive_rate 0.001
location_uncertainty 256
junk_fraction 0.5
freq_error 0
stemming 0
stop_words 0
secrets 1
	secret
canonical
	 index_size	22804182
	 build_time	6620
	    indexed	1000
	       path	junk5\1000_4000_256_1_1_0_0.001\3\corpus_indexed\canonical
	  load_time	2317
bsib
	 index_size	29144675
	 build_time	55197
	    indexed	1000
	       path	junk5\1000_4000_256_1_1_0_0.001\3\corpus_indexed\bsib
	  load_time	2613
psif
	 index_size	17371599
	 build_time	35050
	    indexed	1000
	       path	junk5\1000_4000_256_1_1_0_0.001\3\corpus_indexed\psif
	  load_time	266
psip
	 index_size	53306540
	 build_time	40584
	    indexed	1000
	       path	junk5\1000_4000_256_1_1_0_0.001\3\corpus_indexed\psip
	  load_time	4615
psib
	 index_size	31592106
	 build_time	35246
	    indexed	1000
	       path	junk5\1000_4000_256_1_1_0_0.001\3\corpus_indexed\psib
	  load_time	303
