ID \1000_4000_5_3_1_0_0.001\1 
NUM_UNIQUE_CORPUS_TOKENS 10000 
NUM_DOC_TOKENS 4000 
NUM_UNIQUE_DOC_TOKENS 756 
NUM_CORPUS_DOCS 1000 
TERMS_PER_QUERY 3 
TOKENS_PER_TERM 1 
NUM_TEST_QUERIES 30 
MAX_LOAD_FACTOR .01 
MIN_LOAD_FACTOR .001 
MIN_BLOCK_SIZE 2000 
MAX_BLOCK_SIZE 4000 
MIN_BINOMIAL .075 
MAX_BINOMIAL .2 
FP_RATE 0.001 
LOCATION_UNCERTAINTY 5 
SECRETS secret 
TYPES bsib psib psip 
RECALL_PRECISION 1 
MINDIST 1 
BM25 1 
BSIB_PSIB_TRIALS 10 
OBFUSCATIONS 0 
JUNK_FRACTION 0 
FREQ_ERROR 0 
TOP_K 10 
 
ID \1000_4000_10_3_1_0_0.001\1 
NUM_UNIQUE_CORPUS_TOKENS 10000 
NUM_DOC_TOKENS 4000 
NUM_UNIQUE_DOC_TOKENS 756 
NUM_CORPUS_DOCS 1000 
TERMS_PER_QUERY 3 
TOKENS_PER_TERM 1 
NUM_TEST_QUERIES 30 
MAX_LOAD_FACTOR .01 
MIN_LOAD_FACTOR .001 
MIN_BLOCK_SIZE 2000 
MAX_BLOCK_SIZE 4000 
MIN_BINOMIAL .075 
MAX_BINOMIAL .2 
FP_RATE 0.001 
LOCATION_UNCERTAINTY 10 
SECRETS secret 
TYPES bsib psib psip 
RECALL_PRECISION 1 
MINDIST 1 
BM25 1 
BSIB_PSIB_TRIALS 10 
OBFUSCATIONS 0 
JUNK_FRACTION 0 
FREQ_ERROR 0 
TOP_K 10 
 
ID \1000_4000_15_3_1_0_0.001\1 
NUM_UNIQUE_CORPUS_TOKENS 10000 
NUM_DOC_TOKENS 4000 
NUM_UNIQUE_DOC_TOKENS 756 
NUM_CORPUS_DOCS 1000 
TERMS_PER_QUERY 3 
TOKENS_PER_TERM 1 
NUM_TEST_QUERIES 30 
MAX_LOAD_FACTOR .01 
MIN_LOAD_FACTOR .001 
MIN_BLOCK_SIZE 2000 
MAX_BLOCK_SIZE 4000 
MIN_BINOMIAL .075 
MAX_BINOMIAL .2 
FP_RATE 0.001 
LOCATION_UNCERTAINTY 15 
SECRETS secret 
TYPES bsib psib psip 
RECALL_PRECISION 1 
MINDIST 1 
BM25 1 
BSIB_PSIB_TRIALS 10 
OBFUSCATIONS 0 
JUNK_FRACTION 0 
FREQ_ERROR 0 
TOP_K 10 
 
ID \1000_4000_20_3_1_0_0.001\1 
NUM_UNIQUE_CORPUS_TOKENS 10000 
NUM_DOC_TOKENS 4000 
NUM_UNIQUE_DOC_TOKENS 756 
NUM_CORPUS_DOCS 1000 
TERMS_PER_QUERY 3 
TOKENS_PER_TERM 1 
NUM_TEST_QUERIES 30 
MAX_LOAD_FACTOR .01 
MIN_LOAD_FACTOR .001 
MIN_BLOCK_SIZE 2000 
MAX_BLOCK_SIZE 4000 
MIN_BINOMIAL .075 
MAX_BINOMIAL .2 
FP_RATE 0.001 
LOCATION_UNCERTAINTY 20 
SECRETS secret 
TYPES bsib psib psip 
RECALL_PRECISION 1 
MINDIST 1 
BM25 1 
BSIB_PSIB_TRIALS 10 
OBFUSCATIONS 0 
JUNK_FRACTION 0 
FREQ_ERROR 0 
TOP_K 10 
 
ID \1000_4000_25_3_1_0_0.001\1 
NUM_UNIQUE_CORPUS_TOKENS 10000 
NUM_DOC_TOKENS 4000 
NUM_UNIQUE_DOC_TOKENS 756 
NUM_CORPUS_DOCS 1000 
TERMS_PER_QUERY 3 
TOKENS_PER_TERM 1 
NUM_TEST_QUERIES 30 
MAX_LOAD_FACTOR .01 
MIN_LOAD_FACTOR .001 
MIN_BLOCK_SIZE 2000 
MAX_BLOCK_SIZE 4000 
MIN_BINOMIAL .075 
MAX_BINOMIAL .2 
FP_RATE 0.001 
LOCATION_UNCERTAINTY 25 
SECRETS secret 
TYPES bsib psib psip 
RECALL_PRECISION 1 
MINDIST 1 
BM25 1 
BSIB_PSIB_TRIALS 10 
OBFUSCATIONS 0 
JUNK_FRACTION 0 
FREQ_ERROR 0 
TOP_K 10 
 
ID \1000_4000_30_3_1_0_0.001\1 
NUM_UNIQUE_CORPUS_TOKENS 10000 
NUM_DOC_TOKENS 4000 
NUM_UNIQUE_DOC_TOKENS 756 
NUM_CORPUS_DOCS 1000 
TERMS_PER_QUERY 3 
TOKENS_PER_TERM 1 
NUM_TEST_QUERIES 30 
MAX_LOAD_FACTOR .01 
MIN_LOAD_FACTOR .001 
MIN_BLOCK_SIZE 2000 
MAX_BLOCK_SIZE 4000 
MIN_BINOMIAL .075 
MAX_BINOMIAL .2 
FP_RATE 0.001 
LOCATION_UNCERTAINTY 30 
SECRETS secret 
TYPES bsib psib psip 
RECALL_PRECISION 1 
MINDIST 1 
BM25 1 
BSIB_PSIB_TRIALS 10 
OBFUSCATIONS 0 
JUNK_FRACTION 0 
FREQ_ERROR 0 
TOP_K 10 
 
ID \1000_4000_35_3_1_0_0.001\1 
NUM_UNIQUE_CORPUS_TOKENS 10000 
NUM_DOC_TOKENS 4000 
NUM_UNIQUE_DOC_TOKENS 756 
NUM_CORPUS_DOCS 1000 
TERMS_PER_QUERY 3 
TOKENS_PER_TERM 1 
NUM_TEST_QUERIES 30 
MAX_LOAD_FACTOR .01 
MIN_LOAD_FACTOR .001 
MIN_BLOCK_SIZE 2000 
MAX_BLOCK_SIZE 4000 
MIN_BINOMIAL .075 
MAX_BINOMIAL .2 
FP_RATE 0.001 
LOCATION_UNCERTAINTY 35 
SECRETS secret 
TYPES bsib psib psip 
RECALL_PRECISION 1 
MINDIST 1 
BM25 1 
BSIB_PSIB_TRIALS 10 
OBFUSCATIONS 0 
JUNK_FRACTION 0 
FREQ_ERROR 0 
TOP_K 10 
 
ID \1000_4000_40_3_1_0_0.001\1 
NUM_UNIQUE_CORPUS_TOKENS 10000 
NUM_DOC_TOKENS 4000 
NUM_UNIQUE_DOC_TOKENS 756 
NUM_CORPUS_DOCS 1000 
TERMS_PER_QUERY 3 
TOKENS_PER_TERM 1 
NUM_TEST_QUERIES 30 
MAX_LOAD_FACTOR .01 
MIN_LOAD_FACTOR .001 
MIN_BLOCK_SIZE 2000 
MAX_BLOCK_SIZE 4000 
MIN_BINOMIAL .075 
MAX_BINOMIAL .2 
FP_RATE 0.001 
LOCATION_UNCERTAINTY 40 
SECRETS secret 
TYPES bsib psib psip 
RECALL_PRECISION 1 
MINDIST 1 
BM25 1 
BSIB_PSIB_TRIALS 10 
OBFUSCATIONS 0 
JUNK_FRACTION 0 
FREQ_ERROR 0 
TOP_K 10 
 
ID \1000_4000_45_3_1_0_0.001\1 
NUM_UNIQUE_CORPUS_TOKENS 10000 
NUM_DOC_TOKENS 4000 
NUM_UNIQUE_DOC_TOKENS 756 
NUM_CORPUS_DOCS 1000 
TERMS_PER_QUERY 3 
TOKENS_PER_TERM 1 
NUM_TEST_QUERIES 30 
MAX_LOAD_FACTOR .01 
MIN_LOAD_FACTOR .001 
MIN_BLOCK_SIZE 2000 
MAX_BLOCK_SIZE 4000 
MIN_BINOMIAL .075 
MAX_BINOMIAL .2 
FP_RATE 0.001 
LOCATION_UNCERTAINTY 45 
SECRETS secret 
TYPES bsib psib psip 
RECALL_PRECISION 1 
MINDIST 1 
BM25 1 
BSIB_PSIB_TRIALS 10 
OBFUSCATIONS 0 
JUNK_FRACTION 0 
FREQ_ERROR 0 
TOP_K 10 
 
ID \1000_4000_50_3_1_0_0.001\1 
NUM_UNIQUE_CORPUS_TOKENS 10000 
NUM_DOC_TOKENS 4000 
NUM_UNIQUE_DOC_TOKENS 756 
NUM_CORPUS_DOCS 1000 
TERMS_PER_QUERY 3 
TOKENS_PER_TERM 1 
NUM_TEST_QUERIES 30 
MAX_LOAD_FACTOR .01 
MIN_LOAD_FACTOR .001 
MIN_BLOCK_SIZE 2000 
MAX_BLOCK_SIZE 4000 
MIN_BINOMIAL .075 
MAX_BINOMIAL .2 
FP_RATE 0.001 
LOCATION_UNCERTAINTY 50 
SECRETS secret 
TYPES bsib psib psip 
RECALL_PRECISION 1 
MINDIST 1 
BM25 1 
BSIB_PSIB_TRIALS 10 
OBFUSCATIONS 0 
JUNK_FRACTION 0 
FREQ_ERROR 0 
TOP_K 10 
 
ID \1000_4000_55_3_1_0_0.001\1 
NUM_UNIQUE_CORPUS_TOKENS 10000 
NUM_DOC_TOKENS 4000 
NUM_UNIQUE_DOC_TOKENS 756 
NUM_CORPUS_DOCS 1000 
TERMS_PER_QUERY 3 
TOKENS_PER_TERM 1 
NUM_TEST_QUERIES 30 
MAX_LOAD_FACTOR .01 
MIN_LOAD_FACTOR .001 
MIN_BLOCK_SIZE 2000 
MAX_BLOCK_SIZE 4000 
MIN_BINOMIAL .075 
MAX_BINOMIAL .2 
FP_RATE 0.001 
LOCATION_UNCERTAINTY 55 
SECRETS secret 
TYPES bsib psib psip 
RECALL_PRECISION 1 
MINDIST 1 
BM25 1 
BSIB_PSIB_TRIALS 10 
OBFUSCATIONS 0 
JUNK_FRACTION 0 
FREQ_ERROR 0 
TOP_K 10 
 
ID \1000_4000_60_3_1_0_0.001\1 
NUM_UNIQUE_CORPUS_TOKENS 10000 
NUM_DOC_TOKENS 4000 
NUM_UNIQUE_DOC_TOKENS 756 
NUM_CORPUS_DOCS 1000 
TERMS_PER_QUERY 3 
TOKENS_PER_TERM 1 
NUM_TEST_QUERIES 30 
MAX_LOAD_FACTOR .01 
MIN_LOAD_FACTOR .001 
MIN_BLOCK_SIZE 2000 
MAX_BLOCK_SIZE 4000 
MIN_BINOMIAL .075 
MAX_BINOMIAL .2 
FP_RATE 0.001 
LOCATION_UNCERTAINTY 60 
SECRETS secret 
TYPES bsib psib psip 
RECALL_PRECISION 1 
MINDIST 1 
BM25 1 
BSIB_PSIB_TRIALS 10 
OBFUSCATIONS 0 
JUNK_FRACTION 0 
FREQ_ERROR 0 
TOP_K 10 
 
ID \1000_4000_65_3_1_0_0.001\1 
NUM_UNIQUE_CORPUS_TOKENS 10000 
NUM_DOC_TOKENS 4000 
NUM_UNIQUE_DOC_TOKENS 756 
NUM_CORPUS_DOCS 1000 
TERMS_PER_QUERY 3 
TOKENS_PER_TERM 1 
NUM_TEST_QUERIES 30 
MAX_LOAD_FACTOR .01 
MIN_LOAD_FACTOR .001 
MIN_BLOCK_SIZE 2000 
MAX_BLOCK_SIZE 4000 
MIN_BINOMIAL .075 
MAX_BINOMIAL .2 
FP_RATE 0.001 
LOCATION_UNCERTAINTY 65 
SECRETS secret 
TYPES bsib psib psip 
RECALL_PRECISION 1 
MINDIST 1 
BM25 1 
BSIB_PSIB_TRIALS 10 
OBFUSCATIONS 0 
JUNK_FRACTION 0 
FREQ_ERROR 0 
TOP_K 10 
 
ID \1000_4000_70_3_1_0_0.001\1 
NUM_UNIQUE_CORPUS_TOKENS 10000 
NUM_DOC_TOKENS 4000 
NUM_UNIQUE_DOC_TOKENS 756 
NUM_CORPUS_DOCS 1000 
TERMS_PER_QUERY 3 
TOKENS_PER_TERM 1 
NUM_TEST_QUERIES 30 
MAX_LOAD_FACTOR .01 
MIN_LOAD_FACTOR .001 
MIN_BLOCK_SIZE 2000 
MAX_BLOCK_SIZE 4000 
MIN_BINOMIAL .075 
MAX_BINOMIAL .2 
FP_RATE 0.001 
LOCATION_UNCERTAINTY 70 
SECRETS secret 
TYPES bsib psib psip 
RECALL_PRECISION 1 
MINDIST 1 
BM25 1 
BSIB_PSIB_TRIALS 10 
OBFUSCATIONS 0 
JUNK_FRACTION 0 
FREQ_ERROR 0 
TOP_K 10 
 
ID \1000_4000_75_3_1_0_0.001\1 
NUM_UNIQUE_CORPUS_TOKENS 10000 
NUM_DOC_TOKENS 4000 
NUM_UNIQUE_DOC_TOKENS 756 
NUM_CORPUS_DOCS 1000 
TERMS_PER_QUERY 3 
TOKENS_PER_TERM 1 
NUM_TEST_QUERIES 30 
MAX_LOAD_FACTOR .01 
MIN_LOAD_FACTOR .001 
MIN_BLOCK_SIZE 2000 
MAX_BLOCK_SIZE 4000 
MIN_BINOMIAL .075 
MAX_BINOMIAL .2 
FP_RATE 0.001 
LOCATION_UNCERTAINTY 75 
SECRETS secret 
TYPES bsib psib psip 
RECALL_PRECISION 1 
MINDIST 1 
BM25 1 
BSIB_PSIB_TRIALS 10 
OBFUSCATIONS 0 
JUNK_FRACTION 0 
FREQ_ERROR 0 
TOP_K 10 
 
ID \1000_4000_80_3_1_0_0.001\1 
NUM_UNIQUE_CORPUS_TOKENS 10000 
NUM_DOC_TOKENS 4000 
NUM_UNIQUE_DOC_TOKENS 756 
NUM_CORPUS_DOCS 1000 
TERMS_PER_QUERY 3 
TOKENS_PER_TERM 1 
NUM_TEST_QUERIES 30 
MAX_LOAD_FACTOR .01 
MIN_LOAD_FACTOR .001 
MIN_BLOCK_SIZE 2000 
MAX_BLOCK_SIZE 4000 
MIN_BINOMIAL .075 
MAX_BINOMIAL .2 
FP_RATE 0.001 
LOCATION_UNCERTAINTY 80 
SECRETS secret 
TYPES bsib psib psip 
RECALL_PRECISION 1 
MINDIST 1 
BM25 1 
BSIB_PSIB_TRIALS 10 
OBFUSCATIONS 0 
JUNK_FRACTION 0 
FREQ_ERROR 0 
TOP_K 10 
 
ID \1000_4000_85_3_1_0_0.001\1 
NUM_UNIQUE_CORPUS_TOKENS 10000 
NUM_DOC_TOKENS 4000 
NUM_UNIQUE_DOC_TOKENS 756 
NUM_CORPUS_DOCS 1000 
TERMS_PER_QUERY 3 
TOKENS_PER_TERM 1 
NUM_TEST_QUERIES 30 
MAX_LOAD_FACTOR .01 
MIN_LOAD_FACTOR .001 
MIN_BLOCK_SIZE 2000 
MAX_BLOCK_SIZE 4000 
MIN_BINOMIAL .075 
MAX_BINOMIAL .2 
FP_RATE 0.001 
LOCATION_UNCERTAINTY 85 
SECRETS secret 
TYPES bsib psib psip 
RECALL_PRECISION 1 
MINDIST 1 
BM25 1 
BSIB_PSIB_TRIALS 10 
OBFUSCATIONS 0 
JUNK_FRACTION 0 
FREQ_ERROR 0 
TOP_K 10 
 
ID \1000_4000_90_3_1_0_0.001\1 
NUM_UNIQUE_CORPUS_TOKENS 10000 
NUM_DOC_TOKENS 4000 
NUM_UNIQUE_DOC_TOKENS 756 
NUM_CORPUS_DOCS 1000 
TERMS_PER_QUERY 3 
TOKENS_PER_TERM 1 
NUM_TEST_QUERIES 30 
MAX_LOAD_FACTOR .01 
MIN_LOAD_FACTOR .001 
MIN_BLOCK_SIZE 2000 
MAX_BLOCK_SIZE 4000 
MIN_BINOMIAL .075 
MAX_BINOMIAL .2 
FP_RATE 0.001 
LOCATION_UNCERTAINTY 90 
SECRETS secret 
TYPES bsib psib psip 
RECALL_PRECISION 1 
MINDIST 1 
BM25 1 
BSIB_PSIB_TRIALS 10 
OBFUSCATIONS 0 
JUNK_FRACTION 0 
FREQ_ERROR 0 
TOP_K 10 
 
ID \1000_4000_95_3_1_0_0.001\1 
NUM_UNIQUE_CORPUS_TOKENS 10000 
NUM_DOC_TOKENS 4000 
NUM_UNIQUE_DOC_TOKENS 756 
NUM_CORPUS_DOCS 1000 
TERMS_PER_QUERY 3 
TOKENS_PER_TERM 1 
NUM_TEST_QUERIES 30 
MAX_LOAD_FACTOR .01 
MIN_LOAD_FACTOR .001 
MIN_BLOCK_SIZE 2000 
MAX_BLOCK_SIZE 4000 
MIN_BINOMIAL .075 
MAX_BINOMIAL .2 
FP_RATE 0.001 
LOCATION_UNCERTAINTY 95 
SECRETS secret 
TYPES bsib psib psip 
RECALL_PRECISION 1 
MINDIST 1 
BM25 1 
BSIB_PSIB_TRIALS 10 
OBFUSCATIONS 0 
JUNK_FRACTION 0 
FREQ_ERROR 0 
TOP_K 10 
 
ID \1000_4000_100_3_1_0_0.001\1 
NUM_UNIQUE_CORPUS_TOKENS 10000 
NUM_DOC_TOKENS 4000 
NUM_UNIQUE_DOC_TOKENS 756 
NUM_CORPUS_DOCS 1000 
TERMS_PER_QUERY 3 
TOKENS_PER_TERM 1 
NUM_TEST_QUERIES 30 
MAX_LOAD_FACTOR .01 
MIN_LOAD_FACTOR .001 
MIN_BLOCK_SIZE 2000 
MAX_BLOCK_SIZE 4000 
MIN_BINOMIAL .075 
MAX_BINOMIAL .2 
FP_RATE 0.001 
LOCATION_UNCERTAINTY 100 
SECRETS secret 
TYPES bsib psib psip 
RECALL_PRECISION 1 
MINDIST 1 
BM25 1 
BSIB_PSIB_TRIALS 10 
OBFUSCATIONS 0 
JUNK_FRACTION 0 
FREQ_ERROR 0 
TOP_K 10 
 
ID \1000_4000_105_3_1_0_0.001\1 
NUM_UNIQUE_CORPUS_TOKENS 10000 
NUM_DOC_TOKENS 4000 
NUM_UNIQUE_DOC_TOKENS 756 
NUM_CORPUS_DOCS 1000 
TERMS_PER_QUERY 3 
TOKENS_PER_TERM 1 
NUM_TEST_QUERIES 30 
MAX_LOAD_FACTOR .01 
MIN_LOAD_FACTOR .001 
MIN_BLOCK_SIZE 2000 
MAX_BLOCK_SIZE 4000 
MIN_BINOMIAL .075 
MAX_BINOMIAL .2 
FP_RATE 0.001 
LOCATION_UNCERTAINTY 105 
SECRETS secret 
TYPES bsib psib psip 
RECALL_PRECISION 1 
MINDIST 1 
BM25 1 
BSIB_PSIB_TRIALS 10 
OBFUSCATIONS 0 
JUNK_FRACTION 0 
FREQ_ERROR 0 
TOP_K 10 
 
ID \1000_4000_110_3_1_0_0.001\1 
NUM_UNIQUE_CORPUS_TOKENS 10000 
NUM_DOC_TOKENS 4000 
NUM_UNIQUE_DOC_TOKENS 756 
NUM_CORPUS_DOCS 1000 
TERMS_PER_QUERY 3 
TOKENS_PER_TERM 1 
NUM_TEST_QUERIES 30 
MAX_LOAD_FACTOR .01 
MIN_LOAD_FACTOR .001 
MIN_BLOCK_SIZE 2000 
MAX_BLOCK_SIZE 4000 
MIN_BINOMIAL .075 
MAX_BINOMIAL .2 
FP_RATE 0.001 
LOCATION_UNCERTAINTY 110 
SECRETS secret 
TYPES bsib psib psip 
RECALL_PRECISION 1 
MINDIST 1 
BM25 1 
BSIB_PSIB_TRIALS 10 
OBFUSCATIONS 0 
JUNK_FRACTION 0 
FREQ_ERROR 0 
TOP_K 10 
 
ID \1000_4000_115_3_1_0_0.001\1 
NUM_UNIQUE_CORPUS_TOKENS 10000 
NUM_DOC_TOKENS 4000 
NUM_UNIQUE_DOC_TOKENS 756 
NUM_CORPUS_DOCS 1000 
TERMS_PER_QUERY 3 
TOKENS_PER_TERM 1 
NUM_TEST_QUERIES 30 
MAX_LOAD_FACTOR .01 
MIN_LOAD_FACTOR .001 
MIN_BLOCK_SIZE 2000 
MAX_BLOCK_SIZE 4000 
MIN_BINOMIAL .075 
MAX_BINOMIAL .2 
FP_RATE 0.001 
LOCATION_UNCERTAINTY 115 
SECRETS secret 
TYPES bsib psib psip 
RECALL_PRECISION 1 
MINDIST 1 
BM25 1 
BSIB_PSIB_TRIALS 10 
OBFUSCATIONS 0 
JUNK_FRACTION 0 
FREQ_ERROR 0 
TOP_K 10 
 
ID \1000_4000_120_3_1_0_0.001\1 
NUM_UNIQUE_CORPUS_TOKENS 10000 
NUM_DOC_TOKENS 4000 
NUM_UNIQUE_DOC_TOKENS 756 
NUM_CORPUS_DOCS 1000 
TERMS_PER_QUERY 3 
TOKENS_PER_TERM 1 
NUM_TEST_QUERIES 30 
MAX_LOAD_FACTOR .01 
MIN_LOAD_FACTOR .001 
MIN_BLOCK_SIZE 2000 
MAX_BLOCK_SIZE 4000 
MIN_BINOMIAL .075 
MAX_BINOMIAL .2 
FP_RATE 0.001 
LOCATION_UNCERTAINTY 120 
SECRETS secret 
TYPES bsib psib psip 
RECALL_PRECISION 1 
MINDIST 1 
BM25 1 
BSIB_PSIB_TRIALS 10 
OBFUSCATIONS 0 
JUNK_FRACTION 0 
FREQ_ERROR 0 
TOP_K 10 
 
ID \1000_4000_125_3_1_0_0.001\1 
NUM_UNIQUE_CORPUS_TOKENS 10000 
NUM_DOC_TOKENS 4000 
NUM_UNIQUE_DOC_TOKENS 756 
NUM_CORPUS_DOCS 1000 
TERMS_PER_QUERY 3 
TOKENS_PER_TERM 1 
NUM_TEST_QUERIES 30 
MAX_LOAD_FACTOR .01 
MIN_LOAD_FACTOR .001 
MIN_BLOCK_SIZE 2000 
MAX_BLOCK_SIZE 4000 
MIN_BINOMIAL .075 
MAX_BINOMIAL .2 
FP_RATE 0.001 
LOCATION_UNCERTAINTY 125 
SECRETS secret 
TYPES bsib psib psip 
RECALL_PRECISION 1 
MINDIST 1 
BM25 1 
BSIB_PSIB_TRIALS 10 
OBFUSCATIONS 0 
JUNK_FRACTION 0 
FREQ_ERROR 0 
TOP_K 10 
 
ID \1000_4000_130_3_1_0_0.001\1 
NUM_UNIQUE_CORPUS_TOKENS 10000 
NUM_DOC_TOKENS 4000 
NUM_UNIQUE_DOC_TOKENS 756 
NUM_CORPUS_DOCS 1000 
TERMS_PER_QUERY 3 
TOKENS_PER_TERM 1 
NUM_TEST_QUERIES 30 
MAX_LOAD_FACTOR .01 
MIN_LOAD_FACTOR .001 
MIN_BLOCK_SIZE 2000 
MAX_BLOCK_SIZE 4000 
MIN_BINOMIAL .075 
MAX_BINOMIAL .2 
FP_RATE 0.001 
LOCATION_UNCERTAINTY 130 
SECRETS secret 
TYPES bsib psib psip 
RECALL_PRECISION 1 
MINDIST 1 
BM25 1 
BSIB_PSIB_TRIALS 10 
OBFUSCATIONS 0 
JUNK_FRACTION 0 
FREQ_ERROR 0 
TOP_K 10 
 
ID \1000_4000_135_3_1_0_0.001\1 
NUM_UNIQUE_CORPUS_TOKENS 10000 
NUM_DOC_TOKENS 4000 
NUM_UNIQUE_DOC_TOKENS 756 
NUM_CORPUS_DOCS 1000 
TERMS_PER_QUERY 3 
TOKENS_PER_TERM 1 
NUM_TEST_QUERIES 30 
MAX_LOAD_FACTOR .01 
MIN_LOAD_FACTOR .001 
MIN_BLOCK_SIZE 2000 
MAX_BLOCK_SIZE 4000 
MIN_BINOMIAL .075 
MAX_BINOMIAL .2 
FP_RATE 0.001 
LOCATION_UNCERTAINTY 135 
SECRETS secret 
TYPES bsib psib psip 
RECALL_PRECISION 1 
MINDIST 1 
BM25 1 
BSIB_PSIB_TRIALS 10 
OBFUSCATIONS 0 
JUNK_FRACTION 0 
FREQ_ERROR 0 
TOP_K 10 
 
ID \1000_4000_140_3_1_0_0.001\1 
NUM_UNIQUE_CORPUS_TOKENS 10000 
NUM_DOC_TOKENS 4000 
NUM_UNIQUE_DOC_TOKENS 756 
NUM_CORPUS_DOCS 1000 
TERMS_PER_QUERY 3 
TOKENS_PER_TERM 1 
NUM_TEST_QUERIES 30 
MAX_LOAD_FACTOR .01 
MIN_LOAD_FACTOR .001 
MIN_BLOCK_SIZE 2000 
MAX_BLOCK_SIZE 4000 
MIN_BINOMIAL .075 
MAX_BINOMIAL .2 
FP_RATE 0.001 
LOCATION_UNCERTAINTY 140 
SECRETS secret 
TYPES bsib psib psip 
RECALL_PRECISION 1 
MINDIST 1 
BM25 1 
BSIB_PSIB_TRIALS 10 
OBFUSCATIONS 0 
JUNK_FRACTION 0 
FREQ_ERROR 0 
TOP_K 10 
 
ID \1000_4000_145_3_1_0_0.001\1 
NUM_UNIQUE_CORPUS_TOKENS 10000 
NUM_DOC_TOKENS 4000 
NUM_UNIQUE_DOC_TOKENS 756 
NUM_CORPUS_DOCS 1000 
TERMS_PER_QUERY 3 
TOKENS_PER_TERM 1 
NUM_TEST_QUERIES 30 
MAX_LOAD_FACTOR .01 
MIN_LOAD_FACTOR .001 
MIN_BLOCK_SIZE 2000 
MAX_BLOCK_SIZE 4000 
MIN_BINOMIAL .075 
MAX_BINOMIAL .2 
FP_RATE 0.001 
LOCATION_UNCERTAINTY 145 
SECRETS secret 
TYPES bsib psib psip 
RECALL_PRECISION 1 
MINDIST 1 
BM25 1 
BSIB_PSIB_TRIALS 10 
OBFUSCATIONS 0 
JUNK_FRACTION 0 
FREQ_ERROR 0 
TOP_K 10 
 
ID \1000_4000_150_3_1_0_0.001\1 
NUM_UNIQUE_CORPUS_TOKENS 10000 
NUM_DOC_TOKENS 4000 
NUM_UNIQUE_DOC_TOKENS 756 
NUM_CORPUS_DOCS 1000 
TERMS_PER_QUERY 3 
TOKENS_PER_TERM 1 
NUM_TEST_QUERIES 30 
MAX_LOAD_FACTOR .01 
MIN_LOAD_FACTOR .001 
MIN_BLOCK_SIZE 2000 
MAX_BLOCK_SIZE 4000 
MIN_BINOMIAL .075 
MAX_BINOMIAL .2 
FP_RATE 0.001 
LOCATION_UNCERTAINTY 150 
SECRETS secret 
TYPES bsib psib psip 
RECALL_PRECISION 1 
MINDIST 1 
BM25 1 
BSIB_PSIB_TRIALS 10 
OBFUSCATIONS 0 
JUNK_FRACTION 0 
FREQ_ERROR 0 
TOP_K 10 
 
ID \1000_4000_155_3_1_0_0.001\1 
NUM_UNIQUE_CORPUS_TOKENS 10000 
NUM_DOC_TOKENS 4000 
NUM_UNIQUE_DOC_TOKENS 756 
NUM_CORPUS_DOCS 1000 
TERMS_PER_QUERY 3 
TOKENS_PER_TERM 1 
NUM_TEST_QUERIES 30 
MAX_LOAD_FACTOR .01 
MIN_LOAD_FACTOR .001 
MIN_BLOCK_SIZE 2000 
MAX_BLOCK_SIZE 4000 
MIN_BINOMIAL .075 
MAX_BINOMIAL .2 
FP_RATE 0.001 
LOCATION_UNCERTAINTY 155 
SECRETS secret 
TYPES bsib psib psip 
RECALL_PRECISION 1 
MINDIST 1 
BM25 1 
BSIB_PSIB_TRIALS 10 
OBFUSCATIONS 0 
JUNK_FRACTION 0 
FREQ_ERROR 0 
TOP_K 10 
 
ID \1000_4000_160_3_1_0_0.001\1 
NUM_UNIQUE_CORPUS_TOKENS 10000 
NUM_DOC_TOKENS 4000 
NUM_UNIQUE_DOC_TOKENS 756 
NUM_CORPUS_DOCS 1000 
TERMS_PER_QUERY 3 
TOKENS_PER_TERM 1 
NUM_TEST_QUERIES 30 
MAX_LOAD_FACTOR .01 
MIN_LOAD_FACTOR .001 
MIN_BLOCK_SIZE 2000 
MAX_BLOCK_SIZE 4000 
MIN_BINOMIAL .075 
MAX_BINOMIAL .2 
FP_RATE 0.001 
LOCATION_UNCERTAINTY 160 
SECRETS secret 
TYPES bsib psib psip 
RECALL_PRECISION 1 
MINDIST 1 
BM25 1 
BSIB_PSIB_TRIALS 10 
OBFUSCATIONS 0 
JUNK_FRACTION 0 
FREQ_ERROR 0 
TOP_K 10 
 
ID \1000_4000_165_3_1_0_0.001\1 
NUM_UNIQUE_CORPUS_TOKENS 10000 
NUM_DOC_TOKENS 4000 
NUM_UNIQUE_DOC_TOKENS 756 
NUM_CORPUS_DOCS 1000 
TERMS_PER_QUERY 3 
TOKENS_PER_TERM 1 
NUM_TEST_QUERIES 30 
MAX_LOAD_FACTOR .01 
MIN_LOAD_FACTOR .001 
MIN_BLOCK_SIZE 2000 
MAX_BLOCK_SIZE 4000 
MIN_BINOMIAL .075 
MAX_BINOMIAL .2 
FP_RATE 0.001 
LOCATION_UNCERTAINTY 165 
SECRETS secret 
TYPES bsib psib psip 
RECALL_PRECISION 1 
MINDIST 1 
BM25 1 
BSIB_PSIB_TRIALS 10 
OBFUSCATIONS 0 
JUNK_FRACTION 0 
FREQ_ERROR 0 
TOP_K 10 
 
ID \1000_4000_175_3_1_0_0.001\1 
NUM_UNIQUE_CORPUS_TOKENS 10000 
NUM_DOC_TOKENS 4000 
NUM_UNIQUE_DOC_TOKENS 756 
NUM_CORPUS_DOCS 1000 
TERMS_PER_QUERY 3 
TOKENS_PER_TERM 1 
NUM_TEST_QUERIES 30 
MAX_LOAD_FACTOR .01 
MIN_LOAD_FACTOR .001 
MIN_BLOCK_SIZE 2000 
MAX_BLOCK_SIZE 4000 
MIN_BINOMIAL .075 
MAX_BINOMIAL .2 
FP_RATE 0.001 
LOCATION_UNCERTAINTY 175 
SECRETS secret 
TYPES bsib psib psip 
RECALL_PRECISION 1 
MINDIST 1 
BM25 1 
BSIB_PSIB_TRIALS 10 
OBFUSCATIONS 0 
JUNK_FRACTION 0 
FREQ_ERROR 0 
TOP_K 10 
 
ID \1000_4000_200_3_1_0_0.001\1 
NUM_UNIQUE_CORPUS_TOKENS 10000 
NUM_DOC_TOKENS 4000 
NUM_UNIQUE_DOC_TOKENS 756 
NUM_CORPUS_DOCS 1000 
TERMS_PER_QUERY 3 
TOKENS_PER_TERM 1 
NUM_TEST_QUERIES 30 
MAX_LOAD_FACTOR .01 
MIN_LOAD_FACTOR .001 
MIN_BLOCK_SIZE 2000 
MAX_BLOCK_SIZE 4000 
MIN_BINOMIAL .075 
MAX_BINOMIAL .2 
FP_RATE 0.001 
LOCATION_UNCERTAINTY 200 
SECRETS secret 
TYPES bsib psib psip 
RECALL_PRECISION 1 
MINDIST 1 
BM25 1 
BSIB_PSIB_TRIALS 10 
OBFUSCATIONS 0 
JUNK_FRACTION 0 
FREQ_ERROR 0 
TOP_K 10 
 
ID \1000_4000_225_3_1_0_0.001\1 
NUM_UNIQUE_CORPUS_TOKENS 10000 
NUM_DOC_TOKENS 4000 
NUM_UNIQUE_DOC_TOKENS 756 
NUM_CORPUS_DOCS 1000 
TERMS_PER_QUERY 3 
TOKENS_PER_TERM 1 
NUM_TEST_QUERIES 30 
MAX_LOAD_FACTOR .01 
MIN_LOAD_FACTOR .001 
MIN_BLOCK_SIZE 2000 
MAX_BLOCK_SIZE 4000 
MIN_BINOMIAL .075 
MAX_BINOMIAL .2 
FP_RATE 0.001 
LOCATION_UNCERTAINTY 225 
SECRETS secret 
TYPES bsib psib psip 
RECALL_PRECISION 1 
MINDIST 1 
BM25 1 
BSIB_PSIB_TRIALS 10 
OBFUSCATIONS 0 
JUNK_FRACTION 0 
FREQ_ERROR 0 
TOP_K 10 
 
ID \1000_4000_250_3_1_0_0.001\1 
NUM_UNIQUE_CORPUS_TOKENS 10000 
NUM_DOC_TOKENS 4000 
NUM_UNIQUE_DOC_TOKENS 756 
NUM_CORPUS_DOCS 1000 
TERMS_PER_QUERY 3 
TOKENS_PER_TERM 1 
NUM_TEST_QUERIES 30 
MAX_LOAD_FACTOR .01 
MIN_LOAD_FACTOR .001 
MIN_BLOCK_SIZE 2000 
MAX_BLOCK_SIZE 4000 
MIN_BINOMIAL .075 
MAX_BINOMIAL .2 
FP_RATE 0.001 
LOCATION_UNCERTAINTY 250 
SECRETS secret 
TYPES bsib psib psip 
RECALL_PRECISION 1 
MINDIST 1 
BM25 1 
BSIB_PSIB_TRIALS 10 
OBFUSCATIONS 0 
JUNK_FRACTION 0 
FREQ_ERROR 0 
TOP_K 10 
 
ID \1000_4000_275_3_1_0_0.001\1 
NUM_UNIQUE_CORPUS_TOKENS 10000 
NUM_DOC_TOKENS 4000 
NUM_UNIQUE_DOC_TOKENS 756 
NUM_CORPUS_DOCS 1000 
TERMS_PER_QUERY 3 
TOKENS_PER_TERM 1 
NUM_TEST_QUERIES 30 
MAX_LOAD_FACTOR .01 
MIN_LOAD_FACTOR .001 
MIN_BLOCK_SIZE 2000 
MAX_BLOCK_SIZE 4000 
MIN_BINOMIAL .075 
MAX_BINOMIAL .2 
FP_RATE 0.001 
LOCATION_UNCERTAINTY 275 
SECRETS secret 
TYPES bsib psib psip 
RECALL_PRECISION 1 
MINDIST 1 
BM25 1 
BSIB_PSIB_TRIALS 10 
OBFUSCATIONS 0 
JUNK_FRACTION 0 
FREQ_ERROR 0 
TOP_K 10 
 
ID \1000_4000_300_3_1_0_0.001\1 
NUM_UNIQUE_CORPUS_TOKENS 10000 
NUM_DOC_TOKENS 4000 
NUM_UNIQUE_DOC_TOKENS 756 
NUM_CORPUS_DOCS 1000 
TERMS_PER_QUERY 3 
TOKENS_PER_TERM 1 
NUM_TEST_QUERIES 30 
MAX_LOAD_FACTOR .01 
MIN_LOAD_FACTOR .001 
MIN_BLOCK_SIZE 2000 
MAX_BLOCK_SIZE 4000 
MIN_BINOMIAL .075 
MAX_BINOMIAL .2 
FP_RATE 0.001 
LOCATION_UNCERTAINTY 300 
SECRETS secret 
TYPES bsib psib psip 
RECALL_PRECISION 1 
MINDIST 1 
BM25 1 
BSIB_PSIB_TRIALS 10 
OBFUSCATIONS 0 
JUNK_FRACTION 0 
FREQ_ERROR 0 
TOP_K 10 
 
ID \1000_4000_325_3_1_0_0.001\1 
NUM_UNIQUE_CORPUS_TOKENS 10000 
NUM_DOC_TOKENS 4000 
NUM_UNIQUE_DOC_TOKENS 756 
NUM_CORPUS_DOCS 1000 
TERMS_PER_QUERY 3 
TOKENS_PER_TERM 1 
NUM_TEST_QUERIES 30 
MAX_LOAD_FACTOR .01 
MIN_LOAD_FACTOR .001 
MIN_BLOCK_SIZE 2000 
MAX_BLOCK_SIZE 4000 
MIN_BINOMIAL .075 
MAX_BINOMIAL .2 
FP_RATE 0.001 
LOCATION_UNCERTAINTY 325 
SECRETS secret 
TYPES bsib psib psip 
RECALL_PRECISION 1 
MINDIST 1 
BM25 1 
BSIB_PSIB_TRIALS 10 
OBFUSCATIONS 0 
JUNK_FRACTION 0 
FREQ_ERROR 0 
TOP_K 10 
 
ID \1000_4000_350_3_1_0_0.001\1 
NUM_UNIQUE_CORPUS_TOKENS 10000 
NUM_DOC_TOKENS 4000 
NUM_UNIQUE_DOC_TOKENS 756 
NUM_CORPUS_DOCS 1000 
TERMS_PER_QUERY 3 
TOKENS_PER_TERM 1 
NUM_TEST_QUERIES 30 
MAX_LOAD_FACTOR .01 
MIN_LOAD_FACTOR .001 
MIN_BLOCK_SIZE 2000 
MAX_BLOCK_SIZE 4000 
MIN_BINOMIAL .075 
MAX_BINOMIAL .2 
FP_RATE 0.001 
LOCATION_UNCERTAINTY 350 
SECRETS secret 
TYPES bsib psib psip 
RECALL_PRECISION 1 
MINDIST 1 
BM25 1 
BSIB_PSIB_TRIALS 10 
OBFUSCATIONS 0 
JUNK_FRACTION 0 
FREQ_ERROR 0 
TOP_K 10 
 
ID \1000_4000_375_3_1_0_0.001\1 
NUM_UNIQUE_CORPUS_TOKENS 10000 
NUM_DOC_TOKENS 4000 
NUM_UNIQUE_DOC_TOKENS 756 
NUM_CORPUS_DOCS 1000 
TERMS_PER_QUERY 3 
TOKENS_PER_TERM 1 
NUM_TEST_QUERIES 30 
MAX_LOAD_FACTOR .01 
MIN_LOAD_FACTOR .001 
MIN_BLOCK_SIZE 2000 
MAX_BLOCK_SIZE 4000 
MIN_BINOMIAL .075 
MAX_BINOMIAL .2 
FP_RATE 0.001 
LOCATION_UNCERTAINTY 375 
SECRETS secret 
TYPES bsib psib psip 
RECALL_PRECISION 1 
MINDIST 1 
BM25 1 
BSIB_PSIB_TRIALS 10 
OBFUSCATIONS 0 
JUNK_FRACTION 0 
FREQ_ERROR 0 
TOP_K 10 
 
ID \1000_4000_400_3_1_0_0.001\1 
NUM_UNIQUE_CORPUS_TOKENS 10000 
NUM_DOC_TOKENS 4000 
NUM_UNIQUE_DOC_TOKENS 756 
NUM_CORPUS_DOCS 1000 
TERMS_PER_QUERY 3 
TOKENS_PER_TERM 1 
NUM_TEST_QUERIES 30 
MAX_LOAD_FACTOR .01 
MIN_LOAD_FACTOR .001 
MIN_BLOCK_SIZE 2000 
MAX_BLOCK_SIZE 4000 
MIN_BINOMIAL .075 
MAX_BINOMIAL .2 
FP_RATE 0.001 
LOCATION_UNCERTAINTY 400 
SECRETS secret 
TYPES bsib psib psip 
RECALL_PRECISION 1 
MINDIST 1 
BM25 1 
BSIB_PSIB_TRIALS 10 
OBFUSCATIONS 0 
JUNK_FRACTION 0 
FREQ_ERROR 0 
TOP_K 10 
 
ID \1000_4000_425_3_1_0_0.001\1 
NUM_UNIQUE_CORPUS_TOKENS 10000 
NUM_DOC_TOKENS 4000 
NUM_UNIQUE_DOC_TOKENS 756 
NUM_CORPUS_DOCS 1000 
TERMS_PER_QUERY 3 
TOKENS_PER_TERM 1 
NUM_TEST_QUERIES 30 
MAX_LOAD_FACTOR .01 
MIN_LOAD_FACTOR .001 
MIN_BLOCK_SIZE 2000 
MAX_BLOCK_SIZE 4000 
MIN_BINOMIAL .075 
MAX_BINOMIAL .2 
FP_RATE 0.001 
LOCATION_UNCERTAINTY 425 
SECRETS secret 
TYPES bsib psib psip 
RECALL_PRECISION 1 
MINDIST 1 
BM25 1 
BSIB_PSIB_TRIALS 10 
OBFUSCATIONS 0 
JUNK_FRACTION 0 
FREQ_ERROR 0 
TOP_K 10 
 
ID \1000_4000_450_3_1_0_0.001\1 
NUM_UNIQUE_CORPUS_TOKENS 10000 
NUM_DOC_TOKENS 4000 
NUM_UNIQUE_DOC_TOKENS 756 
NUM_CORPUS_DOCS 1000 
TERMS_PER_QUERY 3 
TOKENS_PER_TERM 1 
NUM_TEST_QUERIES 30 
MAX_LOAD_FACTOR .01 
MIN_LOAD_FACTOR .001 
MIN_BLOCK_SIZE 2000 
MAX_BLOCK_SIZE 4000 
MIN_BINOMIAL .075 
MAX_BINOMIAL .2 
FP_RATE 0.001 
LOCATION_UNCERTAINTY 450 
SECRETS secret 
TYPES bsib psib psip 
RECALL_PRECISION 1 
MINDIST 1 
BM25 1 
BSIB_PSIB_TRIALS 10 
OBFUSCATIONS 0 
JUNK_FRACTION 0 
FREQ_ERROR 0 
TOP_K 10 
 
ID \1000_4000_475_3_1_0_0.001\1 
NUM_UNIQUE_CORPUS_TOKENS 10000 
NUM_DOC_TOKENS 4000 
NUM_UNIQUE_DOC_TOKENS 756 
NUM_CORPUS_DOCS 1000 
TERMS_PER_QUERY 3 
TOKENS_PER_TERM 1 
NUM_TEST_QUERIES 30 
MAX_LOAD_FACTOR .01 
MIN_LOAD_FACTOR .001 
MIN_BLOCK_SIZE 2000 
MAX_BLOCK_SIZE 4000 
MIN_BINOMIAL .075 
MAX_BINOMIAL .2 
FP_RATE 0.001 
LOCATION_UNCERTAINTY 475 
SECRETS secret 
TYPES bsib psib psip 
RECALL_PRECISION 1 
MINDIST 1 
BM25 1 
BSIB_PSIB_TRIALS 10 
OBFUSCATIONS 0 
JUNK_FRACTION 0 
FREQ_ERROR 0 
TOP_K 10 
 
ID \1000_4000_500_3_1_0_0.001\1 
NUM_UNIQUE_CORPUS_TOKENS 10000 
NUM_DOC_TOKENS 4000 
NUM_UNIQUE_DOC_TOKENS 756 
NUM_CORPUS_DOCS 1000 
TERMS_PER_QUERY 3 
TOKENS_PER_TERM 1 
NUM_TEST_QUERIES 30 
MAX_LOAD_FACTOR .01 
MIN_LOAD_FACTOR .001 
MIN_BLOCK_SIZE 2000 
MAX_BLOCK_SIZE 4000 
MIN_BINOMIAL .075 
MAX_BINOMIAL .2 
FP_RATE 0.001 
LOCATION_UNCERTAINTY 500 
SECRETS secret 
TYPES bsib psib psip 
RECALL_PRECISION 1 
MINDIST 1 
BM25 1 
BSIB_PSIB_TRIALS 10 
OBFUSCATIONS 0 
JUNK_FRACTION 0 
FREQ_ERROR 0 
TOP_K 10 
 
