label 
corpus_size 755335
false_positive_rate 0.001
location_uncertainty 25
junk_fraction 0
freq_error 0
stemming 0
stop_words 0
secrets 1
	secret
canonical
	 index_size	576256
	 build_time	3405
	    indexed	1000
	       path	small\1000_100_25_6_1_0_0.001\13\corpus_indexed\canonical
	  load_time	368
psib
	 index_size	386836
	 build_time	5618
	    indexed	1000
	       path	small\1000_100_25_6_1_0_0.001\13\corpus_indexed\psib
	  load_time	309
psip
	 index_size	643575
	 build_time	9424
	    indexed	1000
	       path	small\1000_100_25_6_1_0_0.001\13\corpus_indexed\psip
	  load_time	358
bsib
	 index_size	646906
	 build_time	8517
	    indexed	1000
	       path	small\1000_100_25_6_1_0_0.001\13\corpus_indexed\bsib
	  load_time	343
psim
	 index_size	1473756
	 build_time	15210
	    indexed	1000
	       path	small\1000_100_25_6_1_0_0.001\13\corpus_indexed\psim
	  load_time	312
