label 
corpus_size 774279
false_positive_rate 0.001
location_uncertainty 25
junk_fraction 0
freq_error 0
stemming 0
stop_words 0
secrets 1
	secret
canonical
	 index_size	590870
	 build_time	3837
	    indexed	1000
	       path	small\1000_100_25_8_1_0_0.001\1\corpus_indexed\canonical
	  load_time	374
psib
	 index_size	390322
	 build_time	5725
	    indexed	999
	       path	small\1000_100_25_8_1_0_0.001\1\corpus_indexed\psib
	  load_time	296
psip
	 index_size	648337
	 build_time	7938
	    indexed	1000
	       path	small\1000_100_25_8_1_0_0.001\1\corpus_indexed\psip
	  load_time	356
bsib
	 index_size	648959
	 build_time	7455
	    indexed	1000
	       path	small\1000_100_25_8_1_0_0.001\1\corpus_indexed\bsib
	  load_time	350
psim
	 index_size	1590779
	 build_time	15990
	    indexed	1000
	       path	small\1000_100_25_8_1_0_0.001\1\corpus_indexed\psim
	  load_time	308
