label 
corpus_size 7814820
false_positive_rate 0.001
location_uncertainty 256
junk_fraction 0
freq_error 0
stemming 0
stop_words 0
secrets 1
	secret
canonical
	 index_size	4706728
	 build_time	1078
	    indexed	100
	       path	\100_10000_256_2_1_0_0.001\2\corpus_indexed\canonical
	  load_time	430
bsib
	 index_size	4841389
	 build_time	9013
	    indexed	100
	       path	\100_10000_256_2_1_0_0.001\2\corpus_indexed\bsib
	  load_time	397
psib
	 index_size	4518450
	 build_time	5302
	    indexed	100
	       path	\100_10000_256_2_1_0_0.001\2\corpus_indexed\psib
	  load_time	32
psip
	 index_size	5725749
	 build_time	6026
	    indexed	100
	       path	\100_10000_256_2_1_0_0.001\2\corpus_indexed\psip
	  load_time	501
