label 
corpus_size 29327847
false_positive_rate 0.001
location_uncertainty 175
junk_fraction 0
freq_error 0
stemming 0
stop_words 0
secrets 1
	secret
canonical
	 index_size	19634575
	 build_time	5851
	    indexed	1000
	       path	\1000_4000_175_3_1_0_0.001\1\corpus_indexed\canonical
	  load_time	1927
bsib
	 index_size	18931467
	 build_time	38059
	    indexed	1000
	       path	\1000_4000_175_3_1_0_0.001\1\corpus_indexed\bsib
	  load_time	1663
psib
	 index_size	13239710
	 build_time	23942
	    indexed	1000
	       path	\1000_4000_175_3_1_0_0.001\1\corpus_indexed\psib
	  load_time	252
psip
	 index_size	23379634
	 build_time	25692
	    indexed	1000
	       path	\1000_4000_175_3_1_0_0.001\1\corpus_indexed\psip
	  load_time	2049
