label 
corpus_size 709607
false_positive_rate 0.001
location_uncertainty 25
junk_fraction 0
freq_error 0
stemming 0
stop_words 0
secrets 1
	secret
canonical
	 index_size	584928
	 build_time	3609
	    indexed	1000
	       path	small\1000_100_25_7_1_0_0.001\5\corpus_indexed\canonical
	  load_time	385
psib
	 index_size	388406
	 build_time	5515
	    indexed	1000
	       path	small\1000_100_25_7_1_0_0.001\5\corpus_indexed\psib
	  load_time	322
psip
	 index_size	645746
	 build_time	8413
	    indexed	1000
	       path	small\1000_100_25_7_1_0_0.001\5\corpus_indexed\psip
	  load_time	359
bsib
	 index_size	647764
	 build_time	7223
	    indexed	1000
	       path	small\1000_100_25_7_1_0_0.001\5\corpus_indexed\bsib
	  load_time	358
psim
	 index_size	1534879
	 build_time	16333
	    indexed	1000
	       path	small\1000_100_25_7_1_0_0.001\5\corpus_indexed\psim
	  load_time	312
