label 
corpus_size 33070883
false_positive_rate 0.001
location_uncertainty 256
junk_fraction 0.5
freq_error 0
stemming 0
stop_words 0
secrets 1
	secret
canonical
	 index_size	22894749
	 build_time	6849
	    indexed	1000
	       path	junk5\1000_4000_256_2_1_0_0.001\2\corpus_indexed\canonical
	  load_time	2333
bsib
	 index_size	29147435
	 build_time	55031
	    indexed	1000
	       path	junk5\1000_4000_256_2_1_0_0.001\2\corpus_indexed\bsib
	  load_time	2541
psif
	 index_size	17397383
	 build_time	34602
	    indexed	1000
	       path	junk5\1000_4000_256_2_1_0_0.001\2\corpus_indexed\psif
	  load_time	264
psip
	 index_size	53329905
	 build_time	40453
	    indexed	1000
	       path	junk5\1000_4000_256_2_1_0_0.001\2\corpus_indexed\psip
	  load_time	4573
psib
	 index_size	31632009
	 build_time	36242
	    indexed	1000
	       path	junk5\1000_4000_256_2_1_0_0.001\2\corpus_indexed\psib
	  load_time	304
