label 
corpus_size 811136
false_positive_rate 0.001
location_uncertainty 25
junk_fraction 0
freq_error 0
stemming 0
stop_words 0
secrets 1
	secret
canonical
	 index_size	564868
	 build_time	2886
	    indexed	1000
	       path	small\1000_100_25_5_1_0_0.001\14\corpus_indexed\canonical
	  load_time	358
psib
	 index_size	384163
	 build_time	5726
	    indexed	1000
	       path	small\1000_100_25_5_1_0_0.001\14\corpus_indexed\psib
	  load_time	310
psip
	 index_size	640022
	 build_time	9270
	    indexed	1000
	       path	small\1000_100_25_5_1_0_0.001\14\corpus_indexed\psip
	  load_time	360
bsib
	 index_size	645375
	 build_time	8183
	    indexed	1000
	       path	small\1000_100_25_5_1_0_0.001\14\corpus_indexed\bsib
	  load_time	352
psim
	 index_size	1415103
	 build_time	14042
	    indexed	1000
	       path	small\1000_100_25_5_1_0_0.001\14\corpus_indexed\psim
	  load_time	311
