label 
corpus_size 32118533
false_positive_rate 0.001
location_uncertainty 450
junk_fraction 0
freq_error 0
stemming 0
stop_words 0
secrets 1
	secret
canonical
	 index_size	19650391
	 build_time	5893
	    indexed	1000
	       path	\1000_4000_450_3_1_0_0.001\1\corpus_indexed\canonical
	  load_time	1920
bsib
	 index_size	14051852
	 build_time	33271
	    indexed	1000
	       path	\1000_4000_450_3_1_0_0.001\1\corpus_indexed\bsib
	  load_time	1308
psib
	 index_size	8003818
	 build_time	23284
	    indexed	1000
	       path	\1000_4000_450_3_1_0_0.001\1\corpus_indexed\psib
	  load_time	240
psip
	 index_size	23417553
	 build_time	26491
	    indexed	1000
	       path	\1000_4000_450_3_1_0_0.001\1\corpus_indexed\psip
	  load_time	2041
