label 
corpus_size 33128734
false_positive_rate 0.001
location_uncertainty 256
junk_fraction 0.5
freq_error 0
stemming 0
stop_words 0
secrets 1
	secret
canonical
	 index_size	22907456
	 build_time	6880
	    indexed	1000
	       path	junk5\1000_4000_256_2_1_0_0.001\1\corpus_indexed\canonical
	  load_time	2305
bsib
	 index_size	29153622
	 build_time	54598
	    indexed	1000
	       path	junk5\1000_4000_256_2_1_0_0.001\1\corpus_indexed\bsib
	  load_time	2577
psif
	 index_size	17401503
	 build_time	34763
	    indexed	1000
	       path	junk5\1000_4000_256_2_1_0_0.001\1\corpus_indexed\psif
	  load_time	269
psip
	 index_size	53351168
	 build_time	40737
	    indexed	1000
	       path	junk5\1000_4000_256_2_1_0_0.001\1\corpus_indexed\psip
	  load_time	4632
psib
	 index_size	31633406
	 build_time	35299
	    indexed	1000
	       path	junk5\1000_4000_256_2_1_0_0.001\1\corpus_indexed\psib
	  load_time	289
