label 
corpus_size 61011794
false_positive_rate 0.001
location_uncertainty 256
junk_fraction 0
freq_error 0
stemming 0
stop_words 0
secrets 1
	secret
canonical
	 index_size	44535701
	 build_time	7906
	    indexed	100
	       path	set1\100_75100_256_2_1_0_0.001\1\corpus_indexed\canonical
	  load_time	3817
bsib
	 index_size	47146660
	 build_time	72147
	    indexed	100
	       path	set1\100_75100_256_2_1_0_0.001\1\corpus_indexed\bsib
	  load_time	3653
psib
	 index_size	172838144
	 build_time	37846
	    indexed	100
	       path	set1\100_75100_256_2_1_0_0.001\1\corpus_indexed\psib
	  load_time	286
psip
	 index_size	53106863
	 build_time	41558
	    indexed	100
	       path	set1\100_75100_256_2_1_0_0.001\1\corpus_indexed\psip
	  load_time	4225
