label 
corpus_size 33771775
false_positive_rate 0.001
location_uncertainty 30
junk_fraction 0
freq_error 0
stemming 0
stop_words 0
secrets 1
	secret
canonical
	 index_size	19630061
	 build_time	5994
	    indexed	1000
	       path	\1000_4000_30_3_1_0_0.001\1\corpus_indexed\canonical
	  load_time	1920
bsib
	 index_size	35585794
	 build_time	49744
	    indexed	1000
	       path	\1000_4000_30_3_1_0_0.001\1\corpus_indexed\bsib
	  load_time	2614
psib
	 index_size	54660900
	 build_time	24679
	    indexed	1000
	       path	\1000_4000_30_3_1_0_0.001\1\corpus_indexed\psib
	  load_time	359
psip
	 index_size	23371745
	 build_time	26919
	    indexed	1000
	       path	\1000_4000_30_3_1_0_0.001\1\corpus_indexed\psip
	  load_time	2062
