NUM_UNIQUE_CORPUS_TOKENS 10000 
NUM_DOC_TOKENS 3500 
NUM_UNIQUE_DOC_TOKENS 708 
NUM_CORPUS_DOCS 100 
TERMS_PER_QUERY 2 
TOKENS_PER_TERM 1 
NUM_TEST_QUERIES 30 
MAX_LOAD_FACTOR .01 
MIN_LOAD_FACTOR .001 
MIN_BLOCK_SIZE 2000 
MAX_BLOCK_SIZE 6000 
MIN_BINOMIAL .075 
MAX_BINOMIAL .2 
FP_RATE 0.001 
LOCATION_UNCERTAINTY 256 
SECRETS secret 
TYPES bsib psib psip 
RECALL_PRECISION 1 
MINDIST 1 
BM25 1 
BSIB_PSIB_TRIALS 10 
OBFUSCATIONS 0 
JUNK_FRACTION 0 
FREQ_ERROR 0 
TOP_K 100 
