label 
corpus_size 2899926
false_positive_rate 0.001
location_uncertainty 256
junk_fraction 0
freq_error 0
stemming 0
stop_words 0
secrets 1
	secret
canonical
	 index_size	1730662
	 build_time	517
	    indexed	100
	       path	\100_3500_256_2_1_0_0.001\3\corpus_indexed\canonical
	  load_time	174
bsib
	 index_size	1443720
	 build_time	3497
	    indexed	100
	       path	\100_3500_256_2_1_0_0.001\3\corpus_indexed\bsib
	  load_time	137
psib
	 index_size	876802
	 build_time	2257
	    indexed	100
	       path	\100_3500_256_2_1_0_0.001\3\corpus_indexed\psib
	  load_time	26
psip
	 index_size	2032805
	 build_time	2420
	    indexed	99
	       path	\100_3500_256_2_1_0_0.001\3\corpus_indexed\psip
	  load_time	184
