label 
corpus_size 706385
false_positive_rate 0.001
location_uncertainty 25
junk_fraction 0
freq_error 0
stemming 0
stop_words 0
secrets 1
	secret
canonical
	 index_size	548283
	 build_time	3463
	    indexed	1000
	       path	small\1000_100_25_3_1_0_0.001\10\corpus_indexed\canonical
	  load_time	358
psib
	 index_size	376475
	 build_time	5460
	    indexed	1000
	       path	small\1000_100_25_3_1_0_0.001\10\corpus_indexed\psib
	  load_time	296
psip
	 index_size	630128
	 build_time	8221
	    indexed	1000
	       path	small\1000_100_25_3_1_0_0.001\10\corpus_indexed\psip
	  load_time	358
bsib
	 index_size	640805
	 build_time	8332
	    indexed	1000
	       path	small\1000_100_25_3_1_0_0.001\10\corpus_indexed\bsib
	  load_time	366
psim
	 index_size	1276155
	 build_time	15916
	    indexed	1000
	       path	small\1000_100_25_3_1_0_0.001\10\corpus_indexed\psim
	  load_time	309
