label 
corpus_size 32903862
false_positive_rate 0.001
location_uncertainty 256
junk_fraction 0.5
freq_error 0
stemming 0
stop_words 0
secrets 1
	secret
canonical
	 index_size	22863001
	 build_time	6899
	    indexed	1000
	       path	junk5\1000_4000_256_2_1_0_0.001\3\corpus_indexed\canonical
	  load_time	2306
bsib
	 index_size	29150446
	 build_time	54562
	    indexed	1000
	       path	junk5\1000_4000_256_2_1_0_0.001\3\corpus_indexed\bsib
	  load_time	2572
psif
	 index_size	17402014
	 build_time	34061
	    indexed	1000
	       path	junk5\1000_4000_256_2_1_0_0.001\3\corpus_indexed\psif
	  load_time	265
psip
	 index_size	53353535
	 build_time	40698
	    indexed	1000
	       path	junk5\1000_4000_256_2_1_0_0.001\3\corpus_indexed\psip
	  load_time	4644
psib
	 index_size	31632018
	 build_time	35514
	    indexed	1000
	       path	junk5\1000_4000_256_2_1_0_0.001\3\corpus_indexed\psib
	  load_time	289
