label 
corpus_size 1622990
false_positive_rate 0.001
location_uncertainty 256
junk_fraction 0
freq_error 0
stemming 0
stop_words 0
secrets 1
	secret
canonical
	 index_size	1019814
	 build_time	373
	    indexed	100
	       path	\100_2000_256_2_1_0_0.001\3\corpus_indexed\canonical
	  load_time	117
bsib
	 index_size	755044
	 build_time	1821
	    indexed	100
	       path	\100_2000_256_2_1_0_0.001\3\corpus_indexed\bsib
	  load_time	81
psib
	 index_size	418523
	 build_time	1715
	    indexed	100
	       path	\100_2000_256_2_1_0_0.001\3\corpus_indexed\psib
	  load_time	24
psip
	 index_size	1193528
	 build_time	1677
	    indexed	100
	       path	\100_2000_256_2_1_0_0.001\3\corpus_indexed\psip
	  load_time	117
