label 
corpus_size 32987857
false_positive_rate 0.001
location_uncertainty 256
junk_fraction 0.05
freq_error 0
stemming 0
stop_words 0
secrets 1
	secret
canonical
	 index_size	22825806
	 build_time	14184
	    indexed	1000
	       path	junk05\1000_4000_256_1_1_0_0.001\1\corpus_indexed\canonical
	  load_time	3567
bsib
	 index_size	20747876
	 build_time	94992
	    indexed	1000
	       path	junk05\1000_4000_256_1_1_0_0.001\1\corpus_indexed\bsib
	  load_time	2811
psif
	 index_size	10030388
	 build_time	69537
	    indexed	1000
	       path	junk05\1000_4000_256_1_1_0_0.001\1\corpus_indexed\psif
	  load_time	375
psip
	 index_size	29084835
	 build_time	77482
	    indexed	1000
	       path	junk05\1000_4000_256_1_1_0_0.001\1\corpus_indexed\psip
	  load_time	3863
psib
	 index_size	17508048
	 build_time	69294
	    indexed	1000
	       path	junk05\1000_4000_256_1_1_0_0.001\1\corpus_indexed\psib
	  load_time	389
