label 
corpus_size 703141
false_positive_rate 0.001
location_uncertainty 25
junk_fraction 0
freq_error 0
stemming 0
stop_words 0
secrets 1
	secret
canonical
	 index_size	586946
	 build_time	3619
	    indexed	1000
	       path	small\1000_100_25_8_1_0_0.001\6\corpus_indexed\canonical
	  load_time	374
psib
	 index_size	390639
	 build_time	5709
	    indexed	1000
	       path	small\1000_100_25_8_1_0_0.001\6\corpus_indexed\psib
	  load_time	312
psip
	 index_size	648551
	 build_time	9235
	    indexed	1000
	       path	small\1000_100_25_8_1_0_0.001\6\corpus_indexed\psip
	  load_time	358
bsib
	 index_size	649477
	 build_time	8065
	    indexed	1000
	       path	small\1000_100_25_8_1_0_0.001\6\corpus_indexed\bsib
	  load_time	343
psim
	 index_size	1591544
	 build_time	13495
	    indexed	1000
	       path	small\1000_100_25_8_1_0_0.001\6\corpus_indexed\psim
	  load_time	309
