label 
corpus_size 34903206
false_positive_rate 0.001
location_uncertainty 400
junk_fraction 0
freq_error 0
stemming 0
stop_words 0
secrets 1
	secret
canonical
	 index_size	19635492
	 build_time	5948
	    indexed	1000
	       path	\1000_4000_400_3_1_0_0.001\1\corpus_indexed\canonical
	  load_time	1910
bsib
	 index_size	14529827
	 build_time	34238
	    indexed	1000
	       path	\1000_4000_400_3_1_0_0.001\1\corpus_indexed\bsib
	  load_time	1347
psib
	 index_size	8380272
	 build_time	23760
	    indexed	1000
	       path	\1000_4000_400_3_1_0_0.001\1\corpus_indexed\psib
	  load_time	245
psip
	 index_size	23411976
	 build_time	25955
	    indexed	1000
	       path	\1000_4000_400_3_1_0_0.001\1\corpus_indexed\psip
	  load_time	2034
